{"/Users/thomas/Desktop/github.com/reggi/abide/packages/monorepo-dep-lint-cli/index.js": {"path":"/Users/thomas/Desktop/github.com/reggi/abide/packages/monorepo-dep-lint-cli/index.js","statementMap":{"0":{"start":{"line":7,"column":18},"end":{"line":14,"column":23}},"1":{"start":{"line":7,"column":28},"end":{"line":14,"column":23}},"2":{"start":{"line":16,"column":15},"end":{"line":23,"column":1}},"3":{"start":{"line":17,"column":17},"end":{"line":17,"column":19}},"4":{"start":{"line":18,"column":2},"end":{"line":21,"column":4}},"5":{"start":{"line":19,"column":4},"end":{"line":19,"column":31}},"6":{"start":{"line":20,"column":4},"end":{"line":20,"column":42}},"7":{"start":{"line":20,"column":17},"end":{"line":20,"column":42}},"8":{"start":{"line":22,"column":2},"end":{"line":22,"column":26}},"9":{"start":{"line":26,"column":17},"end":{"line":26,"column":32}},"10":{"start":{"line":27,"column":21},"end":{"line":27,"column":26}},"11":{"start":{"line":28,"column":17},"end":{"line":28,"column":36}},"12":{"start":{"line":29,"column":18},"end":{"line":29,"column":38}},"13":{"start":{"line":30,"column":2},"end":{"line":30,"column":45}},"14":{"start":{"line":30,"column":25},"end":{"line":30,"column":45}},"15":{"start":{"line":31,"column":2},"end":{"line":31,"column":46}},"16":{"start":{"line":31,"column":28},"end":{"line":31,"column":46}},"17":{"start":{"line":32,"column":17},"end":{"line":32,"column":50}},"18":{"start":{"line":33,"column":2},"end":{"line":33,"column":33}},"19":{"start":{"line":33,"column":22},"end":{"line":33,"column":33}},"20":{"start":{"line":34,"column":2},"end":{"line":34,"column":26}},"21":{"start":{"line":34,"column":14},"end":{"line":34,"column":26}},"22":{"start":{"line":35,"column":2},"end":{"line":35,"column":44}}},"fnMap":{"0":{"name":"(anonymous_0)","decl":{"start":{"line":7,"column":18},"end":{"line":7,"column":19}},"loc":{"start":{"line":7,"column":28},"end":{"line":14,"column":23}},"line":7},"1":{"name":"(anonymous_1)","decl":{"start":{"line":16,"column":15},"end":{"line":16,"column":16}},"loc":{"start":{"line":16,"column":38},"end":{"line":23,"column":1}},"line":16},"2":{"name":"(anonymous_2)","decl":{"start":{"line":18,"column":17},"end":{"line":18,"column":18}},"loc":{"start":{"line":18,"column":22},"end":{"line":21,"column":3}},"line":18},"3":{"name":"(anonymous_3)","decl":{"start":{"line":25,"column":35},"end":{"line":25,"column":36}},"loc":{"start":{"line":25,"column":58},"end":{"line":36,"column":1}},"line":25}},"branchMap":{"0":{"loc":{"start":{"line":20,"column":4},"end":{"line":20,"column":42}},"type":"if","locations":[{"start":{"line":20,"column":4},"end":{"line":20,"column":42}},{"start":{"line":20,"column":4},"end":{"line":20,"column":42}}],"line":20},"1":{"loc":{"start":{"line":30,"column":2},"end":{"line":30,"column":45}},"type":"if","locations":[{"start":{"line":30,"column":2},"end":{"line":30,"column":45}},{"start":{"line":30,"column":2},"end":{"line":30,"column":45}}],"line":30},"2":{"loc":{"start":{"line":31,"column":2},"end":{"line":31,"column":46}},"type":"if","locations":[{"start":{"line":31,"column":2},"end":{"line":31,"column":46}},{"start":{"line":31,"column":2},"end":{"line":31,"column":46}}],"line":31},"3":{"loc":{"start":{"line":33,"column":2},"end":{"line":33,"column":33}},"type":"if","locations":[{"start":{"line":33,"column":2},"end":{"line":33,"column":33}},{"start":{"line":33,"column":2},"end":{"line":33,"column":33}}],"line":33},"4":{"loc":{"start":{"line":34,"column":2},"end":{"line":34,"column":26}},"type":"if","locations":[{"start":{"line":34,"column":2},"end":{"line":34,"column":26}},{"start":{"line":34,"column":2},"end":{"line":34,"column":26}}],"line":34}},"s":{"0":1,"1":7,"2":1,"3":2,"4":2,"5":2,"6":2,"7":1,"8":2,"9":7,"10":7,"11":7,"12":7,"13":7,"14":1,"15":6,"16":1,"17":5,"18":5,"19":2,"20":3,"21":1,"22":2},"f":{"0":7,"1":2,"2":2,"3":7},"b":{"0":[1,1],"1":[1,6],"2":[1,5],"3":[2,3],"4":[1,2]},"_coverageSchema":"332fd63041d2c1bcb487cc26dd0d5f7d97098a6c","hash":"264033eb696d4e75b7851ff9a10bade042b0b531"}
}
