TN:
SF:/Users/thomas/Desktop/github.com/reggi/abide/packages/monorepo-dep-lint-cli/index.js
FN:7,(anonymous_0)
FN:16,(anonymous_1)
FN:18,(anonymous_2)
FN:25,(anonymous_3)
FNF:4
FNH:4
FNDA:7,(anonymous_0)
FNDA:2,(anonymous_1)
FNDA:2,(anonymous_2)
FNDA:7,(anonymous_3)
DA:7,7
DA:16,1
DA:17,2
DA:18,2
DA:19,2
DA:20,2
DA:22,2
DA:26,7
DA:27,7
DA:28,7
DA:29,7
DA:30,7
DA:31,6
DA:32,5
DA:33,5
DA:34,3
DA:35,2
LF:17
LH:17
BRDA:20,0,0,1
BRDA:20,0,1,1
BRDA:30,1,0,1
BRDA:30,1,1,6
BRDA:31,2,0,1
BRDA:31,2,1,5
BRDA:33,3,0,2
BRDA:33,3,1,3
BRDA:34,4,0,1
BRDA:34,4,1,2
BRF:10
BRH:10
end_of_record
