<?xml version="1.0" encoding="UTF-8"?>
<coverage generated="1529152178804" clover="3.2.0">
  <project timestamp="1529152178804" name="All files">
    <metrics statements="7" coveredstatements="7" conditionals="6" coveredconditionals="6" methods="2" coveredmethods="2" elements="15" coveredelements="15" complexity="0" loc="7" ncloc="7" packages="1" files="1" classes="1">
      <file name="index.js" path="/Users/thomas/Desktop/github.com/reggi/abide/packages/shebang-check-cli/index.js">
        <metrics statements="7" coveredstatements="7" conditionals="6" coveredconditionals="6" methods="2" coveredmethods="2"/>
        <line num="7" count="4" type="stmt"/>
        <line num="16" count="4" type="stmt"/>
        <line num="17" count="4" type="cond" truecount="2" falsecount="0"/>
        <line num="18" count="4" type="cond" truecount="2" falsecount="0"/>
        <line num="19" count="3" type="cond" truecount="2" falsecount="0"/>
        <line num="20" count="2" type="stmt"/>
        <line num="21" count="2" type="stmt"/>
      </file>
    </metrics>
  </project>
</coverage>
