{"/Users/thomas/Desktop/abide-master/packages/journey.is-promise/index.build.js": {"path":"/Users/thomas/Desktop/abide-master/packages/journey.is-promise/index.build.js","statementMap":{"0":{"start":{"line":3,"column":0},"end":{"line":5,"column":3}},"1":{"start":{"line":6,"column":16},"end":{"line":8,"column":1}},"2":{"start":{"line":7,"column":2},"end":{"line":7,"column":107}},"3":{"start":{"line":9,"column":0},"end":{"line":9,"column":28}}},"fnMap":{"0":{"name":"isPromise","decl":{"start":{"line":6,"column":45},"end":{"line":6,"column":54}},"loc":{"start":{"line":6,"column":60},"end":{"line":8,"column":1}},"line":6}},"branchMap":{"0":{"loc":{"start":{"line":7,"column":9},"end":{"line":7,"column":106}},"type":"binary-expr","locations":[{"start":{"line":7,"column":9},"end":{"line":7,"column":14}},{"start":{"line":7,"column":19},"end":{"line":7,"column":42}},{"start":{"line":7,"column":46},"end":{"line":7,"column":71}},{"start":{"line":7,"column":76},"end":{"line":7,"column":106}}],"line":7}},"s":{"0":1,"1":1,"2":4,"3":1},"f":{"0":4},"b":{"0":[4,4,2,3]},"_coverageSchema":"332fd63041d2c1bcb487cc26dd0d5f7d97098a6c","hash":"48846ed39dd66b872b181d9ba339c351ffdfdd31"}
}
