{"/Users/thomas/Desktop/abide-master/packages/pkg.throw-error/index.js": {"path":"/Users/thomas/Desktop/abide-master/packages/pkg.throw-error/index.js","statementMap":{"0":{"start":{"line":1,"column":29},"end":{"line":3,"column":1}},"1":{"start":{"line":2,"column":2},"end":{"line":2,"column":29}},"2":{"start":{"line":5,"column":26},"end":{"line":5,"column":39}}},"fnMap":{"0":{"name":"(anonymous_0)","decl":{"start":{"line":1,"column":29},"end":{"line":1,"column":30}},"loc":{"start":{"line":1,"column":60},"end":{"line":3,"column":1}},"line":1}},"branchMap":{"0":{"loc":{"start":{"line":1,"column":39},"end":{"line":1,"column":55}},"type":"default-arg","locations":[{"start":{"line":1,"column":50},"end":{"line":1,"column":55}}],"line":1}},"s":{"0":1,"1":2,"2":1},"f":{"0":2},"b":{"0":[1]},"_coverageSchema":"332fd63041d2c1bcb487cc26dd0d5f7d97098a6c","hash":"9b4c28255c20b185f700b97b94645965c5598bac"}
}
