<?xml version="1.0" encoding="UTF-8"?>
<coverage generated="1521273836770" clover="3.2.0">
  <project timestamp="1521273836771" name="All files">
    <metrics statements="5" coveredstatements="5" conditionals="10" coveredconditionals="10" methods="3" coveredmethods="3" elements="18" coveredelements="18" complexity="0" loc="5" ncloc="5" packages="1" files="1" classes="1">
      <file name="index.js" path="/Users/thomas/Desktop/abide/packages/pkg-plugin-jest/index.js">
        <metrics statements="5" coveredstatements="5" conditionals="10" coveredconditionals="10" methods="3" coveredmethods="3"/>
        <line num="4" count="1" type="stmt"/>
        <line num="5" count="15" type="stmt"/>
        <line num="6" count="15" type="stmt"/>
        <line num="13" count="4" type="stmt"/>
        <line num="26" count="5" type="stmt"/>
      </file>
    </metrics>
  </project>
</coverage>
