{"/Users/thomas/Desktop/abide/packages/pkg-plugin-jest/index.js": {"path":"/Users/thomas/Desktop/abide/packages/pkg-plugin-jest/index.js","statementMap":{"0":{"start":{"line":4,"column":16},"end":{"line":11,"column":1}},"1":{"start":{"line":5,"column":2},"end":{"line":5,"column":44}},"2":{"start":{"line":6,"column":2},"end":{"line":10,"column":3}},"3":{"start":{"line":13,"column":31},"end":{"line":23,"column":2}},"4":{"start":{"line":13,"column":38},"end":{"line":23,"column":1}},"5":{"start":{"line":26,"column":2},"end":{"line":40,"column":3}}},"fnMap":{"0":{"name":"(anonymous_0)","decl":{"start":{"line":4,"column":16},"end":{"line":4,"column":17}},"loc":{"start":{"line":4,"column":51},"end":{"line":11,"column":1}},"line":4},"1":{"name":"(anonymous_1)","decl":{"start":{"line":13,"column":31},"end":{"line":13,"column":32}},"loc":{"start":{"line":13,"column":38},"end":{"line":23,"column":1}},"line":13},"2":{"name":"(anonymous_2)","decl":{"start":{"line":25,"column":15},"end":{"line":25,"column":16}},"loc":{"start":{"line":25,"column":49},"end":{"line":41,"column":1}},"line":25}},"branchMap":{"0":{"loc":{"start":{"line":7,"column":7},"end":{"line":7,"column":34}},"type":"cond-expr","locations":[{"start":{"line":7,"column":21},"end":{"line":7,"column":29}},{"start":{"line":7,"column":32},"end":{"line":7,"column":34}}],"line":7},"1":{"loc":{"start":{"line":9,"column":7},"end":{"line":9,"column":35}},"type":"cond-expr","locations":[{"start":{"line":9,"column":22},"end":{"line":9,"column":30}},{"start":{"line":9,"column":33},"end":{"line":9,"column":35}}],"line":9},"2":{"loc":{"start":{"line":33,"column":9},"end":{"line":33,"column":60}},"type":"cond-expr","locations":[{"start":{"line":33,"column":30},"end":{"line":33,"column":55}},{"start":{"line":33,"column":58},"end":{"line":33,"column":60}}],"line":33},"3":{"loc":{"start":{"line":37,"column":9},"end":{"line":37,"column":77}},"type":"cond-expr","locations":[{"start":{"line":37,"column":33},"end":{"line":37,"column":72}},{"start":{"line":37,"column":75},"end":{"line":37,"column":77}}],"line":37},"4":{"loc":{"start":{"line":38,"column":9},"end":{"line":38,"column":151}},"type":"cond-expr","locations":[{"start":{"line":38,"column":36},"end":{"line":38,"column":146}},{"start":{"line":38,"column":149},"end":{"line":38,"column":151}}],"line":38}},"s":{"0":1,"1":15,"2":15,"3":1,"4":4,"5":5},"f":{"0":15,"1":4,"2":5},"b":{"0":[3,12],"1":[12,3],"2":[4,1],"3":[4,1],"4":[3,2]},"_coverageSchema":"332fd63041d2c1bcb487cc26dd0d5f7d97098a6c","hash":"1b34e112fac5eb8e4b3e4e03709c74f8de193973"}
}
