{"/Users/thomas/Desktop/abide/packages/pkg-plugin-jest/index.js": {"path":"/Users/thomas/Desktop/abide/packages/pkg-plugin-jest/index.js","statementMap":{"0":{"start":{"line":5,"column":31},"end":{"line":15,"column":2}},"1":{"start":{"line":5,"column":38},"end":{"line":15,"column":1}},"2":{"start":{"line":18,"column":2},"end":{"line":32,"column":3}}},"fnMap":{"0":{"name":"(anonymous_0)","decl":{"start":{"line":5,"column":31},"end":{"line":5,"column":32}},"loc":{"start":{"line":5,"column":38},"end":{"line":15,"column":1}},"line":5},"1":{"name":"(anonymous_1)","decl":{"start":{"line":17,"column":15},"end":{"line":17,"column":16}},"loc":{"start":{"line":17,"column":49},"end":{"line":33,"column":1}},"line":17}},"branchMap":{"0":{"loc":{"start":{"line":25,"column":9},"end":{"line":25,"column":53}},"type":"cond-expr","locations":[{"start":{"line":25,"column":23},"end":{"line":25,"column":48}},{"start":{"line":25,"column":51},"end":{"line":25,"column":53}}],"line":25},"1":{"loc":{"start":{"line":29,"column":9},"end":{"line":29,"column":77}},"type":"cond-expr","locations":[{"start":{"line":29,"column":33},"end":{"line":29,"column":72}},{"start":{"line":29,"column":75},"end":{"line":29,"column":77}}],"line":29},"2":{"loc":{"start":{"line":30,"column":9},"end":{"line":30,"column":151}},"type":"cond-expr","locations":[{"start":{"line":30,"column":36},"end":{"line":30,"column":146}},{"start":{"line":30,"column":149},"end":{"line":30,"column":151}}],"line":30}},"s":{"0":1,"1":4,"2":5},"f":{"0":4,"1":5},"b":{"0":[4,1],"1":[4,1],"2":[3,2]},"_coverageSchema":"332fd63041d2c1bcb487cc26dd0d5f7d97098a6c","hash":"de7dd3e746bcaf55f914e0847e3a2c958c99a650"}
}
