{"/Users/thomas/Desktop/github.com/reggi/abide/packages/dep-merge-cli/index.js": {"path":"/Users/thomas/Desktop/github.com/reggi/abide/packages/dep-merge-cli/index.js","statementMap":{"0":{"start":{"line":7,"column":10},"end":{"line":7,"column":32}},"1":{"start":{"line":9,"column":18},"end":{"line":18,"column":23}},"2":{"start":{"line":9,"column":28},"end":{"line":18,"column":23}},"3":{"start":{"line":21,"column":2},"end":{"line":21,"column":22}},"4":{"start":{"line":22,"column":17},"end":{"line":22,"column":32}},"5":{"start":{"line":23,"column":2},"end":{"line":23,"column":21}},"6":{"start":{"line":24,"column":2},"end":{"line":65,"column":3}},"7":{"start":{"line":25,"column":4},"end":{"line":25,"column":17}},"8":{"start":{"line":26,"column":4},"end":{"line":26,"column":38}},"9":{"start":{"line":27,"column":4},"end":{"line":27,"column":18}},"10":{"start":{"line":28,"column":9},"end":{"line":65,"column":3}},"11":{"start":{"line":29,"column":4},"end":{"line":29,"column":20}},"12":{"start":{"line":30,"column":16},"end":{"line":30,"column":41}},"13":{"start":{"line":31,"column":4},"end":{"line":31,"column":36}},"14":{"start":{"line":32,"column":4},"end":{"line":32,"column":18}},"15":{"start":{"line":33,"column":9},"end":{"line":65,"column":3}},"16":{"start":{"line":34,"column":4},"end":{"line":34,"column":25}},"17":{"start":{"line":35,"column":4},"end":{"line":35,"column":32}},"18":{"start":{"line":36,"column":4},"end":{"line":36,"column":18}},"19":{"start":{"line":37,"column":9},"end":{"line":65,"column":3}},"20":{"start":{"line":38,"column":4},"end":{"line":48,"column":5}},"21":{"start":{"line":39,"column":6},"end":{"line":39,"column":27}},"22":{"start":{"line":40,"column":6},"end":{"line":40,"column":39}},"23":{"start":{"line":41,"column":6},"end":{"line":41,"column":24}},"24":{"start":{"line":42,"column":6},"end":{"line":42,"column":73}},"25":{"start":{"line":42,"column":32},"end":{"line":42,"column":73}},"26":{"start":{"line":43,"column":6},"end":{"line":43,"column":20}},"27":{"start":{"line":45,"column":6},"end":{"line":45,"column":22}},"28":{"start":{"line":46,"column":6},"end":{"line":46,"column":29}},"29":{"start":{"line":47,"column":6},"end":{"line":47,"column":20}},"30":{"start":{"line":49,"column":9},"end":{"line":65,"column":3}},"31":{"start":{"line":50,"column":4},"end":{"line":60,"column":5}},"32":{"start":{"line":51,"column":6},"end":{"line":51,"column":29}},"33":{"start":{"line":52,"column":6},"end":{"line":52,"column":41}},"34":{"start":{"line":53,"column":6},"end":{"line":53,"column":26}},"35":{"start":{"line":54,"column":6},"end":{"line":54,"column":75}},"36":{"start":{"line":54,"column":32},"end":{"line":54,"column":75}},"37":{"start":{"line":55,"column":6},"end":{"line":55,"column":20}},"38":{"start":{"line":57,"column":6},"end":{"line":57,"column":24}},"39":{"start":{"line":58,"column":6},"end":{"line":58,"column":29}},"40":{"start":{"line":59,"column":6},"end":{"line":59,"column":20}},"41":{"start":{"line":62,"column":4},"end":{"line":62,"column":18}},"42":{"start":{"line":63,"column":4},"end":{"line":63,"column":63}},"43":{"start":{"line":63,"column":30},"end":{"line":63,"column":63}},"44":{"start":{"line":64,"column":4},"end":{"line":64,"column":18}}},"fnMap":{"0":{"name":"(anonymous_0)","decl":{"start":{"line":9,"column":18},"end":{"line":9,"column":19}},"loc":{"start":{"line":9,"column":28},"end":{"line":18,"column":23}},"line":9},"1":{"name":"(anonymous_1)","decl":{"start":{"line":20,"column":31},"end":{"line":20,"column":32}},"loc":{"start":{"line":20,"column":63},"end":{"line":66,"column":1}},"line":20}},"branchMap":{"0":{"loc":{"start":{"line":24,"column":2},"end":{"line":65,"column":3}},"type":"if","locations":[{"start":{"line":24,"column":2},"end":{"line":65,"column":3}},{"start":{"line":24,"column":2},"end":{"line":65,"column":3}}],"line":24},"1":{"loc":{"start":{"line":28,"column":9},"end":{"line":65,"column":3}},"type":"if","locations":[{"start":{"line":28,"column":9},"end":{"line":65,"column":3}},{"start":{"line":28,"column":9},"end":{"line":65,"column":3}}],"line":28},"2":{"loc":{"start":{"line":33,"column":9},"end":{"line":65,"column":3}},"type":"if","locations":[{"start":{"line":33,"column":9},"end":{"line":65,"column":3}},{"start":{"line":33,"column":9},"end":{"line":65,"column":3}}],"line":33},"3":{"loc":{"start":{"line":33,"column":13},"end":{"line":33,"column":79}},"type":"binary-expr","locations":[{"start":{"line":33,"column":14},"end":{"line":33,"column":32}},{"start":{"line":33,"column":36},"end":{"line":33,"column":56}},{"start":{"line":33,"column":61},"end":{"line":33,"column":79}}],"line":33},"4":{"loc":{"start":{"line":37,"column":9},"end":{"line":65,"column":3}},"type":"if","locations":[{"start":{"line":37,"column":9},"end":{"line":65,"column":3}},{"start":{"line":37,"column":9},"end":{"line":65,"column":3}}],"line":37},"5":{"loc":{"start":{"line":42,"column":6},"end":{"line":42,"column":73}},"type":"if","locations":[{"start":{"line":42,"column":6},"end":{"line":42,"column":73}},{"start":{"line":42,"column":6},"end":{"line":42,"column":73}}],"line":42},"6":{"loc":{"start":{"line":49,"column":9},"end":{"line":65,"column":3}},"type":"if","locations":[{"start":{"line":49,"column":9},"end":{"line":65,"column":3}},{"start":{"line":49,"column":9},"end":{"line":65,"column":3}}],"line":49},"7":{"loc":{"start":{"line":54,"column":6},"end":{"line":54,"column":75}},"type":"if","locations":[{"start":{"line":54,"column":6},"end":{"line":54,"column":75}},{"start":{"line":54,"column":6},"end":{"line":54,"column":75}}],"line":54},"8":{"loc":{"start":{"line":63,"column":4},"end":{"line":63,"column":63}},"type":"if","locations":[{"start":{"line":63,"column":4},"end":{"line":63,"column":63}},{"start":{"line":63,"column":4},"end":{"line":63,"column":63}}],"line":63}},"s":{"0":1,"1":1,"2":13,"3":13,"4":13,"5":13,"6":13,"7":1,"8":1,"9":1,"10":12,"11":1,"12":1,"13":1,"14":1,"15":11,"16":2,"17":2,"18":2,"19":9,"20":3,"21":3,"22":3,"23":2,"24":2,"25":1,"26":2,"27":1,"28":1,"29":1,"30":6,"31":3,"32":3,"33":3,"34":2,"35":2,"36":1,"37":2,"38":1,"39":1,"40":1,"41":3,"42":3,"43":2,"44":3},"f":{"0":13,"1":13},"b":{"0":[1,12],"1":[1,11],"2":[2,9],"3":[11,7,8],"4":[3,6],"5":[1,1],"6":[3,3],"7":[1,1],"8":[2,1]},"_coverageSchema":"332fd63041d2c1bcb487cc26dd0d5f7d97098a6c","hash":"cf4f62f3cb0bc2a0a07ee24ab45926f8adada06f"}
}
