TN:
SF:/Users/thomas/Desktop/abide-master/packages/dep-merge-cli/index.js
FN:9,(anonymous_0)
FN:20,(anonymous_1)
FNF:2
FNH:2
FNDA:13,(anonymous_0)
FNDA:13,(anonymous_1)
DA:7,1
DA:9,13
DA:21,13
DA:22,13
DA:23,13
DA:24,13
DA:25,1
DA:26,1
DA:27,1
DA:28,12
DA:29,1
DA:30,1
DA:31,1
DA:32,1
DA:33,11
DA:34,2
DA:35,2
DA:36,2
DA:37,9
DA:38,3
DA:39,3
DA:40,3
DA:41,2
DA:42,2
DA:43,2
DA:45,1
DA:46,1
DA:47,1
DA:49,6
DA:50,3
DA:51,3
DA:52,3
DA:53,2
DA:54,2
DA:55,2
DA:57,1
DA:58,1
DA:59,1
DA:62,3
DA:63,3
DA:64,3
LF:41
LH:41
BRDA:24,0,0,1
BRDA:24,0,1,12
BRDA:28,1,0,1
BRDA:28,1,1,11
BRDA:33,2,0,2
BRDA:33,2,1,9
BRDA:33,3,0,11
BRDA:33,3,1,7
BRDA:33,3,2,8
BRDA:37,4,0,3
BRDA:37,4,1,6
BRDA:42,5,0,1
BRDA:42,5,1,1
BRDA:49,6,0,3
BRDA:49,6,1,3
BRDA:54,7,0,1
BRDA:54,7,1,1
BRDA:63,8,0,2
BRDA:63,8,1,1
BRF:19
BRH:19
end_of_record
