TN:
SF:/Users/thomas/Desktop/abide-master/packages/dep-merge/index.js
FN:9,(anonymous_0)
FN:10,(anonymous_1)
FN:10,(anonymous_2)
FN:11,(anonymous_3)
FN:20,(anonymous_4)
FN:21,(anonymous_5)
FN:22,(anonymous_6)
FN:23,(anonymous_7)
FN:24,(anonymous_8)
FN:25,(anonymous_9)
FN:26,(anonymous_10)
FN:28,(anonymous_11)
FN:29,(anonymous_12)
FN:31,(anonymous_13)
FN:32,(anonymous_14)
FN:34,(anonymous_15)
FN:38,(anonymous_16)
FN:39,(anonymous_17)
FN:40,(anonymous_18)
FN:41,(anonymous_19)
FN:42,(anonymous_20)
FN:43,(anonymous_21)
FN:44,(anonymous_22)
FN:45,(anonymous_23)
FN:46,(anonymous_24)
FN:47,(anonymous_25)
FN:48,(anonymous_26)
FN:49,(anonymous_27)
FN:50,(anonymous_28)
FNF:29
FNH:29
FNDA:7,(anonymous_0)
FNDA:7,(anonymous_1)
FNDA:5,(anonymous_2)
FNDA:3,(anonymous_3)
FNDA:5,(anonymous_4)
FNDA:5,(anonymous_5)
FNDA:5,(anonymous_6)
FNDA:5,(anonymous_7)
FNDA:5,(anonymous_8)
FNDA:5,(anonymous_9)
FNDA:3,(anonymous_10)
FNDA:3,(anonymous_11)
FNDA:3,(anonymous_12)
FNDA:3,(anonymous_13)
FNDA:3,(anonymous_14)
FNDA:3,(anonymous_15)
FNDA:2,(anonymous_16)
FNDA:2,(anonymous_17)
FNDA:2,(anonymous_18)
FNDA:2,(anonymous_19)
FNDA:2,(anonymous_20)
FNDA:2,(anonymous_21)
FNDA:2,(anonymous_22)
FNDA:2,(anonymous_23)
FNDA:2,(anonymous_24)
FNDA:2,(anonymous_25)
FNDA:2,(anonymous_26)
FNDA:2,(anonymous_27)
FNDA:2,(anonymous_28)
DA:7,1
DA:8,1
DA:9,7
DA:10,7
DA:11,3
DA:20,5
DA:21,5
DA:22,5
DA:23,5
DA:24,5
DA:25,5
DA:26,3
DA:28,3
DA:29,3
DA:31,3
DA:32,3
DA:34,3
DA:38,2
DA:39,2
DA:40,2
DA:41,2
DA:42,2
DA:43,2
DA:44,2
DA:45,2
DA:46,2
DA:47,2
DA:48,2
DA:49,2
DA:50,2
LF:30
LH:30
BRDA:10,0,0,5
BRDA:10,0,1,2
BRDA:23,1,0,1
BRDA:23,1,1,4
BRDA:41,2,0,1
BRDA:41,2,1,1
BRDA:46,3,0,2
BRDA:46,3,1,2
BRDA:47,4,0,2
BRDA:47,4,1,2
BRDA:47,4,2,2
BRF:11
BRH:11
end_of_record
