<?xml version="1.0" encoding="UTF-8"?>
<coverage generated="1529152005705" clover="3.2.0">
  <project timestamp="1529152005706" name="All files">
    <metrics statements="22" coveredstatements="22" conditionals="12" coveredconditionals="12" methods="17" coveredmethods="17" elements="51" coveredelements="51" complexity="0" loc="22" ncloc="22" packages="1" files="1" classes="1">
      <file name="index.js" path="/Users/thomas/Desktop/github.com/reggi/abide/packages/shebang-check/index.js">
        <metrics statements="22" coveredstatements="22" conditionals="12" coveredconditionals="12" methods="17" coveredmethods="17"/>
        <line num="8" count="1" type="stmt"/>
        <line num="9" count="5" type="cond" truecount="2" falsecount="0"/>
        <line num="10" count="4" type="cond" truecount="2" falsecount="0"/>
        <line num="11" count="2" type="cond" truecount="2" falsecount="0"/>
        <line num="12" count="1" type="stmt"/>
        <line num="15" count="4" type="stmt"/>
        <line num="16" count="3" type="stmt"/>
        <line num="17" count="4" type="stmt"/>
        <line num="18" count="1" type="stmt"/>
        <line num="19" count="4" type="cond" truecount="2" falsecount="0"/>
        <line num="20" count="3" type="cond" truecount="4" falsecount="0"/>
        <line num="21" count="1" type="stmt"/>
        <line num="24" count="5" type="stmt"/>
        <line num="25" count="5" type="stmt"/>
        <line num="26" count="5" type="stmt"/>
        <line num="27" count="5" type="stmt"/>
        <line num="28" count="5" type="stmt"/>
        <line num="29" count="4" type="stmt"/>
        <line num="30" count="4" type="stmt"/>
        <line num="31" count="4" type="stmt"/>
        <line num="32" count="4" type="stmt"/>
        <line num="33" count="4" type="stmt"/>
      </file>
    </metrics>
  </project>
</coverage>
