{"/Users/thomas/Desktop/github.com/reggi/abide/packages/shebang-check/index.js": {"path":"/Users/thomas/Desktop/github.com/reggi/abide/packages/shebang-check/index.js","statementMap":{"0":{"start":{"line":8,"column":25},"end":{"line":13,"column":1}},"1":{"start":{"line":9,"column":2},"end":{"line":9,"column":32}},"2":{"start":{"line":9,"column":23},"end":{"line":9,"column":32}},"3":{"start":{"line":10,"column":2},"end":{"line":10,"column":55}},"4":{"start":{"line":10,"column":32},"end":{"line":10,"column":55}},"5":{"start":{"line":11,"column":2},"end":{"line":11,"column":66}},"6":{"start":{"line":11,"column":37},"end":{"line":11,"column":66}},"7":{"start":{"line":12,"column":2},"end":{"line":12,"column":40}},"8":{"start":{"line":15,"column":32},"end":{"line":15,"column":116}},"9":{"start":{"line":15,"column":60},"end":{"line":15,"column":116}},"10":{"start":{"line":15,"column":85},"end":{"line":15,"column":115}},"11":{"start":{"line":16,"column":30},"end":{"line":16,"column":87}},"12":{"start":{"line":16,"column":51},"end":{"line":16,"column":87}},"13":{"start":{"line":17,"column":32},"end":{"line":17,"column":86}},"14":{"start":{"line":17,"column":43},"end":{"line":17,"column":86}},"15":{"start":{"line":17,"column":62},"end":{"line":17,"column":85}},"16":{"start":{"line":18,"column":27},"end":{"line":22,"column":1}},"17":{"start":{"line":19,"column":2},"end":{"line":19,"column":40}},"18":{"start":{"line":19,"column":29},"end":{"line":19,"column":40}},"19":{"start":{"line":20,"column":2},"end":{"line":20,"column":67}},"20":{"start":{"line":20,"column":56},"end":{"line":20,"column":67}},"21":{"start":{"line":21,"column":2},"end":{"line":21,"column":14}},"22":{"start":{"line":24,"column":28},"end":{"line":34,"column":27}},"23":{"start":{"line":24,"column":54},"end":{"line":34,"column":1}},"24":{"start":{"line":25,"column":9},"end":{"line":25,"column":21}},"25":{"start":{"line":26,"column":21},"end":{"line":26,"column":69}},"26":{"start":{"line":27,"column":24},"end":{"line":27,"column":64}},"27":{"start":{"line":28,"column":21},"end":{"line":28,"column":54}},"28":{"start":{"line":29,"column":19},"end":{"line":29,"column":79}},"29":{"start":{"line":30,"column":33},"end":{"line":30,"column":101}},"30":{"start":{"line":31,"column":23},"end":{"line":31,"column":73}},"31":{"start":{"line":32,"column":27},"end":{"line":32,"column":73}},"32":{"start":{"line":33,"column":31},"end":{"line":33,"column":79}}},"fnMap":{"0":{"name":"(anonymous_0)","decl":{"start":{"line":8,"column":25},"end":{"line":8,"column":26}},"loc":{"start":{"line":8,"column":41},"end":{"line":13,"column":1}},"line":8},"1":{"name":"(anonymous_1)","decl":{"start":{"line":15,"column":32},"end":{"line":15,"column":33}},"loc":{"start":{"line":15,"column":60},"end":{"line":15,"column":116}},"line":15},"2":{"name":"(anonymous_2)","decl":{"start":{"line":15,"column":74},"end":{"line":15,"column":75}},"loc":{"start":{"line":15,"column":85},"end":{"line":15,"column":115}},"line":15},"3":{"name":"(anonymous_3)","decl":{"start":{"line":16,"column":30},"end":{"line":16,"column":31}},"loc":{"start":{"line":16,"column":51},"end":{"line":16,"column":87}},"line":16},"4":{"name":"(anonymous_4)","decl":{"start":{"line":17,"column":32},"end":{"line":17,"column":33}},"loc":{"start":{"line":17,"column":43},"end":{"line":17,"column":86}},"line":17},"5":{"name":"(anonymous_5)","decl":{"start":{"line":17,"column":54},"end":{"line":17,"column":55}},"loc":{"start":{"line":17,"column":62},"end":{"line":17,"column":85}},"line":17},"6":{"name":"(anonymous_6)","decl":{"start":{"line":18,"column":27},"end":{"line":18,"column":28}},"loc":{"start":{"line":18,"column":46},"end":{"line":22,"column":1}},"line":18},"7":{"name":"(anonymous_7)","decl":{"start":{"line":24,"column":36},"end":{"line":24,"column":37}},"loc":{"start":{"line":24,"column":54},"end":{"line":34,"column":1}},"line":24},"8":{"name":"(anonymous_8)","decl":{"start":{"line":25,"column":2},"end":{"line":25,"column":3}},"loc":{"start":{"line":25,"column":9},"end":{"line":25,"column":21}},"line":25},"9":{"name":"(anonymous_9)","decl":{"start":{"line":26,"column":2},"end":{"line":26,"column":3}},"loc":{"start":{"line":26,"column":21},"end":{"line":26,"column":69}},"line":26},"10":{"name":"(anonymous_10)","decl":{"start":{"line":27,"column":2},"end":{"line":27,"column":3}},"loc":{"start":{"line":27,"column":24},"end":{"line":27,"column":64}},"line":27},"11":{"name":"(anonymous_11)","decl":{"start":{"line":28,"column":2},"end":{"line":28,"column":3}},"loc":{"start":{"line":28,"column":21},"end":{"line":28,"column":54}},"line":28},"12":{"name":"(anonymous_12)","decl":{"start":{"line":29,"column":2},"end":{"line":29,"column":3}},"loc":{"start":{"line":29,"column":19},"end":{"line":29,"column":79}},"line":29},"13":{"name":"(anonymous_13)","decl":{"start":{"line":30,"column":2},"end":{"line":30,"column":3}},"loc":{"start":{"line":30,"column":33},"end":{"line":30,"column":101}},"line":30},"14":{"name":"(anonymous_14)","decl":{"start":{"line":31,"column":2},"end":{"line":31,"column":3}},"loc":{"start":{"line":31,"column":23},"end":{"line":31,"column":73}},"line":31},"15":{"name":"(anonymous_15)","decl":{"start":{"line":32,"column":2},"end":{"line":32,"column":3}},"loc":{"start":{"line":32,"column":27},"end":{"line":32,"column":73}},"line":32},"16":{"name":"(anonymous_16)","decl":{"start":{"line":33,"column":2},"end":{"line":33,"column":3}},"loc":{"start":{"line":33,"column":31},"end":{"line":33,"column":79}},"line":33}},"branchMap":{"0":{"loc":{"start":{"line":9,"column":2},"end":{"line":9,"column":32}},"type":"if","locations":[{"start":{"line":9,"column":2},"end":{"line":9,"column":32}},{"start":{"line":9,"column":2},"end":{"line":9,"column":32}}],"line":9},"1":{"loc":{"start":{"line":10,"column":2},"end":{"line":10,"column":55}},"type":"if","locations":[{"start":{"line":10,"column":2},"end":{"line":10,"column":55}},{"start":{"line":10,"column":2},"end":{"line":10,"column":55}}],"line":10},"2":{"loc":{"start":{"line":11,"column":2},"end":{"line":11,"column":66}},"type":"if","locations":[{"start":{"line":11,"column":2},"end":{"line":11,"column":66}},{"start":{"line":11,"column":2},"end":{"line":11,"column":66}}],"line":11},"3":{"loc":{"start":{"line":19,"column":2},"end":{"line":19,"column":40}},"type":"if","locations":[{"start":{"line":19,"column":2},"end":{"line":19,"column":40}},{"start":{"line":19,"column":2},"end":{"line":19,"column":40}}],"line":19},"4":{"loc":{"start":{"line":20,"column":2},"end":{"line":20,"column":67}},"type":"if","locations":[{"start":{"line":20,"column":2},"end":{"line":20,"column":67}},{"start":{"line":20,"column":2},"end":{"line":20,"column":67}}],"line":20},"5":{"loc":{"start":{"line":20,"column":7},"end":{"line":20,"column":53}},"type":"binary-expr","locations":[{"start":{"line":20,"column":7},"end":{"line":20,"column":33}},{"start":{"line":20,"column":37},"end":{"line":20,"column":53}}],"line":20}},"s":{"0":1,"1":5,"2":1,"3":4,"4":2,"5":2,"6":1,"7":1,"8":1,"9":4,"10":3,"11":1,"12":3,"13":1,"14":4,"15":3,"16":1,"17":4,"18":1,"19":3,"20":2,"21":1,"22":1,"23":5,"24":5,"25":5,"26":5,"27":5,"28":4,"29":4,"30":4,"31":4,"32":4},"f":{"0":5,"1":4,"2":3,"3":3,"4":4,"5":3,"6":4,"7":5,"8":5,"9":5,"10":5,"11":5,"12":4,"13":4,"14":4,"15":4,"16":4},"b":{"0":[1,4],"1":[2,2],"2":[1,1],"3":[1,3],"4":[2,1],"5":[3,3]},"_coverageSchema":"332fd63041d2c1bcb487cc26dd0d5f7d97098a6c","hash":"903d541b83a190346fae60a856214ae0f736eeff"}
}
