TN:
SF:/Users/thomas/Desktop/github.com/reggi/abide/packages/shebang-check/index.js
FN:8,(anonymous_0)
FN:15,(anonymous_1)
FN:15,(anonymous_2)
FN:16,(anonymous_3)
FN:17,(anonymous_4)
FN:17,(anonymous_5)
FN:18,(anonymous_6)
FN:24,(anonymous_7)
FN:25,(anonymous_8)
FN:26,(anonymous_9)
FN:27,(anonymous_10)
FN:28,(anonymous_11)
FN:29,(anonymous_12)
FN:30,(anonymous_13)
FN:31,(anonymous_14)
FN:32,(anonymous_15)
FN:33,(anonymous_16)
FNF:17
FNH:17
FNDA:5,(anonymous_0)
FNDA:4,(anonymous_1)
FNDA:3,(anonymous_2)
FNDA:3,(anonymous_3)
FNDA:4,(anonymous_4)
FNDA:3,(anonymous_5)
FNDA:4,(anonymous_6)
FNDA:5,(anonymous_7)
FNDA:5,(anonymous_8)
FNDA:5,(anonymous_9)
FNDA:5,(anonymous_10)
FNDA:5,(anonymous_11)
FNDA:4,(anonymous_12)
FNDA:4,(anonymous_13)
FNDA:4,(anonymous_14)
FNDA:4,(anonymous_15)
FNDA:4,(anonymous_16)
DA:8,1
DA:9,5
DA:10,4
DA:11,2
DA:12,1
DA:15,4
DA:16,3
DA:17,4
DA:18,1
DA:19,4
DA:20,3
DA:21,1
DA:24,5
DA:25,5
DA:26,5
DA:27,5
DA:28,5
DA:29,4
DA:30,4
DA:31,4
DA:32,4
DA:33,4
LF:22
LH:22
BRDA:9,0,0,1
BRDA:9,0,1,4
BRDA:10,1,0,2
BRDA:10,1,1,2
BRDA:11,2,0,1
BRDA:11,2,1,1
BRDA:19,3,0,1
BRDA:19,3,1,3
BRDA:20,4,0,2
BRDA:20,4,1,1
BRDA:20,5,0,3
BRDA:20,5,1,3
BRF:12
BRH:12
end_of_record
