<?xml version="1.0" encoding="UTF-8"?>
<coverage generated="1524452567771" clover="3.2.0">
  <project timestamp="1524452567771" name="All files">
    <metrics statements="28" coveredstatements="28" conditionals="21" coveredconditionals="21" methods="15" coveredmethods="15" elements="64" coveredelements="64" complexity="0" loc="28" ncloc="28" packages="1" files="1" classes="1">
      <file name="index.js" path="/Users/thomas/Desktop/abide-master/packages/pkg/index.js">
        <metrics statements="28" coveredstatements="28" conditionals="21" coveredconditionals="21" methods="15" coveredmethods="15"/>
        <line num="12" count="1" type="stmt"/>
        <line num="13" count="1" type="stmt"/>
        <line num="15" count="1" type="stmt"/>
        <line num="16" count="10" type="stmt"/>
        <line num="17" count="8" type="stmt"/>
        <line num="18" count="8" type="stmt"/>
        <line num="19" count="8" type="cond" truecount="2" falsecount="0"/>
        <line num="20" count="8" type="stmt"/>
        <line num="21" count="8" type="stmt"/>
        <line num="22" count="8" type="cond" truecount="2" falsecount="0"/>
        <line num="23" count="6" type="cond" truecount="4" falsecount="0"/>
        <line num="24" count="6" type="stmt"/>
        <line num="25" count="6" type="cond" truecount="2" falsecount="0"/>
        <line num="26" count="6" type="cond" truecount="2" falsecount="0"/>
        <line num="28" count="2" type="stmt"/>
        <line num="30" count="6" type="stmt"/>
        <line num="34" count="8" type="stmt"/>
        <line num="35" count="68" type="stmt"/>
        <line num="37" count="10" type="cond" truecount="1" falsecount="0"/>
        <line num="38" count="10" type="stmt"/>
        <line num="39" count="10" type="stmt"/>
        <line num="40" count="10" type="stmt"/>
        <line num="45" count="8" type="cond" truecount="2" falsecount="0"/>
        <line num="47" count="8" type="stmt"/>
        <line num="48" count="6" type="stmt"/>
        <line num="50" count="8" type="stmt"/>
        <line num="51" count="8" type="stmt"/>
        <line num="52" count="8" type="cond" truecount="4" falsecount="0"/>
      </file>
    </metrics>
  </project>
</coverage>
