{"/Users/thomas/Desktop/github.com/reggi/abide/packages/pkg/index.js": {"path":"/Users/thomas/Desktop/github.com/reggi/abide/packages/pkg/index.js","statementMap":{"0":{"start":{"line":12,"column":30},"end":{"line":12,"column":34}},"1":{"start":{"line":13,"column":33},"end":{"line":13,"column":37}},"2":{"start":{"line":15,"column":30},"end":{"line":32,"column":1}},"3":{"start":{"line":16,"column":2},"end":{"line":31,"column":4}},"4":{"start":{"line":17,"column":4},"end":{"line":17,"column":34}},"5":{"start":{"line":18,"column":16},"end":{"line":18,"column":25}},"6":{"start":{"line":19,"column":16},"end":{"line":19,"column":57}},"7":{"start":{"line":20,"column":18},"end":{"line":20,"column":23}},"8":{"start":{"line":21,"column":13},"end":{"line":21,"column":18}},"9":{"start":{"line":22,"column":4},"end":{"line":29,"column":5}},"10":{"start":{"line":23,"column":6},"end":{"line":23,"column":91}},"11":{"start":{"line":24,"column":25},"end":{"line":24,"column":41}},"12":{"start":{"line":25,"column":6},"end":{"line":25,"column":43}},"13":{"start":{"line":26,"column":6},"end":{"line":26,"column":60}},"14":{"start":{"line":26,"column":23},"end":{"line":26,"column":60}},"15":{"start":{"line":28,"column":6},"end":{"line":28,"column":14}},"16":{"start":{"line":30,"column":4},"end":{"line":30,"column":34}},"17":{"start":{"line":34,"column":26},"end":{"line":34,"column":99}},"18":{"start":{"line":34,"column":51},"end":{"line":34,"column":99}},"19":{"start":{"line":35,"column":20},"end":{"line":35,"column":99}},"20":{"start":{"line":35,"column":37},"end":{"line":35,"column":99}},"21":{"start":{"line":35,"column":51},"end":{"line":35,"column":99}},"22":{"start":{"line":37,"column":23},"end":{"line":53,"column":27}},"23":{"start":{"line":37,"column":83},"end":{"line":53,"column":1}},"24":{"start":{"line":38,"column":9},"end":{"line":38,"column":50}},"25":{"start":{"line":39,"column":17},"end":{"line":39,"column":41}},"26":{"start":{"line":40,"column":41},"end":{"line":43,"column":4}},"27":{"start":{"line":45,"column":4},"end":{"line":45,"column":101}},"28":{"start":{"line":47,"column":42},"end":{"line":49,"column":16}},"29":{"start":{"line":48,"column":4},"end":{"line":48,"column":85}},"30":{"start":{"line":50,"column":16},"end":{"line":50,"column":53}},"31":{"start":{"line":51,"column":21},"end":{"line":51,"column":75}},"32":{"start":{"line":52,"column":54},"end":{"line":52,"column":154}}},"fnMap":{"0":{"name":"(anonymous_0)","decl":{"start":{"line":15,"column":30},"end":{"line":15,"column":31}},"loc":{"start":{"line":15,"column":55},"end":{"line":32,"column":1}},"line":15},"1":{"name":"(anonymous_1)","decl":{"start":{"line":16,"column":22},"end":{"line":16,"column":23}},"loc":{"start":{"line":16,"column":34},"end":{"line":31,"column":3}},"line":16},"2":{"name":"(anonymous_2)","decl":{"start":{"line":34,"column":26},"end":{"line":34,"column":27}},"loc":{"start":{"line":34,"column":51},"end":{"line":34,"column":99}},"line":34},"3":{"name":"(anonymous_3)","decl":{"start":{"line":35,"column":20},"end":{"line":35,"column":21}},"loc":{"start":{"line":35,"column":37},"end":{"line":35,"column":99}},"line":35},"4":{"name":"(anonymous_4)","decl":{"start":{"line":35,"column":37},"end":{"line":35,"column":38}},"loc":{"start":{"line":35,"column":51},"end":{"line":35,"column":99}},"line":35},"5":{"name":"(anonymous_5)","decl":{"start":{"line":37,"column":31},"end":{"line":37,"column":32}},"loc":{"start":{"line":37,"column":83},"end":{"line":53,"column":1}},"line":37},"6":{"name":"(anonymous_6)","decl":{"start":{"line":38,"column":2},"end":{"line":38,"column":3}},"loc":{"start":{"line":38,"column":9},"end":{"line":38,"column":50}},"line":38},"7":{"name":"(anonymous_7)","decl":{"start":{"line":39,"column":2},"end":{"line":39,"column":3}},"loc":{"start":{"line":39,"column":17},"end":{"line":39,"column":41}},"line":39},"8":{"name":"(anonymous_8)","decl":{"start":{"line":40,"column":2},"end":{"line":40,"column":3}},"loc":{"start":{"line":40,"column":41},"end":{"line":43,"column":4}},"line":40},"9":{"name":"(anonymous_9)","decl":{"start":{"line":44,"column":2},"end":{"line":44,"column":3}},"loc":{"start":{"line":45,"column":4},"end":{"line":45,"column":101}},"line":45},"10":{"name":"(anonymous_10)","decl":{"start":{"line":47,"column":2},"end":{"line":47,"column":3}},"loc":{"start":{"line":47,"column":42},"end":{"line":49,"column":16}},"line":47},"11":{"name":"(anonymous_11)","decl":{"start":{"line":47,"column":81},"end":{"line":47,"column":82}},"loc":{"start":{"line":47,"column":115},"end":{"line":49,"column":3}},"line":47},"12":{"name":"(anonymous_12)","decl":{"start":{"line":50,"column":2},"end":{"line":50,"column":3}},"loc":{"start":{"line":50,"column":16},"end":{"line":50,"column":53}},"line":50},"13":{"name":"(anonymous_13)","decl":{"start":{"line":51,"column":2},"end":{"line":51,"column":3}},"loc":{"start":{"line":51,"column":21},"end":{"line":51,"column":75}},"line":51},"14":{"name":"(anonymous_14)","decl":{"start":{"line":52,"column":2},"end":{"line":52,"column":3}},"loc":{"start":{"line":52,"column":54},"end":{"line":52,"column":154}},"line":52}},"branchMap":{"0":{"loc":{"start":{"line":19,"column":16},"end":{"line":19,"column":57}},"type":"cond-expr","locations":[{"start":{"line":19,"column":40},"end":{"line":19,"column":45}},{"start":{"line":19,"column":48},"end":{"line":19,"column":57}}],"line":19},"1":{"loc":{"start":{"line":22,"column":4},"end":{"line":29,"column":5}},"type":"if","locations":[{"start":{"line":22,"column":4},"end":{"line":29,"column":5}},{"start":{"line":22,"column":4},"end":{"line":29,"column":5}}],"line":22},"2":{"loc":{"start":{"line":23,"column":16},"end":{"line":23,"column":91}},"type":"cond-expr","locations":[{"start":{"line":23,"column":59},"end":{"line":23,"column":85}},{"start":{"line":23,"column":88},"end":{"line":23,"column":91}}],"line":23},"3":{"loc":{"start":{"line":23,"column":17},"end":{"line":23,"column":55}},"type":"binary-expr","locations":[{"start":{"line":23,"column":17},"end":{"line":23,"column":35}},{"start":{"line":23,"column":39},"end":{"line":23,"column":55}}],"line":23},"4":{"loc":{"start":{"line":25,"column":11},"end":{"line":25,"column":43}},"type":"binary-expr","locations":[{"start":{"line":25,"column":11},"end":{"line":25,"column":29}},{"start":{"line":25,"column":33},"end":{"line":25,"column":43}}],"line":25},"5":{"loc":{"start":{"line":26,"column":6},"end":{"line":26,"column":60}},"type":"if","locations":[{"start":{"line":26,"column":6},"end":{"line":26,"column":60}},{"start":{"line":26,"column":6},"end":{"line":26,"column":60}}],"line":26},"6":{"loc":{"start":{"line":37,"column":32},"end":{"line":37,"column":78}},"type":"default-arg","locations":[{"start":{"line":37,"column":76},"end":{"line":37,"column":78}}],"line":37},"7":{"loc":{"start":{"line":45,"column":4},"end":{"line":45,"column":101}},"type":"cond-expr","locations":[{"start":{"line":45,"column":15},"end":{"line":45,"column":58}},{"start":{"line":45,"column":61},"end":{"line":45,"column":101}}],"line":45},"8":{"loc":{"start":{"line":49,"column":5},"end":{"line":49,"column":14}},"type":"binary-expr","locations":[{"start":{"line":49,"column":5},"end":{"line":49,"column":8}},{"start":{"line":49,"column":12},"end":{"line":49,"column":14}}],"line":49},"9":{"loc":{"start":{"line":52,"column":54},"end":{"line":52,"column":154}},"type":"cond-expr","locations":[{"start":{"line":52,"column":65},"end":{"line":52,"column":148}},{"start":{"line":52,"column":152},"end":{"line":52,"column":154}}],"line":52},"10":{"loc":{"start":{"line":52,"column":83},"end":{"line":52,"column":147}},"type":"binary-expr","locations":[{"start":{"line":52,"column":83},"end":{"line":52,"column":139}},{"start":{"line":52,"column":143},"end":{"line":52,"column":147}}],"line":52}},"s":{"0":1,"1":1,"2":1,"3":10,"4":8,"5":8,"6":8,"7":8,"8":8,"9":8,"10":6,"11":6,"12":6,"13":6,"14":2,"15":2,"16":6,"17":1,"18":8,"19":1,"20":1,"21":68,"22":1,"23":10,"24":10,"25":10,"26":10,"27":8,"28":8,"29":6,"30":8,"31":8,"32":8},"f":{"0":10,"1":8,"2":8,"3":1,"4":68,"5":10,"6":10,"7":10,"8":10,"9":8,"10":8,"11":6,"12":8,"13":8,"14":8},"b":{"0":[2,6],"1":[6,2],"2":[3,3],"3":[6,3],"4":[6,1],"5":[2,4],"6":[1],"7":[1,7],"8":[8,2],"9":[7,1],"10":[7,7]},"_coverageSchema":"332fd63041d2c1bcb487cc26dd0d5f7d97098a6c","hash":"8216dfde7df5269063fff480d98b9d7d47b7ea56"}
}
