TN:
SF:/Users/thomas/Desktop/abide-master/packages/pkg/index.js
FN:15,(anonymous_0)
FN:16,(anonymous_1)
FN:34,(anonymous_2)
FN:35,(anonymous_3)
FN:35,(anonymous_4)
FN:37,(anonymous_5)
FN:38,(anonymous_6)
FN:39,(anonymous_7)
FN:40,(anonymous_8)
FN:44,(anonymous_9)
FN:47,(anonymous_10)
FN:47,(anonymous_11)
FN:50,(anonymous_12)
FN:51,(anonymous_13)
FN:52,(anonymous_14)
FNF:15
FNH:15
FNDA:10,(anonymous_0)
FNDA:8,(anonymous_1)
FNDA:8,(anonymous_2)
FNDA:1,(anonymous_3)
FNDA:68,(anonymous_4)
FNDA:10,(anonymous_5)
FNDA:10,(anonymous_6)
FNDA:10,(anonymous_7)
FNDA:10,(anonymous_8)
FNDA:8,(anonymous_9)
FNDA:8,(anonymous_10)
FNDA:6,(anonymous_11)
FNDA:8,(anonymous_12)
FNDA:8,(anonymous_13)
FNDA:8,(anonymous_14)
DA:12,1
DA:13,1
DA:15,1
DA:16,10
DA:17,8
DA:18,8
DA:19,8
DA:20,8
DA:21,8
DA:22,8
DA:23,6
DA:24,6
DA:25,6
DA:26,6
DA:28,2
DA:30,6
DA:34,8
DA:35,68
DA:37,10
DA:38,10
DA:39,10
DA:40,10
DA:45,8
DA:47,8
DA:48,6
DA:50,8
DA:51,8
DA:52,8
LF:28
LH:28
BRDA:19,0,0,2
BRDA:19,0,1,6
BRDA:22,1,0,6
BRDA:22,1,1,2
BRDA:23,2,0,3
BRDA:23,2,1,3
BRDA:23,3,0,6
BRDA:23,3,1,3
BRDA:25,4,0,6
BRDA:25,4,1,1
BRDA:26,5,0,2
BRDA:26,5,1,4
BRDA:37,6,0,1
BRDA:45,7,0,1
BRDA:45,7,1,7
BRDA:49,8,0,8
BRDA:49,8,1,2
BRDA:52,9,0,7
BRDA:52,9,1,1
BRDA:52,10,0,7
BRDA:52,10,1,7
BRF:21
BRH:21
end_of_record
