{"/Users/thomas/Desktop/abide-master/packages/journey.coerce-to-array/index.js": {"path":"/Users/thomas/Desktop/abide-master/packages/journey.coerce-to-array/index.js","statementMap":{"0":{"start":{"line":2,"column":29},"end":{"line":2,"column":56}},"1":{"start":{"line":2,"column":36},"end":{"line":2,"column":56}}},"fnMap":{"0":{"name":"(anonymous_0)","decl":{"start":{"line":2,"column":29},"end":{"line":2,"column":30}},"loc":{"start":{"line":2,"column":36},"end":{"line":2,"column":56}},"line":2}},"branchMap":{"0":{"loc":{"start":{"line":2,"column":36},"end":{"line":2,"column":56}},"type":"cond-expr","locations":[{"start":{"line":2,"column":49},"end":{"line":2,"column":50}},{"start":{"line":2,"column":53},"end":{"line":2,"column":56}}],"line":2}},"s":{"0":1,"1":4},"f":{"0":4},"b":{"0":[1,3]},"_coverageSchema":"332fd63041d2c1bcb487cc26dd0d5f7d97098a6c","hash":"7aa44b2db776830f8b720c6df36826acc4c8a89f"}
}
