{"/Users/thomas/Desktop/abide-master/packages/process.stdio/index.js": {"path":"/Users/thomas/Desktop/abide-master/packages/process.stdio/index.js","statementMap":{"0":{"start":{"line":1,"column":12},"end":{"line":1,"column":26}},"1":{"start":{"line":5,"column":13},"end":{"line":5,"column":14}},"2":{"start":{"line":6,"column":2},"end":{"line":6,"column":34}},"3":{"start":{"line":7,"column":2},"end":{"line":7,"column":22}},"4":{"start":{"line":8,"column":2},"end":{"line":8,"column":16}},"5":{"start":{"line":9,"column":2},"end":{"line":9,"column":24}},"6":{"start":{"line":10,"column":2},"end":{"line":10,"column":37}},"7":{"start":{"line":11,"column":2},"end":{"line":15,"column":3}},"8":{"start":{"line":13,"column":4},"end":{"line":13,"column":44}},"9":{"start":{"line":14,"column":4},"end":{"line":14,"column":10}},"10":{"start":{"line":16,"column":2},"end":{"line":16,"column":53}},"11":{"start":{"line":16,"column":31},"end":{"line":16,"column":52}},"12":{"start":{"line":17,"column":2},"end":{"line":17,"column":15}},"13":{"start":{"line":22,"column":13},"end":{"line":22,"column":14}},"14":{"start":{"line":23,"column":2},"end":{"line":23,"column":34}},"15":{"start":{"line":24,"column":2},"end":{"line":24,"column":22}},"16":{"start":{"line":25,"column":2},"end":{"line":25,"column":16}},"17":{"start":{"line":26,"column":2},"end":{"line":26,"column":24}},"18":{"start":{"line":27,"column":2},"end":{"line":27,"column":37}},"19":{"start":{"line":28,"column":2},"end":{"line":32,"column":3}},"20":{"start":{"line":30,"column":4},"end":{"line":30,"column":44}},"21":{"start":{"line":31,"column":4},"end":{"line":31,"column":10}},"22":{"start":{"line":33,"column":2},"end":{"line":33,"column":53}},"23":{"start":{"line":33,"column":31},"end":{"line":33,"column":52}},"24":{"start":{"line":34,"column":2},"end":{"line":34,"column":15}},"25":{"start":{"line":39,"column":13},"end":{"line":39,"column":14}},"26":{"start":{"line":40,"column":2},"end":{"line":44,"column":4}},"27":{"start":{"line":45,"column":2},"end":{"line":45,"column":15}},"28":{"start":{"line":46,"column":2},"end":{"line":51,"column":4}},"29":{"start":{"line":47,"column":4},"end":{"line":47,"column":34}},"30":{"start":{"line":47,"column":26},"end":{"line":47,"column":32}},"31":{"start":{"line":48,"column":4},"end":{"line":48,"column":40}},"32":{"start":{"line":49,"column":4},"end":{"line":49,"column":33}},"33":{"start":{"line":50,"column":4},"end":{"line":50,"column":28}},"34":{"start":{"line":52,"column":2},"end":{"line":52,"column":14}},"35":{"start":{"line":56,"column":14},"end":{"line":56,"column":16}},"36":{"start":{"line":58,"column":2},"end":{"line":62,"column":4}},"37":{"start":{"line":64,"column":2},"end":{"line":68,"column":4}},"38":{"start":{"line":70,"column":2},"end":{"line":74,"column":4}},"39":{"start":{"line":76,"column":2},"end":{"line":76,"column":14}},"40":{"start":{"line":81,"column":4},"end":{"line":81,"column":23}}},"fnMap":{"0":{"name":"getStdout","decl":{"start":{"line":3,"column":16},"end":{"line":3,"column":25}},"loc":{"start":{"line":3,"column":29},"end":{"line":18,"column":1}},"line":3},"1":{"name":"(anonymous_1)","decl":{"start":{"line":11,"column":20},"end":{"line":11,"column":21}},"loc":{"start":{"line":11,"column":38},"end":{"line":15,"column":3}},"line":11},"2":{"name":"(anonymous_2)","decl":{"start":{"line":16,"column":25},"end":{"line":16,"column":26}},"loc":{"start":{"line":16,"column":31},"end":{"line":16,"column":52}},"line":16},"3":{"name":"getStderr","decl":{"start":{"line":20,"column":16},"end":{"line":20,"column":25}},"loc":{"start":{"line":20,"column":29},"end":{"line":35,"column":1}},"line":20},"4":{"name":"(anonymous_4)","decl":{"start":{"line":28,"column":20},"end":{"line":28,"column":21}},"loc":{"start":{"line":28,"column":38},"end":{"line":32,"column":3}},"line":28},"5":{"name":"(anonymous_5)","decl":{"start":{"line":33,"column":25},"end":{"line":33,"column":26}},"loc":{"start":{"line":33,"column":31},"end":{"line":33,"column":52}},"line":33},"6":{"name":"getStdin","decl":{"start":{"line":37,"column":16},"end":{"line":37,"column":24}},"loc":{"start":{"line":37,"column":28},"end":{"line":53,"column":1}},"line":37},"7":{"name":"(anonymous_7)","decl":{"start":{"line":46,"column":20},"end":{"line":46,"column":21}},"loc":{"start":{"line":46,"column":26},"end":{"line":51,"column":3}},"line":46},"8":{"name":"setupStdio","decl":{"start":{"line":55,"column":16},"end":{"line":55,"column":26}},"loc":{"start":{"line":55,"column":30},"end":{"line":77,"column":1}},"line":55},"9":{"name":"(anonymous_9)","decl":{"start":{"line":80,"column":2},"end":{"line":80,"column":3}},"loc":{"start":{"line":80,"column":17},"end":{"line":82,"column":3}},"line":80}},"branchMap":{"0":{"loc":{"start":{"line":13,"column":9},"end":{"line":13,"column":44}},"type":"binary-expr","locations":[{"start":{"line":13,"column":9},"end":{"line":13,"column":11}},{"start":{"line":13,"column":15},"end":{"line":13,"column":44}}],"line":13},"1":{"loc":{"start":{"line":30,"column":9},"end":{"line":30,"column":44}},"type":"binary-expr","locations":[{"start":{"line":30,"column":9},"end":{"line":30,"column":11}},{"start":{"line":30,"column":15},"end":{"line":30,"column":44}}],"line":30},"2":{"loc":{"start":{"line":47,"column":4},"end":{"line":47,"column":34}},"type":"if","locations":[{"start":{"line":47,"column":4},"end":{"line":47,"column":34}},{"start":{"line":47,"column":4},"end":{"line":47,"column":34}}],"line":47}},"s":{"0":1,"1":2,"2":2,"3":2,"4":2,"5":2,"6":2,"7":2,"8":2,"9":2,"10":2,"11":2,"12":2,"13":3,"14":3,"15":3,"16":3,"17":3,"18":3,"19":3,"20":2,"21":2,"22":3,"23":3,"24":3,"25":3,"26":3,"27":3,"28":3,"29":3,"30":1,"31":2,"32":2,"33":2,"34":3,"35":8,"36":8,"37":8,"38":8,"39":8,"40":8},"f":{"0":2,"1":2,"2":2,"3":3,"4":2,"5":3,"6":3,"7":3,"8":8,"9":8},"b":{"0":[2,1],"1":[2,1],"2":[1,2]},"_coverageSchema":"332fd63041d2c1bcb487cc26dd0d5f7d97098a6c","hash":"593d4013f20b41c63c7bd4b9280e111f1fd734be"}
}
