TN:
SF:/Users/thomas/Desktop/abide-master/packages/process.stdio/index.js
FN:3,getStdout
FN:11,(anonymous_1)
FN:16,(anonymous_2)
FN:20,getStderr
FN:28,(anonymous_4)
FN:33,(anonymous_5)
FN:37,getStdin
FN:46,(anonymous_7)
FN:55,setupStdio
FN:80,(anonymous_9)
FNF:10
FNH:10
FNDA:2,getStdout
FNDA:2,(anonymous_1)
FNDA:2,(anonymous_2)
FNDA:3,getStderr
FNDA:2,(anonymous_4)
FNDA:3,(anonymous_5)
FNDA:3,getStdin
FNDA:3,(anonymous_7)
FNDA:8,setupStdio
FNDA:8,(anonymous_9)
DA:1,1
DA:5,2
DA:6,2
DA:7,2
DA:8,2
DA:9,2
DA:10,2
DA:11,2
DA:13,2
DA:14,2
DA:16,2
DA:17,2
DA:22,3
DA:23,3
DA:24,3
DA:25,3
DA:26,3
DA:27,3
DA:28,3
DA:30,2
DA:31,2
DA:33,3
DA:34,3
DA:39,3
DA:40,3
DA:45,3
DA:46,3
DA:47,3
DA:48,2
DA:49,2
DA:50,2
DA:52,3
DA:56,8
DA:58,8
DA:64,8
DA:70,8
DA:76,8
DA:81,8
LF:38
LH:38
BRDA:13,0,0,2
BRDA:13,0,1,1
BRDA:30,1,0,2
BRDA:30,1,1,1
BRDA:47,2,0,1
BRDA:47,2,1,2
BRF:6
BRH:6
end_of_record
