<?xml version="1.0" encoding="UTF-8"?>
<coverage generated="1524629022408" clover="3.2.0">
  <project timestamp="1524629022408" name="All files">
    <metrics statements="10" coveredstatements="10" conditionals="4" coveredconditionals="4" methods="12" coveredmethods="12" elements="26" coveredelements="26" complexity="0" loc="10" ncloc="10" packages="1" files="1" classes="1">
      <file name="index.js" path="/Users/thomas/Desktop/abide-master/packages/gitpkg.upsert/index.js">
        <metrics statements="10" coveredstatements="10" conditionals="4" coveredconditionals="4" methods="12" coveredmethods="12"/>
        <line num="4" count="9" type="stmt"/>
        <line num="5" count="3" type="stmt"/>
        <line num="7" count="4" type="stmt"/>
        <line num="8" count="4" type="stmt"/>
        <line num="9" count="4" type="cond" truecount="2" falsecount="0"/>
        <line num="10" count="9" type="stmt"/>
        <line num="11" count="4" type="stmt"/>
        <line num="12" count="4" type="stmt"/>
        <line num="13" count="4" type="stmt"/>
        <line num="14" count="4" type="cond" truecount="2" falsecount="0"/>
      </file>
    </metrics>
  </project>
</coverage>
