{"/Users/thomas/Desktop/abide-master/packages/gitpkg.upsert/index.js": {"path":"/Users/thomas/Desktop/abide-master/packages/gitpkg.upsert/index.js","statementMap":{"0":{"start":{"line":4,"column":28},"end":{"line":4,"column":67}},"1":{"start":{"line":4,"column":38},"end":{"line":4,"column":67}},"2":{"start":{"line":4,"column":48},"end":{"line":4,"column":67}},"3":{"start":{"line":5,"column":29},"end":{"line":5,"column":90}},"4":{"start":{"line":5,"column":54},"end":{"line":5,"column":89}},"5":{"start":{"line":7,"column":22},"end":{"line":15,"column":18}},"6":{"start":{"line":7,"column":54},"end":{"line":15,"column":1}},"7":{"start":{"line":8,"column":9},"end":{"line":8,"column":29}},"8":{"start":{"line":9,"column":16},"end":{"line":9,"column":84}},"9":{"start":{"line":10,"column":23},"end":{"line":10,"column":77}},"10":{"start":{"line":10,"column":57},"end":{"line":10,"column":75}},"11":{"start":{"line":11,"column":21},"end":{"line":11,"column":46}},"12":{"start":{"line":12,"column":21},"end":{"line":12,"column":71}},"13":{"start":{"line":13,"column":38},"end":{"line":13,"column":77}},"14":{"start":{"line":14,"column":46},"end":{"line":14,"column":152}}},"fnMap":{"0":{"name":"(anonymous_0)","decl":{"start":{"line":4,"column":28},"end":{"line":4,"column":29}},"loc":{"start":{"line":4,"column":38},"end":{"line":4,"column":67}},"line":4},"1":{"name":"(anonymous_1)","decl":{"start":{"line":4,"column":38},"end":{"line":4,"column":39}},"loc":{"start":{"line":4,"column":48},"end":{"line":4,"column":67}},"line":4},"2":{"name":"(anonymous_2)","decl":{"start":{"line":5,"column":29},"end":{"line":5,"column":30}},"loc":{"start":{"line":5,"column":54},"end":{"line":5,"column":89}},"line":5},"3":{"name":"(anonymous_3)","decl":{"start":{"line":7,"column":30},"end":{"line":7,"column":31}},"loc":{"start":{"line":7,"column":54},"end":{"line":15,"column":1}},"line":7},"4":{"name":"(anonymous_4)","decl":{"start":{"line":8,"column":2},"end":{"line":8,"column":3}},"loc":{"start":{"line":8,"column":9},"end":{"line":8,"column":29}},"line":8},"5":{"name":"(anonymous_5)","decl":{"start":{"line":9,"column":2},"end":{"line":9,"column":3}},"loc":{"start":{"line":9,"column":16},"end":{"line":9,"column":84}},"line":9},"6":{"name":"(anonymous_6)","decl":{"start":{"line":10,"column":2},"end":{"line":10,"column":3}},"loc":{"start":{"line":10,"column":23},"end":{"line":10,"column":77}},"line":10},"7":{"name":"(anonymous_7)","decl":{"start":{"line":10,"column":50},"end":{"line":10,"column":51}},"loc":{"start":{"line":10,"column":57},"end":{"line":10,"column":75}},"line":10},"8":{"name":"(anonymous_8)","decl":{"start":{"line":11,"column":2},"end":{"line":11,"column":3}},"loc":{"start":{"line":11,"column":21},"end":{"line":11,"column":46}},"line":11},"9":{"name":"(anonymous_9)","decl":{"start":{"line":12,"column":2},"end":{"line":12,"column":3}},"loc":{"start":{"line":12,"column":21},"end":{"line":12,"column":71}},"line":12},"10":{"name":"(anonymous_10)","decl":{"start":{"line":13,"column":2},"end":{"line":13,"column":3}},"loc":{"start":{"line":13,"column":38},"end":{"line":13,"column":77}},"line":13},"11":{"name":"(anonymous_11)","decl":{"start":{"line":14,"column":2},"end":{"line":14,"column":3}},"loc":{"start":{"line":14,"column":46},"end":{"line":14,"column":152}},"line":14}},"branchMap":{"0":{"loc":{"start":{"line":9,"column":26},"end":{"line":9,"column":83}},"type":"cond-expr","locations":[{"start":{"line":9,"column":56},"end":{"line":9,"column":75}},{"start":{"line":9,"column":78},"end":{"line":9,"column":83}}],"line":9},"1":{"loc":{"start":{"line":14,"column":55},"end":{"line":14,"column":151}},"type":"cond-expr","locations":[{"start":{"line":14,"column":74},"end":{"line":14,"column":132}},{"start":{"line":14,"column":135},"end":{"line":14,"column":151}}],"line":14}},"s":{"0":1,"1":4,"2":9,"3":1,"4":3,"5":1,"6":4,"7":4,"8":4,"9":4,"10":9,"11":4,"12":4,"13":4,"14":4},"f":{"0":4,"1":9,"2":3,"3":4,"4":4,"5":4,"6":4,"7":9,"8":4,"9":4,"10":4,"11":4},"b":{"0":[2,2],"1":[3,1]},"_coverageSchema":"332fd63041d2c1bcb487cc26dd0d5f7d97098a6c","hash":"5cfa2fce533813a23712a61de473511e077274b0"}
}
