TN:
SF:/Users/thomas/Desktop/abide-master/packages/gitpkg.upsert/index.js
FN:4,(anonymous_0)
FN:4,(anonymous_1)
FN:5,(anonymous_2)
FN:7,(anonymous_3)
FN:8,(anonymous_4)
FN:9,(anonymous_5)
FN:10,(anonymous_6)
FN:10,(anonymous_7)
FN:11,(anonymous_8)
FN:12,(anonymous_9)
FN:13,(anonymous_10)
FN:14,(anonymous_11)
FNF:12
FNH:12
FNDA:4,(anonymous_0)
FNDA:9,(anonymous_1)
FNDA:3,(anonymous_2)
FNDA:4,(anonymous_3)
FNDA:4,(anonymous_4)
FNDA:4,(anonymous_5)
FNDA:4,(anonymous_6)
FNDA:9,(anonymous_7)
FNDA:4,(anonymous_8)
FNDA:4,(anonymous_9)
FNDA:4,(anonymous_10)
FNDA:4,(anonymous_11)
DA:4,9
DA:5,3
DA:7,4
DA:8,4
DA:9,4
DA:10,9
DA:11,4
DA:12,4
DA:13,4
DA:14,4
LF:10
LH:10
BRDA:9,0,0,2
BRDA:9,0,1,2
BRDA:14,1,0,3
BRDA:14,1,1,1
BRF:4
BRH:4
end_of_record
