{"/Users/thomas/Desktop/abide-master/packages/pkgprop-cli/index.js": {"path":"/Users/thomas/Desktop/abide-master/packages/pkgprop-cli/index.js","statementMap":{"0":{"start":{"line":9,"column":23},"end":{"line":22,"column":1}},"1":{"start":{"line":10,"column":20},"end":{"line":10,"column":48}},"2":{"start":{"line":11,"column":26},"end":{"line":11,"column":107}},"3":{"start":{"line":12,"column":26},"end":{"line":12,"column":68}},"4":{"start":{"line":13,"column":15},"end":{"line":13,"column":61}},"5":{"start":{"line":14,"column":26},"end":{"line":14,"column":160}},"6":{"start":{"line":14,"column":59},"end":{"line":14,"column":160}},"7":{"start":{"line":15,"column":20},"end":{"line":15,"column":127}},"8":{"start":{"line":15,"column":43},"end":{"line":15,"column":125}},"9":{"start":{"line":16,"column":18},"end":{"line":16,"column":50}},"10":{"start":{"line":17,"column":29},"end":{"line":17,"column":69}},"11":{"start":{"line":17,"column":55},"end":{"line":17,"column":68}},"12":{"start":{"line":18,"column":19},"end":{"line":18,"column":48}},"13":{"start":{"line":19,"column":21},"end":{"line":19,"column":57}},"14":{"start":{"line":20,"column":2},"end":{"line":20,"column":74}},"15":{"start":{"line":21,"column":2},"end":{"line":21,"column":13}}},"fnMap":{"0":{"name":"(anonymous_0)","decl":{"start":{"line":9,"column":23},"end":{"line":9,"column":24}},"loc":{"start":{"line":9,"column":97},"end":{"line":22,"column":1}},"line":9},"1":{"name":"(anonymous_1)","decl":{"start":{"line":14,"column":26},"end":{"line":14,"column":27}},"loc":{"start":{"line":14,"column":59},"end":{"line":14,"column":160}},"line":14},"2":{"name":"(anonymous_2)","decl":{"start":{"line":15,"column":34},"end":{"line":15,"column":35}},"loc":{"start":{"line":15,"column":43},"end":{"line":15,"column":125}},"line":15},"3":{"name":"(anonymous_3)","decl":{"start":{"line":17,"column":45},"end":{"line":17,"column":46}},"loc":{"start":{"line":17,"column":55},"end":{"line":17,"column":68}},"line":17}},"branchMap":{"0":{"loc":{"start":{"line":9,"column":44},"end":{"line":9,"column":74}},"type":"default-arg","locations":[{"start":{"line":9,"column":58},"end":{"line":9,"column":74}}],"line":9},"1":{"loc":{"start":{"line":9,"column":76},"end":{"line":9,"column":91}},"type":"default-arg","locations":[{"start":{"line":9,"column":89},"end":{"line":9,"column":91}}],"line":9},"2":{"loc":{"start":{"line":10,"column":34},"end":{"line":10,"column":47}},"type":"binary-expr","locations":[{"start":{"line":10,"column":34},"end":{"line":10,"column":38}},{"start":{"line":10,"column":42},"end":{"line":10,"column":47}}],"line":10},"3":{"loc":{"start":{"line":11,"column":26},"end":{"line":11,"column":107}},"type":"cond-expr","locations":[{"start":{"line":11,"column":59},"end":{"line":11,"column":70}},{"start":{"line":11,"column":73},"end":{"line":11,"column":107}}],"line":11},"4":{"loc":{"start":{"line":14,"column":88},"end":{"line":14,"column":158}},"type":"cond-expr","locations":[{"start":{"line":14,"column":119},"end":{"line":14,"column":153}},{"start":{"line":14,"column":156},"end":{"line":14,"column":158}}],"line":14}},"s":{"0":1,"1":5,"2":5,"3":5,"4":5,"5":5,"6":5,"7":5,"8":5,"9":5,"10":5,"11":5,"12":5,"13":5,"14":5,"15":5},"f":{"0":5,"1":5,"2":5,"3":5},"b":{"0":[1],"1":[4],"2":[5,1],"3":[3,2],"4":[1,4]},"_coverageSchema":"332fd63041d2c1bcb487cc26dd0d5f7d97098a6c","hash":"a4da14e78a58051bbf067c9ef547fcab4849b167"}
}
