{"/Users/thomas/Desktop/github.com/reggi/abide/packages/reggi-cli/index.js": {"path":"/Users/thomas/Desktop/github.com/reggi/abide/packages/reggi-cli/index.js","statementMap":{"0":{"start":{"line":14,"column":20},"end":{"line":23,"column":1}},"1":{"start":{"line":25,"column":18},"end":{"line":35,"column":1}},"2":{"start":{"line":26,"column":12},"end":{"line":29,"column":83}},"3":{"start":{"line":30,"column":2},"end":{"line":32,"column":4}},"4":{"start":{"line":31,"column":4},"end":{"line":31,"column":61}},"5":{"start":{"line":33,"column":2},"end":{"line":33,"column":52}},"6":{"start":{"line":34,"column":2},"end":{"line":34,"column":31}},"7":{"start":{"line":38,"column":17},"end":{"line":38,"column":34}},"8":{"start":{"line":39,"column":18},"end":{"line":39,"column":35}},"9":{"start":{"line":40,"column":16},"end":{"line":40,"column":48}},"10":{"start":{"line":41,"column":2},"end":{"line":41,"column":45}},"11":{"start":{"line":41,"column":13},"end":{"line":41,"column":45}},"12":{"start":{"line":42,"column":2},"end":{"line":42,"column":38}},"13":{"start":{"line":43,"column":2},"end":{"line":43,"column":18}}},"fnMap":{"0":{"name":"(anonymous_0)","decl":{"start":{"line":25,"column":18},"end":{"line":25,"column":19}},"loc":{"start":{"line":25,"column":28},"end":{"line":35,"column":1}},"line":25},"1":{"name":"(anonymous_1)","decl":{"start":{"line":30,"column":20},"end":{"line":30,"column":21}},"loc":{"start":{"line":30,"column":34},"end":{"line":32,"column":3}},"line":30},"2":{"name":"(anonymous_2)","decl":{"start":{"line":37,"column":31},"end":{"line":37,"column":32}},"loc":{"start":{"line":37,"column":38},"end":{"line":44,"column":1}},"line":37}},"branchMap":{"0":{"loc":{"start":{"line":41,"column":2},"end":{"line":41,"column":45}},"type":"if","locations":[{"start":{"line":41,"column":2},"end":{"line":41,"column":45}},{"start":{"line":41,"column":2},"end":{"line":41,"column":45}}],"line":41}},"s":{"0":1,"1":1,"2":2,"3":2,"4":16,"5":2,"6":2,"7":2,"8":2,"9":2,"10":2,"11":1,"12":1,"13":1},"f":{"0":2,"1":16,"2":2},"b":{"0":[1,1]},"_coverageSchema":"332fd63041d2c1bcb487cc26dd0d5f7d97098a6c","hash":"bd5fcf85d4de63b90efb71877abc8b5cebb06d53"}
}
