{"/Users/thomas/Desktop/abide-master/packages/reggi-cli/index.js": {"path":"/Users/thomas/Desktop/abide-master/packages/reggi-cli/index.js","statementMap":{"0":{"start":{"line":12,"column":20},"end":{"line":20,"column":1}},"1":{"start":{"line":22,"column":18},"end":{"line":32,"column":1}},"2":{"start":{"line":23,"column":12},"end":{"line":26,"column":83}},"3":{"start":{"line":27,"column":2},"end":{"line":29,"column":4}},"4":{"start":{"line":28,"column":4},"end":{"line":28,"column":61}},"5":{"start":{"line":30,"column":2},"end":{"line":30,"column":52}},"6":{"start":{"line":31,"column":2},"end":{"line":31,"column":31}},"7":{"start":{"line":35,"column":17},"end":{"line":35,"column":34}},"8":{"start":{"line":36,"column":18},"end":{"line":36,"column":35}},"9":{"start":{"line":37,"column":16},"end":{"line":37,"column":48}},"10":{"start":{"line":38,"column":2},"end":{"line":38,"column":45}},"11":{"start":{"line":38,"column":13},"end":{"line":38,"column":45}},"12":{"start":{"line":39,"column":2},"end":{"line":39,"column":38}},"13":{"start":{"line":40,"column":2},"end":{"line":40,"column":18}}},"fnMap":{"0":{"name":"(anonymous_0)","decl":{"start":{"line":22,"column":18},"end":{"line":22,"column":19}},"loc":{"start":{"line":22,"column":28},"end":{"line":32,"column":1}},"line":22},"1":{"name":"(anonymous_1)","decl":{"start":{"line":27,"column":20},"end":{"line":27,"column":21}},"loc":{"start":{"line":27,"column":34},"end":{"line":29,"column":3}},"line":27},"2":{"name":"(anonymous_2)","decl":{"start":{"line":34,"column":31},"end":{"line":34,"column":32}},"loc":{"start":{"line":34,"column":38},"end":{"line":41,"column":1}},"line":34}},"branchMap":{"0":{"loc":{"start":{"line":38,"column":2},"end":{"line":38,"column":45}},"type":"if","locations":[{"start":{"line":38,"column":2},"end":{"line":38,"column":45}},{"start":{"line":38,"column":2},"end":{"line":38,"column":45}}],"line":38}},"s":{"0":1,"1":1,"2":2,"3":2,"4":14,"5":2,"6":2,"7":2,"8":2,"9":2,"10":2,"11":1,"12":1,"13":1},"f":{"0":2,"1":14,"2":2},"b":{"0":[1,1]},"_coverageSchema":"332fd63041d2c1bcb487cc26dd0d5f7d97098a6c","hash":"db08113afd5a444420be682c3800390648d02346"}
}
