<?xml version="1.0" encoding="UTF-8"?>
<coverage generated="1524295454080" clover="3.2.0">
  <project timestamp="1524295454080" name="All files">
    <metrics statements="3" coveredstatements="3" conditionals="12" coveredconditionals="12" methods="2" coveredmethods="2" elements="17" coveredelements="17" complexity="0" loc="3" ncloc="3" packages="1" files="1" classes="1">
      <file name="index.js" path="/Users/thomas/Desktop/abide-master/packages/pkg-plugin-standard/index.js">
        <metrics statements="3" coveredstatements="3" conditionals="12" coveredconditionals="12" methods="2" coveredmethods="2"/>
        <line num="5" count="1" type="stmt"/>
        <line num="16" count="16" type="cond" truecount="2" falsecount="0"/>
        <line num="18" count="4" type="cond" truecount="4" falsecount="0"/>
      </file>
    </metrics>
  </project>
</coverage>
