<?xml version="1.0" encoding="UTF-8"?>
<coverage generated="1521370781783" clover="3.2.0">
  <project timestamp="1521370781784" name="All files">
    <metrics statements="3" coveredstatements="3" conditionals="15" coveredconditionals="15" methods="2" coveredmethods="2" elements="20" coveredelements="20" complexity="0" loc="3" ncloc="3" packages="1" files="1" classes="1">
      <file name="index.js" path="/Users/thomas/Desktop/abide/packages/pkg-plugin-standard/index.js">
        <metrics statements="3" coveredstatements="3" conditionals="15" coveredconditionals="15" methods="2" coveredmethods="2"/>
        <line num="4" count="1" type="stmt"/>
        <line num="11" count="22" type="cond" truecount="2" falsecount="0"/>
        <line num="13" count="6" type="cond" truecount="4" falsecount="0"/>
      </file>
    </metrics>
  </project>
</coverage>
