{"/Users/thomas/Desktop/abide-master/packages/subrepo/index.js": {"path":"/Users/thomas/Desktop/abide-master/packages/subrepo/index.js","statementMap":{"0":{"start":{"line":9,"column":23},"end":{"line":45,"column":1}},"1":{"start":{"line":16,"column":17},"end":{"line":16,"column":28}},"2":{"start":{"line":17,"column":13},"end":{"line":17,"column":19}},"3":{"start":{"line":19,"column":22},"end":{"line":19,"column":52}},"4":{"start":{"line":20,"column":21},"end":{"line":20,"column":107}},"5":{"start":{"line":21,"column":18},"end":{"line":21,"column":54}},"6":{"start":{"line":22,"column":20},"end":{"line":22,"column":48}},"7":{"start":{"line":23,"column":21},"end":{"line":23,"column":50}},"8":{"start":{"line":25,"column":2},"end":{"line":41,"column":3}},"9":{"start":{"line":26,"column":4},"end":{"line":30,"column":6}},"10":{"start":{"line":31,"column":4},"end":{"line":31,"column":84}},"11":{"start":{"line":32,"column":4},"end":{"line":32,"column":74}},"12":{"start":{"line":33,"column":4},"end":{"line":33,"column":104}},"13":{"start":{"line":34,"column":4},"end":{"line":34,"column":59}},"14":{"start":{"line":35,"column":4},"end":{"line":35,"column":85}},"15":{"start":{"line":36,"column":4},"end":{"line":36,"column":67}},"16":{"start":{"line":37,"column":4},"end":{"line":37,"column":74}},"17":{"start":{"line":38,"column":4},"end":{"line":38,"column":42}},"18":{"start":{"line":40,"column":4},"end":{"line":40,"column":13}},"19":{"start":{"line":42,"column":2},"end":{"line":42,"column":26}},"20":{"start":{"line":43,"column":2},"end":{"line":43,"column":24}},"21":{"start":{"line":43,"column":13},"end":{"line":43,"column":24}},"22":{"start":{"line":44,"column":2},"end":{"line":44,"column":13}}},"fnMap":{"0":{"name":"(anonymous_0)","decl":{"start":{"line":9,"column":23},"end":{"line":9,"column":24}},"loc":{"start":{"line":15,"column":6},"end":{"line":45,"column":1}},"line":15}},"branchMap":{"0":{"loc":{"start":{"line":14,"column":2},"end":{"line":14,"column":16}},"type":"default-arg","locations":[{"start":{"line":14,"column":10},"end":{"line":14,"column":16}}],"line":14},"1":{"loc":{"start":{"line":20,"column":21},"end":{"line":20,"column":107}},"type":"cond-expr","locations":[{"start":{"line":20,"column":69},"end":{"line":20,"column":75}},{"start":{"line":20,"column":78},"end":{"line":20,"column":107}}],"line":20},"2":{"loc":{"start":{"line":20,"column":22},"end":{"line":20,"column":65}},"type":"binary-expr","locations":[{"start":{"line":20,"column":22},"end":{"line":20,"column":38}},{"start":{"line":20,"column":42},"end":{"line":20,"column":65}}],"line":20},"3":{"loc":{"start":{"line":43,"column":2},"end":{"line":43,"column":24}},"type":"if","locations":[{"start":{"line":43,"column":2},"end":{"line":43,"column":24}},{"start":{"line":43,"column":2},"end":{"line":43,"column":24}}],"line":43}},"s":{"0":1,"1":2,"2":2,"3":2,"4":2,"5":2,"6":2,"7":2,"8":2,"9":2,"10":1,"11":1,"12":1,"13":1,"14":1,"15":1,"16":1,"17":1,"18":1,"19":2,"20":2,"21":1,"22":1},"f":{"0":2},"b":{"0":[2],"1":[1,1],"2":[2,2],"3":[1,1]},"_coverageSchema":"332fd63041d2c1bcb487cc26dd0d5f7d97098a6c","hash":"45f72ca25c361a89b16f97c8e1c5a6a3e1647174"}
}
