<?xml version="1.0" encoding="UTF-8"?>
<coverage generated="1524196240677" clover="3.2.0">
  <project timestamp="1524196240677" name="All files">
    <metrics statements="65" coveredstatements="65" conditionals="24" coveredconditionals="24" methods="38" coveredmethods="38" elements="127" coveredelements="127" complexity="0" loc="65" ncloc="65" packages="1" files="1" classes="1">
      <file name="index.js" path="/Users/thomas/Desktop/abide-master/packages/help/index.js">
        <metrics statements="65" coveredstatements="65" conditionals="24" coveredconditionals="24" methods="38" coveredmethods="38"/>
        <line num="5" count="19" type="stmt"/>
        <line num="6" count="19" type="stmt"/>
        <line num="7" count="19" type="stmt"/>
        <line num="8" count="19" type="stmt"/>
        <line num="9" count="19" type="stmt"/>
        <line num="10" count="19" type="stmt"/>
        <line num="11" count="19" type="stmt"/>
        <line num="12" count="19" type="stmt"/>
        <line num="13" count="19" type="stmt"/>
        <line num="14" count="19" type="stmt"/>
        <line num="17" count="6" type="stmt"/>
        <line num="18" count="10" type="cond" truecount="4" falsecount="0"/>
        <line num="19" count="2" type="stmt"/>
        <line num="20" count="2" type="cond" truecount="2" falsecount="0"/>
        <line num="21" count="1" type="stmt"/>
        <line num="24" count="7" type="stmt"/>
        <line num="25" count="11" type="cond" truecount="2" falsecount="0"/>
        <line num="26" count="11" type="stmt"/>
        <line num="29" count="1" type="stmt"/>
        <line num="30" count="8" type="stmt"/>
        <line num="31" count="8" type="stmt"/>
        <line num="34" count="1" type="stmt"/>
        <line num="41" count="8" type="stmt"/>
        <line num="46" count="9" type="stmt"/>
        <line num="47" count="9" type="stmt"/>
        <line num="50" count="1" type="stmt"/>
        <line num="51" count="8" type="stmt"/>
        <line num="52" count="1" type="stmt"/>
        <line num="55" count="8" type="stmt"/>
        <line num="56" count="8" type="stmt"/>
        <line num="59" count="8" type="stmt"/>
        <line num="60" count="8" type="stmt"/>
        <line num="63" count="15" type="stmt"/>
        <line num="64" count="15" type="stmt"/>
        <line num="68" count="8" type="stmt"/>
        <line num="69" count="15" type="cond" truecount="4" falsecount="0"/>
        <line num="70" count="6" type="stmt"/>
        <line num="72" count="8" type="stmt"/>
        <line num="73" count="15" type="stmt"/>
        <line num="74" count="15" type="stmt"/>
        <line num="76" count="8" type="stmt"/>
        <line num="77" count="30" type="stmt"/>
        <line num="82" count="8" type="stmt"/>
        <line num="84" count="8" type="stmt"/>
        <line num="85" count="20" type="stmt"/>
        <line num="86" count="13" type="cond" truecount="6" falsecount="0"/>
        <line num="87" count="1" type="stmt"/>
        <line num="91" count="7" type="stmt"/>
        <line num="92" count="28" type="stmt"/>
        <line num="94" count="28" type="stmt"/>
        <line num="96" count="28" type="stmt"/>
        <line num="97" count="28" type="cond" truecount="2" falsecount="0"/>
        <line num="98" count="6" type="stmt"/>
        <line num="99" count="22" type="cond" truecount="2" falsecount="0"/>
        <line num="100" count="2" type="stmt"/>
        <line num="101" count="20" type="cond" truecount="2" falsecount="0"/>
        <line num="102" count="10" type="stmt"/>
        <line num="103" count="19" type="stmt"/>
        <line num="106" count="10" type="stmt"/>
        <line num="110" count="16" type="stmt"/>
        <line num="113" count="6" type="stmt"/>
        <line num="114" count="6" type="stmt"/>
        <line num="115" count="6" type="stmt"/>
        <line num="116" count="6" type="stmt"/>
        <line num="120" count="9" type="stmt"/>
      </file>
    </metrics>
  </project>
</coverage>
