{"/Users/thomas/Desktop/abide-master/packages/help/index.js": {"path":"/Users/thomas/Desktop/abide-master/packages/help/index.js","statementMap":{"0":{"start":{"line":5,"column":31},"end":{"line":15,"column":18}},"1":{"start":{"line":5,"column":56},"end":{"line":15,"column":1}},"2":{"start":{"line":6,"column":9},"end":{"line":6,"column":22}},"3":{"start":{"line":7,"column":22},"end":{"line":7,"column":76}},"4":{"start":{"line":8,"column":22},"end":{"line":8,"column":69}},"5":{"start":{"line":9,"column":22},"end":{"line":9,"column":69}},"6":{"start":{"line":10,"column":22},"end":{"line":10,"column":55}},"7":{"start":{"line":11,"column":22},"end":{"line":11,"column":75}},"8":{"start":{"line":12,"column":22},"end":{"line":12,"column":77}},"9":{"start":{"line":13,"column":22},"end":{"line":13,"column":53}},"10":{"start":{"line":14,"column":36},"end":{"line":14,"column":73}},"11":{"start":{"line":17,"column":23},"end":{"line":22,"column":1}},"12":{"start":{"line":17,"column":39},"end":{"line":22,"column":1}},"13":{"start":{"line":18,"column":2},"end":{"line":18,"column":39}},"14":{"start":{"line":18,"column":27},"end":{"line":18,"column":39}},"15":{"start":{"line":19,"column":16},"end":{"line":19,"column":40}},"16":{"start":{"line":20,"column":2},"end":{"line":20,"column":103}},"17":{"start":{"line":20,"column":14},"end":{"line":20,"column":103}},"18":{"start":{"line":21,"column":2},"end":{"line":21,"column":14}},"19":{"start":{"line":24,"column":22},"end":{"line":27,"column":1}},"20":{"start":{"line":24,"column":46},"end":{"line":27,"column":1}},"21":{"start":{"line":25,"column":17},"end":{"line":25,"column":38}},"22":{"start":{"line":26,"column":2},"end":{"line":26,"column":25}},"23":{"start":{"line":29,"column":19},"end":{"line":32,"column":1}},"24":{"start":{"line":30,"column":14},"end":{"line":30,"column":45}},"25":{"start":{"line":31,"column":2},"end":{"line":31,"column":39}},"26":{"start":{"line":34,"column":24},"end":{"line":42,"column":1}},"27":{"start":{"line":34,"column":76},"end":{"line":42,"column":1}},"28":{"start":{"line":41,"column":38},"end":{"line":41,"column":80}},"29":{"start":{"line":44,"column":21},"end":{"line":46,"column":1}},"30":{"start":{"line":45,"column":2},"end":{"line":45,"column":68}},"31":{"start":{"line":48,"column":32},"end":{"line":57,"column":1}},"32":{"start":{"line":49,"column":19},"end":{"line":49,"column":35}},"33":{"start":{"line":50,"column":25},"end":{"line":50,"column":47}},"34":{"start":{"line":51,"column":16},"end":{"line":51,"column":36}},"35":{"start":{"line":52,"column":2},"end":{"line":52,"column":63}},"36":{"start":{"line":52,"column":24},"end":{"line":52,"column":63}},"37":{"start":{"line":53,"column":2},"end":{"line":53,"column":64}},"38":{"start":{"line":53,"column":25},"end":{"line":53,"column":64}},"39":{"start":{"line":54,"column":2},"end":{"line":54,"column":71}},"40":{"start":{"line":54,"column":30},"end":{"line":54,"column":71}},"41":{"start":{"line":55,"column":2},"end":{"line":55,"column":72}},"42":{"start":{"line":55,"column":31},"end":{"line":55,"column":72}},"43":{"start":{"line":56,"column":2},"end":{"line":56,"column":11}},"44":{"start":{"line":61,"column":4},"end":{"line":61,"column":21}},"45":{"start":{"line":62,"column":4},"end":{"line":62,"column":20}},"46":{"start":{"line":63,"column":4},"end":{"line":63,"column":26}},"47":{"start":{"line":64,"column":4},"end":{"line":64,"column":19}},"48":{"start":{"line":65,"column":4},"end":{"line":65,"column":15}},"49":{"start":{"line":68,"column":51},"end":{"line":68,"column":55}},"50":{"start":{"line":69,"column":22},"end":{"line":69,"column":80}},"51":{"start":{"line":69,"column":56},"end":{"line":69,"column":66}},"52":{"start":{"line":70,"column":4},"end":{"line":70,"column":96}},"53":{"start":{"line":73,"column":4},"end":{"line":73,"column":21}},"54":{"start":{"line":74,"column":4},"end":{"line":74,"column":15}},"55":{"start":{"line":77,"column":4},"end":{"line":77,"column":35}},"56":{"start":{"line":78,"column":4},"end":{"line":78,"column":15}},"57":{"start":{"line":81,"column":4},"end":{"line":81,"column":23}},"58":{"start":{"line":82,"column":4},"end":{"line":82,"column":15}},"59":{"start":{"line":85,"column":4},"end":{"line":85,"column":51}},"60":{"start":{"line":86,"column":4},"end":{"line":86,"column":15}},"61":{"start":{"line":90,"column":18},"end":{"line":90,"column":30}},"62":{"start":{"line":91,"column":4},"end":{"line":91,"column":90}},"63":{"start":{"line":91,"column":38},"end":{"line":91,"column":88}},"64":{"start":{"line":92,"column":4},"end":{"line":92,"column":99}},"65":{"start":{"line":92,"column":51},"end":{"line":92,"column":97}},"66":{"start":{"line":92,"column":78},"end":{"line":92,"column":95}},"67":{"start":{"line":93,"column":4},"end":{"line":93,"column":82}},"68":{"start":{"line":93,"column":40},"end":{"line":93,"column":80}},"69":{"start":{"line":95,"column":23},"end":{"line":99,"column":14}},"70":{"start":{"line":96,"column":24},"end":{"line":96,"column":40}},"71":{"start":{"line":97,"column":21},"end":{"line":97,"column":52}},"72":{"start":{"line":101,"column":18},"end":{"line":101,"column":47}},"73":{"start":{"line":104,"column":4},"end":{"line":109,"column":6}},"74":{"start":{"line":105,"column":21},"end":{"line":105,"column":74}},"75":{"start":{"line":105,"column":45},"end":{"line":105,"column":73}},"76":{"start":{"line":106,"column":6},"end":{"line":108,"column":7}},"77":{"start":{"line":107,"column":8},"end":{"line":107,"column":77}},"78":{"start":{"line":112,"column":27},"end":{"line":131,"column":14}},"79":{"start":{"line":113,"column":22},"end":{"line":113,"column":76}},"80":{"start":{"line":115,"column":66},"end":{"line":115,"column":72}},"81":{"start":{"line":116,"column":8},"end":{"line":124,"column":9}},"82":{"start":{"line":117,"column":10},"end":{"line":117,"column":36}},"83":{"start":{"line":118,"column":15},"end":{"line":124,"column":9}},"84":{"start":{"line":119,"column":10},"end":{"line":119,"column":66}},"85":{"start":{"line":120,"column":15},"end":{"line":124,"column":9}},"86":{"start":{"line":121,"column":10},"end":{"line":123,"column":16}},"87":{"start":{"line":122,"column":12},"end":{"line":122,"column":75}},"88":{"start":{"line":125,"column":8},"end":{"line":125,"column":20}},"89":{"start":{"line":129,"column":21},"end":{"line":129,"column":48}},"90":{"start":{"line":132,"column":4},"end":{"line":132,"column":23}},"91":{"start":{"line":133,"column":4},"end":{"line":133,"column":35}},"92":{"start":{"line":134,"column":4},"end":{"line":134,"column":46}},"93":{"start":{"line":135,"column":4},"end":{"line":135,"column":15}},"94":{"start":{"line":139,"column":23},"end":{"line":139,"column":42}},"95":{"start":{"line":139,"column":29},"end":{"line":139,"column":42}}},"fnMap":{"0":{"name":"(anonymous_0)","decl":{"start":{"line":5,"column":39},"end":{"line":5,"column":40}},"loc":{"start":{"line":5,"column":56},"end":{"line":15,"column":1}},"line":5},"1":{"name":"(anonymous_1)","decl":{"start":{"line":6,"column":2},"end":{"line":6,"column":3}},"loc":{"start":{"line":6,"column":9},"end":{"line":6,"column":22}},"line":6},"2":{"name":"(anonymous_2)","decl":{"start":{"line":7,"column":2},"end":{"line":7,"column":3}},"loc":{"start":{"line":7,"column":22},"end":{"line":7,"column":76}},"line":7},"3":{"name":"(anonymous_3)","decl":{"start":{"line":8,"column":2},"end":{"line":8,"column":3}},"loc":{"start":{"line":8,"column":22},"end":{"line":8,"column":69}},"line":8},"4":{"name":"(anonymous_4)","decl":{"start":{"line":9,"column":2},"end":{"line":9,"column":3}},"loc":{"start":{"line":9,"column":22},"end":{"line":9,"column":69}},"line":9},"5":{"name":"(anonymous_5)","decl":{"start":{"line":10,"column":2},"end":{"line":10,"column":3}},"loc":{"start":{"line":10,"column":22},"end":{"line":10,"column":55}},"line":10},"6":{"name":"(anonymous_6)","decl":{"start":{"line":11,"column":2},"end":{"line":11,"column":3}},"loc":{"start":{"line":11,"column":22},"end":{"line":11,"column":75}},"line":11},"7":{"name":"(anonymous_7)","decl":{"start":{"line":12,"column":2},"end":{"line":12,"column":3}},"loc":{"start":{"line":12,"column":22},"end":{"line":12,"column":77}},"line":12},"8":{"name":"(anonymous_8)","decl":{"start":{"line":13,"column":2},"end":{"line":13,"column":3}},"loc":{"start":{"line":13,"column":22},"end":{"line":13,"column":53}},"line":13},"9":{"name":"(anonymous_9)","decl":{"start":{"line":14,"column":2},"end":{"line":14,"column":3}},"loc":{"start":{"line":14,"column":36},"end":{"line":14,"column":73}},"line":14},"10":{"name":"(anonymous_10)","decl":{"start":{"line":17,"column":23},"end":{"line":17,"column":24}},"loc":{"start":{"line":17,"column":39},"end":{"line":22,"column":1}},"line":17},"11":{"name":"(anonymous_11)","decl":{"start":{"line":17,"column":39},"end":{"line":17,"column":40}},"loc":{"start":{"line":17,"column":68},"end":{"line":22,"column":1}},"line":17},"12":{"name":"(anonymous_12)","decl":{"start":{"line":24,"column":22},"end":{"line":24,"column":23}},"loc":{"start":{"line":24,"column":46},"end":{"line":27,"column":1}},"line":24},"13":{"name":"(anonymous_13)","decl":{"start":{"line":24,"column":46},"end":{"line":24,"column":47}},"loc":{"start":{"line":24,"column":65},"end":{"line":27,"column":1}},"line":24},"14":{"name":"(anonymous_14)","decl":{"start":{"line":29,"column":19},"end":{"line":29,"column":20}},"loc":{"start":{"line":29,"column":35},"end":{"line":32,"column":1}},"line":29},"15":{"name":"(anonymous_15)","decl":{"start":{"line":34,"column":24},"end":{"line":34,"column":25}},"loc":{"start":{"line":34,"column":76},"end":{"line":42,"column":1}},"line":34},"16":{"name":"(anonymous_16)","decl":{"start":{"line":41,"column":14},"end":{"line":41,"column":15}},"loc":{"start":{"line":41,"column":38},"end":{"line":41,"column":80}},"line":41},"17":{"name":"(anonymous_17)","decl":{"start":{"line":44,"column":21},"end":{"line":44,"column":22}},"loc":{"start":{"line":44,"column":41},"end":{"line":46,"column":1}},"line":44},"18":{"name":"(anonymous_18)","decl":{"start":{"line":48,"column":32},"end":{"line":48,"column":33}},"loc":{"start":{"line":48,"column":64},"end":{"line":57,"column":1}},"line":48},"19":{"name":"(anonymous_19)","decl":{"start":{"line":60,"column":2},"end":{"line":60,"column":3}},"loc":{"start":{"line":60,"column":17},"end":{"line":66,"column":3}},"line":60},"20":{"name":"(anonymous_20)","decl":{"start":{"line":67,"column":2},"end":{"line":67,"column":3}},"loc":{"start":{"line":67,"column":10},"end":{"line":71,"column":3}},"line":67},"21":{"name":"(anonymous_21)","decl":{"start":{"line":69,"column":38},"end":{"line":69,"column":39}},"loc":{"start":{"line":69,"column":56},"end":{"line":69,"column":66}},"line":69},"22":{"name":"(anonymous_22)","decl":{"start":{"line":72,"column":2},"end":{"line":72,"column":3}},"loc":{"start":{"line":72,"column":14},"end":{"line":75,"column":3}},"line":72},"23":{"name":"(anonymous_23)","decl":{"start":{"line":76,"column":2},"end":{"line":76,"column":3}},"loc":{"start":{"line":76,"column":28},"end":{"line":79,"column":3}},"line":76},"24":{"name":"(anonymous_24)","decl":{"start":{"line":80,"column":2},"end":{"line":80,"column":3}},"loc":{"start":{"line":80,"column":16},"end":{"line":83,"column":3}},"line":80},"25":{"name":"(anonymous_25)","decl":{"start":{"line":84,"column":2},"end":{"line":84,"column":3}},"loc":{"start":{"line":84,"column":38},"end":{"line":87,"column":3}},"line":84},"26":{"name":"(anonymous_26)","decl":{"start":{"line":88,"column":2},"end":{"line":88,"column":3}},"loc":{"start":{"line":88,"column":15},"end":{"line":136,"column":3}},"line":88},"27":{"name":"(anonymous_27)","decl":{"start":{"line":91,"column":27},"end":{"line":91,"column":28}},"loc":{"start":{"line":91,"column":38},"end":{"line":91,"column":88}},"line":91},"28":{"name":"(anonymous_28)","decl":{"start":{"line":92,"column":39},"end":{"line":92,"column":40}},"loc":{"start":{"line":92,"column":51},"end":{"line":92,"column":97}},"line":92},"29":{"name":"(anonymous_29)","decl":{"start":{"line":92,"column":69},"end":{"line":92,"column":70}},"loc":{"start":{"line":92,"column":78},"end":{"line":92,"column":95}},"line":92},"30":{"name":"(anonymous_30)","decl":{"start":{"line":93,"column":27},"end":{"line":93,"column":28}},"loc":{"start":{"line":93,"column":40},"end":{"line":93,"column":80}},"line":93},"31":{"name":"(anonymous_31)","decl":{"start":{"line":96,"column":14},"end":{"line":96,"column":15}},"loc":{"start":{"line":96,"column":24},"end":{"line":96,"column":40}},"line":96},"32":{"name":"(anonymous_32)","decl":{"start":{"line":97,"column":11},"end":{"line":97,"column":12}},"loc":{"start":{"line":97,"column":21},"end":{"line":97,"column":52}},"line":97},"33":{"name":"(anonymous_33)","decl":{"start":{"line":104,"column":16},"end":{"line":104,"column":17}},"loc":{"start":{"line":104,"column":33},"end":{"line":109,"column":5}},"line":104},"34":{"name":"(anonymous_34)","decl":{"start":{"line":105,"column":35},"end":{"line":105,"column":36}},"loc":{"start":{"line":105,"column":45},"end":{"line":105,"column":73}},"line":105},"35":{"name":"(anonymous_35)","decl":{"start":{"line":113,"column":11},"end":{"line":113,"column":12}},"loc":{"start":{"line":113,"column":22},"end":{"line":113,"column":76}},"line":113},"36":{"name":"(anonymous_36)","decl":{"start":{"line":114,"column":11},"end":{"line":114,"column":12}},"loc":{"start":{"line":114,"column":23},"end":{"line":126,"column":7}},"line":114},"37":{"name":"(anonymous_37)","decl":{"start":{"line":121,"column":34},"end":{"line":121,"column":35}},"loc":{"start":{"line":121,"column":47},"end":{"line":123,"column":11}},"line":121},"38":{"name":"(anonymous_38)","decl":{"start":{"line":129,"column":11},"end":{"line":129,"column":12}},"loc":{"start":{"line":129,"column":21},"end":{"line":129,"column":48}},"line":129},"39":{"name":"(anonymous_39)","decl":{"start":{"line":139,"column":23},"end":{"line":139,"column":24}},"loc":{"start":{"line":139,"column":29},"end":{"line":139,"column":42}},"line":139}},"branchMap":{"0":{"loc":{"start":{"line":18,"column":2},"end":{"line":18,"column":39}},"type":"if","locations":[{"start":{"line":18,"column":2},"end":{"line":18,"column":39}},{"start":{"line":18,"column":2},"end":{"line":18,"column":39}}],"line":18},"1":{"loc":{"start":{"line":18,"column":6},"end":{"line":18,"column":25}},"type":"binary-expr","locations":[{"start":{"line":18,"column":6},"end":{"line":18,"column":15}},{"start":{"line":18,"column":19},"end":{"line":18,"column":25}}],"line":18},"2":{"loc":{"start":{"line":20,"column":2},"end":{"line":20,"column":103}},"type":"if","locations":[{"start":{"line":20,"column":2},"end":{"line":20,"column":103}},{"start":{"line":20,"column":2},"end":{"line":20,"column":103}}],"line":20},"3":{"loc":{"start":{"line":25,"column":17},"end":{"line":25,"column":38}},"type":"binary-expr","locations":[{"start":{"line":25,"column":17},"end":{"line":25,"column":29}},{"start":{"line":25,"column":33},"end":{"line":25,"column":38}}],"line":25},"4":{"loc":{"start":{"line":51,"column":16},"end":{"line":51,"column":36}},"type":"binary-expr","locations":[{"start":{"line":51,"column":16},"end":{"line":51,"column":24}},{"start":{"line":51,"column":28},"end":{"line":51,"column":36}}],"line":51},"5":{"loc":{"start":{"line":52,"column":2},"end":{"line":52,"column":63}},"type":"if","locations":[{"start":{"line":52,"column":2},"end":{"line":52,"column":63}},{"start":{"line":52,"column":2},"end":{"line":52,"column":63}}],"line":52},"6":{"loc":{"start":{"line":52,"column":6},"end":{"line":52,"column":22}},"type":"binary-expr","locations":[{"start":{"line":52,"column":6},"end":{"line":52,"column":10}},{"start":{"line":52,"column":14},"end":{"line":52,"column":22}}],"line":52},"7":{"loc":{"start":{"line":53,"column":2},"end":{"line":53,"column":64}},"type":"if","locations":[{"start":{"line":53,"column":2},"end":{"line":53,"column":64}},{"start":{"line":53,"column":2},"end":{"line":53,"column":64}}],"line":53},"8":{"loc":{"start":{"line":53,"column":6},"end":{"line":53,"column":23}},"type":"binary-expr","locations":[{"start":{"line":53,"column":6},"end":{"line":53,"column":11}},{"start":{"line":53,"column":15},"end":{"line":53,"column":23}}],"line":53},"9":{"loc":{"start":{"line":54,"column":2},"end":{"line":54,"column":71}},"type":"if","locations":[{"start":{"line":54,"column":2},"end":{"line":54,"column":71}},{"start":{"line":54,"column":2},"end":{"line":54,"column":71}}],"line":54},"10":{"loc":{"start":{"line":54,"column":6},"end":{"line":54,"column":28}},"type":"binary-expr","locations":[{"start":{"line":54,"column":6},"end":{"line":54,"column":10}},{"start":{"line":54,"column":14},"end":{"line":54,"column":28}}],"line":54},"11":{"loc":{"start":{"line":55,"column":2},"end":{"line":55,"column":72}},"type":"if","locations":[{"start":{"line":55,"column":2},"end":{"line":55,"column":72}},{"start":{"line":55,"column":2},"end":{"line":55,"column":72}}],"line":55},"12":{"loc":{"start":{"line":55,"column":6},"end":{"line":55,"column":29}},"type":"binary-expr","locations":[{"start":{"line":55,"column":6},"end":{"line":55,"column":11}},{"start":{"line":55,"column":15},"end":{"line":55,"column":29}}],"line":55},"13":{"loc":{"start":{"line":106,"column":6},"end":{"line":108,"column":7}},"type":"if","locations":[{"start":{"line":106,"column":6},"end":{"line":108,"column":7}},{"start":{"line":106,"column":6},"end":{"line":108,"column":7}}],"line":106},"14":{"loc":{"start":{"line":106,"column":10},"end":{"line":106,"column":100}},"type":"binary-expr","locations":[{"start":{"line":106,"column":10},"end":{"line":106,"column":16}},{"start":{"line":106,"column":20},"end":{"line":106,"column":46}},{"start":{"line":106,"column":50},"end":{"line":106,"column":81}},{"start":{"line":106,"column":85},"end":{"line":106,"column":100}}],"line":106},"15":{"loc":{"start":{"line":116,"column":8},"end":{"line":124,"column":9}},"type":"if","locations":[{"start":{"line":116,"column":8},"end":{"line":124,"column":9}},{"start":{"line":116,"column":8},"end":{"line":124,"column":9}}],"line":116},"16":{"loc":{"start":{"line":118,"column":15},"end":{"line":124,"column":9}},"type":"if","locations":[{"start":{"line":118,"column":15},"end":{"line":124,"column":9}},{"start":{"line":118,"column":15},"end":{"line":124,"column":9}}],"line":118},"17":{"loc":{"start":{"line":120,"column":15},"end":{"line":124,"column":9}},"type":"if","locations":[{"start":{"line":120,"column":15},"end":{"line":124,"column":9}},{"start":{"line":120,"column":15},"end":{"line":124,"column":9}}],"line":120}},"s":{"0":1,"1":20,"2":20,"3":20,"4":20,"5":20,"6":20,"7":20,"8":20,"9":20,"10":20,"11":1,"12":6,"13":10,"14":8,"15":2,"16":2,"17":1,"18":1,"19":1,"20":7,"21":11,"22":11,"23":1,"24":8,"25":8,"26":1,"27":1,"28":8,"29":1,"30":30,"31":1,"32":31,"33":31,"34":31,"35":31,"36":9,"37":22,"38":6,"39":16,"40":9,"41":7,"42":6,"43":1,"44":10,"45":10,"46":10,"47":10,"48":10,"49":1,"50":1,"51":8,"52":1,"53":9,"54":9,"55":9,"56":9,"57":1,"58":1,"59":16,"60":16,"61":9,"62":9,"63":16,"64":9,"65":16,"66":31,"67":9,"68":31,"69":9,"70":31,"71":30,"72":9,"73":9,"74":14,"75":35,"76":14,"77":1,"78":8,"79":29,"80":29,"81":29,"82":7,"83":22,"84":2,"85":20,"86":10,"87":19,"88":10,"89":17,"90":7,"91":7,"92":7,"93":7,"94":1,"95":10},"f":{"0":20,"1":20,"2":20,"3":20,"4":20,"5":20,"6":20,"7":20,"8":20,"9":20,"10":6,"11":10,"12":7,"13":11,"14":8,"15":1,"16":8,"17":30,"18":31,"19":10,"20":1,"21":8,"22":9,"23":9,"24":1,"25":16,"26":9,"27":16,"28":16,"29":31,"30":31,"31":31,"32":30,"33":14,"34":35,"35":29,"36":29,"37":19,"38":17,"39":10},"b":{"0":[8,2],"1":[10,8],"2":[1,1],"3":[11,9],"4":[31,19],"5":[9,22],"6":[31,18],"7":[6,16],"8":[22,13],"9":[9,7],"10":[16,9],"11":[6,1],"12":[7,7],"13":[1,13],"14":[14,6,3,1],"15":[7,22],"16":[2,20],"17":[10,10]},"_coverageSchema":"332fd63041d2c1bcb487cc26dd0d5f7d97098a6c","hash":"ec7ef4c19f87a2b397556f094176cb0e04da2ba7"}
}
