{"/Users/thomas/Desktop/abide/packages/help/index.js": {"path":"/Users/thomas/Desktop/abide/packages/help/index.js","statementMap":{"0":{"start":{"line":1,"column":20},"end":{"line":1,"column":29}},"1":{"start":{"line":2,"column":25},"end":{"line":2,"column":36}},"2":{"start":{"line":3,"column":26},"end":{"line":3,"column":36}},"3":{"start":{"line":4,"column":24},"end":{"line":4,"column":41}},"4":{"start":{"line":6,"column":26},"end":{"line":13,"column":1}},"5":{"start":{"line":7,"column":16},"end":{"line":7,"column":46}},"6":{"start":{"line":8,"column":22},"end":{"line":8,"column":79}},"7":{"start":{"line":9,"column":22},"end":{"line":9,"column":79}},"8":{"start":{"line":10,"column":16},"end":{"line":10,"column":42}},"9":{"start":{"line":11,"column":2},"end":{"line":11,"column":26}},"10":{"start":{"line":11,"column":14},"end":{"line":11,"column":26}},"11":{"start":{"line":12,"column":2},"end":{"line":12,"column":23}},"12":{"start":{"line":15,"column":26},"end":{"line":15,"column":68}},"13":{"start":{"line":15,"column":41},"end":{"line":15,"column":68}},"14":{"start":{"line":16,"column":30},"end":{"line":16,"column":76}},"15":{"start":{"line":16,"column":45},"end":{"line":16,"column":76}},"16":{"start":{"line":17,"column":31},"end":{"line":17,"column":78}},"17":{"start":{"line":17,"column":46},"end":{"line":17,"column":78}},"18":{"start":{"line":18,"column":32},"end":{"line":18,"column":80}},"19":{"start":{"line":18,"column":47},"end":{"line":18,"column":80}}},"fnMap":{"0":{"name":"(anonymous_0)","decl":{"start":{"line":6,"column":26},"end":{"line":6,"column":27}},"loc":{"start":{"line":6,"column":56},"end":{"line":13,"column":1}},"line":6},"1":{"name":"(anonymous_1)","decl":{"start":{"line":15,"column":26},"end":{"line":15,"column":27}},"loc":{"start":{"line":15,"column":41},"end":{"line":15,"column":68}},"line":15},"2":{"name":"(anonymous_2)","decl":{"start":{"line":16,"column":30},"end":{"line":16,"column":31}},"loc":{"start":{"line":16,"column":45},"end":{"line":16,"column":76}},"line":16},"3":{"name":"(anonymous_3)","decl":{"start":{"line":17,"column":31},"end":{"line":17,"column":32}},"loc":{"start":{"line":17,"column":46},"end":{"line":17,"column":78}},"line":17},"4":{"name":"(anonymous_4)","decl":{"start":{"line":18,"column":32},"end":{"line":18,"column":33}},"loc":{"start":{"line":18,"column":47},"end":{"line":18,"column":80}},"line":18}},"branchMap":{"0":{"loc":{"start":{"line":8,"column":22},"end":{"line":8,"column":79}},"type":"cond-expr","locations":[{"start":{"line":8,"column":63},"end":{"line":8,"column":71}},{"start":{"line":8,"column":74},"end":{"line":8,"column":79}}],"line":8},"1":{"loc":{"start":{"line":8,"column":23},"end":{"line":8,"column":59}},"type":"binary-expr","locations":[{"start":{"line":8,"column":23},"end":{"line":8,"column":28}},{"start":{"line":8,"column":32},"end":{"line":8,"column":40}},{"start":{"line":8,"column":44},"end":{"line":8,"column":59}}],"line":8},"2":{"loc":{"start":{"line":9,"column":22},"end":{"line":9,"column":79}},"type":"cond-expr","locations":[{"start":{"line":9,"column":63},"end":{"line":9,"column":71}},{"start":{"line":9,"column":74},"end":{"line":9,"column":79}}],"line":9},"3":{"loc":{"start":{"line":9,"column":23},"end":{"line":9,"column":59}},"type":"binary-expr","locations":[{"start":{"line":9,"column":23},"end":{"line":9,"column":28}},{"start":{"line":9,"column":32},"end":{"line":9,"column":40}},{"start":{"line":9,"column":44},"end":{"line":9,"column":59}}],"line":9},"4":{"loc":{"start":{"line":10,"column":16},"end":{"line":10,"column":42}},"type":"binary-expr","locations":[{"start":{"line":10,"column":16},"end":{"line":10,"column":27}},{"start":{"line":10,"column":31},"end":{"line":10,"column":42}}],"line":10},"5":{"loc":{"start":{"line":11,"column":2},"end":{"line":11,"column":26}},"type":"if","locations":[{"start":{"line":11,"column":2},"end":{"line":11,"column":26}},{"start":{"line":11,"column":2},"end":{"line":11,"column":26}}],"line":11}},"s":{"0":1,"1":1,"2":1,"3":1,"4":1,"5":20,"6":20,"7":20,"8":20,"9":20,"10":12,"11":8,"12":1,"13":5,"14":1,"15":5,"16":1,"17":5,"18":1,"19":5},"f":{"0":20,"1":5,"2":5,"3":5,"4":5},"b":{"0":[7,13],"1":[20,8,7],"2":[1,19],"3":[20,8,1],"4":[20,13],"5":[12,8]},"_coverageSchema":"332fd63041d2c1bcb487cc26dd0d5f7d97098a6c","hash":"20d10be4372e62dcb2873597c2ddaefa188a1bfc"}
}
