TN:
SF:/Users/thomas/Desktop/abide-master/packages/help/index.js
FN:5,(anonymous_0)
FN:6,(anonymous_1)
FN:7,(anonymous_2)
FN:8,(anonymous_3)
FN:9,(anonymous_4)
FN:10,(anonymous_5)
FN:11,(anonymous_6)
FN:12,(anonymous_7)
FN:13,(anonymous_8)
FN:14,(anonymous_9)
FN:17,(anonymous_10)
FN:17,(anonymous_11)
FN:24,(anonymous_12)
FN:24,(anonymous_13)
FN:29,(anonymous_14)
FN:34,(anonymous_15)
FN:41,(anonymous_16)
FN:45,(anonymous_17)
FN:49,(anonymous_18)
FN:51,(anonymous_19)
FN:54,(anonymous_20)
FN:58,(anonymous_21)
FN:62,(anonymous_22)
FN:66,(anonymous_23)
FN:68,(anonymous_24)
FN:73,(anonymous_25)
FN:74,(anonymous_26)
FN:77,(anonymous_27)
FN:77,(anonymous_28)
FN:84,(anonymous_29)
FN:85,(anonymous_30)
FN:92,(anonymous_31)
FN:92,(anonymous_32)
FN:94,(anonymous_33)
FN:95,(anonymous_34)
FN:102,(anonymous_35)
FN:110,(anonymous_36)
FN:120,(anonymous_37)
FNF:38
FNH:38
FNDA:19,(anonymous_0)
FNDA:19,(anonymous_1)
FNDA:19,(anonymous_2)
FNDA:19,(anonymous_3)
FNDA:19,(anonymous_4)
FNDA:19,(anonymous_5)
FNDA:19,(anonymous_6)
FNDA:19,(anonymous_7)
FNDA:19,(anonymous_8)
FNDA:19,(anonymous_9)
FNDA:6,(anonymous_10)
FNDA:10,(anonymous_11)
FNDA:7,(anonymous_12)
FNDA:11,(anonymous_13)
FNDA:8,(anonymous_14)
FNDA:1,(anonymous_15)
FNDA:8,(anonymous_16)
FNDA:9,(anonymous_17)
FNDA:1,(anonymous_18)
FNDA:8,(anonymous_19)
FNDA:8,(anonymous_20)
FNDA:8,(anonymous_21)
FNDA:15,(anonymous_22)
FNDA:8,(anonymous_23)
FNDA:15,(anonymous_24)
FNDA:15,(anonymous_25)
FNDA:15,(anonymous_26)
FNDA:15,(anonymous_27)
FNDA:30,(anonymous_28)
FNDA:13,(anonymous_29)
FNDA:20,(anonymous_30)
FNDA:14,(anonymous_31)
FNDA:28,(anonymous_32)
FNDA:28,(anonymous_33)
FNDA:28,(anonymous_34)
FNDA:19,(anonymous_35)
FNDA:16,(anonymous_36)
FNDA:9,(anonymous_37)
DA:5,19
DA:6,19
DA:7,19
DA:8,19
DA:9,19
DA:10,19
DA:11,19
DA:12,19
DA:13,19
DA:14,19
DA:17,6
DA:18,10
DA:19,2
DA:20,2
DA:21,1
DA:24,7
DA:25,11
DA:26,11
DA:29,1
DA:30,8
DA:31,8
DA:34,1
DA:41,8
DA:46,9
DA:47,9
DA:50,1
DA:51,8
DA:52,1
DA:55,8
DA:56,8
DA:59,8
DA:60,8
DA:63,15
DA:64,15
DA:68,8
DA:69,15
DA:70,6
DA:72,8
DA:73,15
DA:74,15
DA:76,8
DA:77,30
DA:82,8
DA:84,8
DA:85,20
DA:86,13
DA:87,1
DA:91,7
DA:92,28
DA:94,28
DA:96,28
DA:97,28
DA:98,6
DA:99,22
DA:100,2
DA:101,20
DA:102,10
DA:103,19
DA:106,10
DA:110,16
DA:113,6
DA:114,6
DA:115,6
DA:116,6
DA:120,9
LF:65
LH:65
BRDA:18,0,0,8
BRDA:18,0,1,2
BRDA:18,1,0,10
BRDA:18,1,1,8
BRDA:20,2,0,1
BRDA:20,2,1,1
BRDA:25,3,0,11
BRDA:25,3,1,9
BRDA:69,4,0,9
BRDA:69,4,1,6
BRDA:69,5,0,15
BRDA:69,5,1,9
BRDA:86,6,0,1
BRDA:86,6,1,12
BRDA:86,7,0,13
BRDA:86,7,1,6
BRDA:86,7,2,3
BRDA:86,7,3,1
BRDA:97,8,0,6
BRDA:97,8,1,22
BRDA:99,9,0,2
BRDA:99,9,1,20
BRDA:101,10,0,10
BRDA:101,10,1,10
BRF:24
BRH:24
end_of_record
