TN:
SF:/Users/thomas/Desktop/abide-master/packages/help/index.js
FN:5,(anonymous_0)
FN:6,(anonymous_1)
FN:7,(anonymous_2)
FN:8,(anonymous_3)
FN:9,(anonymous_4)
FN:10,(anonymous_5)
FN:11,(anonymous_6)
FN:12,(anonymous_7)
FN:13,(anonymous_8)
FN:14,(anonymous_9)
FN:17,(anonymous_10)
FN:17,(anonymous_11)
FN:24,(anonymous_12)
FN:24,(anonymous_13)
FN:31,(anonymous_14)
FN:36,(anonymous_15)
FN:43,(anonymous_16)
FN:46,(anonymous_17)
FN:50,(anonymous_18)
FN:64,(anonymous_19)
FN:71,(anonymous_20)
FN:73,(anonymous_21)
FN:76,(anonymous_22)
FN:80,(anonymous_23)
FN:84,(anonymous_24)
FN:88,(anonymous_25)
FN:92,(anonymous_26)
FN:95,(anonymous_27)
FN:96,(anonymous_28)
FN:96,(anonymous_29)
FN:97,(anonymous_30)
FN:100,(anonymous_31)
FN:101,(anonymous_32)
FN:108,(anonymous_33)
FN:109,(anonymous_34)
FN:117,(anonymous_35)
FN:118,(anonymous_36)
FN:125,(anonymous_37)
FN:133,(anonymous_38)
FN:143,(anonymous_39)
FNF:40
FNH:40
FNDA:21,(anonymous_0)
FNDA:21,(anonymous_1)
FNDA:21,(anonymous_2)
FNDA:21,(anonymous_3)
FNDA:21,(anonymous_4)
FNDA:21,(anonymous_5)
FNDA:21,(anonymous_6)
FNDA:21,(anonymous_7)
FNDA:21,(anonymous_8)
FNDA:21,(anonymous_9)
FNDA:6,(anonymous_10)
FNDA:10,(anonymous_11)
FNDA:7,(anonymous_12)
FNDA:11,(anonymous_13)
FNDA:8,(anonymous_14)
FNDA:1,(anonymous_15)
FNDA:8,(anonymous_16)
FNDA:31,(anonymous_17)
FNDA:32,(anonymous_18)
FNDA:11,(anonymous_19)
FNDA:1,(anonymous_20)
FNDA:8,(anonymous_21)
FNDA:10,(anonymous_22)
FNDA:10,(anonymous_23)
FNDA:1,(anonymous_24)
FNDA:17,(anonymous_25)
FNDA:10,(anonymous_26)
FNDA:17,(anonymous_27)
FNDA:17,(anonymous_28)
FNDA:32,(anonymous_29)
FNDA:32,(anonymous_30)
FNDA:32,(anonymous_31)
FNDA:31,(anonymous_32)
FNDA:16,(anonymous_33)
FNDA:37,(anonymous_34)
FNDA:30,(anonymous_35)
FNDA:30,(anonymous_36)
FNDA:19,(anonymous_37)
FNDA:18,(anonymous_38)
FNDA:11,(anonymous_39)
DA:5,21
DA:6,21
DA:7,21
DA:8,21
DA:9,21
DA:10,21
DA:11,21
DA:12,21
DA:13,21
DA:14,21
DA:17,6
DA:18,10
DA:19,2
DA:20,2
DA:21,1
DA:24,7
DA:25,11
DA:26,11
DA:29,1
DA:31,1
DA:32,8
DA:33,8
DA:36,1
DA:43,8
DA:46,1
DA:47,31
DA:50,1
DA:51,32
DA:52,32
DA:53,32
DA:54,32
DA:55,32
DA:56,31
DA:57,22
DA:58,16
DA:59,7
DA:60,1
DA:65,11
DA:66,11
DA:67,11
DA:68,11
DA:69,11
DA:72,1
DA:73,8
DA:74,1
DA:77,10
DA:78,10
DA:81,10
DA:82,10
DA:85,1
DA:86,1
DA:89,17
DA:90,17
DA:94,10
DA:95,17
DA:96,32
DA:97,32
DA:99,10
DA:100,32
DA:101,31
DA:105,10
DA:108,10
DA:109,37
DA:110,16
DA:111,1
DA:116,9
DA:117,30
DA:119,30
DA:120,30
DA:121,8
DA:122,22
DA:123,2
DA:124,20
DA:125,10
DA:126,19
DA:129,10
DA:133,18
DA:136,8
DA:137,8
DA:138,8
DA:139,8
DA:143,11
LF:82
LH:82
BRDA:18,0,0,8
BRDA:18,0,1,2
BRDA:18,1,0,10
BRDA:18,1,1,8
BRDA:20,2,0,1
BRDA:20,2,1,1
BRDA:25,3,0,9
BRDA:25,3,1,2
BRDA:54,4,0,32
BRDA:54,4,1,20
BRDA:55,5,0,1
BRDA:55,5,1,31
BRDA:56,6,0,9
BRDA:56,6,1,22
BRDA:56,7,0,31
BRDA:56,7,1,18
BRDA:57,8,0,6
BRDA:57,8,1,16
BRDA:57,9,0,22
BRDA:57,9,1,13
BRDA:58,10,0,9
BRDA:58,10,1,7
BRDA:58,11,0,16
BRDA:58,11,1,9
BRDA:59,12,0,6
BRDA:59,12,1,1
BRDA:59,13,0,7
BRDA:59,13,1,7
BRDA:110,14,0,1
BRDA:110,14,1,15
BRDA:110,15,0,16
BRDA:110,15,1,6
BRDA:110,15,2,3
BRDA:110,15,3,1
BRDA:120,16,0,8
BRDA:120,16,1,22
BRDA:122,17,0,2
BRDA:122,17,1,20
BRDA:124,18,0,10
BRDA:124,18,1,10
BRF:40
BRH:40
end_of_record
