{"/Users/thomas/Desktop/github.com/reggi/abide/packages/dep-pointer/index.js": {"path":"/Users/thomas/Desktop/github.com/reggi/abide/packages/dep-pointer/index.js","statementMap":{"0":{"start":{"line":12,"column":27},"end":{"line":16,"column":1}},"1":{"start":{"line":13,"column":29},"end":{"line":13,"column":85}},"2":{"start":{"line":14,"column":17},"end":{"line":14,"column":70}},"3":{"start":{"line":15,"column":2},"end":{"line":15,"column":15}},"4":{"start":{"line":18,"column":29},"end":{"line":35,"column":1}},"5":{"start":{"line":19,"column":16},"end":{"line":19,"column":33}},"6":{"start":{"line":20,"column":37},"end":{"line":20,"column":42}},"7":{"start":{"line":21,"column":19},"end":{"line":21,"column":66}},"8":{"start":{"line":22,"column":23},"end":{"line":22,"column":49}},"9":{"start":{"line":23,"column":17},"end":{"line":23,"column":43}},"10":{"start":{"line":24,"column":19},"end":{"line":24,"column":34}},"11":{"start":{"line":25,"column":18},"end":{"line":25,"column":61}},"12":{"start":{"line":26,"column":18},"end":{"line":33,"column":4}},"13":{"start":{"line":34,"column":2},"end":{"line":34,"column":32}},"14":{"start":{"line":37,"column":39},"end":{"line":46,"column":1}},"15":{"start":{"line":38,"column":22},"end":{"line":38,"column":59}},"16":{"start":{"line":39,"column":2},"end":{"line":45,"column":3}},"17":{"start":{"line":40,"column":27},"end":{"line":40,"column":57}},"18":{"start":{"line":41,"column":24},"end":{"line":41,"column":43}},"19":{"start":{"line":42,"column":4},"end":{"line":42,"column":22}},"20":{"start":{"line":44,"column":4},"end":{"line":44,"column":16}},"21":{"start":{"line":49,"column":30},"end":{"line":56,"column":1}},"22":{"start":{"line":50,"column":35},"end":{"line":50,"column":42}},"23":{"start":{"line":51,"column":2},"end":{"line":54,"column":3}},"24":{"start":{"line":52,"column":23},"end":{"line":52,"column":60}},"25":{"start":{"line":53,"column":4},"end":{"line":53,"column":63}},"26":{"start":{"line":55,"column":2},"end":{"line":55,"column":24}},"27":{"start":{"line":58,"column":34},"end":{"line":60,"column":1}},"28":{"start":{"line":59,"column":2},"end":{"line":59,"column":95}},"29":{"start":{"line":62,"column":30},"end":{"line":71,"column":1}},"30":{"start":{"line":63,"column":2},"end":{"line":70,"column":3}},"31":{"start":{"line":64,"column":20},"end":{"line":64,"column":70}},"32":{"start":{"line":64,"column":45},"end":{"line":64,"column":69}},"33":{"start":{"line":65,"column":4},"end":{"line":65,"column":27}},"34":{"start":{"line":67,"column":4},"end":{"line":69,"column":6}},"35":{"start":{"line":68,"column":6},"end":{"line":68,"column":29}},"36":{"start":{"line":73,"column":26},"end":{"line":96,"column":1}},"37":{"start":{"line":74,"column":2},"end":{"line":74,"column":97}},"38":{"start":{"line":74,"column":40},"end":{"line":74,"column":97}},"39":{"start":{"line":75,"column":2},"end":{"line":75,"column":85}},"40":{"start":{"line":75,"column":40},"end":{"line":75,"column":85}},"41":{"start":{"line":76,"column":17},"end":{"line":76,"column":48}},"42":{"start":{"line":77,"column":34},"end":{"line":77,"column":99}},"43":{"start":{"line":78,"column":2},"end":{"line":94,"column":3}},"44":{"start":{"line":79,"column":4},"end":{"line":88,"column":6}},"45":{"start":{"line":80,"column":31},"end":{"line":80,"column":76}},"46":{"start":{"line":81,"column":6},"end":{"line":87,"column":7}},"47":{"start":{"line":82,"column":25},"end":{"line":82,"column":60}},"48":{"start":{"line":83,"column":8},"end":{"line":83,"column":90}},"49":{"start":{"line":84,"column":8},"end":{"line":84,"column":41}},"50":{"start":{"line":86,"column":8},"end":{"line":86,"column":58}},"51":{"start":{"line":90,"column":4},"end":{"line":93,"column":6}},"52":{"start":{"line":91,"column":6},"end":{"line":91,"column":56}},"53":{"start":{"line":91,"column":23},"end":{"line":91,"column":56}},"54":{"start":{"line":92,"column":6},"end":{"line":92,"column":70}},"55":{"start":{"line":95,"column":2},"end":{"line":95,"column":13}}},"fnMap":{"0":{"name":"(anonymous_0)","decl":{"start":{"line":12,"column":27},"end":{"line":12,"column":28}},"loc":{"start":{"line":12,"column":51},"end":{"line":16,"column":1}},"line":12},"1":{"name":"(anonymous_1)","decl":{"start":{"line":18,"column":29},"end":{"line":18,"column":30}},"loc":{"start":{"line":18,"column":63},"end":{"line":35,"column":1}},"line":18},"2":{"name":"(anonymous_2)","decl":{"start":{"line":37,"column":39},"end":{"line":37,"column":40}},"loc":{"start":{"line":37,"column":63},"end":{"line":46,"column":1}},"line":37},"3":{"name":"(anonymous_3)","decl":{"start":{"line":49,"column":30},"end":{"line":49,"column":31}},"loc":{"start":{"line":49,"column":71},"end":{"line":56,"column":1}},"line":49},"4":{"name":"(anonymous_4)","decl":{"start":{"line":58,"column":34},"end":{"line":58,"column":35}},"loc":{"start":{"line":58,"column":45},"end":{"line":60,"column":1}},"line":58},"5":{"name":"(anonymous_5)","decl":{"start":{"line":62,"column":30},"end":{"line":62,"column":31}},"loc":{"start":{"line":62,"column":74},"end":{"line":71,"column":1}},"line":62},"6":{"name":"(anonymous_6)","decl":{"start":{"line":64,"column":34},"end":{"line":64,"column":35}},"loc":{"start":{"line":64,"column":45},"end":{"line":64,"column":69}},"line":64},"7":{"name":"(anonymous_7)","decl":{"start":{"line":67,"column":24},"end":{"line":67,"column":25}},"loc":{"start":{"line":67,"column":43},"end":{"line":69,"column":5}},"line":67},"8":{"name":"(anonymous_8)","decl":{"start":{"line":73,"column":26},"end":{"line":73,"column":27}},"loc":{"start":{"line":73,"column":132},"end":{"line":96,"column":1}},"line":73},"9":{"name":"(anonymous_9)","decl":{"start":{"line":79,"column":49},"end":{"line":79,"column":50}},"loc":{"start":{"line":79,"column":66},"end":{"line":88,"column":5}},"line":79},"10":{"name":"(anonymous_10)","decl":{"start":{"line":90,"column":49},"end":{"line":90,"column":50}},"loc":{"start":{"line":90,"column":68},"end":{"line":93,"column":5}},"line":90}},"branchMap":{"0":{"loc":{"start":{"line":25,"column":18},"end":{"line":25,"column":61}},"type":"cond-expr","locations":[{"start":{"line":25,"column":35},"end":{"line":25,"column":56}},{"start":{"line":25,"column":59},"end":{"line":25,"column":61}}],"line":25},"1":{"loc":{"start":{"line":63,"column":2},"end":{"line":70,"column":3}},"type":"if","locations":[{"start":{"line":63,"column":2},"end":{"line":70,"column":3}},{"start":{"line":63,"column":2},"end":{"line":70,"column":3}}],"line":63},"2":{"loc":{"start":{"line":73,"column":46},"end":{"line":73,"column":61}},"type":"default-arg","locations":[{"start":{"line":73,"column":59},"end":{"line":73,"column":61}}],"line":73},"3":{"loc":{"start":{"line":73,"column":90},"end":{"line":73,"column":108}},"type":"default-arg","locations":[{"start":{"line":73,"column":104},"end":{"line":73,"column":108}}],"line":73},"4":{"loc":{"start":{"line":73,"column":110},"end":{"line":73,"column":126}},"type":"default-arg","locations":[{"start":{"line":73,"column":121},"end":{"line":73,"column":126}}],"line":73},"5":{"loc":{"start":{"line":74,"column":2},"end":{"line":74,"column":97}},"type":"if","locations":[{"start":{"line":74,"column":2},"end":{"line":74,"column":97}},{"start":{"line":74,"column":2},"end":{"line":74,"column":97}}],"line":74},"6":{"loc":{"start":{"line":74,"column":6},"end":{"line":74,"column":38}},"type":"binary-expr","locations":[{"start":{"line":74,"column":6},"end":{"line":74,"column":10}},{"start":{"line":74,"column":14},"end":{"line":74,"column":22}},{"start":{"line":74,"column":26},"end":{"line":74,"column":38}}],"line":74},"7":{"loc":{"start":{"line":75,"column":2},"end":{"line":75,"column":85}},"type":"if","locations":[{"start":{"line":75,"column":2},"end":{"line":75,"column":85}},{"start":{"line":75,"column":2},"end":{"line":75,"column":85}}],"line":75},"8":{"loc":{"start":{"line":75,"column":6},"end":{"line":75,"column":38}},"type":"binary-expr","locations":[{"start":{"line":75,"column":6},"end":{"line":75,"column":10}},{"start":{"line":75,"column":14},"end":{"line":75,"column":22}},{"start":{"line":75,"column":26},"end":{"line":75,"column":38}}],"line":75},"9":{"loc":{"start":{"line":77,"column":78},"end":{"line":77,"column":96}},"type":"binary-expr","locations":[{"start":{"line":77,"column":78},"end":{"line":77,"column":81}},{"start":{"line":77,"column":85},"end":{"line":77,"column":96}}],"line":77},"10":{"loc":{"start":{"line":78,"column":2},"end":{"line":94,"column":3}},"type":"if","locations":[{"start":{"line":78,"column":2},"end":{"line":94,"column":3}},{"start":{"line":78,"column":2},"end":{"line":94,"column":3}}],"line":78},"11":{"loc":{"start":{"line":91,"column":6},"end":{"line":91,"column":56}},"type":"if","locations":[{"start":{"line":91,"column":6},"end":{"line":91,"column":56}},{"start":{"line":91,"column":6},"end":{"line":91,"column":56}}],"line":91}},"s":{"0":1,"1":8,"2":8,"3":8,"4":1,"5":8,"6":8,"7":8,"8":8,"9":8,"10":8,"11":8,"12":8,"13":8,"14":1,"15":6,"16":6,"17":6,"18":5,"19":5,"20":1,"21":1,"22":12,"23":12,"24":14,"25":14,"26":12,"27":1,"28":11,"29":1,"30":8,"31":6,"32":18,"33":6,"34":2,"35":8,"36":1,"37":9,"38":6,"39":9,"40":1,"41":8,"42":8,"43":8,"44":2,"45":2,"46":2,"47":2,"48":1,"49":1,"50":1,"51":6,"52":12,"53":11,"54":12,"55":7},"f":{"0":8,"1":8,"2":6,"3":12,"4":11,"5":8,"6":18,"7":8,"8":9,"9":2,"10":12},"b":{"0":[7,1],"1":[6,2],"2":[9],"3":[8],"4":[7],"5":[6,3],"6":[9,8,7],"7":[1,8],"8":[9,8,7],"9":[8,7],"10":[2,6],"11":[11,1]},"_coverageSchema":"332fd63041d2c1bcb487cc26dd0d5f7d97098a6c","hash":"29e8f49c2daa59b97e2dd46f610c488b1d974873"}
}
