<?xml version="1.0" encoding="UTF-8"?>
<coverage generated="1523509096329" clover="3.2.0">
  <project timestamp="1523509096330" name="All files">
    <metrics statements="131" coveredstatements="131" conditionals="78" coveredconditionals="78" methods="58" coveredmethods="58" elements="267" coveredelements="267" complexity="0" loc="131" ncloc="131" packages="1" files="1" classes="1">
      <file name="index.js" path="/Users/thomas/Desktop/abide/packages/help.parse-argv/index.js">
        <metrics statements="131" coveredstatements="131" conditionals="78" coveredconditionals="78" methods="58" coveredmethods="58"/>
        <line num="5" count="1" type="stmt"/>
        <line num="6" count="1" type="stmt"/>
        <line num="7" count="1" type="stmt"/>
        <line num="8" count="1" type="stmt"/>
        <line num="9" count="1" type="stmt"/>
        <line num="10" count="1" type="stmt"/>
        <line num="11" count="1" type="stmt"/>
        <line num="12" count="1" type="stmt"/>
        <line num="13" count="1" type="stmt"/>
        <line num="15" count="1" type="stmt"/>
        <line num="16" count="148" type="stmt"/>
        <line num="17" count="148" type="cond" truecount="5" falsecount="0"/>
        <line num="18" count="148" type="cond" truecount="5" falsecount="0"/>
        <line num="19" count="148" type="cond" truecount="2" falsecount="0"/>
        <line num="20" count="148" type="cond" truecount="2" falsecount="0"/>
        <line num="21" count="46" type="stmt"/>
        <line num="22" count="46" type="stmt"/>
        <line num="25" count="18" type="stmt"/>
        <line num="26" count="14" type="stmt"/>
        <line num="27" count="16" type="stmt"/>
        <line num="28" count="16" type="stmt"/>
        <line num="29" count="43" type="stmt"/>
        <line num="30" count="20" type="stmt"/>
        <line num="31" count="21" type="stmt"/>
        <line num="33" count="34" type="stmt"/>
        <line num="34" count="34" type="cond" truecount="2" falsecount="0"/>
        <line num="35" count="33" type="stmt"/>
        <line num="36" count="33" type="cond" truecount="2" falsecount="0"/>
        <line num="37" count="12" type="stmt"/>
        <line num="38" count="12" type="stmt"/>
        <line num="41" count="15" type="stmt"/>
        <line num="42" count="15" type="cond" truecount="2" falsecount="0"/>
        <line num="43" count="14" type="stmt"/>
        <line num="44" count="14" type="cond" truecount="2" falsecount="0"/>
        <line num="45" count="2" type="stmt"/>
        <line num="46" count="2" type="cond" truecount="2" falsecount="0"/>
        <line num="47" count="1" type="stmt"/>
        <line num="48" count="1" type="stmt"/>
        <line num="51" count="16" type="stmt"/>
        <line num="52" count="16" type="cond" truecount="2" falsecount="0"/>
        <line num="53" count="15" type="stmt"/>
        <line num="54" count="15" type="cond" truecount="2" falsecount="0"/>
        <line num="55" count="3" type="cond" truecount="2" falsecount="0"/>
        <line num="56" count="2" type="stmt"/>
        <line num="57" count="2" type="cond" truecount="2" falsecount="0"/>
        <line num="58" count="1" type="stmt"/>
        <line num="59" count="1" type="stmt"/>
        <line num="60" count="1" type="stmt"/>
        <line num="63" count="10" type="stmt"/>
        <line num="64" count="5" type="cond" truecount="2" falsecount="0"/>
        <line num="65" count="4" type="stmt"/>
        <line num="66" count="4" type="cond" truecount="2" falsecount="0"/>
        <line num="67" count="3" type="cond" truecount="2" falsecount="0"/>
        <line num="68" count="2" type="stmt"/>
        <line num="69" count="3" type="stmt"/>
        <line num="70" count="2" type="cond" truecount="2" falsecount="0"/>
        <line num="71" count="2" type="stmt"/>
        <line num="72" count="1" type="stmt"/>
        <line num="73" count="1" type="stmt"/>
        <line num="74" count="2" type="stmt"/>
        <line num="76" count="1" type="stmt"/>
        <line num="79" count="14" type="stmt"/>
        <line num="80" count="14" type="cond" truecount="2" falsecount="0"/>
        <line num="81" count="11" type="stmt"/>
        <line num="82" count="11" type="cond" truecount="2" falsecount="0"/>
        <line num="83" count="6" type="stmt"/>
        <line num="84" count="18" type="stmt"/>
        <line num="87" count="16" type="stmt"/>
        <line num="88" count="16" type="cond" truecount="2" falsecount="0"/>
        <line num="89" count="15" type="stmt"/>
        <line num="90" count="15" type="cond" truecount="2" falsecount="0"/>
        <line num="91" count="1" type="stmt"/>
        <line num="92" count="1" type="stmt"/>
        <line num="95" count="17" type="stmt"/>
        <line num="96" count="17" type="cond" truecount="2" falsecount="0"/>
        <line num="97" count="16" type="stmt"/>
        <line num="98" count="16" type="cond" truecount="2" falsecount="0"/>
        <line num="99" count="2" type="stmt"/>
        <line num="100" count="2" type="cond" truecount="2" falsecount="0"/>
        <line num="101" count="2" type="stmt"/>
        <line num="102" count="1" type="stmt"/>
        <line num="103" count="1" type="stmt"/>
        <line num="104" count="2" type="stmt"/>
        <line num="106" count="1" type="stmt"/>
        <line num="109" count="1" type="stmt"/>
        <line num="135" count="1" type="stmt"/>
        <line num="136" count="19" type="stmt"/>
        <line num="138" count="42" type="cond" truecount="4" falsecount="0"/>
        <line num="140" count="1" type="stmt"/>
        <line num="141" count="10" type="stmt"/>
        <line num="143" count="9" type="stmt"/>
        <line num="145" count="9" type="cond" truecount="2" falsecount="0"/>
        <line num="146" count="8" type="stmt"/>
        <line num="148" count="1" type="stmt"/>
        <line num="156" count="1" type="stmt"/>
        <line num="157" count="9" type="stmt"/>
        <line num="160" count="50" type="stmt"/>
        <line num="162" count="78" type="stmt"/>
        <line num="163" count="78" type="stmt"/>
        <line num="164" count="78" type="stmt"/>
        <line num="167" count="78" type="stmt"/>
        <line num="170" count="50" type="stmt"/>
        <line num="174" count="8" type="stmt"/>
        <line num="179" count="16" type="stmt"/>
        <line num="180" count="16" type="stmt"/>
        <line num="181" count="16" type="stmt"/>
        <line num="182" count="12" type="cond" truecount="4" falsecount="0"/>
        <line num="183" count="9" type="stmt"/>
        <line num="184" count="9" type="stmt"/>
        <line num="186" count="12" type="cond" truecount="2" falsecount="0"/>
        <line num="187" count="3" type="stmt"/>
        <line num="189" count="12" type="cond" truecount="4" falsecount="0"/>
        <line num="190" count="9" type="stmt"/>
        <line num="193" count="16" type="stmt"/>
        <line num="196" count="1" type="stmt"/>
        <line num="197" count="15" type="stmt"/>
        <line num="198" count="22" type="stmt"/>
        <line num="200" count="6" type="stmt"/>
        <line num="204" count="1" type="stmt"/>
        <line num="205" count="15" type="stmt"/>
        <line num="206" count="15" type="stmt"/>
        <line num="207" count="15" type="stmt"/>
        <line num="208" count="122" type="stmt"/>
        <line num="209" count="122" type="stmt"/>
        <line num="210" count="40" type="stmt"/>
        <line num="214" count="1" type="stmt"/>
        <line num="224" count="1" type="cond" truecount="3" falsecount="0"/>
        <line num="225" count="14" type="stmt"/>
        <line num="226" count="14" type="cond" truecount="2" falsecount="0"/>
        <line num="227" count="14" type="cond" truecount="2" falsecount="0"/>
        <line num="228" count="14" type="stmt"/>
      </file>
    </metrics>
  </project>
</coverage>
