{"/Users/thomas/Desktop/github.com/reggi/abide/packages/help.parse-argv/index.js": {"path":"/Users/thomas/Desktop/github.com/reggi/abide/packages/help.parse-argv/index.js","statementMap":{"0":{"start":{"line":5,"column":20},"end":{"line":5,"column":29}},"1":{"start":{"line":6,"column":25},"end":{"line":6,"column":36}},"2":{"start":{"line":7,"column":26},"end":{"line":7,"column":41}},"3":{"start":{"line":8,"column":28},"end":{"line":8,"column":41}},"4":{"start":{"line":9,"column":24},"end":{"line":9,"column":45}},"5":{"start":{"line":10,"column":23},"end":{"line":10,"column":55}},"6":{"start":{"line":11,"column":21},"end":{"line":11,"column":29}},"7":{"start":{"line":12,"column":24},"end":{"line":12,"column":28}},"8":{"start":{"line":13,"column":37},"end":{"line":13,"column":41}},"9":{"start":{"line":15,"column":26},"end":{"line":23,"column":1}},"10":{"start":{"line":16,"column":16},"end":{"line":16,"column":46}},"11":{"start":{"line":17,"column":22},"end":{"line":17,"column":79}},"12":{"start":{"line":18,"column":22},"end":{"line":18,"column":79}},"13":{"start":{"line":19,"column":16},"end":{"line":19,"column":42}},"14":{"start":{"line":20,"column":2},"end":{"line":20,"column":26}},"15":{"start":{"line":20,"column":14},"end":{"line":20,"column":26}},"16":{"start":{"line":21,"column":2},"end":{"line":21,"column":21}},"17":{"start":{"line":22,"column":2},"end":{"line":22,"column":14}},"18":{"start":{"line":25,"column":25},"end":{"line":25,"column":70}},"19":{"start":{"line":25,"column":40},"end":{"line":25,"column":70}},"20":{"start":{"line":26,"column":26},"end":{"line":26,"column":68}},"21":{"start":{"line":26,"column":41},"end":{"line":26,"column":68}},"22":{"start":{"line":27,"column":30},"end":{"line":27,"column":76}},"23":{"start":{"line":27,"column":45},"end":{"line":27,"column":76}},"24":{"start":{"line":28,"column":31},"end":{"line":28,"column":78}},"25":{"start":{"line":28,"column":46},"end":{"line":28,"column":78}},"26":{"start":{"line":29,"column":32},"end":{"line":29,"column":80}},"27":{"start":{"line":29,"column":47},"end":{"line":29,"column":80}},"28":{"start":{"line":30,"column":34},"end":{"line":30,"column":84}},"29":{"start":{"line":30,"column":49},"end":{"line":30,"column":84}},"30":{"start":{"line":31,"column":23},"end":{"line":31,"column":66}},"31":{"start":{"line":31,"column":38},"end":{"line":31,"column":66}},"32":{"start":{"line":33,"column":29},"end":{"line":39,"column":1}},"33":{"start":{"line":33,"column":43},"end":{"line":39,"column":1}},"34":{"start":{"line":33,"column":58},"end":{"line":39,"column":1}},"35":{"start":{"line":34,"column":2},"end":{"line":34,"column":42}},"36":{"start":{"line":34,"column":30},"end":{"line":34,"column":42}},"37":{"start":{"line":35,"column":20},"end":{"line":35,"column":34}},"38":{"start":{"line":36,"column":2},"end":{"line":36,"column":30}},"39":{"start":{"line":36,"column":18},"end":{"line":36,"column":30}},"40":{"start":{"line":37,"column":2},"end":{"line":37,"column":31}},"41":{"start":{"line":38,"column":2},"end":{"line":38,"column":31}},"42":{"start":{"line":41,"column":27},"end":{"line":49,"column":1}},"43":{"start":{"line":41,"column":41},"end":{"line":49,"column":1}},"44":{"start":{"line":41,"column":56},"end":{"line":49,"column":1}},"45":{"start":{"line":42,"column":2},"end":{"line":42,"column":42}},"46":{"start":{"line":42,"column":30},"end":{"line":42,"column":42}},"47":{"start":{"line":43,"column":20},"end":{"line":43,"column":34}},"48":{"start":{"line":44,"column":2},"end":{"line":44,"column":30}},"49":{"start":{"line":44,"column":18},"end":{"line":44,"column":30}},"50":{"start":{"line":45,"column":16},"end":{"line":45,"column":31}},"51":{"start":{"line":46,"column":2},"end":{"line":46,"column":38}},"52":{"start":{"line":46,"column":26},"end":{"line":46,"column":38}},"53":{"start":{"line":47,"column":2},"end":{"line":47,"column":31}},"54":{"start":{"line":48,"column":2},"end":{"line":48,"column":31}},"55":{"start":{"line":51,"column":26},"end":{"line":61,"column":1}},"56":{"start":{"line":51,"column":40},"end":{"line":61,"column":1}},"57":{"start":{"line":51,"column":55},"end":{"line":61,"column":1}},"58":{"start":{"line":52,"column":2},"end":{"line":52,"column":42}},"59":{"start":{"line":52,"column":30},"end":{"line":52,"column":42}},"60":{"start":{"line":53,"column":20},"end":{"line":53,"column":34}},"61":{"start":{"line":54,"column":2},"end":{"line":54,"column":30}},"62":{"start":{"line":54,"column":18},"end":{"line":54,"column":30}},"63":{"start":{"line":55,"column":2},"end":{"line":55,"column":39}},"64":{"start":{"line":55,"column":27},"end":{"line":55,"column":39}},"65":{"start":{"line":56,"column":15},"end":{"line":56,"column":33}},"66":{"start":{"line":57,"column":2},"end":{"line":57,"column":41}},"67":{"start":{"line":57,"column":29},"end":{"line":57,"column":41}},"68":{"start":{"line":58,"column":2},"end":{"line":58,"column":31}},"69":{"start":{"line":59,"column":2},"end":{"line":59,"column":35}},"70":{"start":{"line":60,"column":2},"end":{"line":60,"column":37}},"71":{"start":{"line":63,"column":27},"end":{"line":77,"column":1}},"72":{"start":{"line":63,"column":41},"end":{"line":77,"column":1}},"73":{"start":{"line":63,"column":56},"end":{"line":77,"column":1}},"74":{"start":{"line":64,"column":2},"end":{"line":64,"column":42}},"75":{"start":{"line":64,"column":30},"end":{"line":64,"column":42}},"76":{"start":{"line":65,"column":20},"end":{"line":65,"column":34}},"77":{"start":{"line":66,"column":2},"end":{"line":66,"column":30}},"78":{"start":{"line":66,"column":18},"end":{"line":66,"column":30}},"79":{"start":{"line":67,"column":2},"end":{"line":67,"column":48}},"80":{"start":{"line":67,"column":36},"end":{"line":67,"column":48}},"81":{"start":{"line":68,"column":17},"end":{"line":68,"column":42}},"82":{"start":{"line":69,"column":22},"end":{"line":69,"column":74}},"83":{"start":{"line":69,"column":52},"end":{"line":69,"column":73}},"84":{"start":{"line":70,"column":2},"end":{"line":70,"column":39}},"85":{"start":{"line":70,"column":27},"end":{"line":70,"column":39}},"86":{"start":{"line":71,"column":16},"end":{"line":71,"column":55}},"87":{"start":{"line":71,"column":37},"end":{"line":71,"column":44}},"88":{"start":{"line":72,"column":2},"end":{"line":72,"column":31}},"89":{"start":{"line":73,"column":2},"end":{"line":75,"column":4}},"90":{"start":{"line":74,"column":4},"end":{"line":74,"column":35}},"91":{"start":{"line":76,"column":2},"end":{"line":76,"column":32}},"92":{"start":{"line":79,"column":28},"end":{"line":85,"column":1}},"93":{"start":{"line":79,"column":42},"end":{"line":85,"column":1}},"94":{"start":{"line":79,"column":57},"end":{"line":85,"column":1}},"95":{"start":{"line":80,"column":2},"end":{"line":80,"column":42}},"96":{"start":{"line":80,"column":30},"end":{"line":80,"column":42}},"97":{"start":{"line":81,"column":20},"end":{"line":81,"column":34}},"98":{"start":{"line":82,"column":2},"end":{"line":82,"column":30}},"99":{"start":{"line":82,"column":18},"end":{"line":82,"column":30}},"100":{"start":{"line":83,"column":2},"end":{"line":83,"column":31}},"101":{"start":{"line":84,"column":2},"end":{"line":84,"column":67}},"102":{"start":{"line":84,"column":45},"end":{"line":84,"column":65}},"103":{"start":{"line":87,"column":24},"end":{"line":93,"column":1}},"104":{"start":{"line":87,"column":57},"end":{"line":93,"column":1}},"105":{"start":{"line":87,"column":72},"end":{"line":93,"column":1}},"106":{"start":{"line":88,"column":2},"end":{"line":88,"column":42}},"107":{"start":{"line":88,"column":30},"end":{"line":88,"column":42}},"108":{"start":{"line":89,"column":20},"end":{"line":89,"column":34}},"109":{"start":{"line":90,"column":2},"end":{"line":90,"column":30}},"110":{"start":{"line":90,"column":18},"end":{"line":90,"column":30}},"111":{"start":{"line":91,"column":2},"end":{"line":91,"column":31}},"112":{"start":{"line":92,"column":2},"end":{"line":92,"column":57}},"113":{"start":{"line":95,"column":26},"end":{"line":107,"column":1}},"114":{"start":{"line":95,"column":53},"end":{"line":107,"column":1}},"115":{"start":{"line":95,"column":68},"end":{"line":107,"column":1}},"116":{"start":{"line":96,"column":2},"end":{"line":96,"column":42}},"117":{"start":{"line":96,"column":30},"end":{"line":96,"column":42}},"118":{"start":{"line":97,"column":20},"end":{"line":97,"column":34}},"119":{"start":{"line":98,"column":2},"end":{"line":98,"column":30}},"120":{"start":{"line":98,"column":18},"end":{"line":98,"column":30}},"121":{"start":{"line":99,"column":22},"end":{"line":99,"column":47}},"122":{"start":{"line":100,"column":2},"end":{"line":100,"column":39}},"123":{"start":{"line":100,"column":27},"end":{"line":100,"column":39}},"124":{"start":{"line":101,"column":16},"end":{"line":101,"column":55}},"125":{"start":{"line":101,"column":37},"end":{"line":101,"column":44}},"126":{"start":{"line":102,"column":2},"end":{"line":102,"column":31}},"127":{"start":{"line":103,"column":2},"end":{"line":105,"column":4}},"128":{"start":{"line":104,"column":4},"end":{"line":104,"column":35}},"129":{"start":{"line":106,"column":2},"end":{"line":106,"column":31}},"130":{"start":{"line":109,"column":26},"end":{"line":133,"column":1}},"131":{"start":{"line":135,"column":25},"end":{"line":135,"column":46}},"132":{"start":{"line":136,"column":24},"end":{"line":136,"column":128}},"133":{"start":{"line":136,"column":33},"end":{"line":136,"column":128}},"134":{"start":{"line":136,"column":64},"end":{"line":136,"column":76}},"135":{"start":{"line":136,"column":109},"end":{"line":136,"column":125}},"136":{"start":{"line":138,"column":30},"end":{"line":138,"column":88}},"137":{"start":{"line":138,"column":39},"end":{"line":138,"column":88}},"138":{"start":{"line":140,"column":30},"end":{"line":154,"column":1}},"139":{"start":{"line":141,"column":2},"end":{"line":153,"column":12}},"140":{"start":{"line":143,"column":6},"end":{"line":151,"column":16}},"141":{"start":{"line":145,"column":10},"end":{"line":147,"column":11}},"142":{"start":{"line":146,"column":12},"end":{"line":146,"column":43}},"143":{"start":{"line":148,"column":10},"end":{"line":148,"column":22}},"144":{"start":{"line":156,"column":30},"end":{"line":176,"column":1}},"145":{"start":{"line":157,"column":2},"end":{"line":175,"column":12}},"146":{"start":{"line":160,"column":21},"end":{"line":169,"column":16}},"147":{"start":{"line":162,"column":23},"end":{"line":162,"column":37}},"148":{"start":{"line":163,"column":10},"end":{"line":163,"column":65}},"149":{"start":{"line":164,"column":10},"end":{"line":164,"column":21}},"150":{"start":{"line":167,"column":10},"end":{"line":167,"column":39}},"151":{"start":{"line":170,"column":6},"end":{"line":170,"column":26}},"152":{"start":{"line":174,"column":16},"end":{"line":174,"column":26}},"153":{"start":{"line":179,"column":18},"end":{"line":179,"column":20}},"154":{"start":{"line":180,"column":15},"end":{"line":180,"column":17}},"155":{"start":{"line":181,"column":2},"end":{"line":192,"column":4}},"156":{"start":{"line":182,"column":4},"end":{"line":185,"column":5}},"157":{"start":{"line":183,"column":6},"end":{"line":183,"column":17}},"158":{"start":{"line":184,"column":6},"end":{"line":184,"column":22}},"159":{"start":{"line":186,"column":4},"end":{"line":188,"column":5}},"160":{"start":{"line":187,"column":6},"end":{"line":187,"column":22}},"161":{"start":{"line":189,"column":4},"end":{"line":191,"column":5}},"162":{"start":{"line":190,"column":6},"end":{"line":190,"column":26}},"163":{"start":{"line":193,"column":2},"end":{"line":193,"column":16}},"164":{"start":{"line":196,"column":25},"end":{"line":202,"column":1}},"165":{"start":{"line":197,"column":2},"end":{"line":201,"column":12}},"166":{"start":{"line":198,"column":21},"end":{"line":198,"column":33}},"167":{"start":{"line":200,"column":18},"end":{"line":200,"column":42}},"168":{"start":{"line":200,"column":34},"end":{"line":200,"column":41}},"169":{"start":{"line":204,"column":31},"end":{"line":212,"column":1}},"170":{"start":{"line":205,"column":18},"end":{"line":205,"column":56}},"171":{"start":{"line":206,"column":20},"end":{"line":206,"column":38}},"172":{"start":{"line":207,"column":2},"end":{"line":211,"column":4}},"173":{"start":{"line":208,"column":19},"end":{"line":208,"column":75}},"174":{"start":{"line":208,"column":44},"end":{"line":208,"column":74}},"175":{"start":{"line":209,"column":35},"end":{"line":209,"column":91}},"176":{"start":{"line":209,"column":61},"end":{"line":209,"column":90}},"177":{"start":{"line":210,"column":4},"end":{"line":210,"column":64}},"178":{"start":{"line":214,"column":32},"end":{"line":222,"column":1}},"179":{"start":{"line":224,"column":25},"end":{"line":232,"column":1}},"180":{"start":{"line":225,"column":20},"end":{"line":225,"column":34}},"181":{"start":{"line":226,"column":24},"end":{"line":226,"column":87}},"182":{"start":{"line":227,"column":23},"end":{"line":227,"column":84}},"183":{"start":{"line":228,"column":2},"end":{"line":231,"column":12}}},"fnMap":{"0":{"name":"(anonymous_0)","decl":{"start":{"line":15,"column":26},"end":{"line":15,"column":27}},"loc":{"start":{"line":15,"column":56},"end":{"line":23,"column":1}},"line":15},"1":{"name":"(anonymous_1)","decl":{"start":{"line":25,"column":25},"end":{"line":25,"column":26}},"loc":{"start":{"line":25,"column":40},"end":{"line":25,"column":70}},"line":25},"2":{"name":"(anonymous_2)","decl":{"start":{"line":26,"column":26},"end":{"line":26,"column":27}},"loc":{"start":{"line":26,"column":41},"end":{"line":26,"column":68}},"line":26},"3":{"name":"(anonymous_3)","decl":{"start":{"line":27,"column":30},"end":{"line":27,"column":31}},"loc":{"start":{"line":27,"column":45},"end":{"line":27,"column":76}},"line":27},"4":{"name":"(anonymous_4)","decl":{"start":{"line":28,"column":31},"end":{"line":28,"column":32}},"loc":{"start":{"line":28,"column":46},"end":{"line":28,"column":78}},"line":28},"5":{"name":"(anonymous_5)","decl":{"start":{"line":29,"column":32},"end":{"line":29,"column":33}},"loc":{"start":{"line":29,"column":47},"end":{"line":29,"column":80}},"line":29},"6":{"name":"(anonymous_6)","decl":{"start":{"line":30,"column":34},"end":{"line":30,"column":35}},"loc":{"start":{"line":30,"column":49},"end":{"line":30,"column":84}},"line":30},"7":{"name":"(anonymous_7)","decl":{"start":{"line":31,"column":23},"end":{"line":31,"column":24}},"loc":{"start":{"line":31,"column":38},"end":{"line":31,"column":66}},"line":31},"8":{"name":"(anonymous_8)","decl":{"start":{"line":33,"column":29},"end":{"line":33,"column":30}},"loc":{"start":{"line":33,"column":43},"end":{"line":39,"column":1}},"line":33},"9":{"name":"(anonymous_9)","decl":{"start":{"line":33,"column":43},"end":{"line":33,"column":44}},"loc":{"start":{"line":33,"column":58},"end":{"line":39,"column":1}},"line":33},"10":{"name":"(anonymous_10)","decl":{"start":{"line":33,"column":58},"end":{"line":33,"column":59}},"loc":{"start":{"line":33,"column":73},"end":{"line":39,"column":1}},"line":33},"11":{"name":"(anonymous_11)","decl":{"start":{"line":41,"column":27},"end":{"line":41,"column":28}},"loc":{"start":{"line":41,"column":41},"end":{"line":49,"column":1}},"line":41},"12":{"name":"(anonymous_12)","decl":{"start":{"line":41,"column":41},"end":{"line":41,"column":42}},"loc":{"start":{"line":41,"column":56},"end":{"line":49,"column":1}},"line":41},"13":{"name":"(anonymous_13)","decl":{"start":{"line":41,"column":56},"end":{"line":41,"column":57}},"loc":{"start":{"line":41,"column":71},"end":{"line":49,"column":1}},"line":41},"14":{"name":"(anonymous_14)","decl":{"start":{"line":51,"column":26},"end":{"line":51,"column":27}},"loc":{"start":{"line":51,"column":40},"end":{"line":61,"column":1}},"line":51},"15":{"name":"(anonymous_15)","decl":{"start":{"line":51,"column":40},"end":{"line":51,"column":41}},"loc":{"start":{"line":51,"column":55},"end":{"line":61,"column":1}},"line":51},"16":{"name":"(anonymous_16)","decl":{"start":{"line":51,"column":55},"end":{"line":51,"column":56}},"loc":{"start":{"line":51,"column":70},"end":{"line":61,"column":1}},"line":51},"17":{"name":"(anonymous_17)","decl":{"start":{"line":63,"column":27},"end":{"line":63,"column":28}},"loc":{"start":{"line":63,"column":41},"end":{"line":77,"column":1}},"line":63},"18":{"name":"(anonymous_18)","decl":{"start":{"line":63,"column":41},"end":{"line":63,"column":42}},"loc":{"start":{"line":63,"column":56},"end":{"line":77,"column":1}},"line":63},"19":{"name":"(anonymous_19)","decl":{"start":{"line":63,"column":56},"end":{"line":63,"column":57}},"loc":{"start":{"line":63,"column":71},"end":{"line":77,"column":1}},"line":63},"20":{"name":"(anonymous_20)","decl":{"start":{"line":69,"column":42},"end":{"line":69,"column":43}},"loc":{"start":{"line":69,"column":52},"end":{"line":69,"column":73}},"line":69},"21":{"name":"(anonymous_21)","decl":{"start":{"line":71,"column":32},"end":{"line":71,"column":33}},"loc":{"start":{"line":71,"column":37},"end":{"line":71,"column":44}},"line":71},"22":{"name":"(anonymous_22)","decl":{"start":{"line":73,"column":20},"end":{"line":73,"column":21}},"loc":{"start":{"line":73,"column":25},"end":{"line":75,"column":3}},"line":73},"23":{"name":"(anonymous_23)","decl":{"start":{"line":79,"column":28},"end":{"line":79,"column":29}},"loc":{"start":{"line":79,"column":42},"end":{"line":85,"column":1}},"line":79},"24":{"name":"(anonymous_24)","decl":{"start":{"line":79,"column":42},"end":{"line":79,"column":43}},"loc":{"start":{"line":79,"column":57},"end":{"line":85,"column":1}},"line":79},"25":{"name":"(anonymous_25)","decl":{"start":{"line":79,"column":57},"end":{"line":79,"column":58}},"loc":{"start":{"line":79,"column":72},"end":{"line":85,"column":1}},"line":79},"26":{"name":"(anonymous_26)","decl":{"start":{"line":84,"column":36},"end":{"line":84,"column":37}},"loc":{"start":{"line":84,"column":45},"end":{"line":84,"column":65}},"line":84},"27":{"name":"(anonymous_27)","decl":{"start":{"line":87,"column":24},"end":{"line":87,"column":25}},"loc":{"start":{"line":87,"column":57},"end":{"line":93,"column":1}},"line":87},"28":{"name":"(anonymous_28)","decl":{"start":{"line":87,"column":57},"end":{"line":87,"column":58}},"loc":{"start":{"line":87,"column":72},"end":{"line":93,"column":1}},"line":87},"29":{"name":"(anonymous_29)","decl":{"start":{"line":87,"column":72},"end":{"line":87,"column":73}},"loc":{"start":{"line":87,"column":87},"end":{"line":93,"column":1}},"line":87},"30":{"name":"(anonymous_30)","decl":{"start":{"line":95,"column":26},"end":{"line":95,"column":27}},"loc":{"start":{"line":95,"column":53},"end":{"line":107,"column":1}},"line":95},"31":{"name":"(anonymous_31)","decl":{"start":{"line":95,"column":53},"end":{"line":95,"column":54}},"loc":{"start":{"line":95,"column":68},"end":{"line":107,"column":1}},"line":95},"32":{"name":"(anonymous_32)","decl":{"start":{"line":95,"column":68},"end":{"line":95,"column":69}},"loc":{"start":{"line":95,"column":83},"end":{"line":107,"column":1}},"line":95},"33":{"name":"(anonymous_33)","decl":{"start":{"line":101,"column":32},"end":{"line":101,"column":33}},"loc":{"start":{"line":101,"column":37},"end":{"line":101,"column":44}},"line":101},"34":{"name":"(anonymous_34)","decl":{"start":{"line":103,"column":20},"end":{"line":103,"column":21}},"loc":{"start":{"line":103,"column":25},"end":{"line":105,"column":3}},"line":103},"35":{"name":"(anonymous_35)","decl":{"start":{"line":136,"column":24},"end":{"line":136,"column":25}},"loc":{"start":{"line":136,"column":33},"end":{"line":136,"column":128}},"line":136},"36":{"name":"(anonymous_36)","decl":{"start":{"line":136,"column":47},"end":{"line":136,"column":48}},"loc":{"start":{"line":136,"column":64},"end":{"line":136,"column":76}},"line":136},"37":{"name":"(anonymous_37)","decl":{"start":{"line":136,"column":102},"end":{"line":136,"column":103}},"loc":{"start":{"line":136,"column":109},"end":{"line":136,"column":125}},"line":136},"38":{"name":"(anonymous_38)","decl":{"start":{"line":138,"column":30},"end":{"line":138,"column":31}},"loc":{"start":{"line":138,"column":39},"end":{"line":138,"column":88}},"line":138},"39":{"name":"(anonymous_39)","decl":{"start":{"line":140,"column":30},"end":{"line":140,"column":31}},"loc":{"start":{"line":140,"column":63},"end":{"line":154,"column":1}},"line":140},"40":{"name":"(anonymous_40)","decl":{"start":{"line":142,"column":9},"end":{"line":142,"column":10}},"loc":{"start":{"line":142,"column":26},"end":{"line":152,"column":5}},"line":142},"41":{"name":"(anonymous_41)","decl":{"start":{"line":144,"column":13},"end":{"line":144,"column":14}},"loc":{"start":{"line":144,"column":28},"end":{"line":149,"column":9}},"line":144},"42":{"name":"(anonymous_42)","decl":{"start":{"line":156,"column":30},"end":{"line":156,"column":31}},"loc":{"start":{"line":156,"column":62},"end":{"line":176,"column":1}},"line":156},"43":{"name":"(anonymous_43)","decl":{"start":{"line":159,"column":12},"end":{"line":159,"column":13}},"loc":{"start":{"line":159,"column":31},"end":{"line":171,"column":5}},"line":159},"44":{"name":"(anonymous_44)","decl":{"start":{"line":161,"column":19},"end":{"line":161,"column":20}},"loc":{"start":{"line":161,"column":28},"end":{"line":165,"column":9}},"line":161},"45":{"name":"(anonymous_45)","decl":{"start":{"line":166,"column":16},"end":{"line":166,"column":17}},"loc":{"start":{"line":166,"column":23},"end":{"line":168,"column":9}},"line":166},"46":{"name":"(anonymous_46)","decl":{"start":{"line":174,"column":9},"end":{"line":174,"column":10}},"loc":{"start":{"line":174,"column":16},"end":{"line":174,"column":26}},"line":174},"47":{"name":"groupByIncProp","decl":{"start":{"line":178,"column":16},"end":{"line":178,"column":30}},"loc":{"start":{"line":178,"column":58},"end":{"line":194,"column":1}},"line":178},"48":{"name":"(anonymous_48)","decl":{"start":{"line":181,"column":19},"end":{"line":181,"column":20}},"loc":{"start":{"line":181,"column":33},"end":{"line":192,"column":3}},"line":181},"49":{"name":"(anonymous_49)","decl":{"start":{"line":196,"column":25},"end":{"line":196,"column":26}},"loc":{"start":{"line":196,"column":40},"end":{"line":202,"column":1}},"line":196},"50":{"name":"(anonymous_50)","decl":{"start":{"line":198,"column":12},"end":{"line":198,"column":13}},"loc":{"start":{"line":198,"column":21},"end":{"line":198,"column":33}},"line":198},"51":{"name":"(anonymous_51)","decl":{"start":{"line":200,"column":9},"end":{"line":200,"column":10}},"loc":{"start":{"line":200,"column":18},"end":{"line":200,"column":42}},"line":200},"52":{"name":"(anonymous_52)","decl":{"start":{"line":200,"column":29},"end":{"line":200,"column":30}},"loc":{"start":{"line":200,"column":34},"end":{"line":200,"column":41}},"line":200},"53":{"name":"(anonymous_53)","decl":{"start":{"line":204,"column":31},"end":{"line":204,"column":32}},"loc":{"start":{"line":204,"column":49},"end":{"line":212,"column":1}},"line":204},"54":{"name":"(anonymous_54)","decl":{"start":{"line":207,"column":30},"end":{"line":207,"column":31}},"loc":{"start":{"line":207,"column":46},"end":{"line":211,"column":3}},"line":207},"55":{"name":"(anonymous_55)","decl":{"start":{"line":208,"column":37},"end":{"line":208,"column":38}},"loc":{"start":{"line":208,"column":44},"end":{"line":208,"column":74}},"line":208},"56":{"name":"(anonymous_56)","decl":{"start":{"line":209,"column":50},"end":{"line":209,"column":51}},"loc":{"start":{"line":209,"column":61},"end":{"line":209,"column":90}},"line":209},"57":{"name":"(anonymous_57)","decl":{"start":{"line":224,"column":25},"end":{"line":224,"column":26}},"loc":{"start":{"line":224,"column":92},"end":{"line":232,"column":1}},"line":224}},"branchMap":{"0":{"loc":{"start":{"line":17,"column":22},"end":{"line":17,"column":79}},"type":"cond-expr","locations":[{"start":{"line":17,"column":63},"end":{"line":17,"column":71}},{"start":{"line":17,"column":74},"end":{"line":17,"column":79}}],"line":17},"1":{"loc":{"start":{"line":17,"column":23},"end":{"line":17,"column":59}},"type":"binary-expr","locations":[{"start":{"line":17,"column":23},"end":{"line":17,"column":28}},{"start":{"line":17,"column":32},"end":{"line":17,"column":40}},{"start":{"line":17,"column":44},"end":{"line":17,"column":59}}],"line":17},"2":{"loc":{"start":{"line":18,"column":22},"end":{"line":18,"column":79}},"type":"cond-expr","locations":[{"start":{"line":18,"column":63},"end":{"line":18,"column":71}},{"start":{"line":18,"column":74},"end":{"line":18,"column":79}}],"line":18},"3":{"loc":{"start":{"line":18,"column":23},"end":{"line":18,"column":59}},"type":"binary-expr","locations":[{"start":{"line":18,"column":23},"end":{"line":18,"column":28}},{"start":{"line":18,"column":32},"end":{"line":18,"column":40}},{"start":{"line":18,"column":44},"end":{"line":18,"column":59}}],"line":18},"4":{"loc":{"start":{"line":19,"column":16},"end":{"line":19,"column":42}},"type":"binary-expr","locations":[{"start":{"line":19,"column":16},"end":{"line":19,"column":27}},{"start":{"line":19,"column":31},"end":{"line":19,"column":42}}],"line":19},"5":{"loc":{"start":{"line":20,"column":2},"end":{"line":20,"column":26}},"type":"if","locations":[{"start":{"line":20,"column":2},"end":{"line":20,"column":26}},{"start":{"line":20,"column":2},"end":{"line":20,"column":26}}],"line":20},"6":{"loc":{"start":{"line":34,"column":2},"end":{"line":34,"column":42}},"type":"if","locations":[{"start":{"line":34,"column":2},"end":{"line":34,"column":42}},{"start":{"line":34,"column":2},"end":{"line":34,"column":42}}],"line":34},"7":{"loc":{"start":{"line":36,"column":2},"end":{"line":36,"column":30}},"type":"if","locations":[{"start":{"line":36,"column":2},"end":{"line":36,"column":30}},{"start":{"line":36,"column":2},"end":{"line":36,"column":30}}],"line":36},"8":{"loc":{"start":{"line":42,"column":2},"end":{"line":42,"column":42}},"type":"if","locations":[{"start":{"line":42,"column":2},"end":{"line":42,"column":42}},{"start":{"line":42,"column":2},"end":{"line":42,"column":42}}],"line":42},"9":{"loc":{"start":{"line":44,"column":2},"end":{"line":44,"column":30}},"type":"if","locations":[{"start":{"line":44,"column":2},"end":{"line":44,"column":30}},{"start":{"line":44,"column":2},"end":{"line":44,"column":30}}],"line":44},"10":{"loc":{"start":{"line":46,"column":2},"end":{"line":46,"column":38}},"type":"if","locations":[{"start":{"line":46,"column":2},"end":{"line":46,"column":38}},{"start":{"line":46,"column":2},"end":{"line":46,"column":38}}],"line":46},"11":{"loc":{"start":{"line":52,"column":2},"end":{"line":52,"column":42}},"type":"if","locations":[{"start":{"line":52,"column":2},"end":{"line":52,"column":42}},{"start":{"line":52,"column":2},"end":{"line":52,"column":42}}],"line":52},"12":{"loc":{"start":{"line":54,"column":2},"end":{"line":54,"column":30}},"type":"if","locations":[{"start":{"line":54,"column":2},"end":{"line":54,"column":30}},{"start":{"line":54,"column":2},"end":{"line":54,"column":30}}],"line":54},"13":{"loc":{"start":{"line":55,"column":2},"end":{"line":55,"column":39}},"type":"if","locations":[{"start":{"line":55,"column":2},"end":{"line":55,"column":39}},{"start":{"line":55,"column":2},"end":{"line":55,"column":39}}],"line":55},"14":{"loc":{"start":{"line":57,"column":2},"end":{"line":57,"column":41}},"type":"if","locations":[{"start":{"line":57,"column":2},"end":{"line":57,"column":41}},{"start":{"line":57,"column":2},"end":{"line":57,"column":41}}],"line":57},"15":{"loc":{"start":{"line":64,"column":2},"end":{"line":64,"column":42}},"type":"if","locations":[{"start":{"line":64,"column":2},"end":{"line":64,"column":42}},{"start":{"line":64,"column":2},"end":{"line":64,"column":42}}],"line":64},"16":{"loc":{"start":{"line":66,"column":2},"end":{"line":66,"column":30}},"type":"if","locations":[{"start":{"line":66,"column":2},"end":{"line":66,"column":30}},{"start":{"line":66,"column":2},"end":{"line":66,"column":30}}],"line":66},"17":{"loc":{"start":{"line":67,"column":2},"end":{"line":67,"column":48}},"type":"if","locations":[{"start":{"line":67,"column":2},"end":{"line":67,"column":48}},{"start":{"line":67,"column":2},"end":{"line":67,"column":48}}],"line":67},"18":{"loc":{"start":{"line":70,"column":2},"end":{"line":70,"column":39}},"type":"if","locations":[{"start":{"line":70,"column":2},"end":{"line":70,"column":39}},{"start":{"line":70,"column":2},"end":{"line":70,"column":39}}],"line":70},"19":{"loc":{"start":{"line":80,"column":2},"end":{"line":80,"column":42}},"type":"if","locations":[{"start":{"line":80,"column":2},"end":{"line":80,"column":42}},{"start":{"line":80,"column":2},"end":{"line":80,"column":42}}],"line":80},"20":{"loc":{"start":{"line":82,"column":2},"end":{"line":82,"column":30}},"type":"if","locations":[{"start":{"line":82,"column":2},"end":{"line":82,"column":30}},{"start":{"line":82,"column":2},"end":{"line":82,"column":30}}],"line":82},"21":{"loc":{"start":{"line":88,"column":2},"end":{"line":88,"column":42}},"type":"if","locations":[{"start":{"line":88,"column":2},"end":{"line":88,"column":42}},{"start":{"line":88,"column":2},"end":{"line":88,"column":42}}],"line":88},"22":{"loc":{"start":{"line":90,"column":2},"end":{"line":90,"column":30}},"type":"if","locations":[{"start":{"line":90,"column":2},"end":{"line":90,"column":30}},{"start":{"line":90,"column":2},"end":{"line":90,"column":30}}],"line":90},"23":{"loc":{"start":{"line":96,"column":2},"end":{"line":96,"column":42}},"type":"if","locations":[{"start":{"line":96,"column":2},"end":{"line":96,"column":42}},{"start":{"line":96,"column":2},"end":{"line":96,"column":42}}],"line":96},"24":{"loc":{"start":{"line":98,"column":2},"end":{"line":98,"column":30}},"type":"if","locations":[{"start":{"line":98,"column":2},"end":{"line":98,"column":30}},{"start":{"line":98,"column":2},"end":{"line":98,"column":30}}],"line":98},"25":{"loc":{"start":{"line":100,"column":2},"end":{"line":100,"column":39}},"type":"if","locations":[{"start":{"line":100,"column":2},"end":{"line":100,"column":39}},{"start":{"line":100,"column":2},"end":{"line":100,"column":39}}],"line":100},"26":{"loc":{"start":{"line":138,"column":39},"end":{"line":138,"column":88}},"type":"cond-expr","locations":[{"start":{"line":138,"column":76},"end":{"line":138,"column":82}},{"start":{"line":138,"column":85},"end":{"line":138,"column":88}}],"line":138},"27":{"loc":{"start":{"line":138,"column":40},"end":{"line":138,"column":72}},"type":"binary-expr","locations":[{"start":{"line":138,"column":40},"end":{"line":138,"column":52}},{"start":{"line":138,"column":56},"end":{"line":138,"column":72}}],"line":138},"28":{"loc":{"start":{"line":145,"column":10},"end":{"line":147,"column":11}},"type":"if","locations":[{"start":{"line":145,"column":10},"end":{"line":147,"column":11}},{"start":{"line":145,"column":10},"end":{"line":147,"column":11}}],"line":145},"29":{"loc":{"start":{"line":178,"column":44},"end":{"line":178,"column":56}},"type":"default-arg","locations":[{"start":{"line":178,"column":51},"end":{"line":178,"column":56}}],"line":178},"30":{"loc":{"start":{"line":182,"column":4},"end":{"line":185,"column":5}},"type":"if","locations":[{"start":{"line":182,"column":4},"end":{"line":185,"column":5}},{"start":{"line":182,"column":4},"end":{"line":185,"column":5}}],"line":182},"31":{"loc":{"start":{"line":182,"column":8},"end":{"line":182,"column":64}},"type":"binary-expr","locations":[{"start":{"line":182,"column":8},"end":{"line":182,"column":22}},{"start":{"line":182,"column":26},"end":{"line":182,"column":64}}],"line":182},"32":{"loc":{"start":{"line":186,"column":4},"end":{"line":188,"column":5}},"type":"if","locations":[{"start":{"line":186,"column":4},"end":{"line":188,"column":5}},{"start":{"line":186,"column":4},"end":{"line":188,"column":5}}],"line":186},"33":{"loc":{"start":{"line":189,"column":4},"end":{"line":191,"column":5}},"type":"if","locations":[{"start":{"line":189,"column":4},"end":{"line":191,"column":5}},{"start":{"line":189,"column":4},"end":{"line":191,"column":5}}],"line":189},"34":{"loc":{"start":{"line":189,"column":8},"end":{"line":189,"column":75}},"type":"binary-expr","locations":[{"start":{"line":189,"column":8},"end":{"line":189,"column":28}},{"start":{"line":189,"column":32},"end":{"line":189,"column":75}}],"line":189},"35":{"loc":{"start":{"line":224,"column":32},"end":{"line":224,"column":87}},"type":"default-arg","locations":[{"start":{"line":224,"column":85},"end":{"line":224,"column":87}}],"line":224},"36":{"loc":{"start":{"line":224,"column":33},"end":{"line":224,"column":61}},"type":"default-arg","locations":[{"start":{"line":224,"column":45},"end":{"line":224,"column":61}}],"line":224},"37":{"loc":{"start":{"line":224,"column":63},"end":{"line":224,"column":81}},"type":"default-arg","locations":[{"start":{"line":224,"column":76},"end":{"line":224,"column":81}}],"line":224},"38":{"loc":{"start":{"line":226,"column":24},"end":{"line":226,"column":87}},"type":"cond-expr","locations":[{"start":{"line":226,"column":39},"end":{"line":226,"column":82}},{"start":{"line":226,"column":85},"end":{"line":226,"column":87}}],"line":226},"39":{"loc":{"start":{"line":227,"column":23},"end":{"line":227,"column":84}},"type":"cond-expr","locations":[{"start":{"line":227,"column":37},"end":{"line":227,"column":79}},{"start":{"line":227,"column":82},"end":{"line":227,"column":84}}],"line":227}},"s":{"0":1,"1":1,"2":1,"3":1,"4":1,"5":1,"6":1,"7":1,"8":1,"9":1,"10":167,"11":167,"12":167,"13":167,"14":167,"15":110,"16":57,"17":57,"18":1,"19":22,"20":1,"21":14,"22":1,"23":17,"24":1,"25":17,"26":1,"27":49,"28":1,"29":22,"30":1,"31":26,"32":1,"33":8,"34":59,"35":59,"36":20,"37":39,"38":39,"39":23,"40":16,"41":16,"42":1,"43":9,"44":26,"45":26,"46":10,"47":16,"48":16,"49":13,"50":3,"51":3,"52":2,"53":1,"54":1,"55":1,"56":10,"57":27,"58":27,"59":10,"60":17,"61":17,"62":13,"63":4,"64":1,"65":3,"66":3,"67":2,"68":1,"69":1,"70":1,"71":1,"72":10,"73":5,"74":5,"75":1,"76":4,"77":4,"78":1,"79":3,"80":1,"81":2,"82":2,"83":3,"84":2,"85":1,"86":1,"87":2,"88":1,"89":1,"90":2,"91":1,"92":1,"93":4,"94":25,"95":25,"96":13,"97":12,"98":12,"99":5,"100":7,"101":7,"102":22,"103":1,"104":6,"105":27,"106":27,"107":10,"108":17,"109":17,"110":16,"111":1,"112":1,"113":1,"114":7,"115":28,"116":28,"117":7,"118":21,"119":21,"120":16,"121":5,"122":5,"123":1,"124":4,"125":8,"126":4,"127":4,"128":8,"129":4,"130":1,"131":1,"132":1,"133":21,"134":33,"135":33,"136":1,"137":59,"138":1,"139":13,"140":12,"141":12,"142":11,"143":1,"144":1,"145":12,"146":71,"147":155,"148":155,"149":155,"150":155,"151":71,"152":13,"153":22,"154":22,"155":22,"156":12,"157":9,"158":9,"159":12,"160":3,"161":12,"162":9,"163":22,"164":1,"165":21,"166":36,"167":6,"168":6,"169":1,"170":21,"171":21,"172":21,"173":57,"174":183,"175":57,"176":183,"177":57,"178":1,"179":1,"180":20,"181":20,"182":20,"183":20},"f":{"0":167,"1":22,"2":14,"3":17,"4":17,"5":49,"6":22,"7":26,"8":8,"9":59,"10":59,"11":9,"12":26,"13":26,"14":10,"15":27,"16":27,"17":10,"18":5,"19":5,"20":3,"21":2,"22":2,"23":4,"24":25,"25":25,"26":22,"27":6,"28":27,"29":27,"30":7,"31":28,"32":28,"33":8,"34":8,"35":21,"36":33,"37":33,"38":59,"39":13,"40":12,"41":12,"42":12,"43":71,"44":155,"45":155,"46":13,"47":22,"48":12,"49":21,"50":36,"51":6,"52":6,"53":21,"54":57,"55":183,"56":183,"57":20},"b":{"0":[53,114],"1":[167,57,53],"2":[4,163],"3":[167,57,4],"4":[167,114],"5":[110,57],"6":[20,39],"7":[23,16],"8":[10,16],"9":[13,3],"10":[2,1],"11":[10,17],"12":[13,4],"13":[1,3],"14":[2,1],"15":[1,4],"16":[1,3],"17":[1,2],"18":[1,1],"19":[13,12],"20":[5,7],"21":[10,17],"22":[16,1],"23":[7,21],"24":[16,5],"25":[1,4],"26":[39,20],"27":[59,59],"28":[11,1],"29":[22],"30":[9,3],"31":[12,7],"32":[3,9],"33":[9,3],"34":[12,7],"35":[10],"36":[10],"37":[10],"38":[10,10],"39":[10,10]},"_coverageSchema":"332fd63041d2c1bcb487cc26dd0d5f7d97098a6c","hash":"69c18e16953070e4c4ac756b80e08c00cc45ee07"}
}
