TN:
SF:/Users/thomas/Desktop/abide-master/packages/help.parse-argv/index.js
FN:15,(anonymous_0)
FN:25,(anonymous_1)
FN:26,(anonymous_2)
FN:27,(anonymous_3)
FN:28,(anonymous_4)
FN:29,(anonymous_5)
FN:30,(anonymous_6)
FN:31,(anonymous_7)
FN:33,(anonymous_8)
FN:33,(anonymous_9)
FN:33,(anonymous_10)
FN:41,(anonymous_11)
FN:41,(anonymous_12)
FN:41,(anonymous_13)
FN:51,(anonymous_14)
FN:51,(anonymous_15)
FN:51,(anonymous_16)
FN:63,(anonymous_17)
FN:63,(anonymous_18)
FN:63,(anonymous_19)
FN:69,(anonymous_20)
FN:71,(anonymous_21)
FN:73,(anonymous_22)
FN:79,(anonymous_23)
FN:79,(anonymous_24)
FN:79,(anonymous_25)
FN:84,(anonymous_26)
FN:87,(anonymous_27)
FN:87,(anonymous_28)
FN:87,(anonymous_29)
FN:95,(anonymous_30)
FN:95,(anonymous_31)
FN:95,(anonymous_32)
FN:101,(anonymous_33)
FN:103,(anonymous_34)
FN:136,(anonymous_35)
FN:136,(anonymous_36)
FN:136,(anonymous_37)
FN:138,(anonymous_38)
FN:140,(anonymous_39)
FN:142,(anonymous_40)
FN:144,(anonymous_41)
FN:156,(anonymous_42)
FN:159,(anonymous_43)
FN:161,(anonymous_44)
FN:166,(anonymous_45)
FN:174,(anonymous_46)
FN:178,groupByIncProp
FN:181,(anonymous_48)
FN:196,(anonymous_49)
FN:198,(anonymous_50)
FN:200,(anonymous_51)
FN:200,(anonymous_52)
FN:204,(anonymous_53)
FN:207,(anonymous_54)
FN:208,(anonymous_55)
FN:209,(anonymous_56)
FN:224,(anonymous_57)
FNF:58
FNH:58
FNDA:167,(anonymous_0)
FNDA:22,(anonymous_1)
FNDA:14,(anonymous_2)
FNDA:17,(anonymous_3)
FNDA:17,(anonymous_4)
FNDA:49,(anonymous_5)
FNDA:22,(anonymous_6)
FNDA:26,(anonymous_7)
FNDA:8,(anonymous_8)
FNDA:59,(anonymous_9)
FNDA:59,(anonymous_10)
FNDA:9,(anonymous_11)
FNDA:26,(anonymous_12)
FNDA:26,(anonymous_13)
FNDA:10,(anonymous_14)
FNDA:27,(anonymous_15)
FNDA:27,(anonymous_16)
FNDA:10,(anonymous_17)
FNDA:5,(anonymous_18)
FNDA:5,(anonymous_19)
FNDA:3,(anonymous_20)
FNDA:2,(anonymous_21)
FNDA:2,(anonymous_22)
FNDA:4,(anonymous_23)
FNDA:25,(anonymous_24)
FNDA:25,(anonymous_25)
FNDA:22,(anonymous_26)
FNDA:6,(anonymous_27)
FNDA:27,(anonymous_28)
FNDA:27,(anonymous_29)
FNDA:7,(anonymous_30)
FNDA:28,(anonymous_31)
FNDA:28,(anonymous_32)
FNDA:8,(anonymous_33)
FNDA:8,(anonymous_34)
FNDA:21,(anonymous_35)
FNDA:33,(anonymous_36)
FNDA:33,(anonymous_37)
FNDA:59,(anonymous_38)
FNDA:13,(anonymous_39)
FNDA:12,(anonymous_40)
FNDA:12,(anonymous_41)
FNDA:12,(anonymous_42)
FNDA:71,(anonymous_43)
FNDA:155,(anonymous_44)
FNDA:155,(anonymous_45)
FNDA:13,(anonymous_46)
FNDA:22,groupByIncProp
FNDA:12,(anonymous_48)
FNDA:21,(anonymous_49)
FNDA:36,(anonymous_50)
FNDA:6,(anonymous_51)
FNDA:6,(anonymous_52)
FNDA:21,(anonymous_53)
FNDA:57,(anonymous_54)
FNDA:183,(anonymous_55)
FNDA:183,(anonymous_56)
FNDA:20,(anonymous_57)
DA:5,1
DA:6,1
DA:7,1
DA:8,1
DA:9,1
DA:10,1
DA:11,1
DA:12,1
DA:13,1
DA:15,1
DA:16,167
DA:17,167
DA:18,167
DA:19,167
DA:20,167
DA:21,57
DA:22,57
DA:25,22
DA:26,14
DA:27,17
DA:28,17
DA:29,49
DA:30,22
DA:31,26
DA:33,59
DA:34,59
DA:35,39
DA:36,39
DA:37,16
DA:38,16
DA:41,26
DA:42,26
DA:43,16
DA:44,16
DA:45,3
DA:46,3
DA:47,1
DA:48,1
DA:51,27
DA:52,27
DA:53,17
DA:54,17
DA:55,4
DA:56,3
DA:57,3
DA:58,1
DA:59,1
DA:60,1
DA:63,10
DA:64,5
DA:65,4
DA:66,4
DA:67,3
DA:68,2
DA:69,3
DA:70,2
DA:71,2
DA:72,1
DA:73,1
DA:74,2
DA:76,1
DA:79,25
DA:80,25
DA:81,12
DA:82,12
DA:83,7
DA:84,22
DA:87,27
DA:88,27
DA:89,17
DA:90,17
DA:91,1
DA:92,1
DA:95,28
DA:96,28
DA:97,21
DA:98,21
DA:99,5
DA:100,5
DA:101,8
DA:102,4
DA:103,4
DA:104,8
DA:106,4
DA:109,1
DA:135,1
DA:136,33
DA:138,59
DA:140,1
DA:141,13
DA:143,12
DA:145,12
DA:146,11
DA:148,1
DA:156,1
DA:157,12
DA:160,71
DA:162,155
DA:163,155
DA:164,155
DA:167,155
DA:170,71
DA:174,13
DA:179,22
DA:180,22
DA:181,22
DA:182,12
DA:183,9
DA:184,9
DA:186,12
DA:187,3
DA:189,12
DA:190,9
DA:193,22
DA:196,1
DA:197,21
DA:198,36
DA:200,6
DA:204,1
DA:205,21
DA:206,21
DA:207,21
DA:208,183
DA:209,183
DA:210,57
DA:214,1
DA:224,1
DA:225,20
DA:226,20
DA:227,20
DA:228,20
LF:131
LH:131
BRDA:17,0,0,53
BRDA:17,0,1,114
BRDA:17,1,0,167
BRDA:17,1,1,57
BRDA:17,1,2,53
BRDA:18,2,0,4
BRDA:18,2,1,163
BRDA:18,3,0,167
BRDA:18,3,1,57
BRDA:18,3,2,4
BRDA:19,4,0,167
BRDA:19,4,1,114
BRDA:20,5,0,110
BRDA:20,5,1,57
BRDA:34,6,0,20
BRDA:34,6,1,39
BRDA:36,7,0,23
BRDA:36,7,1,16
BRDA:42,8,0,10
BRDA:42,8,1,16
BRDA:44,9,0,13
BRDA:44,9,1,3
BRDA:46,10,0,2
BRDA:46,10,1,1
BRDA:52,11,0,10
BRDA:52,11,1,17
BRDA:54,12,0,13
BRDA:54,12,1,4
BRDA:55,13,0,1
BRDA:55,13,1,3
BRDA:57,14,0,2
BRDA:57,14,1,1
BRDA:64,15,0,1
BRDA:64,15,1,4
BRDA:66,16,0,1
BRDA:66,16,1,3
BRDA:67,17,0,1
BRDA:67,17,1,2
BRDA:70,18,0,1
BRDA:70,18,1,1
BRDA:80,19,0,13
BRDA:80,19,1,12
BRDA:82,20,0,5
BRDA:82,20,1,7
BRDA:88,21,0,10
BRDA:88,21,1,17
BRDA:90,22,0,16
BRDA:90,22,1,1
BRDA:96,23,0,7
BRDA:96,23,1,21
BRDA:98,24,0,16
BRDA:98,24,1,5
BRDA:100,25,0,1
BRDA:100,25,1,4
BRDA:138,26,0,39
BRDA:138,26,1,20
BRDA:138,27,0,59
BRDA:138,27,1,59
BRDA:145,28,0,11
BRDA:145,28,1,1
BRDA:178,29,0,22
BRDA:182,30,0,9
BRDA:182,30,1,3
BRDA:182,31,0,12
BRDA:182,31,1,7
BRDA:186,32,0,3
BRDA:186,32,1,9
BRDA:189,33,0,9
BRDA:189,33,1,3
BRDA:189,34,0,12
BRDA:189,34,1,7
BRDA:224,35,0,10
BRDA:224,36,0,10
BRDA:224,37,0,10
BRDA:226,38,0,10
BRDA:226,38,1,10
BRDA:227,39,0,10
BRDA:227,39,1,10
BRF:78
BRH:78
end_of_record
