TN:
SF:/Users/thomas/Desktop/abide/packages/help.parse-argv/index.js
FN:15,(anonymous_0)
FN:25,(anonymous_1)
FN:26,(anonymous_2)
FN:27,(anonymous_3)
FN:28,(anonymous_4)
FN:29,(anonymous_5)
FN:30,(anonymous_6)
FN:31,(anonymous_7)
FN:33,(anonymous_8)
FN:33,(anonymous_9)
FN:33,(anonymous_10)
FN:41,(anonymous_11)
FN:41,(anonymous_12)
FN:41,(anonymous_13)
FN:51,(anonymous_14)
FN:51,(anonymous_15)
FN:51,(anonymous_16)
FN:63,(anonymous_17)
FN:63,(anonymous_18)
FN:63,(anonymous_19)
FN:69,(anonymous_20)
FN:71,(anonymous_21)
FN:73,(anonymous_22)
FN:79,(anonymous_23)
FN:79,(anonymous_24)
FN:79,(anonymous_25)
FN:84,(anonymous_26)
FN:87,(anonymous_27)
FN:87,(anonymous_28)
FN:87,(anonymous_29)
FN:95,(anonymous_30)
FN:95,(anonymous_31)
FN:95,(anonymous_32)
FN:101,(anonymous_33)
FN:103,(anonymous_34)
FN:136,(anonymous_35)
FN:136,(anonymous_36)
FN:136,(anonymous_37)
FN:138,(anonymous_38)
FN:140,(anonymous_39)
FN:142,(anonymous_40)
FN:144,(anonymous_41)
FN:156,(anonymous_42)
FN:159,(anonymous_43)
FN:161,(anonymous_44)
FN:166,(anonymous_45)
FN:174,(anonymous_46)
FN:178,groupByIncrementingProp
FN:181,(anonymous_48)
FN:195,(anonymous_49)
FN:197,(anonymous_50)
FN:199,(anonymous_51)
FN:199,(anonymous_52)
FN:203,(anonymous_53)
FN:206,(anonymous_54)
FN:207,(anonymous_55)
FN:208,(anonymous_56)
FN:223,(anonymous_57)
FNF:58
FNH:42
FNDA:65,(anonymous_0)
FNDA:10,(anonymous_1)
FNDA:14,(anonymous_2)
FNDA:5,(anonymous_3)
FNDA:7,(anonymous_4)
FNDA:10,(anonymous_5)
FNDA:9,(anonymous_6)
FNDA:10,(anonymous_7)
FNDA:8,(anonymous_8)
FNDA:4,(anonymous_9)
FNDA:4,(anonymous_10)
FNDA:9,(anonymous_11)
FNDA:4,(anonymous_12)
FNDA:4,(anonymous_13)
FNDA:10,(anonymous_14)
FNDA:5,(anonymous_15)
FNDA:5,(anonymous_16)
FNDA:10,(anonymous_17)
FNDA:5,(anonymous_18)
FNDA:5,(anonymous_19)
FNDA:3,(anonymous_20)
FNDA:2,(anonymous_21)
FNDA:2,(anonymous_22)
FNDA:4,(anonymous_23)
FNDA:3,(anonymous_24)
FNDA:3,(anonymous_25)
FNDA:3,(anonymous_26)
FNDA:6,(anonymous_27)
FNDA:5,(anonymous_28)
FNDA:5,(anonymous_29)
FNDA:7,(anonymous_30)
FNDA:6,(anonymous_31)
FNDA:6,(anonymous_32)
FNDA:2,(anonymous_33)
FNDA:2,(anonymous_34)
FNDA:1,(anonymous_35)
FNDA:1,(anonymous_36)
FNDA:1,(anonymous_37)
FNDA:2,(anonymous_38)
FNDA:3,(anonymous_39)
FNDA:2,(anonymous_40)
FNDA:2,(anonymous_41)
FNDA:0,(anonymous_42)
FNDA:0,(anonymous_43)
FNDA:0,(anonymous_44)
FNDA:0,(anonymous_45)
FNDA:0,(anonymous_46)
FNDA:0,groupByIncrementingProp
FNDA:0,(anonymous_48)
FNDA:0,(anonymous_49)
FNDA:0,(anonymous_50)
FNDA:0,(anonymous_51)
FNDA:0,(anonymous_52)
FNDA:0,(anonymous_53)
FNDA:0,(anonymous_54)
FNDA:0,(anonymous_55)
FNDA:0,(anonymous_56)
FNDA:0,(anonymous_57)
DA:5,1
DA:6,1
DA:7,1
DA:8,1
DA:9,1
DA:10,1
DA:11,1
DA:12,1
DA:13,1
DA:15,1
DA:16,65
DA:17,65
DA:18,65
DA:19,65
DA:20,65
DA:21,31
DA:22,31
DA:25,10
DA:26,14
DA:27,5
DA:28,7
DA:29,10
DA:30,9
DA:31,10
DA:33,8
DA:34,4
DA:35,3
DA:36,3
DA:37,2
DA:38,2
DA:41,9
DA:42,4
DA:43,3
DA:44,3
DA:45,2
DA:46,2
DA:47,1
DA:48,1
DA:51,10
DA:52,5
DA:53,4
DA:54,4
DA:55,3
DA:56,2
DA:57,2
DA:58,1
DA:59,1
DA:60,1
DA:63,10
DA:64,5
DA:65,4
DA:66,4
DA:67,3
DA:68,2
DA:69,3
DA:70,2
DA:71,2
DA:72,1
DA:73,1
DA:74,2
DA:76,1
DA:79,4
DA:80,3
DA:81,2
DA:82,2
DA:83,1
DA:84,3
DA:87,6
DA:88,5
DA:89,4
DA:90,4
DA:91,1
DA:92,1
DA:95,7
DA:96,6
DA:97,5
DA:98,5
DA:99,2
DA:100,2
DA:101,2
DA:102,1
DA:103,1
DA:104,2
DA:106,1
DA:109,1
DA:135,1
DA:136,1
DA:138,2
DA:140,1
DA:141,3
DA:143,2
DA:145,2
DA:146,1
DA:148,1
DA:156,1
DA:157,0
DA:160,0
DA:162,0
DA:163,0
DA:164,0
DA:167,0
DA:170,0
DA:174,0
DA:179,0
DA:180,0
DA:181,0
DA:182,0
DA:183,0
DA:184,0
DA:185,0
DA:186,0
DA:188,0
DA:189,0
DA:192,0
DA:195,1
DA:196,0
DA:197,0
DA:199,0
DA:203,1
DA:204,0
DA:205,0
DA:206,0
DA:207,0
DA:208,0
DA:209,0
DA:213,1
DA:223,1
DA:224,0
DA:225,0
DA:226,0
DA:227,0
LF:131
LH:99
BRDA:17,0,0,28
BRDA:17,0,1,37
BRDA:17,1,0,65
BRDA:17,1,1,31
BRDA:17,1,2,28
BRDA:18,2,0,3
BRDA:18,2,1,62
BRDA:18,3,0,65
BRDA:18,3,1,31
BRDA:18,3,2,3
BRDA:19,4,0,65
BRDA:19,4,1,37
BRDA:20,5,0,34
BRDA:20,5,1,31
BRDA:34,6,0,1
BRDA:34,6,1,3
BRDA:36,7,0,1
BRDA:36,7,1,2
BRDA:42,8,0,1
BRDA:42,8,1,3
BRDA:44,9,0,1
BRDA:44,9,1,2
BRDA:46,10,0,1
BRDA:46,10,1,1
BRDA:52,11,0,1
BRDA:52,11,1,4
BRDA:54,12,0,1
BRDA:54,12,1,3
BRDA:55,13,0,1
BRDA:55,13,1,2
BRDA:57,14,0,1
BRDA:57,14,1,1
BRDA:64,15,0,1
BRDA:64,15,1,4
BRDA:66,16,0,1
BRDA:66,16,1,3
BRDA:67,17,0,1
BRDA:67,17,1,2
BRDA:70,18,0,1
BRDA:70,18,1,1
BRDA:80,19,0,1
BRDA:80,19,1,2
BRDA:82,20,0,1
BRDA:82,20,1,1
BRDA:88,21,0,1
BRDA:88,21,1,4
BRDA:90,22,0,3
BRDA:90,22,1,1
BRDA:96,23,0,1
BRDA:96,23,1,5
BRDA:98,24,0,3
BRDA:98,24,1,2
BRDA:100,25,0,1
BRDA:100,25,1,1
BRDA:138,26,0,1
BRDA:138,26,1,1
BRDA:138,27,0,2
BRDA:138,27,1,2
BRDA:145,28,0,1
BRDA:145,28,1,1
BRDA:178,29,0,0
BRDA:182,30,0,0
BRDA:182,30,1,0
BRDA:182,31,0,0
BRDA:182,31,1,0
BRDA:185,32,0,0
BRDA:185,32,1,0
BRDA:188,33,0,0
BRDA:188,33,1,0
BRDA:188,34,0,0
BRDA:188,34,1,0
BRDA:223,35,0,0
BRDA:223,36,0,0
BRDA:223,37,0,0
BRDA:225,38,0,0
BRDA:225,38,1,0
BRDA:226,39,0,0
BRDA:226,39,1,0
BRF:78
BRH:60
end_of_record
