{"/Users/thomas/Desktop/github.com/reggi/abide/packages/journey.pass-thru/index.js": {"path":"/Users/thomas/Desktop/github.com/reggi/abide/packages/journey.pass-thru/index.js","statementMap":{"0":{"start":{"line":2,"column":34},"end":{"line":2,"column":81}},"1":{"start":{"line":4,"column":24},"end":{"line":10,"column":1}},"2":{"start":{"line":5,"column":2},"end":{"line":5,"column":22}},"3":{"start":{"line":5,"column":11},"end":{"line":5,"column":22}},"4":{"start":{"line":6,"column":2},"end":{"line":6,"column":67}},"5":{"start":{"line":6,"column":32},"end":{"line":6,"column":67}},"6":{"start":{"line":7,"column":19},"end":{"line":7,"column":39}},"7":{"start":{"line":8,"column":2},"end":{"line":8,"column":42}},"8":{"start":{"line":8,"column":27},"end":{"line":8,"column":42}},"9":{"start":{"line":9,"column":2},"end":{"line":9,"column":13}}},"fnMap":{"0":{"name":"(anonymous_0)","decl":{"start":{"line":4,"column":24},"end":{"line":4,"column":25}},"loc":{"start":{"line":4,"column":41},"end":{"line":10,"column":1}},"line":4}},"branchMap":{"0":{"loc":{"start":{"line":5,"column":2},"end":{"line":5,"column":22}},"type":"if","locations":[{"start":{"line":5,"column":2},"end":{"line":5,"column":22}},{"start":{"line":5,"column":2},"end":{"line":5,"column":22}}],"line":5},"1":{"loc":{"start":{"line":6,"column":2},"end":{"line":6,"column":67}},"type":"if","locations":[{"start":{"line":6,"column":2},"end":{"line":6,"column":67}},{"start":{"line":6,"column":2},"end":{"line":6,"column":67}}],"line":6},"2":{"loc":{"start":{"line":8,"column":2},"end":{"line":8,"column":42}},"type":"if","locations":[{"start":{"line":8,"column":2},"end":{"line":8,"column":42}},{"start":{"line":8,"column":2},"end":{"line":8,"column":42}}],"line":8}},"s":{"0":1,"1":1,"2":9,"3":4,"4":5,"5":3,"6":2,"7":2,"8":1,"9":2},"f":{"0":9},"b":{"0":[4,5],"1":[3,2],"2":[1,1]},"_coverageSchema":"332fd63041d2c1bcb487cc26dd0d5f7d97098a6c","hash":"b233015df445a2851ced886afa9fce62351ca275"}
}
