{"/Users/thomas/Desktop/abide-master/packages/help.filter-until/index.js": {"path":"/Users/thomas/Desktop/abide-master/packages/help.filter-until/index.js","statementMap":{"0":{"start":{"line":3,"column":27},"end":{"line":12,"column":1}},"1":{"start":{"line":3,"column":49},"end":{"line":3,"column":54}},"2":{"start":{"line":4,"column":14},"end":{"line":4,"column":19}},"3":{"start":{"line":5,"column":2},"end":{"line":11,"column":4}},"4":{"start":{"line":6,"column":4},"end":{"line":6,"column":27}},"5":{"start":{"line":6,"column":15},"end":{"line":6,"column":27}},"6":{"start":{"line":7,"column":20},"end":{"line":7,"column":36}},"7":{"start":{"line":8,"column":4},"end":{"line":8,"column":29}},"8":{"start":{"line":8,"column":17},"end":{"line":8,"column":29}},"9":{"start":{"line":9,"column":4},"end":{"line":9,"column":27}},"10":{"start":{"line":9,"column":15},"end":{"line":9,"column":27}},"11":{"start":{"line":10,"column":4},"end":{"line":10,"column":15}}},"fnMap":{"0":{"name":"(anonymous_0)","decl":{"start":{"line":3,"column":27},"end":{"line":3,"column":28}},"loc":{"start":{"line":3,"column":59},"end":{"line":12,"column":1}},"line":3},"1":{"name":"(anonymous_1)","decl":{"start":{"line":3,"column":43},"end":{"line":3,"column":44}},"loc":{"start":{"line":3,"column":49},"end":{"line":3,"column":54}},"line":3},"2":{"name":"(anonymous_2)","decl":{"start":{"line":5,"column":21},"end":{"line":5,"column":22}},"loc":{"start":{"line":5,"column":34},"end":{"line":11,"column":3}},"line":5}},"branchMap":{"0":{"loc":{"start":{"line":3,"column":33},"end":{"line":3,"column":54}},"type":"default-arg","locations":[{"start":{"line":3,"column":43},"end":{"line":3,"column":54}}],"line":3},"1":{"loc":{"start":{"line":6,"column":4},"end":{"line":6,"column":27}},"type":"if","locations":[{"start":{"line":6,"column":4},"end":{"line":6,"column":27}},{"start":{"line":6,"column":4},"end":{"line":6,"column":27}}],"line":6},"2":{"loc":{"start":{"line":8,"column":4},"end":{"line":8,"column":29}},"type":"if","locations":[{"start":{"line":8,"column":4},"end":{"line":8,"column":29}},{"start":{"line":8,"column":4},"end":{"line":8,"column":29}}],"line":8},"3":{"loc":{"start":{"line":9,"column":4},"end":{"line":9,"column":27}},"type":"if","locations":[{"start":{"line":9,"column":4},"end":{"line":9,"column":27}},{"start":{"line":9,"column":4},"end":{"line":9,"column":27}}],"line":9}},"s":{"0":1,"1":7,"2":3,"3":3,"4":18,"5":3,"6":15,"7":15,"8":2,"9":15,"10":2,"11":13},"f":{"0":3,"1":7,"2":18},"b":{"0":[1],"1":[3,15],"2":[2,13],"3":[2,13]},"_coverageSchema":"332fd63041d2c1bcb487cc26dd0d5f7d97098a6c","hash":"dd287f07ed9ead4c821df065f9d1f2bfc9366230"}
}
