{"/Users/thomas/Desktop/abide-master/packages/pkg.prop-overwrite/index.js": {"path":"/Users/thomas/Desktop/abide-master/packages/pkg.prop-overwrite/index.js","statementMap":{"0":{"start":{"line":1,"column":29},"end":{"line":7,"column":1}},"1":{"start":{"line":2,"column":2},"end":{"line":6,"column":3}}},"fnMap":{"0":{"name":"(anonymous_0)","decl":{"start":{"line":1,"column":29},"end":{"line":1,"column":30}},"loc":{"start":{"line":1,"column":64},"end":{"line":7,"column":1}},"line":1}},"branchMap":{"0":{"loc":{"start":{"line":3,"column":7},"end":{"line":3,"column":34}},"type":"cond-expr","locations":[{"start":{"line":3,"column":21},"end":{"line":3,"column":29}},{"start":{"line":3,"column":32},"end":{"line":3,"column":34}}],"line":3},"1":{"loc":{"start":{"line":5,"column":7},"end":{"line":5,"column":35}},"type":"cond-expr","locations":[{"start":{"line":5,"column":22},"end":{"line":5,"column":30}},{"start":{"line":5,"column":33},"end":{"line":5,"column":35}}],"line":5}},"s":{"0":1,"1":2},"f":{"0":2},"b":{"0":[1,1],"1":[1,1]},"_coverageSchema":"332fd63041d2c1bcb487cc26dd0d5f7d97098a6c","hash":"dc11f6ad81f047749f6b38929ed5ab9ca24f7e9e"}
}
