{"/Users/thomas/Desktop/abide-master/packages/command/index.js": {"path":"/Users/thomas/Desktop/abide-master/packages/command/index.js","statementMap":{"0":{"start":{"line":1,"column":16},"end":{"line":7,"column":1}},"1":{"start":{"line":2,"column":2},"end":{"line":6,"column":3}},"2":{"start":{"line":3,"column":4},"end":{"line":3,"column":22}},"3":{"start":{"line":5,"column":4},"end":{"line":5,"column":13}},"4":{"start":{"line":9,"column":0},"end":{"line":9,"column":24}}},"fnMap":{"0":{"name":"(anonymous_0)","decl":{"start":{"line":1,"column":16},"end":{"line":1,"column":17}},"loc":{"start":{"line":1,"column":27},"end":{"line":7,"column":1}},"line":1}},"branchMap":{"0":{"loc":{"start":{"line":2,"column":2},"end":{"line":6,"column":3}},"type":"if","locations":[{"start":{"line":2,"column":2},"end":{"line":6,"column":3}},{"start":{"line":2,"column":2},"end":{"line":6,"column":3}}],"line":2}},"s":{"0":1,"1":2,"2":1,"3":1,"4":1},"f":{"0":2},"b":{"0":[1,1]},"_coverageSchema":"332fd63041d2c1bcb487cc26dd0d5f7d97098a6c","hash":"7609172400662c34cfff66da39d5e965149b0cc2"}
}
