<?xml version="1.0" encoding="UTF-8"?>
<coverage generated="1521370780700" clover="3.2.0">
  <project timestamp="1521370780701" name="All files">
    <metrics statements="12" coveredstatements="12" conditionals="7" coveredconditionals="7" methods="3" coveredmethods="3" elements="22" coveredelements="22" complexity="0" loc="12" ncloc="12" packages="1" files="1" classes="1">
      <file name="index.js" path="/Users/thomas/Desktop/abide/packages/journey.fn-free/index.js">
        <metrics statements="12" coveredstatements="12" conditionals="7" coveredconditionals="7" methods="3" coveredmethods="3"/>
        <line num="3" count="1" type="stmt"/>
        <line num="4" count="1" type="stmt"/>
        <line num="6" count="1" type="cond" truecount="1" falsecount="0"/>
        <line num="7" count="5" type="cond" truecount="2" falsecount="0"/>
        <line num="8" count="4" type="cond" truecount="2" falsecount="0"/>
        <line num="9" count="3" type="stmt"/>
        <line num="10" count="3" type="stmt"/>
        <line num="11" count="3" type="cond" truecount="2" falsecount="0"/>
        <line num="12" count="2" type="stmt"/>
        <line num="14" count="3" type="stmt"/>
        <line num="15" count="2" type="stmt"/>
        <line num="17" count="3" type="stmt"/>
      </file>
    </metrics>
  </project>
</coverage>
