<?xml version="1.0" encoding="UTF-8"?>
<coverage generated="1529150656386" clover="3.2.0">
  <project timestamp="1529150656386" name="All files">
    <metrics statements="15" coveredstatements="15" conditionals="16" coveredconditionals="16" methods="2" coveredmethods="2" elements="33" coveredelements="33" complexity="0" loc="15" ncloc="15" packages="1" files="1" classes="1">
      <file name="index.js" path="/Users/thomas/Desktop/github.com/reggi/abide/packages/monorepo-babel-cli/index.js">
        <metrics statements="15" coveredstatements="15" conditionals="16" coveredconditionals="16" methods="2" coveredmethods="2"/>
        <line num="9" count="8" type="stmt"/>
        <line num="20" count="8" type="stmt"/>
        <line num="21" count="8" type="stmt"/>
        <line num="22" count="8" type="stmt"/>
        <line num="23" count="8" type="cond" truecount="2" falsecount="0"/>
        <line num="24" count="7" type="cond" truecount="2" falsecount="0"/>
        <line num="25" count="6" type="cond" truecount="2" falsecount="0"/>
        <line num="26" count="1" type="stmt"/>
        <line num="27" count="1" type="stmt"/>
        <line num="29" count="5" type="cond" truecount="2" falsecount="0"/>
        <line num="30" count="4" type="stmt"/>
        <line num="31" count="3" type="cond" truecount="4" falsecount="0"/>
        <line num="32" count="2" type="cond" truecount="4" falsecount="0"/>
        <line num="33" count="1" type="stmt"/>
        <line num="35" count="1" type="stmt"/>
      </file>
    </metrics>
  </project>
</coverage>
