{"/Users/thomas/Desktop/github.com/reggi/abide/packages/monorepo-babel-cli/index.js": {"path":"/Users/thomas/Desktop/github.com/reggi/abide/packages/monorepo-babel-cli/index.js","statementMap":{"0":{"start":{"line":9,"column":18},"end":{"line":17,"column":23}},"1":{"start":{"line":9,"column":28},"end":{"line":17,"column":23}},"2":{"start":{"line":20,"column":17},"end":{"line":20,"column":32}},"3":{"start":{"line":21,"column":21},"end":{"line":21,"column":26}},"4":{"start":{"line":22,"column":17},"end":{"line":22,"column":36}},"5":{"start":{"line":23,"column":2},"end":{"line":23,"column":45}},"6":{"start":{"line":23,"column":25},"end":{"line":23,"column":45}},"7":{"start":{"line":24,"column":2},"end":{"line":24,"column":46}},"8":{"start":{"line":24,"column":28},"end":{"line":24,"column":46}},"9":{"start":{"line":25,"column":2},"end":{"line":28,"column":3}},"10":{"start":{"line":26,"column":26},"end":{"line":26,"column":60}},"11":{"start":{"line":27,"column":4},"end":{"line":27,"column":22}},"12":{"start":{"line":29,"column":2},"end":{"line":34,"column":3}},"13":{"start":{"line":30,"column":19},"end":{"line":30,"column":60}},"14":{"start":{"line":31,"column":4},"end":{"line":31,"column":39}},"15":{"start":{"line":31,"column":26},"end":{"line":31,"column":39}},"16":{"start":{"line":32,"column":4},"end":{"line":32,"column":72}},"17":{"start":{"line":32,"column":28},"end":{"line":32,"column":72}},"18":{"start":{"line":33,"column":4},"end":{"line":33,"column":31}},"19":{"start":{"line":35,"column":2},"end":{"line":35,"column":38}}},"fnMap":{"0":{"name":"(anonymous_0)","decl":{"start":{"line":9,"column":18},"end":{"line":9,"column":19}},"loc":{"start":{"line":9,"column":28},"end":{"line":17,"column":23}},"line":9},"1":{"name":"(anonymous_1)","decl":{"start":{"line":19,"column":35},"end":{"line":19,"column":36}},"loc":{"start":{"line":19,"column":58},"end":{"line":36,"column":1}},"line":19}},"branchMap":{"0":{"loc":{"start":{"line":23,"column":2},"end":{"line":23,"column":45}},"type":"if","locations":[{"start":{"line":23,"column":2},"end":{"line":23,"column":45}},{"start":{"line":23,"column":2},"end":{"line":23,"column":45}}],"line":23},"1":{"loc":{"start":{"line":24,"column":2},"end":{"line":24,"column":46}},"type":"if","locations":[{"start":{"line":24,"column":2},"end":{"line":24,"column":46}},{"start":{"line":24,"column":2},"end":{"line":24,"column":46}}],"line":24},"2":{"loc":{"start":{"line":25,"column":2},"end":{"line":28,"column":3}},"type":"if","locations":[{"start":{"line":25,"column":2},"end":{"line":28,"column":3}},{"start":{"line":25,"column":2},"end":{"line":28,"column":3}}],"line":25},"3":{"loc":{"start":{"line":29,"column":2},"end":{"line":34,"column":3}},"type":"if","locations":[{"start":{"line":29,"column":2},"end":{"line":34,"column":3}},{"start":{"line":29,"column":2},"end":{"line":34,"column":3}}],"line":29},"4":{"loc":{"start":{"line":31,"column":4},"end":{"line":31,"column":39}},"type":"if","locations":[{"start":{"line":31,"column":4},"end":{"line":31,"column":39}},{"start":{"line":31,"column":4},"end":{"line":31,"column":39}}],"line":31},"5":{"loc":{"start":{"line":31,"column":8},"end":{"line":31,"column":24}},"type":"binary-expr","locations":[{"start":{"line":31,"column":8},"end":{"line":31,"column":14}},{"start":{"line":31,"column":18},"end":{"line":31,"column":24}}],"line":31},"6":{"loc":{"start":{"line":32,"column":4},"end":{"line":32,"column":72}},"type":"if","locations":[{"start":{"line":32,"column":4},"end":{"line":32,"column":72}},{"start":{"line":32,"column":4},"end":{"line":32,"column":72}}],"line":32},"7":{"loc":{"start":{"line":32,"column":8},"end":{"line":32,"column":26}},"type":"binary-expr","locations":[{"start":{"line":32,"column":8},"end":{"line":32,"column":15}},{"start":{"line":32,"column":19},"end":{"line":32,"column":26}}],"line":32}},"s":{"0":1,"1":8,"2":8,"3":8,"4":8,"5":8,"6":1,"7":7,"8":1,"9":6,"10":1,"11":1,"12":5,"13":4,"14":3,"15":1,"16":2,"17":1,"18":1,"19":1},"f":{"0":8,"1":8},"b":{"0":[1,7],"1":[1,6],"2":[1,5],"3":[4,1],"4":[1,2],"5":[3,2],"6":[1,1],"7":[2,1]},"_coverageSchema":"332fd63041d2c1bcb487cc26dd0d5f7d97098a6c","hash":"a188b188ae394c799de6f136dfa52a9230782564"}
}
