{"/Users/thomas/Desktop/github.com/reggi/abide/packages/monorepo-babel-cli/index.js": {"path":"/Users/thomas/Desktop/github.com/reggi/abide/packages/monorepo-babel-cli/index.js","statementMap":{"0":{"start":{"line":7,"column":18},"end":{"line":15,"column":23}},"1":{"start":{"line":7,"column":28},"end":{"line":15,"column":23}},"2":{"start":{"line":18,"column":17},"end":{"line":18,"column":32}},"3":{"start":{"line":19,"column":21},"end":{"line":19,"column":26}},"4":{"start":{"line":20,"column":17},"end":{"line":20,"column":36}},"5":{"start":{"line":21,"column":2},"end":{"line":21,"column":45}},"6":{"start":{"line":21,"column":25},"end":{"line":21,"column":45}},"7":{"start":{"line":22,"column":2},"end":{"line":22,"column":46}},"8":{"start":{"line":22,"column":28},"end":{"line":22,"column":46}},"9":{"start":{"line":23,"column":2},"end":{"line":26,"column":3}},"10":{"start":{"line":24,"column":26},"end":{"line":24,"column":60}},"11":{"start":{"line":25,"column":4},"end":{"line":25,"column":22}},"12":{"start":{"line":27,"column":2},"end":{"line":32,"column":3}},"13":{"start":{"line":28,"column":19},"end":{"line":28,"column":60}},"14":{"start":{"line":29,"column":4},"end":{"line":29,"column":39}},"15":{"start":{"line":29,"column":26},"end":{"line":29,"column":39}},"16":{"start":{"line":30,"column":4},"end":{"line":30,"column":72}},"17":{"start":{"line":30,"column":28},"end":{"line":30,"column":72}},"18":{"start":{"line":31,"column":4},"end":{"line":31,"column":31}},"19":{"start":{"line":33,"column":2},"end":{"line":33,"column":38}}},"fnMap":{"0":{"name":"(anonymous_0)","decl":{"start":{"line":7,"column":18},"end":{"line":7,"column":19}},"loc":{"start":{"line":7,"column":28},"end":{"line":15,"column":23}},"line":7},"1":{"name":"(anonymous_1)","decl":{"start":{"line":17,"column":35},"end":{"line":17,"column":36}},"loc":{"start":{"line":17,"column":58},"end":{"line":34,"column":1}},"line":17}},"branchMap":{"0":{"loc":{"start":{"line":21,"column":2},"end":{"line":21,"column":45}},"type":"if","locations":[{"start":{"line":21,"column":2},"end":{"line":21,"column":45}},{"start":{"line":21,"column":2},"end":{"line":21,"column":45}}],"line":21},"1":{"loc":{"start":{"line":22,"column":2},"end":{"line":22,"column":46}},"type":"if","locations":[{"start":{"line":22,"column":2},"end":{"line":22,"column":46}},{"start":{"line":22,"column":2},"end":{"line":22,"column":46}}],"line":22},"2":{"loc":{"start":{"line":23,"column":2},"end":{"line":26,"column":3}},"type":"if","locations":[{"start":{"line":23,"column":2},"end":{"line":26,"column":3}},{"start":{"line":23,"column":2},"end":{"line":26,"column":3}}],"line":23},"3":{"loc":{"start":{"line":27,"column":2},"end":{"line":32,"column":3}},"type":"if","locations":[{"start":{"line":27,"column":2},"end":{"line":32,"column":3}},{"start":{"line":27,"column":2},"end":{"line":32,"column":3}}],"line":27},"4":{"loc":{"start":{"line":29,"column":4},"end":{"line":29,"column":39}},"type":"if","locations":[{"start":{"line":29,"column":4},"end":{"line":29,"column":39}},{"start":{"line":29,"column":4},"end":{"line":29,"column":39}}],"line":29},"5":{"loc":{"start":{"line":29,"column":8},"end":{"line":29,"column":24}},"type":"binary-expr","locations":[{"start":{"line":29,"column":8},"end":{"line":29,"column":14}},{"start":{"line":29,"column":18},"end":{"line":29,"column":24}}],"line":29},"6":{"loc":{"start":{"line":30,"column":4},"end":{"line":30,"column":72}},"type":"if","locations":[{"start":{"line":30,"column":4},"end":{"line":30,"column":72}},{"start":{"line":30,"column":4},"end":{"line":30,"column":72}}],"line":30},"7":{"loc":{"start":{"line":30,"column":8},"end":{"line":30,"column":26}},"type":"binary-expr","locations":[{"start":{"line":30,"column":8},"end":{"line":30,"column":15}},{"start":{"line":30,"column":19},"end":{"line":30,"column":26}}],"line":30}},"s":{"0":1,"1":8,"2":8,"3":8,"4":8,"5":8,"6":1,"7":7,"8":1,"9":6,"10":1,"11":1,"12":5,"13":4,"14":3,"15":1,"16":2,"17":1,"18":1,"19":1},"f":{"0":8,"1":8},"b":{"0":[1,7],"1":[1,6],"2":[1,5],"3":[4,1],"4":[1,2],"5":[3,2],"6":[1,1],"7":[2,1]},"_coverageSchema":"332fd63041d2c1bcb487cc26dd0d5f7d97098a6c","hash":"86bcd04cfc95d7ccd71648be5daac69aaf7d114f"}
}
