TN:
SF:/Users/thomas/Desktop/github.com/reggi/abide/packages/monorepo-babel-cli/index.js
FN:7,(anonymous_0)
FN:17,(anonymous_1)
FNF:2
FNH:2
FNDA:8,(anonymous_0)
FNDA:8,(anonymous_1)
DA:7,8
DA:18,8
DA:19,8
DA:20,8
DA:21,8
DA:22,7
DA:23,6
DA:24,1
DA:25,1
DA:27,5
DA:28,4
DA:29,3
DA:30,2
DA:31,1
DA:33,1
LF:15
LH:15
BRDA:21,0,0,1
BRDA:21,0,1,7
BRDA:22,1,0,1
BRDA:22,1,1,6
BRDA:23,2,0,1
BRDA:23,2,1,5
BRDA:27,3,0,4
BRDA:27,3,1,1
BRDA:29,4,0,1
BRDA:29,4,1,2
BRDA:29,5,0,3
BRDA:29,5,1,2
BRDA:30,6,0,1
BRDA:30,6,1,1
BRDA:30,7,0,2
BRDA:30,7,1,1
BRF:16
BRH:16
end_of_record
