TN:
SF:/Users/thomas/Desktop/github.com/reggi/abide/packages/monorepo-babel-cli/index.js
FN:9,(anonymous_0)
FN:19,(anonymous_1)
FNF:2
FNH:2
FNDA:8,(anonymous_0)
FNDA:8,(anonymous_1)
DA:9,8
DA:20,8
DA:21,8
DA:22,8
DA:23,8
DA:24,7
DA:25,6
DA:26,1
DA:27,1
DA:29,5
DA:30,4
DA:31,3
DA:32,2
DA:33,1
DA:35,1
LF:15
LH:15
BRDA:23,0,0,1
BRDA:23,0,1,7
BRDA:24,1,0,1
BRDA:24,1,1,6
BRDA:25,2,0,1
BRDA:25,2,1,5
BRDA:29,3,0,4
BRDA:29,3,1,1
BRDA:31,4,0,1
BRDA:31,4,1,2
BRDA:31,5,0,3
BRDA:31,5,1,2
BRDA:32,6,0,1
BRDA:32,6,1,1
BRDA:32,7,0,2
BRDA:32,7,1,1
BRF:16
BRH:16
end_of_record
