{"/Users/thomas/Desktop/abide/packages/pkg-plugin-name-scope/index.js": {"path":"/Users/thomas/Desktop/abide/packages/pkg-plugin-name-scope/index.js","statementMap":{"0":{"start":{"line":2,"column":2},"end":{"line":2,"column":48}},"1":{"start":{"line":2,"column":17},"end":{"line":2,"column":48}},"2":{"start":{"line":3,"column":17},"end":{"line":3,"column":25}},"3":{"start":{"line":4,"column":20},"end":{"line":4,"column":37}},"4":{"start":{"line":5,"column":15},"end":{"line":5,"column":62}},"5":{"start":{"line":6,"column":2},"end":{"line":9,"column":3}}},"fnMap":{"0":{"name":"(anonymous_0)","decl":{"start":{"line":1,"column":15},"end":{"line":1,"column":16}},"loc":{"start":{"line":1,"column":35},"end":{"line":10,"column":1}},"line":1}},"branchMap":{"0":{"loc":{"start":{"line":2,"column":2},"end":{"line":2,"column":48}},"type":"if","locations":[{"start":{"line":2,"column":2},"end":{"line":2,"column":48}},{"start":{"line":2,"column":2},"end":{"line":2,"column":48}}],"line":2},"1":{"loc":{"start":{"line":5,"column":15},"end":{"line":5,"column":62}},"type":"cond-expr","locations":[{"start":{"line":5,"column":41},"end":{"line":5,"column":53}},{"start":{"line":5,"column":56},"end":{"line":5,"column":62}}],"line":5}},"s":{"0":3,"1":1,"2":2,"3":2,"4":2,"5":2},"f":{"0":3},"b":{"0":[1,2],"1":[1,1]},"_coverageSchema":"332fd63041d2c1bcb487cc26dd0d5f7d97098a6c","hash":"e1b8ea73d4a67ecfe289c0be51e4a001f9208c06"}
}
