{"/Users/thomas/Desktop/github.com/reggi/abide/packages/lerna.paths/index.js": {"path":"/Users/thomas/Desktop/github.com/reggi/abide/packages/lerna.paths/index.js","statementMap":{"0":{"start":{"line":8,"column":18},"end":{"line":8,"column":42}},"1":{"start":{"line":10,"column":30},"end":{"line":20,"column":1}},"2":{"start":{"line":11,"column":21},"end":{"line":15,"column":4}},"3":{"start":{"line":16,"column":19},"end":{"line":16,"column":43}},"4":{"start":{"line":17,"column":26},"end":{"line":17,"column":63}},"5":{"start":{"line":18,"column":18},"end":{"line":18,"column":66}},"6":{"start":{"line":19,"column":2},"end":{"line":19,"column":57}},"7":{"start":{"line":22,"column":26},"end":{"line":31,"column":1}},"8":{"start":{"line":23,"column":59},"end":{"line":23,"column":93}},"9":{"start":{"line":24,"column":17},"end":{"line":24,"column":46}},"10":{"start":{"line":25,"column":2},"end":{"line":25,"column":92}},"11":{"start":{"line":25,"column":32},"end":{"line":25,"column":92}},"12":{"start":{"line":26,"column":23},"end":{"line":28,"column":4}},"13":{"start":{"line":27,"column":4},"end":{"line":27,"column":58}},"14":{"start":{"line":29,"column":27},"end":{"line":29,"column":48}},"15":{"start":{"line":30,"column":2},"end":{"line":30,"column":97}}},"fnMap":{"0":{"name":"(anonymous_0)","decl":{"start":{"line":10,"column":30},"end":{"line":10,"column":31}},"loc":{"start":{"line":10,"column":54},"end":{"line":20,"column":1}},"line":10},"1":{"name":"(anonymous_1)","decl":{"start":{"line":22,"column":26},"end":{"line":22,"column":27}},"loc":{"start":{"line":22,"column":50},"end":{"line":31,"column":1}},"line":22},"2":{"name":"(anonymous_2)","decl":{"start":{"line":26,"column":59},"end":{"line":26,"column":60}},"loc":{"start":{"line":26,"column":66},"end":{"line":28,"column":3}},"line":26}},"branchMap":{"0":{"loc":{"start":{"line":25,"column":2},"end":{"line":25,"column":92}},"type":"if","locations":[{"start":{"line":25,"column":2},"end":{"line":25,"column":92}},{"start":{"line":25,"column":2},"end":{"line":25,"column":92}}],"line":25}},"s":{"0":1,"1":1,"2":3,"3":3,"4":3,"5":3,"6":3,"7":1,"8":2,"9":2,"10":2,"11":1,"12":1,"13":1,"14":1,"15":1},"f":{"0":3,"1":2,"2":1},"b":{"0":[1,1]},"_coverageSchema":"332fd63041d2c1bcb487cc26dd0d5f7d97098a6c","hash":"4372b0cbf4909c8361a17eb7572800acec1c47d3"}
}
