<?xml version="1.0" encoding="UTF-8"?>
<coverage generated="1525365919533" clover="3.2.0">
  <project timestamp="1525365919533" name="All files">
    <metrics statements="18" coveredstatements="18" conditionals="14" coveredconditionals="14" methods="3" coveredmethods="3" elements="35" coveredelements="35" complexity="0" loc="18" ncloc="18" packages="1" files="1" classes="1">
      <file name="index.js" path="/Users/thomas/Desktop/abide-master/packages/gitpkg.traverse-up/index.js">
        <metrics statements="18" coveredstatements="18" conditionals="14" coveredconditionals="14" methods="3" coveredmethods="3"/>
        <line num="5" count="1" type="stmt"/>
        <line num="6" count="5" type="stmt"/>
        <line num="7" count="5" type="stmt"/>
        <line num="8" count="4" type="cond" truecount="2" falsecount="0"/>
        <line num="9" count="3" type="cond" truecount="2" falsecount="0"/>
        <line num="10" count="1" type="stmt"/>
        <line num="12" count="1" type="stmt"/>
        <line num="16" count="1" type="stmt"/>
        <line num="17" count="19" type="cond" truecount="2" falsecount="0"/>
        <line num="18" count="17" type="cond" truecount="2" falsecount="0"/>
        <line num="19" count="17" type="stmt"/>
        <line num="20" count="17" type="stmt"/>
        <line num="21" count="17" type="cond" truecount="2" falsecount="0"/>
        <line num="22" count="4" type="stmt"/>
        <line num="23" count="4" type="stmt"/>
        <line num="24" count="4" type="cond" truecount="4" falsecount="0"/>
        <line num="26" count="14" type="stmt"/>
        <line num="27" count="14" type="stmt"/>
      </file>
    </metrics>
  </project>
</coverage>
