{"/Users/thomas/Desktop/github.com/reggi/abide/packages/gitpkg.traverse-up/index.js": {"path":"/Users/thomas/Desktop/github.com/reggi/abide/packages/gitpkg.traverse-up/index.js","statementMap":{"0":{"start":{"line":5,"column":24},"end":{"line":14,"column":1}},"1":{"start":{"line":6,"column":2},"end":{"line":13,"column":3}},"2":{"start":{"line":7,"column":18},"end":{"line":7,"column":38}},"3":{"start":{"line":8,"column":4},"end":{"line":8,"column":47}},"4":{"start":{"line":8,"column":29},"end":{"line":8,"column":47}},"5":{"start":{"line":9,"column":4},"end":{"line":9,"column":37}},"6":{"start":{"line":9,"column":24},"end":{"line":9,"column":37}},"7":{"start":{"line":10,"column":4},"end":{"line":10,"column":17}},"8":{"start":{"line":12,"column":4},"end":{"line":12,"column":16}},"9":{"start":{"line":16,"column":26},"end":{"line":28,"column":1}},"10":{"start":{"line":17,"column":2},"end":{"line":17,"column":54}},"11":{"start":{"line":17,"column":26},"end":{"line":17,"column":54}},"12":{"start":{"line":18,"column":18},"end":{"line":18,"column":89}},"13":{"start":{"line":19,"column":16},"end":{"line":19,"column":41}},"14":{"start":{"line":20,"column":16},"end":{"line":20,"column":64}},"15":{"start":{"line":20,"column":36},"end":{"line":20,"column":63}},"16":{"start":{"line":21,"column":2},"end":{"line":25,"column":3}},"17":{"start":{"line":22,"column":22},"end":{"line":22,"column":47}},"18":{"start":{"line":23,"column":17},"end":{"line":23,"column":42}},"19":{"start":{"line":24,"column":4},"end":{"line":24,"column":61}},"20":{"start":{"line":24,"column":45},"end":{"line":24,"column":61}},"21":{"start":{"line":26,"column":18},"end":{"line":26,"column":42}},"22":{"start":{"line":27,"column":2},"end":{"line":27,"column":81}}},"fnMap":{"0":{"name":"(anonymous_0)","decl":{"start":{"line":5,"column":24},"end":{"line":5,"column":25}},"loc":{"start":{"line":5,"column":40},"end":{"line":14,"column":1}},"line":5},"1":{"name":"(anonymous_1)","decl":{"start":{"line":16,"column":26},"end":{"line":16,"column":27}},"loc":{"start":{"line":16,"column":89},"end":{"line":28,"column":1}},"line":16},"2":{"name":"(anonymous_2)","decl":{"start":{"line":20,"column":28},"end":{"line":20,"column":29}},"loc":{"start":{"line":20,"column":36},"end":{"line":20,"column":63}},"line":20}},"branchMap":{"0":{"loc":{"start":{"line":8,"column":4},"end":{"line":8,"column":47}},"type":"if","locations":[{"start":{"line":8,"column":4},"end":{"line":8,"column":47}},{"start":{"line":8,"column":4},"end":{"line":8,"column":47}}],"line":8},"1":{"loc":{"start":{"line":9,"column":4},"end":{"line":9,"column":37}},"type":"if","locations":[{"start":{"line":9,"column":4},"end":{"line":9,"column":37}},{"start":{"line":9,"column":4},"end":{"line":9,"column":37}}],"line":9},"2":{"loc":{"start":{"line":17,"column":2},"end":{"line":17,"column":54}},"type":"if","locations":[{"start":{"line":17,"column":2},"end":{"line":17,"column":54}},{"start":{"line":17,"column":2},"end":{"line":17,"column":54}}],"line":17},"3":{"loc":{"start":{"line":18,"column":18},"end":{"line":18,"column":89}},"type":"cond-expr","locations":[{"start":{"line":18,"column":50},"end":{"line":18,"column":60}},{"start":{"line":18,"column":63},"end":{"line":18,"column":89}}],"line":18},"4":{"loc":{"start":{"line":21,"column":2},"end":{"line":25,"column":3}},"type":"if","locations":[{"start":{"line":21,"column":2},"end":{"line":25,"column":3}},{"start":{"line":21,"column":2},"end":{"line":25,"column":3}}],"line":21},"5":{"loc":{"start":{"line":24,"column":4},"end":{"line":24,"column":61}},"type":"if","locations":[{"start":{"line":24,"column":4},"end":{"line":24,"column":61}},{"start":{"line":24,"column":4},"end":{"line":24,"column":61}}],"line":24},"6":{"loc":{"start":{"line":24,"column":8},"end":{"line":24,"column":43}},"type":"binary-expr","locations":[{"start":{"line":24,"column":8},"end":{"line":24,"column":12}},{"start":{"line":24,"column":16},"end":{"line":24,"column":43}}],"line":24}},"s":{"0":1,"1":5,"2":5,"3":4,"4":1,"5":3,"6":2,"7":1,"8":1,"9":1,"10":19,"11":2,"12":17,"13":17,"14":17,"15":16,"16":17,"17":4,"18":4,"19":4,"20":3,"21":14,"22":14},"f":{"0":5,"1":19,"2":16},"b":{"0":[1,3],"1":[2,1],"2":[2,17],"3":[12,5],"4":[4,13],"5":[3,1],"6":[4,4]},"_coverageSchema":"332fd63041d2c1bcb487cc26dd0d5f7d97098a6c","hash":"f493b7ac0a020d19ca7fa095491c099a44ccb832"}
}
