TN:
SF:/Users/thomas/Desktop/abide-master/packages/gitpkg.traverse-up/index.js
FN:5,(anonymous_0)
FN:16,(anonymous_1)
FN:20,(anonymous_2)
FNF:3
FNH:3
FNDA:5,(anonymous_0)
FNDA:19,(anonymous_1)
FNDA:16,(anonymous_2)
DA:5,1
DA:6,5
DA:7,5
DA:8,4
DA:9,3
DA:10,1
DA:12,1
DA:16,1
DA:17,19
DA:18,17
DA:19,17
DA:20,17
DA:21,17
DA:22,4
DA:23,4
DA:24,4
DA:26,14
DA:27,14
LF:18
LH:18
BRDA:8,0,0,1
BRDA:8,0,1,3
BRDA:9,1,0,2
BRDA:9,1,1,1
BRDA:17,2,0,2
BRDA:17,2,1,17
BRDA:18,3,0,12
BRDA:18,3,1,5
BRDA:21,4,0,4
BRDA:21,4,1,13
BRDA:24,5,0,3
BRDA:24,5,1,1
BRDA:24,6,0,4
BRDA:24,6,1,4
BRF:14
BRH:14
end_of_record
