{"/Users/thomas/Desktop/abide-master/packages/results-cli/index.js": {"path":"/Users/thomas/Desktop/abide-master/packages/results-cli/index.js","statementMap":{"0":{"start":{"line":9,"column":10},"end":{"line":9,"column":30}},"1":{"start":{"line":11,"column":18},"end":{"line":26,"column":23}},"2":{"start":{"line":11,"column":28},"end":{"line":26,"column":23}},"3":{"start":{"line":28,"column":15},"end":{"line":33,"column":1}},"4":{"start":{"line":29,"column":16},"end":{"line":29,"column":70}},"5":{"start":{"line":29,"column":29},"end":{"line":29,"column":70}},"6":{"start":{"line":30,"column":14},"end":{"line":30,"column":66}},"7":{"start":{"line":30,"column":27},"end":{"line":30,"column":66}},"8":{"start":{"line":31,"column":2},"end":{"line":31,"column":41}},"9":{"start":{"line":31,"column":18},"end":{"line":31,"column":41}},"10":{"start":{"line":32,"column":2},"end":{"line":32,"column":23}},"11":{"start":{"line":35,"column":17},"end":{"line":42,"column":1}},"12":{"start":{"line":36,"column":17},"end":{"line":36,"column":40}},"13":{"start":{"line":37,"column":2},"end":{"line":37,"column":64}},"14":{"start":{"line":37,"column":32},"end":{"line":37,"column":64}},"15":{"start":{"line":38,"column":2},"end":{"line":38,"column":57}},"16":{"start":{"line":38,"column":29},"end":{"line":38,"column":57}},"17":{"start":{"line":39,"column":2},"end":{"line":39,"column":72}},"18":{"start":{"line":39,"column":28},"end":{"line":39,"column":72}},"19":{"start":{"line":40,"column":2},"end":{"line":40,"column":58}},"20":{"start":{"line":40,"column":29},"end":{"line":40,"column":58}},"21":{"start":{"line":41,"column":2},"end":{"line":41,"column":25}},"22":{"start":{"line":44,"column":16},"end":{"line":51,"column":1}},"23":{"start":{"line":45,"column":2},"end":{"line":50,"column":3}},"24":{"start":{"line":46,"column":28},"end":{"line":46,"column":76}},"25":{"start":{"line":47,"column":4},"end":{"line":47,"column":31}},"26":{"start":{"line":49,"column":4},"end":{"line":49,"column":17}},"27":{"start":{"line":53,"column":17},"end":{"line":57,"column":1}},"28":{"start":{"line":54,"column":2},"end":{"line":54,"column":38}},"29":{"start":{"line":54,"column":26},"end":{"line":54,"column":38}},"30":{"start":{"line":55,"column":2},"end":{"line":55,"column":61}},"31":{"start":{"line":55,"column":31},"end":{"line":55,"column":61}},"32":{"start":{"line":56,"column":2},"end":{"line":56,"column":13}},"33":{"start":{"line":60,"column":17},"end":{"line":60,"column":32}},"34":{"start":{"line":61,"column":2},"end":{"line":61,"column":21}},"35":{"start":{"line":62,"column":2},"end":{"line":85,"column":3}},"36":{"start":{"line":63,"column":4},"end":{"line":63,"column":17}},"37":{"start":{"line":64,"column":4},"end":{"line":64,"column":38}},"38":{"start":{"line":65,"column":4},"end":{"line":65,"column":18}},"39":{"start":{"line":66,"column":9},"end":{"line":85,"column":3}},"40":{"start":{"line":67,"column":4},"end":{"line":67,"column":20}},"41":{"start":{"line":68,"column":16},"end":{"line":68,"column":41}},"42":{"start":{"line":69,"column":4},"end":{"line":69,"column":36}},"43":{"start":{"line":70,"column":4},"end":{"line":70,"column":18}},"44":{"start":{"line":71,"column":9},"end":{"line":85,"column":3}},"45":{"start":{"line":72,"column":4},"end":{"line":72,"column":21}},"46":{"start":{"line":73,"column":16},"end":{"line":73,"column":34}},"47":{"start":{"line":74,"column":23},"end":{"line":74,"column":55}},"48":{"start":{"line":75,"column":18},"end":{"line":75,"column":61}},"49":{"start":{"line":76,"column":17},"end":{"line":76,"column":56}},"50":{"start":{"line":77,"column":18},"end":{"line":77,"column":34}},"51":{"start":{"line":78,"column":21},"end":{"line":78,"column":51}},"52":{"start":{"line":79,"column":4},"end":{"line":79,"column":78}},"53":{"start":{"line":80,"column":4},"end":{"line":80,"column":25}},"54":{"start":{"line":82,"column":4},"end":{"line":82,"column":18}},"55":{"start":{"line":83,"column":4},"end":{"line":83,"column":63}},"56":{"start":{"line":83,"column":30},"end":{"line":83,"column":63}},"57":{"start":{"line":84,"column":4},"end":{"line":84,"column":18}}},"fnMap":{"0":{"name":"(anonymous_0)","decl":{"start":{"line":11,"column":18},"end":{"line":11,"column":19}},"loc":{"start":{"line":11,"column":28},"end":{"line":26,"column":23}},"line":11},"1":{"name":"(anonymous_1)","decl":{"start":{"line":28,"column":15},"end":{"line":28,"column":16}},"loc":{"start":{"line":28,"column":34},"end":{"line":33,"column":1}},"line":28},"2":{"name":"(anonymous_2)","decl":{"start":{"line":29,"column":16},"end":{"line":29,"column":17}},"loc":{"start":{"line":29,"column":29},"end":{"line":29,"column":70}},"line":29},"3":{"name":"(anonymous_3)","decl":{"start":{"line":30,"column":14},"end":{"line":30,"column":15}},"loc":{"start":{"line":30,"column":27},"end":{"line":30,"column":66}},"line":30},"4":{"name":"(anonymous_4)","decl":{"start":{"line":35,"column":17},"end":{"line":35,"column":18}},"loc":{"start":{"line":35,"column":54},"end":{"line":42,"column":1}},"line":35},"5":{"name":"(anonymous_5)","decl":{"start":{"line":44,"column":16},"end":{"line":44,"column":17}},"loc":{"start":{"line":44,"column":52},"end":{"line":51,"column":1}},"line":44},"6":{"name":"(anonymous_6)","decl":{"start":{"line":53,"column":17},"end":{"line":53,"column":18}},"loc":{"start":{"line":53,"column":29},"end":{"line":57,"column":1}},"line":53},"7":{"name":"(anonymous_7)","decl":{"start":{"line":59,"column":31},"end":{"line":59,"column":32}},"loc":{"start":{"line":59,"column":68},"end":{"line":86,"column":1}},"line":59}},"branchMap":{"0":{"loc":{"start":{"line":29,"column":29},"end":{"line":29,"column":70}},"type":"cond-expr","locations":[{"start":{"line":29,"column":39},"end":{"line":29,"column":60}},{"start":{"line":29,"column":63},"end":{"line":29,"column":70}}],"line":29},"1":{"loc":{"start":{"line":30,"column":27},"end":{"line":30,"column":66}},"type":"cond-expr","locations":[{"start":{"line":30,"column":37},"end":{"line":30,"column":56}},{"start":{"line":30,"column":59},"end":{"line":30,"column":66}}],"line":30},"2":{"loc":{"start":{"line":31,"column":2},"end":{"line":31,"column":41}},"type":"if","locations":[{"start":{"line":31,"column":2},"end":{"line":31,"column":41}},{"start":{"line":31,"column":2},"end":{"line":31,"column":41}}],"line":31},"3":{"loc":{"start":{"line":37,"column":2},"end":{"line":37,"column":64}},"type":"if","locations":[{"start":{"line":37,"column":2},"end":{"line":37,"column":64}},{"start":{"line":37,"column":2},"end":{"line":37,"column":64}}],"line":37},"4":{"loc":{"start":{"line":38,"column":2},"end":{"line":38,"column":57}},"type":"if","locations":[{"start":{"line":38,"column":2},"end":{"line":38,"column":57}},{"start":{"line":38,"column":2},"end":{"line":38,"column":57}}],"line":38},"5":{"loc":{"start":{"line":39,"column":2},"end":{"line":39,"column":72}},"type":"if","locations":[{"start":{"line":39,"column":2},"end":{"line":39,"column":72}},{"start":{"line":39,"column":2},"end":{"line":39,"column":72}}],"line":39},"6":{"loc":{"start":{"line":40,"column":2},"end":{"line":40,"column":58}},"type":"if","locations":[{"start":{"line":40,"column":2},"end":{"line":40,"column":58}},{"start":{"line":40,"column":2},"end":{"line":40,"column":58}}],"line":40},"7":{"loc":{"start":{"line":54,"column":2},"end":{"line":54,"column":38}},"type":"if","locations":[{"start":{"line":54,"column":2},"end":{"line":54,"column":38}},{"start":{"line":54,"column":2},"end":{"line":54,"column":38}}],"line":54},"8":{"loc":{"start":{"line":55,"column":2},"end":{"line":55,"column":61}},"type":"if","locations":[{"start":{"line":55,"column":2},"end":{"line":55,"column":61}},{"start":{"line":55,"column":2},"end":{"line":55,"column":61}}],"line":55},"9":{"loc":{"start":{"line":62,"column":2},"end":{"line":85,"column":3}},"type":"if","locations":[{"start":{"line":62,"column":2},"end":{"line":85,"column":3}},{"start":{"line":62,"column":2},"end":{"line":85,"column":3}}],"line":62},"10":{"loc":{"start":{"line":66,"column":9},"end":{"line":85,"column":3}},"type":"if","locations":[{"start":{"line":66,"column":9},"end":{"line":85,"column":3}},{"start":{"line":66,"column":9},"end":{"line":85,"column":3}}],"line":66},"11":{"loc":{"start":{"line":71,"column":9},"end":{"line":85,"column":3}},"type":"if","locations":[{"start":{"line":71,"column":9},"end":{"line":85,"column":3}},{"start":{"line":71,"column":9},"end":{"line":85,"column":3}}],"line":71},"12":{"loc":{"start":{"line":74,"column":23},"end":{"line":74,"column":55}},"type":"binary-expr","locations":[{"start":{"line":74,"column":23},"end":{"line":74,"column":46}},{"start":{"line":74,"column":50},"end":{"line":74,"column":55}}],"line":74},"13":{"loc":{"start":{"line":75,"column":18},"end":{"line":75,"column":61}},"type":"cond-expr","locations":[{"start":{"line":75,"column":43},"end":{"line":75,"column":52}},{"start":{"line":75,"column":55},"end":{"line":75,"column":61}}],"line":75},"14":{"loc":{"start":{"line":78,"column":21},"end":{"line":78,"column":51}},"type":"cond-expr","locations":[{"start":{"line":78,"column":43},"end":{"line":78,"column":44}},{"start":{"line":78,"column":47},"end":{"line":78,"column":51}}],"line":78},"15":{"loc":{"start":{"line":83,"column":4},"end":{"line":83,"column":63}},"type":"if","locations":[{"start":{"line":83,"column":4},"end":{"line":83,"column":63}},{"start":{"line":83,"column":4},"end":{"line":83,"column":63}}],"line":83}},"s":{"0":1,"1":1,"2":11,"3":1,"4":7,"5":4,"6":7,"7":3,"8":7,"9":4,"10":3,"11":1,"12":7,"13":7,"14":1,"15":7,"16":1,"17":7,"18":1,"19":7,"20":1,"21":7,"22":1,"23":7,"24":7,"25":4,"26":3,"27":1,"28":7,"29":2,"30":5,"31":1,"32":4,"33":11,"34":11,"35":11,"36":1,"37":1,"38":1,"39":10,"40":1,"41":1,"42":1,"43":1,"44":9,"45":7,"46":7,"47":7,"48":7,"49":7,"50":7,"51":7,"52":7,"53":7,"54":2,"55":2,"56":1,"57":2},"f":{"0":11,"1":7,"2":4,"3":3,"4":7,"5":7,"6":7,"7":11},"b":{"0":[3,1],"1":[2,1],"2":[4,3],"3":[1,6],"4":[1,6],"5":[1,6],"6":[1,6],"7":[2,5],"8":[1,4],"9":[1,10],"10":[1,9],"11":[7,2],"12":[7,7],"13":[1,6],"14":[1,6],"15":[1,1]},"_coverageSchema":"332fd63041d2c1bcb487cc26dd0d5f7d97098a6c","hash":"465b680f29de3579ff0ada5e74b702e3ace6257f"}
}
