TN:
SF:/Users/thomas/Desktop/abide-master/packages/results-cli/index.js
FN:11,(anonymous_0)
FN:28,(anonymous_1)
FN:29,(anonymous_2)
FN:30,(anonymous_3)
FN:35,(anonymous_4)
FN:44,(anonymous_5)
FN:54,(anonymous_6)
FN:60,(anonymous_7)
FNF:8
FNH:8
FNDA:11,(anonymous_0)
FNDA:7,(anonymous_1)
FNDA:4,(anonymous_2)
FNDA:3,(anonymous_3)
FNDA:7,(anonymous_4)
FNDA:7,(anonymous_5)
FNDA:7,(anonymous_6)
FNDA:11,(anonymous_7)
DA:9,1
DA:11,11
DA:28,1
DA:29,7
DA:30,7
DA:31,7
DA:32,3
DA:35,1
DA:36,7
DA:37,7
DA:38,7
DA:39,7
DA:40,7
DA:41,7
DA:44,1
DA:45,7
DA:46,7
DA:47,4
DA:49,3
DA:50,3
DA:54,1
DA:55,7
DA:56,5
DA:57,4
DA:61,11
DA:62,11
DA:63,11
DA:64,1
DA:65,1
DA:66,1
DA:67,10
DA:68,1
DA:69,1
DA:70,1
DA:71,1
DA:72,9
DA:73,7
DA:74,7
DA:75,7
DA:76,7
DA:77,7
DA:78,7
DA:79,7
DA:80,7
DA:81,7
DA:83,2
DA:84,2
DA:85,2
LF:48
LH:48
BRDA:29,0,0,3
BRDA:29,0,1,1
BRDA:30,1,0,2
BRDA:30,1,1,1
BRDA:31,2,0,4
BRDA:31,2,1,3
BRDA:37,3,0,1
BRDA:37,3,1,6
BRDA:38,4,0,1
BRDA:38,4,1,6
BRDA:39,5,0,1
BRDA:39,5,1,6
BRDA:40,6,0,1
BRDA:40,6,1,6
BRDA:55,7,0,2
BRDA:55,7,1,5
BRDA:56,8,0,1
BRDA:56,8,1,4
BRDA:63,9,0,1
BRDA:63,9,1,10
BRDA:67,10,0,1
BRDA:67,10,1,9
BRDA:72,11,0,7
BRDA:72,11,1,2
BRDA:75,12,0,7
BRDA:75,12,1,7
BRDA:76,13,0,1
BRDA:76,13,1,6
BRDA:79,14,0,1
BRDA:79,14,1,6
BRDA:84,15,0,1
BRDA:84,15,1,1
BRF:32
BRH:32
end_of_record
