<?xml version="1.0" encoding="UTF-8"?>
<coverage generated="1524019002578" clover="3.2.0">
  <project timestamp="1524019002578" name="All files">
    <metrics statements="7" coveredstatements="7" conditionals="11" coveredconditionals="11" methods="7" coveredmethods="7" elements="25" coveredelements="25" complexity="0" loc="7" ncloc="7" packages="1" files="1" classes="1">
      <file name="index.js" path="/Users/thomas/Desktop/abide-master/packages/pkg.read-json/index.js">
        <metrics statements="7" coveredstatements="7" conditionals="11" coveredconditionals="11" methods="7" coveredmethods="7"/>
        <line num="8" count="9" type="cond" truecount="2" falsecount="0"/>
        <line num="9" count="9" type="stmt"/>
        <line num="10" count="9" type="stmt"/>
        <line num="11" count="9" type="stmt"/>
        <line num="12" count="9" type="cond" truecount="3" falsecount="0"/>
        <line num="13" count="7" type="cond" truecount="2" falsecount="0"/>
        <line num="14" count="7" type="cond" truecount="4" falsecount="0"/>
      </file>
    </metrics>
  </project>
</coverage>
