{"/Users/thomas/Desktop/github.com/reggi/abide/packages/pkg.read-json/index.js": {"path":"/Users/thomas/Desktop/github.com/reggi/abide/packages/pkg.read-json/index.js","statementMap":{"0":{"start":{"line":8,"column":24},"end":{"line":15,"column":24}},"1":{"start":{"line":8,"column":111},"end":{"line":15,"column":1}},"2":{"start":{"line":9,"column":9},"end":{"line":9,"column":66}},"3":{"start":{"line":10,"column":31},"end":{"line":10,"column":74}},"4":{"start":{"line":11,"column":25},"end":{"line":11,"column":69}},"5":{"start":{"line":12,"column":52},"end":{"line":12,"column":143}},"6":{"start":{"line":13,"column":37},"end":{"line":13,"column":115}},"7":{"start":{"line":14,"column":41},"end":{"line":14,"column":145}}},"fnMap":{"0":{"name":"(anonymous_0)","decl":{"start":{"line":8,"column":32},"end":{"line":8,"column":33}},"loc":{"start":{"line":8,"column":111},"end":{"line":15,"column":1}},"line":8},"1":{"name":"(anonymous_1)","decl":{"start":{"line":9,"column":2},"end":{"line":9,"column":3}},"loc":{"start":{"line":9,"column":9},"end":{"line":9,"column":66}},"line":9},"2":{"name":"(anonymous_2)","decl":{"start":{"line":10,"column":2},"end":{"line":10,"column":3}},"loc":{"start":{"line":10,"column":31},"end":{"line":10,"column":74}},"line":10},"3":{"name":"(anonymous_3)","decl":{"start":{"line":11,"column":2},"end":{"line":11,"column":3}},"loc":{"start":{"line":11,"column":25},"end":{"line":11,"column":69}},"line":11},"4":{"name":"(anonymous_4)","decl":{"start":{"line":12,"column":2},"end":{"line":12,"column":3}},"loc":{"start":{"line":12,"column":52},"end":{"line":12,"column":143}},"line":12},"5":{"name":"(anonymous_5)","decl":{"start":{"line":13,"column":2},"end":{"line":13,"column":3}},"loc":{"start":{"line":13,"column":37},"end":{"line":13,"column":115}},"line":13},"6":{"name":"(anonymous_6)","decl":{"start":{"line":14,"column":2},"end":{"line":14,"column":3}},"loc":{"start":{"line":14,"column":41},"end":{"line":14,"column":145}},"line":14}},"branchMap":{"0":{"loc":{"start":{"line":8,"column":56},"end":{"line":8,"column":78}},"type":"default-arg","locations":[{"start":{"line":8,"column":73},"end":{"line":8,"column":78}}],"line":8},"1":{"loc":{"start":{"line":8,"column":80},"end":{"line":8,"column":105}},"type":"default-arg","locations":[{"start":{"line":8,"column":100},"end":{"line":8,"column":105}}],"line":8},"2":{"loc":{"start":{"line":12,"column":52},"end":{"line":12,"column":143}},"type":"binary-expr","locations":[{"start":{"line":12,"column":52},"end":{"line":12,"column":63}},{"start":{"line":12,"column":67},"end":{"line":12,"column":81}},{"start":{"line":12,"column":85},"end":{"line":12,"column":143}}],"line":12},"3":{"loc":{"start":{"line":13,"column":51},"end":{"line":13,"column":114}},"type":"cond-expr","locations":[{"start":{"line":13,"column":66},"end":{"line":13,"column":106}},{"start":{"line":13,"column":109},"end":{"line":13,"column":114}}],"line":13},"4":{"loc":{"start":{"line":14,"column":52},"end":{"line":14,"column":144}},"type":"cond-expr","locations":[{"start":{"line":14,"column":89},"end":{"line":14,"column":112}},{"start":{"line":14,"column":115},"end":{"line":14,"column":144}}],"line":14},"5":{"loc":{"start":{"line":14,"column":53},"end":{"line":14,"column":85}},"type":"binary-expr","locations":[{"start":{"line":14,"column":53},"end":{"line":14,"column":64}},{"start":{"line":14,"column":68},"end":{"line":14,"column":85}}],"line":14}},"s":{"0":1,"1":9,"2":9,"3":9,"4":9,"5":9,"6":7,"7":7},"f":{"0":9,"1":9,"2":9,"3":9,"4":9,"5":7,"6":7},"b":{"0":[1],"1":[1],"2":[9,4,2],"3":[5,2],"4":[3,4],"5":[7,5]},"_coverageSchema":"332fd63041d2c1bcb487cc26dd0d5f7d97098a6c","hash":"e7258209d6f742abd05f6191adb0fe7f312d8ad2"}
}
