TN:
SF:/Users/thomas/Desktop/abide/packages/pkg.read-json/index.js
FN:8,(anonymous_0)
FN:9,(anonymous_1)
FN:10,(anonymous_2)
FN:11,(anonymous_3)
FN:12,(anonymous_4)
FN:13,(anonymous_5)
FN:14,(anonymous_6)
FNF:7
FNH:7
FNDA:8,(anonymous_0)
FNDA:8,(anonymous_1)
FNDA:8,(anonymous_2)
FNDA:8,(anonymous_3)
FNDA:8,(anonymous_4)
FNDA:6,(anonymous_5)
FNDA:6,(anonymous_6)
DA:8,8
DA:9,8
DA:10,8
DA:11,8
DA:12,8
DA:13,6
DA:14,6
LF:7
LH:7
BRDA:8,0,0,1
BRDA:8,1,0,1
BRDA:12,2,0,8
BRDA:12,2,1,4
BRDA:12,2,2,2
BRDA:13,3,0,4
BRDA:13,3,1,2
BRDA:14,4,0,2
BRDA:14,4,1,4
BRDA:14,5,0,6
BRDA:14,5,1,4
BRF:11
BRH:11
end_of_record
