{"/Users/thomas/Desktop/github.com/reggi/abide/packages/dep-pointer-cli/index.js": {"path":"/Users/thomas/Desktop/github.com/reggi/abide/packages/dep-pointer-cli/index.js","statementMap":{"0":{"start":{"line":7,"column":10},"end":{"line":7,"column":34}},"1":{"start":{"line":9,"column":18},"end":{"line":21,"column":23}},"2":{"start":{"line":9,"column":28},"end":{"line":21,"column":23}},"3":{"start":{"line":24,"column":2},"end":{"line":24,"column":22}},"4":{"start":{"line":25,"column":17},"end":{"line":25,"column":32}},"5":{"start":{"line":26,"column":2},"end":{"line":26,"column":21}},"6":{"start":{"line":27,"column":2},"end":{"line":46,"column":3}},"7":{"start":{"line":28,"column":4},"end":{"line":28,"column":17}},"8":{"start":{"line":29,"column":4},"end":{"line":29,"column":38}},"9":{"start":{"line":30,"column":4},"end":{"line":30,"column":18}},"10":{"start":{"line":31,"column":9},"end":{"line":46,"column":3}},"11":{"start":{"line":32,"column":4},"end":{"line":32,"column":20}},"12":{"start":{"line":33,"column":16},"end":{"line":33,"column":41}},"13":{"start":{"line":34,"column":4},"end":{"line":34,"column":36}},"14":{"start":{"line":35,"column":4},"end":{"line":35,"column":18}},"15":{"start":{"line":37,"column":16},"end":{"line":37,"column":32}},"16":{"start":{"line":38,"column":20},"end":{"line":38,"column":40}},"17":{"start":{"line":39,"column":24},"end":{"line":39,"column":44}},"18":{"start":{"line":40,"column":21},"end":{"line":40,"column":39}},"19":{"start":{"line":41,"column":24},"end":{"line":41,"column":43}},"20":{"start":{"line":42,"column":23},"end":{"line":42,"column":28}},"21":{"start":{"line":43,"column":23},"end":{"line":43,"column":52}},"22":{"start":{"line":44,"column":4},"end":{"line":44,"column":96}},"23":{"start":{"line":45,"column":4},"end":{"line":45,"column":18}}},"fnMap":{"0":{"name":"(anonymous_0)","decl":{"start":{"line":9,"column":18},"end":{"line":9,"column":19}},"loc":{"start":{"line":9,"column":28},"end":{"line":21,"column":23}},"line":9},"1":{"name":"(anonymous_1)","decl":{"start":{"line":23,"column":31},"end":{"line":23,"column":32}},"loc":{"start":{"line":23,"column":68},"end":{"line":47,"column":1}},"line":23}},"branchMap":{"0":{"loc":{"start":{"line":27,"column":2},"end":{"line":46,"column":3}},"type":"if","locations":[{"start":{"line":27,"column":2},"end":{"line":46,"column":3}},{"start":{"line":27,"column":2},"end":{"line":46,"column":3}}],"line":27},"1":{"loc":{"start":{"line":31,"column":9},"end":{"line":46,"column":3}},"type":"if","locations":[{"start":{"line":31,"column":9},"end":{"line":46,"column":3}},{"start":{"line":31,"column":9},"end":{"line":46,"column":3}}],"line":31},"2":{"loc":{"start":{"line":43,"column":23},"end":{"line":43,"column":52}},"type":"binary-expr","locations":[{"start":{"line":43,"column":23},"end":{"line":43,"column":46}},{"start":{"line":43,"column":50},"end":{"line":43,"column":52}}],"line":43}},"s":{"0":1,"1":1,"2":3,"3":3,"4":3,"5":3,"6":3,"7":1,"8":1,"9":1,"10":2,"11":1,"12":1,"13":1,"14":1,"15":1,"16":1,"17":1,"18":1,"19":1,"20":1,"21":1,"22":1,"23":1},"f":{"0":3,"1":3},"b":{"0":[1,2],"1":[1,1],"2":[1,1]},"_coverageSchema":"332fd63041d2c1bcb487cc26dd0d5f7d97098a6c","hash":"51814ad6b6868f34dfe8d7c551c6fe783f33f55d"}
}
