<?xml version="1.0" encoding="UTF-8"?>
<coverage generated="1529116590007" clover="3.2.0">
  <project timestamp="1529116590007" name="All files">
    <metrics statements="18" coveredstatements="18" conditionals="9" coveredconditionals="9" methods="3" coveredmethods="3" elements="30" coveredelements="30" complexity="0" loc="18" ncloc="18" packages="1" files="1" classes="1">
      <file name="index.js" path="/Users/thomas/Desktop/github.com/reggi/abide/packages/command-plus/index.js">
        <metrics statements="18" coveredstatements="18" conditionals="9" coveredconditionals="9" methods="3" coveredmethods="3"/>
        <line num="3" count="1" type="stmt"/>
        <line num="4" count="7" type="stmt"/>
        <line num="5" count="7" type="stmt"/>
        <line num="6" count="7" type="stmt"/>
        <line num="7" count="6" type="cond" truecount="2" falsecount="0"/>
        <line num="8" count="1" type="stmt"/>
        <line num="9" count="5" type="cond" truecount="2" falsecount="0"/>
        <line num="10" count="1" type="stmt"/>
        <line num="11" count="4" type="cond" truecount="4" falsecount="0"/>
        <line num="12" count="3" type="stmt"/>
        <line num="13" count="3" type="stmt"/>
        <line num="15" count="1" type="stmt"/>
        <line num="16" count="1" type="stmt"/>
        <line num="19" count="1" type="stmt"/>
        <line num="20" count="1" type="stmt"/>
        <line num="24" count="1" type="cond" truecount="1" falsecount="0"/>
        <line num="25" count="2" type="stmt"/>
        <line num="26" count="2" type="stmt"/>
      </file>
    </metrics>
  </project>
</coverage>
