{"/Users/thomas/Desktop/github.com/reggi/abide/packages/command-plus/index.js": {"path":"/Users/thomas/Desktop/github.com/reggi/abide/packages/command-plus/index.js","statementMap":{"0":{"start":{"line":3,"column":34},"end":{"line":22,"column":1}},"1":{"start":{"line":4,"column":33},"end":{"line":4,"column":34}},"2":{"start":{"line":5,"column":2},"end":{"line":21,"column":3}},"3":{"start":{"line":6,"column":20},"end":{"line":6,"column":33}},"4":{"start":{"line":7,"column":4},"end":{"line":17,"column":5}},"5":{"start":{"line":8,"column":6},"end":{"line":8,"column":20}},"6":{"start":{"line":9,"column":11},"end":{"line":17,"column":5}},"7":{"start":{"line":10,"column":6},"end":{"line":10,"column":20}},"8":{"start":{"line":11,"column":11},"end":{"line":17,"column":5}},"9":{"start":{"line":12,"column":6},"end":{"line":12,"column":34}},"10":{"start":{"line":13,"column":6},"end":{"line":13,"column":20}},"11":{"start":{"line":15,"column":6},"end":{"line":15,"column":59}},"12":{"start":{"line":16,"column":6},"end":{"line":16,"column":20}},"13":{"start":{"line":19,"column":4},"end":{"line":19,"column":34}},"14":{"start":{"line":20,"column":4},"end":{"line":20,"column":18}},"15":{"start":{"line":24,"column":27},"end":{"line":28,"column":1}},"16":{"start":{"line":25,"column":2},"end":{"line":27,"column":14}},"17":{"start":{"line":26,"column":4},"end":{"line":26,"column":50}}},"fnMap":{"0":{"name":"(anonymous_0)","decl":{"start":{"line":3,"column":34},"end":{"line":3,"column":35}},"loc":{"start":{"line":3,"column":58},"end":{"line":22,"column":1}},"line":3},"1":{"name":"(anonymous_1)","decl":{"start":{"line":24,"column":27},"end":{"line":24,"column":28}},"loc":{"start":{"line":24,"column":65},"end":{"line":28,"column":1}},"line":24},"2":{"name":"(anonymous_2)","decl":{"start":{"line":25,"column":25},"end":{"line":25,"column":26}},"loc":{"start":{"line":25,"column":45},"end":{"line":27,"column":3}},"line":25}},"branchMap":{"0":{"loc":{"start":{"line":7,"column":4},"end":{"line":17,"column":5}},"type":"if","locations":[{"start":{"line":7,"column":4},"end":{"line":17,"column":5}},{"start":{"line":7,"column":4},"end":{"line":17,"column":5}}],"line":7},"1":{"loc":{"start":{"line":9,"column":11},"end":{"line":17,"column":5}},"type":"if","locations":[{"start":{"line":9,"column":11},"end":{"line":17,"column":5}},{"start":{"line":9,"column":11},"end":{"line":17,"column":5}}],"line":9},"2":{"loc":{"start":{"line":11,"column":11},"end":{"line":17,"column":5}},"type":"if","locations":[{"start":{"line":11,"column":11},"end":{"line":17,"column":5}},{"start":{"line":11,"column":11},"end":{"line":17,"column":5}}],"line":11},"3":{"loc":{"start":{"line":11,"column":15},"end":{"line":11,"column":73}},"type":"binary-expr","locations":[{"start":{"line":11,"column":15},"end":{"line":11,"column":42}},{"start":{"line":11,"column":46},"end":{"line":11,"column":73}}],"line":11},"4":{"loc":{"start":{"line":24,"column":42},"end":{"line":24,"column":60}},"type":"default-arg","locations":[{"start":{"line":24,"column":53},"end":{"line":24,"column":60}}],"line":24}},"s":{"0":1,"1":7,"2":7,"3":7,"4":6,"5":1,"6":5,"7":1,"8":4,"9":3,"10":3,"11":1,"12":1,"13":1,"14":1,"15":1,"16":2,"17":2},"f":{"0":7,"1":2,"2":2},"b":{"0":[1,5],"1":[1,4],"2":[3,1],"3":[4,1],"4":[1]},"_coverageSchema":"332fd63041d2c1bcb487cc26dd0d5f7d97098a6c","hash":"022c8ed12ff2086d53d04dde485984c77aa375d3"}
}
