TN:
SF:/Users/thomas/Desktop/github.com/reggi/abide/packages/command-plus/index.js
FN:3,(anonymous_0)
FN:24,(anonymous_1)
FN:25,(anonymous_2)
FNF:3
FNH:3
FNDA:7,(anonymous_0)
FNDA:2,(anonymous_1)
FNDA:2,(anonymous_2)
DA:3,1
DA:4,7
DA:5,7
DA:6,7
DA:7,6
DA:8,1
DA:9,5
DA:10,1
DA:11,4
DA:12,3
DA:13,3
DA:15,1
DA:16,1
DA:19,1
DA:20,1
DA:24,1
DA:25,2
DA:26,2
LF:18
LH:18
BRDA:7,0,0,1
BRDA:7,0,1,5
BRDA:9,1,0,1
BRDA:9,1,1,4
BRDA:11,2,0,3
BRDA:11,2,1,1
BRDA:11,3,0,4
BRDA:11,3,1,1
BRDA:24,4,0,1
BRF:9
BRH:9
end_of_record
