<?xml version="1.0" encoding="UTF-8"?>
<coverage generated="1524452588235" clover="3.2.0">
  <project timestamp="1524452588235" name="All files">
    <metrics statements="20" coveredstatements="20" conditionals="13" coveredconditionals="13" methods="3" coveredmethods="3" elements="36" coveredelements="36" complexity="0" loc="20" ncloc="20" packages="1" files="1" classes="1">
      <file name="index.js" path="/Users/thomas/Desktop/abide-master/packages/requireable-cli/index.js">
        <metrics statements="20" coveredstatements="20" conditionals="13" coveredconditionals="13" methods="3" coveredmethods="3"/>
        <line num="7" count="5" type="stmt"/>
        <line num="19" count="1" type="stmt"/>
        <line num="20" count="5" type="stmt"/>
        <line num="21" count="5" type="cond" truecount="2" falsecount="0"/>
        <line num="22" count="5" type="cond" truecount="3" falsecount="0"/>
        <line num="23" count="5" type="cond" truecount="2" falsecount="0"/>
        <line num="24" count="1" type="stmt"/>
        <line num="25" count="4" type="cond" truecount="2" falsecount="0"/>
        <line num="26" count="1" type="stmt"/>
        <line num="27" count="3" type="cond" truecount="2" falsecount="0"/>
        <line num="28" count="2" type="stmt"/>
        <line num="29" count="2" type="stmt"/>
        <line num="30" count="2" type="stmt"/>
        <line num="32" count="1" type="stmt"/>
        <line num="37" count="5" type="stmt"/>
        <line num="38" count="5" type="stmt"/>
        <line num="39" count="4" type="cond" truecount="2" falsecount="0"/>
        <line num="40" count="4" type="stmt"/>
        <line num="42" count="1" type="stmt"/>
        <line num="43" count="1" type="stmt"/>
      </file>
    </metrics>
  </project>
</coverage>
