{"/Users/thomas/Desktop/abide-master/packages/requireable-cli/index.js": {"path":"/Users/thomas/Desktop/abide-master/packages/requireable-cli/index.js","statementMap":{"0":{"start":{"line":7,"column":18},"end":{"line":17,"column":23}},"1":{"start":{"line":7,"column":28},"end":{"line":17,"column":23}},"2":{"start":{"line":19,"column":13},"end":{"line":34,"column":1}},"3":{"start":{"line":20,"column":17},"end":{"line":20,"column":32}},"4":{"start":{"line":21,"column":2},"end":{"line":21,"column":82}},"5":{"start":{"line":21,"column":28},"end":{"line":21,"column":82}},"6":{"start":{"line":22,"column":18},"end":{"line":22,"column":87}},"7":{"start":{"line":23,"column":2},"end":{"line":33,"column":3}},"8":{"start":{"line":24,"column":4},"end":{"line":24,"column":24}},"9":{"start":{"line":25,"column":9},"end":{"line":33,"column":3}},"10":{"start":{"line":26,"column":4},"end":{"line":26,"column":44}},"11":{"start":{"line":27,"column":9},"end":{"line":33,"column":3}},"12":{"start":{"line":28,"column":31},"end":{"line":28,"column":43}},"13":{"start":{"line":29,"column":4},"end":{"line":29,"column":50}},"14":{"start":{"line":30,"column":4},"end":{"line":30,"column":16}},"15":{"start":{"line":32,"column":4},"end":{"line":32,"column":39}},"16":{"start":{"line":37,"column":2},"end":{"line":44,"column":3}},"17":{"start":{"line":38,"column":20},"end":{"line":38,"column":38}},"18":{"start":{"line":39,"column":4},"end":{"line":39,"column":45}},"19":{"start":{"line":39,"column":17},"end":{"line":39,"column":45}},"20":{"start":{"line":40,"column":4},"end":{"line":40,"column":18}},"21":{"start":{"line":42,"column":4},"end":{"line":42,"column":34}},"22":{"start":{"line":43,"column":4},"end":{"line":43,"column":18}}},"fnMap":{"0":{"name":"(anonymous_0)","decl":{"start":{"line":7,"column":18},"end":{"line":7,"column":19}},"loc":{"start":{"line":7,"column":28},"end":{"line":17,"column":23}},"line":7},"1":{"name":"(anonymous_1)","decl":{"start":{"line":19,"column":13},"end":{"line":19,"column":14}},"loc":{"start":{"line":19,"column":31},"end":{"line":34,"column":1}},"line":19},"2":{"name":"(anonymous_2)","decl":{"start":{"line":36,"column":31},"end":{"line":36,"column":32}},"loc":{"start":{"line":36,"column":63},"end":{"line":45,"column":1}},"line":36}},"branchMap":{"0":{"loc":{"start":{"line":21,"column":2},"end":{"line":21,"column":82}},"type":"if","locations":[{"start":{"line":21,"column":2},"end":{"line":21,"column":82}},{"start":{"line":21,"column":2},"end":{"line":21,"column":82}}],"line":21},"1":{"loc":{"start":{"line":22,"column":18},"end":{"line":22,"column":87}},"type":"binary-expr","locations":[{"start":{"line":22,"column":18},"end":{"line":22,"column":37}},{"start":{"line":22,"column":41},"end":{"line":22,"column":78}},{"start":{"line":22,"column":82},"end":{"line":22,"column":87}}],"line":22},"2":{"loc":{"start":{"line":23,"column":2},"end":{"line":33,"column":3}},"type":"if","locations":[{"start":{"line":23,"column":2},"end":{"line":33,"column":3}},{"start":{"line":23,"column":2},"end":{"line":33,"column":3}}],"line":23},"3":{"loc":{"start":{"line":25,"column":9},"end":{"line":33,"column":3}},"type":"if","locations":[{"start":{"line":25,"column":9},"end":{"line":33,"column":3}},{"start":{"line":25,"column":9},"end":{"line":33,"column":3}}],"line":25},"4":{"loc":{"start":{"line":27,"column":9},"end":{"line":33,"column":3}},"type":"if","locations":[{"start":{"line":27,"column":9},"end":{"line":33,"column":3}},{"start":{"line":27,"column":9},"end":{"line":33,"column":3}}],"line":27},"5":{"loc":{"start":{"line":39,"column":4},"end":{"line":39,"column":45}},"type":"if","locations":[{"start":{"line":39,"column":4},"end":{"line":39,"column":45}},{"start":{"line":39,"column":4},"end":{"line":39,"column":45}}],"line":39}},"s":{"0":1,"1":5,"2":1,"3":5,"4":5,"5":1,"6":5,"7":5,"8":1,"9":4,"10":1,"11":3,"12":2,"13":2,"14":2,"15":1,"16":5,"17":5,"18":4,"19":2,"20":4,"21":1,"22":1},"f":{"0":5,"1":5,"2":5},"b":{"0":[1,4],"1":[5,5,3],"2":[1,4],"3":[1,3],"4":[2,1],"5":[2,2]},"_coverageSchema":"332fd63041d2c1bcb487cc26dd0d5f7d97098a6c","hash":"237ef930ec922a56de699683eff774f1261b6155"}
}
