TN:
SF:/Users/thomas/Desktop/abide-master/packages/requireable-cli/index.js
FN:7,(anonymous_0)
FN:19,(anonymous_1)
FN:36,(anonymous_2)
FNF:3
FNH:3
FNDA:5,(anonymous_0)
FNDA:5,(anonymous_1)
FNDA:5,(anonymous_2)
DA:7,5
DA:19,1
DA:20,5
DA:21,5
DA:22,5
DA:23,5
DA:24,1
DA:25,4
DA:26,1
DA:27,3
DA:28,2
DA:29,2
DA:30,2
DA:32,1
DA:37,5
DA:38,5
DA:39,4
DA:40,4
DA:42,1
DA:43,1
LF:20
LH:20
BRDA:21,0,0,1
BRDA:21,0,1,4
BRDA:22,1,0,5
BRDA:22,1,1,5
BRDA:22,1,2,3
BRDA:23,2,0,1
BRDA:23,2,1,4
BRDA:25,3,0,1
BRDA:25,3,1,3
BRDA:27,4,0,2
BRDA:27,4,1,1
BRDA:39,5,0,2
BRDA:39,5,1,2
BRF:13
BRH:13
end_of_record
