{"/Users/thomas/Desktop/abide-master/packages/pkgprop-cli/index.js": {"path":"/Users/thomas/Desktop/abide-master/packages/pkgprop-cli/index.js","statementMap":{"0":{"start":{"line":7,"column":18},"end":{"line":16,"column":23}},"1":{"start":{"line":7,"column":28},"end":{"line":16,"column":23}},"2":{"start":{"line":18,"column":15},"end":{"line":23,"column":1}},"3":{"start":{"line":19,"column":15},"end":{"line":19,"column":20}},"4":{"start":{"line":20,"column":2},"end":{"line":20,"column":66}},"5":{"start":{"line":20,"column":49},"end":{"line":20,"column":66}},"6":{"start":{"line":21,"column":2},"end":{"line":21,"column":52}},"7":{"start":{"line":21,"column":18},"end":{"line":21,"column":52}},"8":{"start":{"line":22,"column":2},"end":{"line":22,"column":13}},"9":{"start":{"line":25,"column":13},"end":{"line":39,"column":1}},"10":{"start":{"line":26,"column":17},"end":{"line":26,"column":32}},"11":{"start":{"line":27,"column":21},"end":{"line":27,"column":71}},"12":{"start":{"line":28,"column":45},"end":{"line":28,"column":57}},"13":{"start":{"line":29,"column":2},"end":{"line":38,"column":3}},"14":{"start":{"line":30,"column":4},"end":{"line":30,"column":24}},"15":{"start":{"line":31,"column":9},"end":{"line":38,"column":3}},"16":{"start":{"line":32,"column":4},"end":{"line":32,"column":44}},"17":{"start":{"line":33,"column":9},"end":{"line":38,"column":3}},"18":{"start":{"line":34,"column":4},"end":{"line":34,"column":50}},"19":{"start":{"line":35,"column":4},"end":{"line":35,"column":16}},"20":{"start":{"line":37,"column":4},"end":{"line":37,"column":40}},"21":{"start":{"line":42,"column":2},"end":{"line":50,"column":3}},"22":{"start":{"line":43,"column":20},"end":{"line":43,"column":43}},"23":{"start":{"line":44,"column":4},"end":{"line":44,"column":45}},"24":{"start":{"line":44,"column":17},"end":{"line":44,"column":45}},"25":{"start":{"line":45,"column":4},"end":{"line":45,"column":18}},"26":{"start":{"line":47,"column":4},"end":{"line":47,"column":34}},"27":{"start":{"line":48,"column":4},"end":{"line":48,"column":11}},"28":{"start":{"line":49,"column":4},"end":{"line":49,"column":11}}},"fnMap":{"0":{"name":"(anonymous_0)","decl":{"start":{"line":7,"column":18},"end":{"line":7,"column":19}},"loc":{"start":{"line":7,"column":28},"end":{"line":16,"column":23}},"line":7},"1":{"name":"(anonymous_1)","decl":{"start":{"line":18,"column":15},"end":{"line":18,"column":16}},"loc":{"start":{"line":18,"column":38},"end":{"line":23,"column":1}},"line":18},"2":{"name":"(anonymous_2)","decl":{"start":{"line":25,"column":13},"end":{"line":25,"column":14}},"loc":{"start":{"line":25,"column":36},"end":{"line":39,"column":1}},"line":25},"3":{"name":"(anonymous_3)","decl":{"start":{"line":41,"column":31},"end":{"line":41,"column":32}},"loc":{"start":{"line":41,"column":68},"end":{"line":51,"column":1}},"line":41}},"branchMap":{"0":{"loc":{"start":{"line":20,"column":2},"end":{"line":20,"column":66}},"type":"if","locations":[{"start":{"line":20,"column":2},"end":{"line":20,"column":66}},{"start":{"line":20,"column":2},"end":{"line":20,"column":66}}],"line":20},"1":{"loc":{"start":{"line":20,"column":6},"end":{"line":20,"column":47}},"type":"binary-expr","locations":[{"start":{"line":20,"column":6},"end":{"line":20,"column":16}},{"start":{"line":20,"column":20},"end":{"line":20,"column":47}}],"line":20},"2":{"loc":{"start":{"line":21,"column":2},"end":{"line":21,"column":52}},"type":"if","locations":[{"start":{"line":21,"column":2},"end":{"line":21,"column":52}},{"start":{"line":21,"column":2},"end":{"line":21,"column":52}}],"line":21},"3":{"loc":{"start":{"line":29,"column":2},"end":{"line":38,"column":3}},"type":"if","locations":[{"start":{"line":29,"column":2},"end":{"line":38,"column":3}},{"start":{"line":29,"column":2},"end":{"line":38,"column":3}}],"line":29},"4":{"loc":{"start":{"line":31,"column":9},"end":{"line":38,"column":3}},"type":"if","locations":[{"start":{"line":31,"column":9},"end":{"line":38,"column":3}},{"start":{"line":31,"column":9},"end":{"line":38,"column":3}}],"line":31},"5":{"loc":{"start":{"line":33,"column":9},"end":{"line":38,"column":3}},"type":"if","locations":[{"start":{"line":33,"column":9},"end":{"line":38,"column":3}},{"start":{"line":33,"column":9},"end":{"line":38,"column":3}}],"line":33},"6":{"loc":{"start":{"line":44,"column":4},"end":{"line":44,"column":45}},"type":"if","locations":[{"start":{"line":44,"column":4},"end":{"line":44,"column":45}},{"start":{"line":44,"column":4},"end":{"line":44,"column":45}}],"line":44}},"s":{"0":1,"1":6,"2":1,"3":6,"4":6,"5":1,"6":5,"7":1,"8":4,"9":1,"10":6,"11":6,"12":6,"13":6,"14":1,"15":5,"16":1,"17":4,"18":3,"19":3,"20":1,"21":6,"22":6,"23":5,"24":2,"25":5,"26":1,"27":1,"28":1},"f":{"0":6,"1":6,"2":6,"3":6},"b":{"0":[1,5],"1":[6,2],"2":[1,4],"3":[1,5],"4":[1,4],"5":[3,1],"6":[2,3]},"_coverageSchema":"332fd63041d2c1bcb487cc26dd0d5f7d97098a6c","hash":"3158aa7bb7fa55823c7c10873bbcc51f6744f970"}
}
