TN:
SF:/Users/thomas/Desktop/abide-master/packages/pkgprop-cli/index.js
FN:6,(anonymous_0)
FN:17,(anonymous_1)
FN:24,(anonymous_2)
FN:40,(anonymous_3)
FNF:4
FNH:4
FNDA:6,(anonymous_0)
FNDA:6,(anonymous_1)
FNDA:6,(anonymous_2)
FNDA:6,(anonymous_3)
DA:6,6
DA:17,1
DA:18,6
DA:19,6
DA:20,5
DA:21,4
DA:24,1
DA:25,6
DA:26,6
DA:27,6
DA:28,6
DA:29,1
DA:30,5
DA:31,1
DA:32,4
DA:33,3
DA:34,3
DA:36,1
DA:41,6
DA:42,6
DA:43,5
DA:44,5
DA:46,1
DA:47,1
DA:48,1
LF:25
LH:25
BRDA:19,0,0,1
BRDA:19,0,1,5
BRDA:19,1,0,6
BRDA:19,1,1,2
BRDA:20,2,0,1
BRDA:20,2,1,4
BRDA:28,3,0,1
BRDA:28,3,1,5
BRDA:30,4,0,1
BRDA:30,4,1,4
BRDA:32,5,0,3
BRDA:32,5,1,1
BRDA:43,6,0,2
BRDA:43,6,1,3
BRF:14
BRH:14
end_of_record
