{"/Users/thomas/Desktop/abide/packages/pkg-plugin-standard/index.js": {"path":"/Users/thomas/Desktop/abide/packages/pkg-plugin-standard/index.js","statementMap":{"0":{"start":{"line":4,"column":20},"end":{"line":9,"column":1}},"1":{"start":{"line":11,"column":31},"end":{"line":11,"column":81}},"2":{"start":{"line":11,"column":47},"end":{"line":11,"column":81}},"3":{"start":{"line":13,"column":66},"end":{"line":33,"column":1}}},"fnMap":{"0":{"name":"(anonymous_0)","decl":{"start":{"line":11,"column":31},"end":{"line":11,"column":32}},"loc":{"start":{"line":11,"column":47},"end":{"line":11,"column":81}},"line":11},"1":{"name":"(anonymous_1)","decl":{"start":{"line":13,"column":15},"end":{"line":13,"column":16}},"loc":{"start":{"line":13,"column":66},"end":{"line":33,"column":1}},"line":13}},"branchMap":{"0":{"loc":{"start":{"line":11,"column":47},"end":{"line":11,"column":81}},"type":"cond-expr","locations":[{"start":{"line":11,"column":62},"end":{"line":11,"column":76}},{"start":{"line":11,"column":79},"end":{"line":11,"column":81}}],"line":11},"1":{"loc":{"start":{"line":13,"column":16},"end":{"line":13,"column":60}},"type":"default-arg","locations":[{"start":{"line":13,"column":58},"end":{"line":13,"column":60}}],"line":13},"2":{"loc":{"start":{"line":13,"column":17},"end":{"line":13,"column":25}},"type":"default-arg","locations":[{"start":{"line":13,"column":23},"end":{"line":13,"column":25}}],"line":13},"3":{"loc":{"start":{"line":13,"column":27},"end":{"line":13,"column":44}},"type":"default-arg","locations":[{"start":{"line":13,"column":39},"end":{"line":13,"column":44}}],"line":13},"4":{"loc":{"start":{"line":13,"column":46},"end":{"line":13,"column":54}},"type":"default-arg","locations":[{"start":{"line":13,"column":52},"end":{"line":13,"column":54}}],"line":13},"5":{"loc":{"start":{"line":20,"column":7},"end":{"line":20,"column":52}},"type":"cond-expr","locations":[{"start":{"line":20,"column":21},"end":{"line":20,"column":47}},{"start":{"line":20,"column":50},"end":{"line":20,"column":52}}],"line":20},"6":{"loc":{"start":{"line":23,"column":7},"end":{"line":23,"column":52}},"type":"cond-expr","locations":[{"start":{"line":23,"column":21},"end":{"line":23,"column":47}},{"start":{"line":23,"column":50},"end":{"line":23,"column":52}}],"line":23},"7":{"loc":{"start":{"line":30,"column":9},"end":{"line":30,"column":38}},"type":"cond-expr","locations":[{"start":{"line":30,"column":22},"end":{"line":30,"column":33}},{"start":{"line":30,"column":36},"end":{"line":30,"column":38}}],"line":30}},"s":{"0":1,"1":1,"2":16,"3":4},"f":{"0":16,"1":4},"b":{"0":[5,11],"1":[1],"2":[3],"3":[4],"4":[2],"5":[1,3],"6":[1,3],"7":[1,3]},"_coverageSchema":"332fd63041d2c1bcb487cc26dd0d5f7d97098a6c","hash":"adc8debb3163680d07fa565b501e21b3cd701248"}
}
