<?xml version="1.0" encoding="UTF-8"?>
<coverage generated="1521376709987" clover="3.2.0">
  <project timestamp="1521376709988" name="All files">
    <metrics statements="14" coveredstatements="14" conditionals="5" coveredconditionals="5" methods="9" coveredmethods="9" elements="28" coveredelements="28" complexity="0" loc="14" ncloc="14" packages="1" files="1" classes="1">
      <file name="index.js" path="/Users/thomas/Desktop/abide/packages/journey.fn-reduce/index.js">
        <metrics statements="14" coveredstatements="14" conditionals="5" coveredconditionals="5" methods="9" coveredmethods="9"/>
        <line num="5" count="1" type="cond" truecount="1" falsecount="0"/>
        <line num="6" count="2" type="stmt"/>
        <line num="7" count="6" type="stmt"/>
        <line num="8" count="6" type="stmt"/>
        <line num="9" count="6" type="stmt"/>
        <line num="10" count="6" type="stmt"/>
        <line num="11" count="6" type="stmt"/>
        <line num="12" count="6" type="cond" truecount="2" falsecount="0"/>
        <line num="13" count="5" type="stmt"/>
        <line num="15" count="6" type="stmt"/>
        <line num="16" count="6" type="stmt"/>
        <line num="17" count="6" type="cond" truecount="2" falsecount="0"/>
        <line num="18" count="5" type="stmt"/>
        <line num="20" count="6" type="stmt"/>
      </file>
    </metrics>
  </project>
</coverage>
