TN:
SF:/Users/thomas/Desktop/abide-master/packages/journey.fn-reduce/index.js
FN:5,(anonymous_0)
FN:6,(anonymous_1)
FN:7,(anonymous_2)
FN:8,(anonymous_3)
FN:9,(anonymous_4)
FN:10,(anonymous_5)
FN:12,(anonymous_6)
FN:15,(anonymous_7)
FN:17,(anonymous_8)
FNF:9
FNH:9
FNDA:2,(anonymous_0)
FNDA:6,(anonymous_1)
FNDA:6,(anonymous_2)
FNDA:6,(anonymous_3)
FNDA:6,(anonymous_4)
FNDA:6,(anonymous_5)
FNDA:1,(anonymous_6)
FNDA:6,(anonymous_7)
FNDA:1,(anonymous_8)
DA:5,1
DA:6,2
DA:7,6
DA:8,6
DA:9,6
DA:10,6
DA:11,6
DA:12,6
DA:13,5
DA:15,6
DA:16,6
DA:17,6
DA:18,5
DA:20,6
LF:14
LH:14
BRDA:5,0,0,2
BRDA:12,1,0,1
BRDA:12,1,1,5
BRDA:17,2,0,1
BRDA:17,2,1,5
BRF:5
BRH:5
end_of_record
