<?xml version="1.0" encoding="UTF-8"?>
<coverage generated="1524446836400" clover="3.2.0">
  <project timestamp="1524446836400" name="All files">
    <metrics statements="32" coveredstatements="32" conditionals="7" coveredconditionals="7" methods="33" coveredmethods="33" elements="72" coveredelements="72" complexity="0" loc="32" ncloc="32" packages="1" files="1" classes="1">
      <file name="index.js" path="/Users/thomas/Desktop/abide-master/packages/requireable/index.js">
        <metrics statements="32" coveredstatements="32" conditionals="7" coveredconditionals="7" methods="33" coveredmethods="33"/>
        <line num="10" count="88" type="stmt"/>
        <line num="11" count="4" type="stmt"/>
        <line num="12" count="6" type="stmt"/>
        <line num="14" count="1" type="stmt"/>
        <line num="28" count="3" type="stmt"/>
        <line num="29" count="3" type="cond" truecount="1" falsecount="0"/>
        <line num="31" count="6" type="stmt"/>
        <line num="32" count="6" type="stmt"/>
        <line num="33" count="6" type="cond" truecount="2" falsecount="0"/>
        <line num="35" count="6" type="stmt"/>
        <line num="37" count="6" type="cond" truecount="2" falsecount="0"/>
        <line num="39" count="4" type="stmt"/>
        <line num="41" count="4" type="stmt"/>
        <line num="43" count="4" type="cond" truecount="2" falsecount="0"/>
        <line num="45" count="3" type="stmt"/>
        <line num="47" count="3" type="stmt"/>
        <line num="49" count="3" type="stmt"/>
        <line num="51" count="3" type="stmt"/>
        <line num="53" count="3" type="stmt"/>
        <line num="55" count="3" type="stmt"/>
        <line num="57" count="2" type="stmt"/>
        <line num="60" count="1" type="stmt"/>
        <line num="61" count="6" type="stmt"/>
        <line num="62" count="6" type="stmt"/>
        <line num="64" count="4" type="stmt"/>
        <line num="68" count="6" type="stmt"/>
        <line num="69" count="6" type="stmt"/>
        <line num="71" count="6" type="stmt"/>
        <line num="73" count="6" type="stmt"/>
        <line num="75" count="6" type="stmt"/>
        <line num="77" count="6" type="stmt"/>
        <line num="79" count="6" type="stmt"/>
      </file>
    </metrics>
  </project>
</coverage>
