TN:
SF:/Users/thomas/Desktop/abide-master/packages/requireable/index.js
FN:10,(anonymous_0)
FN:10,(anonymous_1)
FN:11,(anonymous_2)
FN:11,(anonymous_3)
FN:11,(anonymous_4)
FN:12,(anonymous_5)
FN:12,(anonymous_6)
FN:12,(anonymous_7)
FN:28,(anonymous_8)
FN:29,(anonymous_9)
FN:31,(anonymous_10)
FN:32,(anonymous_11)
FN:33,(anonymous_12)
FN:35,(anonymous_13)
FN:37,(anonymous_14)
FN:39,(anonymous_15)
FN:41,(anonymous_16)
FN:43,(anonymous_17)
FN:45,(anonymous_18)
FN:47,(anonymous_19)
FN:49,(anonymous_20)
FN:51,(anonymous_21)
FN:53,(anonymous_22)
FN:55,(anonymous_23)
FN:57,(anonymous_24)
FN:60,(anonymous_25)
FN:68,(anonymous_26)
FN:69,(anonymous_27)
FN:71,(anonymous_28)
FN:73,(anonymous_29)
FN:75,(anonymous_30)
FN:77,(anonymous_31)
FN:79,(anonymous_32)
FN:81,(anonymous_33)
FNF:34
FNH:34
FNDA:2,(anonymous_0)
FNDA:94,(anonymous_1)
FNDA:4,(anonymous_2)
FNDA:3,(anonymous_3)
FNDA:1,(anonymous_4)
FNDA:6,(anonymous_5)
FNDA:5,(anonymous_6)
FNDA:1,(anonymous_7)
FNDA:3,(anonymous_8)
FNDA:3,(anonymous_9)
FNDA:6,(anonymous_10)
FNDA:6,(anonymous_11)
FNDA:6,(anonymous_12)
FNDA:6,(anonymous_13)
FNDA:6,(anonymous_14)
FNDA:4,(anonymous_15)
FNDA:4,(anonymous_16)
FNDA:4,(anonymous_17)
FNDA:3,(anonymous_18)
FNDA:3,(anonymous_19)
FNDA:3,(anonymous_20)
FNDA:3,(anonymous_21)
FNDA:3,(anonymous_22)
FNDA:3,(anonymous_23)
FNDA:2,(anonymous_24)
FNDA:6,(anonymous_25)
FNDA:6,(anonymous_26)
FNDA:6,(anonymous_27)
FNDA:6,(anonymous_28)
FNDA:6,(anonymous_29)
FNDA:6,(anonymous_30)
FNDA:6,(anonymous_31)
FNDA:6,(anonymous_32)
FNDA:6,(anonymous_33)
DA:10,94
DA:11,4
DA:12,6
DA:14,1
DA:28,3
DA:29,3
DA:31,6
DA:32,6
DA:33,6
DA:35,6
DA:37,6
DA:39,4
DA:41,4
DA:43,4
DA:45,3
DA:47,3
DA:49,3
DA:51,3
DA:53,3
DA:55,3
DA:57,2
DA:60,1
DA:61,6
DA:62,6
DA:64,4
DA:68,6
DA:69,6
DA:71,6
DA:73,6
DA:75,6
DA:77,6
DA:79,6
DA:81,6
LF:33
LH:33
BRDA:29,0,0,3
BRDA:33,1,0,1
BRDA:33,1,1,5
BRDA:37,2,0,2
BRDA:37,2,1,4
BRDA:43,3,0,1
BRDA:43,3,1,3
BRF:7
BRH:7
end_of_record
