{"/Users/thomas/Desktop/github.com/reggi/abide/packages/journey.coerce-to-plain-object/index.js": {"path":"/Users/thomas/Desktop/github.com/reggi/abide/packages/journey.coerce-to-plain-object/index.js","statementMap":{"0":{"start":{"line":2,"column":35},"end":{"line":2,"column":67}},"1":{"start":{"line":2,"column":42},"end":{"line":2,"column":67}}},"fnMap":{"0":{"name":"(anonymous_0)","decl":{"start":{"line":2,"column":35},"end":{"line":2,"column":36}},"loc":{"start":{"line":2,"column":42},"end":{"line":2,"column":67}},"line":2}},"branchMap":{"0":{"loc":{"start":{"line":2,"column":42},"end":{"line":2,"column":67}},"type":"cond-expr","locations":[{"start":{"line":2,"column":61},"end":{"line":2,"column":62}},{"start":{"line":2,"column":65},"end":{"line":2,"column":67}}],"line":2}},"s":{"0":1,"1":4},"f":{"0":4},"b":{"0":[2,2]},"_coverageSchema":"332fd63041d2c1bcb487cc26dd0d5f7d97098a6c","hash":"edc03063662a896fe40809ba3cdc78024982abb1"}
}
