{"/Users/thomas/Desktop/github.com/reggi/abide/packages/lerna.utils/index.js": {"path":"/Users/thomas/Desktop/github.com/reggi/abide/packages/lerna.utils/index.js","statementMap":{"0":{"start":{"line":8,"column":36},"end":{"line":19,"column":1}},"1":{"start":{"line":9,"column":16},"end":{"line":17,"column":4}},"2":{"start":{"line":10,"column":28},"end":{"line":10,"column":68}},"3":{"start":{"line":11,"column":4},"end":{"line":16,"column":5}},"4":{"start":{"line":12,"column":29},"end":{"line":12,"column":63}},"5":{"start":{"line":13,"column":6},"end":{"line":13,"column":48}},"6":{"start":{"line":15,"column":6},"end":{"line":15,"column":18}},"7":{"start":{"line":18,"column":2},"end":{"line":18,"column":50}},"8":{"start":{"line":21,"column":25},"end":{"line":41,"column":1}},"9":{"start":{"line":22,"column":26},"end":{"line":22,"column":28}},"10":{"start":{"line":23,"column":23},"end":{"line":23,"column":25}},"11":{"start":{"line":24,"column":2},"end":{"line":39,"column":4}},"12":{"start":{"line":25,"column":4},"end":{"line":31,"column":5}},"13":{"start":{"line":26,"column":6},"end":{"line":30,"column":8}},"14":{"start":{"line":27,"column":8},"end":{"line":27,"column":107}},"15":{"start":{"line":27,"column":59},"end":{"line":27,"column":107}},"16":{"start":{"line":28,"column":8},"end":{"line":28,"column":137}},"17":{"start":{"line":28,"column":74},"end":{"line":28,"column":137}},"18":{"start":{"line":29,"column":8},"end":{"line":29,"column":73}},"19":{"start":{"line":32,"column":4},"end":{"line":38,"column":5}},"20":{"start":{"line":33,"column":6},"end":{"line":37,"column":8}},"21":{"start":{"line":34,"column":8},"end":{"line":34,"column":101}},"22":{"start":{"line":34,"column":56},"end":{"line":34,"column":101}},"23":{"start":{"line":35,"column":8},"end":{"line":35,"column":131}},"24":{"start":{"line":35,"column":71},"end":{"line":35,"column":131}},"25":{"start":{"line":36,"column":8},"end":{"line":36,"column":70}},"26":{"start":{"line":40,"column":2},"end":{"line":40,"column":40}},"27":{"start":{"line":43,"column":34},"end":{"line":43,"column":102}},"28":{"start":{"line":43,"column":41},"end":{"line":43,"column":102}},"29":{"start":{"line":45,"column":24},"end":{"line":49,"column":1}},"30":{"start":{"line":46,"column":12},"end":{"line":46,"column":26}},"31":{"start":{"line":47,"column":2},"end":{"line":47,"column":13}},"32":{"start":{"line":48,"column":2},"end":{"line":48,"column":10}},"33":{"start":{"line":51,"column":38},"end":{"line":69,"column":1}},"34":{"start":{"line":52,"column":17},"end":{"line":52,"column":19}},"35":{"start":{"line":53,"column":2},"end":{"line":67,"column":4}},"36":{"start":{"line":54,"column":24},"end":{"line":54,"column":45}},"37":{"start":{"line":55,"column":27},"end":{"line":55,"column":65}},"38":{"start":{"line":56,"column":30},"end":{"line":56,"column":78}},"39":{"start":{"line":57,"column":27},"end":{"line":57,"column":72}},"40":{"start":{"line":58,"column":45},"end":{"line":58,"column":82}},"41":{"start":{"line":59,"column":42},"end":{"line":59,"column":76}},"42":{"start":{"line":60,"column":24},"end":{"line":60,"column":59}},"43":{"start":{"line":61,"column":28},"end":{"line":61,"column":93}},"44":{"start":{"line":62,"column":26},"end":{"line":62,"column":58}},"45":{"start":{"line":63,"column":29},"end":{"line":63,"column":102}},"46":{"start":{"line":64,"column":4},"end":{"line":64,"column":203}},"47":{"start":{"line":64,"column":33},"end":{"line":64,"column":203}},"48":{"start":{"line":65,"column":4},"end":{"line":65,"column":120}},"49":{"start":{"line":65,"column":23},"end":{"line":65,"column":120}},"50":{"start":{"line":66,"column":4},"end":{"line":66,"column":192}},"51":{"start":{"line":66,"column":26},"end":{"line":66,"column":192}},"52":{"start":{"line":68,"column":2},"end":{"line":68,"column":15}},"53":{"start":{"line":71,"column":35},"end":{"line":79,"column":1}},"54":{"start":{"line":72,"column":17},"end":{"line":72,"column":19}},"55":{"start":{"line":73,"column":2},"end":{"line":77,"column":4}},"56":{"start":{"line":74,"column":24},"end":{"line":74,"column":45}},"57":{"start":{"line":75,"column":27},"end":{"line":75,"column":49}},"58":{"start":{"line":76,"column":4},"end":{"line":76,"column":197}},"59":{"start":{"line":76,"column":33},"end":{"line":76,"column":197}},"60":{"start":{"line":78,"column":2},"end":{"line":78,"column":15}},"61":{"start":{"line":81,"column":39},"end":{"line":81,"column":122}},"62":{"start":{"line":81,"column":63},"end":{"line":81,"column":122}},"63":{"start":{"line":82,"column":31},"end":{"line":82,"column":87}},"64":{"start":{"line":82,"column":44},"end":{"line":82,"column":87}},"65":{"start":{"line":84,"column":30},"end":{"line":90,"column":1}},"66":{"start":{"line":85,"column":35},"end":{"line":85,"column":65}},"67":{"start":{"line":86,"column":26},"end":{"line":86,"column":68}},"68":{"start":{"line":87,"column":23},"end":{"line":87,"column":61}},"69":{"start":{"line":87,"column":51},"end":{"line":87,"column":60}},"70":{"start":{"line":88,"column":22},"end":{"line":88,"column":58}},"71":{"start":{"line":89,"column":2},"end":{"line":89,"column":32}},"72":{"start":{"line":92,"column":41},"end":{"line":97,"column":1}},"73":{"start":{"line":93,"column":30},"end":{"line":93,"column":65}},"74":{"start":{"line":94,"column":33},"end":{"line":94,"column":71}},"75":{"start":{"line":95,"column":2},"end":{"line":95,"column":87}},"76":{"start":{"line":95,"column":37},"end":{"line":95,"column":87}},"77":{"start":{"line":96,"column":2},"end":{"line":96,"column":59}},"78":{"start":{"line":99,"column":37},"end":{"line":103,"column":1}},"79":{"start":{"line":100,"column":34},"end":{"line":100,"column":68}},"80":{"start":{"line":101,"column":19},"end":{"line":101,"column":75}},"81":{"start":{"line":102,"column":2},"end":{"line":102,"column":17}},"82":{"start":{"line":105,"column":29},"end":{"line":114,"column":1}},"83":{"start":{"line":106,"column":42},"end":{"line":106,"column":72}},"84":{"start":{"line":107,"column":26},"end":{"line":107,"column":68}},"85":{"start":{"line":108,"column":42},"end":{"line":108,"column":70}},"86":{"start":{"line":109,"column":30},"end":{"line":109,"column":64}},"87":{"start":{"line":110,"column":15},"end":{"line":110,"column":17}},"88":{"start":{"line":111,"column":2},"end":{"line":111,"column":88}},"89":{"start":{"line":112,"column":2},"end":{"line":112,"column":61}},"90":{"start":{"line":113,"column":2},"end":{"line":113,"column":15}}},"fnMap":{"0":{"name":"(anonymous_0)","decl":{"start":{"line":8,"column":36},"end":{"line":8,"column":37}},"loc":{"start":{"line":8,"column":62},"end":{"line":19,"column":1}},"line":8},"1":{"name":"(anonymous_1)","decl":{"start":{"line":9,"column":49},"end":{"line":9,"column":50}},"loc":{"start":{"line":9,"column":70},"end":{"line":17,"column":3}},"line":9},"2":{"name":"(anonymous_2)","decl":{"start":{"line":21,"column":25},"end":{"line":21,"column":26}},"loc":{"start":{"line":21,"column":48},"end":{"line":41,"column":1}},"line":21},"3":{"name":"(anonymous_3)","decl":{"start":{"line":24,"column":24},"end":{"line":24,"column":25}},"loc":{"start":{"line":24,"column":42},"end":{"line":39,"column":3}},"line":24},"4":{"name":"(anonymous_4)","decl":{"start":{"line":26,"column":43},"end":{"line":26,"column":44}},"loc":{"start":{"line":26,"column":71},"end":{"line":30,"column":7}},"line":26},"5":{"name":"(anonymous_5)","decl":{"start":{"line":33,"column":40},"end":{"line":33,"column":41}},"loc":{"start":{"line":33,"column":68},"end":{"line":37,"column":7}},"line":33},"6":{"name":"(anonymous_6)","decl":{"start":{"line":43,"column":34},"end":{"line":43,"column":35}},"loc":{"start":{"line":43,"column":41},"end":{"line":43,"column":102}},"line":43},"7":{"name":"(anonymous_7)","decl":{"start":{"line":45,"column":24},"end":{"line":45,"column":25}},"loc":{"start":{"line":45,"column":38},"end":{"line":49,"column":1}},"line":45},"8":{"name":"(anonymous_8)","decl":{"start":{"line":51,"column":38},"end":{"line":51,"column":39}},"loc":{"start":{"line":51,"column":82},"end":{"line":69,"column":1}},"line":51},"9":{"name":"(anonymous_9)","decl":{"start":{"line":53,"column":24},"end":{"line":53,"column":25}},"loc":{"start":{"line":53,"column":46},"end":{"line":67,"column":3}},"line":53},"10":{"name":"(anonymous_10)","decl":{"start":{"line":71,"column":35},"end":{"line":71,"column":36}},"loc":{"start":{"line":71,"column":55},"end":{"line":79,"column":1}},"line":71},"11":{"name":"(anonymous_11)","decl":{"start":{"line":73,"column":21},"end":{"line":73,"column":22}},"loc":{"start":{"line":73,"column":43},"end":{"line":77,"column":3}},"line":73},"12":{"name":"(anonymous_12)","decl":{"start":{"line":81,"column":39},"end":{"line":81,"column":40}},"loc":{"start":{"line":81,"column":63},"end":{"line":81,"column":122}},"line":81},"13":{"name":"(anonymous_13)","decl":{"start":{"line":82,"column":31},"end":{"line":82,"column":32}},"loc":{"start":{"line":82,"column":44},"end":{"line":82,"column":87}},"line":82},"14":{"name":"(anonymous_14)","decl":{"start":{"line":84,"column":30},"end":{"line":84,"column":31}},"loc":{"start":{"line":84,"column":54},"end":{"line":90,"column":1}},"line":84},"15":{"name":"(anonymous_15)","decl":{"start":{"line":87,"column":44},"end":{"line":87,"column":45}},"loc":{"start":{"line":87,"column":51},"end":{"line":87,"column":60}},"line":87},"16":{"name":"(anonymous_16)","decl":{"start":{"line":92,"column":41},"end":{"line":92,"column":42}},"loc":{"start":{"line":92,"column":76},"end":{"line":97,"column":1}},"line":92},"17":{"name":"(anonymous_17)","decl":{"start":{"line":99,"column":37},"end":{"line":99,"column":38}},"loc":{"start":{"line":99,"column":61},"end":{"line":103,"column":1}},"line":99},"18":{"name":"(anonymous_18)","decl":{"start":{"line":105,"column":29},"end":{"line":105,"column":30}},"loc":{"start":{"line":105,"column":53},"end":{"line":114,"column":1}},"line":105}},"branchMap":{"0":{"loc":{"start":{"line":25,"column":4},"end":{"line":31,"column":5}},"type":"if","locations":[{"start":{"line":25,"column":4},"end":{"line":31,"column":5}},{"start":{"line":25,"column":4},"end":{"line":31,"column":5}}],"line":25},"1":{"loc":{"start":{"line":27,"column":8},"end":{"line":27,"column":107}},"type":"if","locations":[{"start":{"line":27,"column":8},"end":{"line":27,"column":107}},{"start":{"line":27,"column":8},"end":{"line":27,"column":107}}],"line":27},"2":{"loc":{"start":{"line":28,"column":8},"end":{"line":28,"column":137}},"type":"if","locations":[{"start":{"line":28,"column":8},"end":{"line":28,"column":137}},{"start":{"line":28,"column":8},"end":{"line":28,"column":137}}],"line":28},"3":{"loc":{"start":{"line":32,"column":4},"end":{"line":38,"column":5}},"type":"if","locations":[{"start":{"line":32,"column":4},"end":{"line":38,"column":5}},{"start":{"line":32,"column":4},"end":{"line":38,"column":5}}],"line":32},"4":{"loc":{"start":{"line":34,"column":8},"end":{"line":34,"column":101}},"type":"if","locations":[{"start":{"line":34,"column":8},"end":{"line":34,"column":101}},{"start":{"line":34,"column":8},"end":{"line":34,"column":101}}],"line":34},"5":{"loc":{"start":{"line":35,"column":8},"end":{"line":35,"column":131}},"type":"if","locations":[{"start":{"line":35,"column":8},"end":{"line":35,"column":131}},{"start":{"line":35,"column":8},"end":{"line":35,"column":131}}],"line":35},"6":{"loc":{"start":{"line":43,"column":41},"end":{"line":43,"column":102}},"type":"cond-expr","locations":[{"start":{"line":43,"column":67},"end":{"line":43,"column":94}},{"start":{"line":43,"column":97},"end":{"line":43,"column":102}}],"line":43},"7":{"loc":{"start":{"line":60,"column":24},"end":{"line":60,"column":59}},"type":"binary-expr","locations":[{"start":{"line":60,"column":24},"end":{"line":60,"column":41}},{"start":{"line":60,"column":45},"end":{"line":60,"column":59}}],"line":60},"8":{"loc":{"start":{"line":61,"column":28},"end":{"line":61,"column":93}},"type":"binary-expr","locations":[{"start":{"line":61,"column":28},"end":{"line":61,"column":60}},{"start":{"line":61,"column":64},"end":{"line":61,"column":93}}],"line":61},"9":{"loc":{"start":{"line":62,"column":26},"end":{"line":62,"column":58}},"type":"binary-expr","locations":[{"start":{"line":62,"column":26},"end":{"line":62,"column":38}},{"start":{"line":62,"column":42},"end":{"line":62,"column":58}}],"line":62},"10":{"loc":{"start":{"line":63,"column":29},"end":{"line":63,"column":102}},"type":"binary-expr","locations":[{"start":{"line":63,"column":29},"end":{"line":63,"column":43}},{"start":{"line":63,"column":47},"end":{"line":63,"column":63}},{"start":{"line":63,"column":67},"end":{"line":63,"column":102}}],"line":63},"11":{"loc":{"start":{"line":64,"column":4},"end":{"line":64,"column":203}},"type":"if","locations":[{"start":{"line":64,"column":4},"end":{"line":64,"column":203}},{"start":{"line":64,"column":4},"end":{"line":64,"column":203}}],"line":64},"12":{"loc":{"start":{"line":65,"column":4},"end":{"line":65,"column":120}},"type":"if","locations":[{"start":{"line":65,"column":4},"end":{"line":65,"column":120}},{"start":{"line":65,"column":4},"end":{"line":65,"column":120}}],"line":65},"13":{"loc":{"start":{"line":66,"column":4},"end":{"line":66,"column":192}},"type":"if","locations":[{"start":{"line":66,"column":4},"end":{"line":66,"column":192}},{"start":{"line":66,"column":4},"end":{"line":66,"column":192}}],"line":66},"14":{"loc":{"start":{"line":76,"column":4},"end":{"line":76,"column":197}},"type":"if","locations":[{"start":{"line":76,"column":4},"end":{"line":76,"column":197}},{"start":{"line":76,"column":4},"end":{"line":76,"column":197}}],"line":76},"15":{"loc":{"start":{"line":81,"column":63},"end":{"line":81,"column":122}},"type":"cond-expr","locations":[{"start":{"line":81,"column":85},"end":{"line":81,"column":110}},{"start":{"line":81,"column":113},"end":{"line":81,"column":122}}],"line":81},"16":{"loc":{"start":{"line":95,"column":2},"end":{"line":95,"column":87}},"type":"if","locations":[{"start":{"line":95,"column":2},"end":{"line":95,"column":87}},{"start":{"line":95,"column":2},"end":{"line":95,"column":87}}],"line":95}},"s":{"0":1,"1":12,"2":37,"3":37,"4":37,"5":36,"6":1,"7":12,"8":1,"9":8,"10":8,"11":8,"12":24,"13":20,"14":20,"15":8,"16":20,"17":10,"18":20,"19":24,"20":23,"21":23,"22":8,"23":23,"24":10,"25":23,"26":8,"27":1,"28":16,"29":1,"30":5,"31":5,"32":5,"33":1,"34":8,"35":8,"36":8,"37":8,"38":8,"39":8,"40":8,"41":8,"42":8,"43":8,"44":8,"45":8,"46":8,"47":1,"48":8,"49":2,"50":8,"51":1,"52":8,"53":1,"54":8,"55":8,"56":8,"57":8,"58":8,"59":1,"60":8,"61":1,"62":16,"63":1,"64":4,"65":1,"66":4,"67":4,"68":4,"69":12,"70":4,"71":4,"72":1,"73":3,"74":3,"75":3,"76":1,"77":2,"78":1,"79":3,"80":3,"81":2,"82":1,"83":8,"84":8,"85":8,"86":8,"87":8,"88":8,"89":8,"90":8},"f":{"0":12,"1":37,"2":8,"3":24,"4":20,"5":23,"6":16,"7":5,"8":8,"9":8,"10":8,"11":8,"12":16,"13":4,"14":4,"15":12,"16":3,"17":3,"18":8},"b":{"0":[20,4],"1":[8,12],"2":[10,10],"3":[23,1],"4":[8,15],"5":[10,13],"6":[6,10],"7":[8,2],"8":[8,8],"9":[8,2],"10":[8,6,6],"11":[1,7],"12":[2,6],"13":[1,7],"14":[1,7],"15":[8,8],"16":[1,2]},"_coverageSchema":"332fd63041d2c1bcb487cc26dd0d5f7d97098a6c","hash":"0be8b17ed4ad101d13c21a756ddcbc92a587f6e9"}
}
