TN:
SF:/Users/thomas/Desktop/github.com/reggi/abide/packages/lerna.utils/index.js
FN:8,(anonymous_0)
FN:9,(anonymous_1)
FN:21,(anonymous_2)
FN:24,(anonymous_3)
FN:26,(anonymous_4)
FN:33,(anonymous_5)
FN:43,(anonymous_6)
FN:45,(anonymous_7)
FN:51,(anonymous_8)
FN:53,(anonymous_9)
FN:71,(anonymous_10)
FN:73,(anonymous_11)
FN:81,(anonymous_12)
FN:82,(anonymous_13)
FN:84,(anonymous_14)
FN:87,(anonymous_15)
FN:92,(anonymous_16)
FN:99,(anonymous_17)
FN:105,(anonymous_18)
FNF:19
FNH:19
FNDA:12,(anonymous_0)
FNDA:37,(anonymous_1)
FNDA:8,(anonymous_2)
FNDA:24,(anonymous_3)
FNDA:20,(anonymous_4)
FNDA:23,(anonymous_5)
FNDA:16,(anonymous_6)
FNDA:5,(anonymous_7)
FNDA:8,(anonymous_8)
FNDA:8,(anonymous_9)
FNDA:8,(anonymous_10)
FNDA:8,(anonymous_11)
FNDA:16,(anonymous_12)
FNDA:4,(anonymous_13)
FNDA:4,(anonymous_14)
FNDA:12,(anonymous_15)
FNDA:3,(anonymous_16)
FNDA:3,(anonymous_17)
FNDA:8,(anonymous_18)
DA:8,1
DA:9,12
DA:10,37
DA:11,37
DA:12,37
DA:13,36
DA:15,1
DA:18,12
DA:21,1
DA:22,8
DA:23,8
DA:24,8
DA:25,24
DA:26,20
DA:27,20
DA:28,20
DA:29,20
DA:32,24
DA:33,23
DA:34,23
DA:35,23
DA:36,23
DA:40,8
DA:43,16
DA:45,1
DA:46,5
DA:47,5
DA:48,5
DA:51,1
DA:52,8
DA:53,8
DA:54,8
DA:55,8
DA:56,8
DA:57,8
DA:58,8
DA:59,8
DA:60,8
DA:61,8
DA:62,8
DA:63,8
DA:64,8
DA:65,8
DA:66,8
DA:68,8
DA:71,1
DA:72,8
DA:73,8
DA:74,8
DA:75,8
DA:76,8
DA:78,8
DA:81,16
DA:82,4
DA:84,1
DA:85,4
DA:86,4
DA:87,12
DA:88,4
DA:89,4
DA:92,1
DA:93,3
DA:94,3
DA:95,3
DA:96,2
DA:99,1
DA:100,3
DA:101,3
DA:102,2
DA:105,1
DA:106,8
DA:107,8
DA:108,8
DA:109,8
DA:110,8
DA:111,8
DA:112,8
DA:113,8
LF:78
LH:78
BRDA:25,0,0,20
BRDA:25,0,1,4
BRDA:27,1,0,8
BRDA:27,1,1,12
BRDA:28,2,0,10
BRDA:28,2,1,10
BRDA:32,3,0,23
BRDA:32,3,1,1
BRDA:34,4,0,8
BRDA:34,4,1,15
BRDA:35,5,0,10
BRDA:35,5,1,13
BRDA:43,6,0,6
BRDA:43,6,1,10
BRDA:60,7,0,8
BRDA:60,7,1,2
BRDA:61,8,0,8
BRDA:61,8,1,8
BRDA:62,9,0,8
BRDA:62,9,1,2
BRDA:63,10,0,8
BRDA:63,10,1,6
BRDA:63,10,2,6
BRDA:64,11,0,1
BRDA:64,11,1,7
BRDA:65,12,0,2
BRDA:65,12,1,6
BRDA:66,13,0,1
BRDA:66,13,1,7
BRDA:76,14,0,1
BRDA:76,14,1,7
BRDA:81,15,0,8
BRDA:81,15,1,8
BRDA:95,16,0,1
BRDA:95,16,1,2
BRF:35
BRH:35
end_of_record
