{"/Users/thomas/Desktop/abide/packages/replace-cli/index.js": {"path":"/Users/thomas/Desktop/abide/packages/replace-cli/index.js","statementMap":{"0":{"start":{"line":3,"column":36},"end":{"line":3,"column":43}},"1":{"start":{"line":6,"column":13},"end":{"line":6,"column":26}},"2":{"start":{"line":7,"column":16},"end":{"line":7,"column":26}},"3":{"start":{"line":11,"column":0},"end":{"line":36,"column":4}},"4":{"start":{"line":12,"column":12},"end":{"line":12,"column":14}},"5":{"start":{"line":13,"column":2},"end":{"line":13,"column":27}},"6":{"start":{"line":14,"column":2},"end":{"line":19,"column":4}},"7":{"start":{"line":16,"column":4},"end":{"line":18,"column":5}},"8":{"start":{"line":17,"column":6},"end":{"line":17,"column":18}},"9":{"start":{"line":20,"column":2},"end":{"line":35,"column":4}},"10":{"start":{"line":21,"column":4},"end":{"line":34,"column":5}},"11":{"start":{"line":22,"column":6},"end":{"line":24,"column":7}},"12":{"start":{"line":23,"column":8},"end":{"line":23,"column":22}},"13":{"start":{"line":25,"column":6},"end":{"line":27,"column":7}},"14":{"start":{"line":26,"column":8},"end":{"line":26,"column":22}},"15":{"start":{"line":28,"column":22},"end":{"line":28,"column":47}},"16":{"start":{"line":29,"column":21},"end":{"line":29,"column":50}},"17":{"start":{"line":30,"column":6},"end":{"line":30,"column":26}},"18":{"start":{"line":31,"column":6},"end":{"line":31,"column":20}},"19":{"start":{"line":33,"column":6},"end":{"line":33,"column":20}}},"fnMap":{"0":{"name":"(anonymous_0)","decl":{"start":{"line":11,"column":1},"end":{"line":11,"column":2}},"loc":{"start":{"line":11,"column":7},"end":{"line":36,"column":1}},"line":11},"1":{"name":"(anonymous_1)","decl":{"start":{"line":14,"column":23},"end":{"line":14,"column":24}},"loc":{"start":{"line":14,"column":29},"end":{"line":19,"column":3}},"line":14},"2":{"name":"(anonymous_2)","decl":{"start":{"line":20,"column":18},"end":{"line":20,"column":19}},"loc":{"start":{"line":20,"column":24},"end":{"line":35,"column":3}},"line":20}},"branchMap":{"0":{"loc":{"start":{"line":22,"column":6},"end":{"line":24,"column":7}},"type":"if","locations":[{"start":{"line":22,"column":6},"end":{"line":24,"column":7}},{"start":{"line":22,"column":6},"end":{"line":24,"column":7}}],"line":22},"1":{"loc":{"start":{"line":25,"column":6},"end":{"line":27,"column":7}},"type":"if","locations":[{"start":{"line":25,"column":6},"end":{"line":27,"column":7}},{"start":{"line":25,"column":6},"end":{"line":27,"column":7}}],"line":25}},"s":{"0":5,"1":5,"2":5,"3":5,"4":5,"5":5,"6":5,"7":5,"8":4,"9":5,"10":5,"11":5,"12":1,"13":4,"14":1,"15":3,"16":2,"17":2,"18":2,"19":1},"f":{"0":5,"1":5,"2":5},"b":{"0":[1,4],"1":[1,3]},"_coverageSchema":"332fd63041d2c1bcb487cc26dd0d5f7d97098a6c","hash":"7e573b106e6800fe8b4e8ce41600afc2b96c070b"}
}
