{"/Users/thomas/Desktop/abide/packages/replace-cli/index.js": {"path":"/Users/thomas/Desktop/abide/packages/replace-cli/index.js","statementMap":{"0":{"start":{"line":3,"column":36},"end":{"line":3,"column":43}},"1":{"start":{"line":6,"column":13},"end":{"line":6,"column":26}},"2":{"start":{"line":7,"column":16},"end":{"line":7,"column":26}},"3":{"start":{"line":9,"column":10},"end":{"line":9,"column":12}},"4":{"start":{"line":10,"column":0},"end":{"line":10,"column":25}},"5":{"start":{"line":11,"column":0},"end":{"line":13,"column":2}},"6":{"start":{"line":12,"column":2},"end":{"line":12,"column":13}},"7":{"start":{"line":14,"column":0},"end":{"line":29,"column":2}},"8":{"start":{"line":15,"column":2},"end":{"line":28,"column":3}},"9":{"start":{"line":16,"column":4},"end":{"line":18,"column":5}},"10":{"start":{"line":17,"column":6},"end":{"line":17,"column":20}},"11":{"start":{"line":19,"column":4},"end":{"line":21,"column":5}},"12":{"start":{"line":20,"column":6},"end":{"line":20,"column":20}},"13":{"start":{"line":22,"column":20},"end":{"line":22,"column":45}},"14":{"start":{"line":23,"column":19},"end":{"line":23,"column":48}},"15":{"start":{"line":24,"column":4},"end":{"line":24,"column":24}},"16":{"start":{"line":25,"column":4},"end":{"line":25,"column":18}},"17":{"start":{"line":27,"column":4},"end":{"line":27,"column":18}}},"fnMap":{"0":{"name":"(anonymous_0)","decl":{"start":{"line":11,"column":17},"end":{"line":11,"column":18}},"loc":{"start":{"line":11,"column":27},"end":{"line":13,"column":1}},"line":11},"1":{"name":"(anonymous_1)","decl":{"start":{"line":14,"column":16},"end":{"line":14,"column":17}},"loc":{"start":{"line":14,"column":22},"end":{"line":29,"column":1}},"line":14}},"branchMap":{"0":{"loc":{"start":{"line":16,"column":4},"end":{"line":18,"column":5}},"type":"if","locations":[{"start":{"line":16,"column":4},"end":{"line":18,"column":5}},{"start":{"line":16,"column":4},"end":{"line":18,"column":5}}],"line":16},"1":{"loc":{"start":{"line":19,"column":4},"end":{"line":21,"column":5}},"type":"if","locations":[{"start":{"line":19,"column":4},"end":{"line":21,"column":5}},{"start":{"line":19,"column":4},"end":{"line":21,"column":5}}],"line":19}},"s":{"0":5,"1":5,"2":5,"3":5,"4":5,"5":5,"6":5,"7":5,"8":5,"9":5,"10":1,"11":4,"12":1,"13":3,"14":2,"15":2,"16":2,"17":1},"f":{"0":5,"1":5},"b":{"0":[1,4],"1":[1,3]},"_coverageSchema":"332fd63041d2c1bcb487cc26dd0d5f7d97098a6c","hash":"83c70efd373de53bd016dca770f00e7504a2ae1a"}
}
