TN:
SF:/Users/thomas/Desktop/abide/packages/replace-cli/index.js
FN:11,(anonymous_0)
FN:14,(anonymous_1)
FN:20,(anonymous_2)
FNF:3
FNH:3
FNDA:5,(anonymous_0)
FNDA:5,(anonymous_1)
FNDA:5,(anonymous_2)
DA:3,5
DA:6,5
DA:7,5
DA:11,5
DA:12,5
DA:13,5
DA:14,5
DA:16,5
DA:17,4
DA:20,5
DA:21,5
DA:22,5
DA:23,1
DA:25,4
DA:26,1
DA:28,3
DA:29,2
DA:30,2
DA:31,2
DA:33,1
LF:20
LH:20
BRDA:22,0,0,1
BRDA:22,0,1,4
BRDA:25,1,0,1
BRDA:25,1,1,3
BRF:4
BRH:4
end_of_record
TN:
SF:/Users/thomas/Desktop/abide/packages/replace-cli/stdio.js
FN:10,setupStdio
FN:16,getStdout
FN:20,(anonymous_2)
FN:26,(anonymous_3)
FN:31,getStderr
FN:35,(anonymous_5)
FN:41,(anonymous_6)
FN:46,getStdin
FN:111,(anonymous_8)
FN:140,(anonymous_9)
FN:148,createWritableStdioStream
FN:192,(anonymous_11)
FNF:12
FNH:3
FNDA:5,setupStdio
FNDA:0,getStdout
FNDA:0,(anonymous_2)
FNDA:0,(anonymous_3)
FNDA:0,getStderr
FNDA:0,(anonymous_5)
FNDA:0,(anonymous_6)
FNDA:5,getStdin
FNDA:0,(anonymous_8)
FNDA:0,(anonymous_9)
FNDA:0,createWritableStdioStream
FNDA:5,(anonymous_11)
DA:3,1
DA:4,1
DA:5,1
DA:6,1
DA:8,1
DA:11,5
DA:17,0
DA:18,0
DA:19,0
DA:20,0
DA:22,0
DA:23,0
DA:25,0
DA:26,0
DA:28,0
DA:32,0
DA:33,0
DA:34,0
DA:35,0
DA:37,0
DA:38,0
DA:40,0
DA:41,0
DA:43,0
DA:47,5
DA:49,5
DA:50,5
DA:52,5
DA:54,5
DA:55,5
DA:60,5
DA:63,0
DA:64,0
DA:65,0
DA:69,0
DA:75,0
DA:76,0
DA:82,0
DA:89,0
DA:90,0
DA:94,0
DA:98,5
DA:103,5
DA:104,5
DA:105,5
DA:106,5
DA:111,5
DA:112,0
DA:113,0
DA:114,0
DA:115,0
DA:116,0
DA:119,5
DA:122,5
DA:128,5
DA:134,5
DA:140,5
DA:141,0
DA:142,0
DA:145,5
DA:150,0
DA:154,0
DA:156,0
DA:157,0
DA:158,0
DA:159,0
DA:162,0
DA:163,0
DA:164,0
DA:165,0
DA:169,0
DA:170,0
DA:175,0
DA:176,0
DA:180,0
DA:184,0
DA:186,0
DA:188,0
DA:193,5
LF:79
LH:26
BRDA:17,0,0,0
BRDA:17,0,1,0
BRDA:22,1,0,0
BRDA:22,1,1,0
BRDA:25,2,0,0
BRDA:25,2,1,0
BRDA:32,3,0,0
BRDA:32,3,1,0
BRDA:37,4,0,0
BRDA:37,4,1,0
BRDA:40,5,0,0
BRDA:40,5,1,0
BRDA:47,6,0,0
BRDA:47,6,1,5
BRDA:52,7,0,5
BRDA:52,7,1,0
BRDA:52,7,2,0
BRDA:52,7,3,0
BRDA:52,7,4,0
BRDA:75,8,0,0
BRDA:75,8,1,0
BRDA:75,9,0,0
BRDA:75,9,1,0
BRDA:103,10,0,5
BRDA:103,10,1,0
BRDA:103,11,0,5
BRDA:103,11,1,5
BRDA:112,12,0,0
BRDA:112,12,1,0
BRDA:154,13,0,0
BRDA:154,13,1,0
BRDA:154,13,2,0
BRDA:154,13,3,0
BRDA:154,13,4,0
BRF:34
BRH:5
end_of_record
