{"/Users/thomas/Desktop/abide-master/packages/exec-updated-cli/index.js": {"path":"/Users/thomas/Desktop/abide-master/packages/exec-updated-cli/index.js","statementMap":{"0":{"start":{"line":8,"column":26},"end":{"line":17,"column":1}},"1":{"start":{"line":9,"column":17},"end":{"line":13,"column":4}},"2":{"start":{"line":14,"column":15},"end":{"line":14,"column":35}},"3":{"start":{"line":15,"column":14},"end":{"line":15,"column":58}},"4":{"start":{"line":16,"column":2},"end":{"line":16,"column":28}},"5":{"start":{"line":19,"column":28},"end":{"line":27,"column":1}},"6":{"start":{"line":20,"column":2},"end":{"line":26,"column":3}},"7":{"start":{"line":21,"column":21},"end":{"line":21,"column":90}},"8":{"start":{"line":22,"column":26},"end":{"line":22,"column":44}},"9":{"start":{"line":23,"column":4},"end":{"line":23,"column":24}},"10":{"start":{"line":25,"column":4},"end":{"line":25,"column":13}},"11":{"start":{"line":29,"column":28},"end":{"line":42,"column":1}},"12":{"start":{"line":30,"column":19},"end":{"line":30,"column":48}},"13":{"start":{"line":31,"column":16},"end":{"line":40,"column":4}},"14":{"start":{"line":32,"column":23},"end":{"line":32,"column":50}},"15":{"start":{"line":33,"column":28},"end":{"line":33,"column":67}},"16":{"start":{"line":34,"column":4},"end":{"line":39,"column":5}},"17":{"start":{"line":35,"column":29},"end":{"line":35,"column":63}},"18":{"start":{"line":36,"column":6},"end":{"line":36,"column":48}},"19":{"start":{"line":38,"column":6},"end":{"line":38,"column":18}},"20":{"start":{"line":41,"column":2},"end":{"line":41,"column":50}},"21":{"start":{"line":44,"column":28},"end":{"line":53,"column":1}},"22":{"start":{"line":45,"column":16},"end":{"line":45,"column":46}},"23":{"start":{"line":46,"column":26},"end":{"line":46,"column":60}},"24":{"start":{"line":47,"column":27},"end":{"line":50,"column":4}},"25":{"start":{"line":51,"column":20},"end":{"line":51,"column":103}},"26":{"start":{"line":51,"column":59},"end":{"line":51,"column":94}},"27":{"start":{"line":52,"column":2},"end":{"line":52,"column":18}}},"fnMap":{"0":{"name":"(anonymous_0)","decl":{"start":{"line":8,"column":26},"end":{"line":8,"column":27}},"loc":{"start":{"line":8,"column":50},"end":{"line":17,"column":1}},"line":8},"1":{"name":"(anonymous_1)","decl":{"start":{"line":19,"column":28},"end":{"line":19,"column":29}},"loc":{"start":{"line":19,"column":54},"end":{"line":27,"column":1}},"line":19},"2":{"name":"(anonymous_2)","decl":{"start":{"line":29,"column":28},"end":{"line":29,"column":29}},"loc":{"start":{"line":29,"column":53},"end":{"line":42,"column":1}},"line":29},"3":{"name":"(anonymous_3)","decl":{"start":{"line":31,"column":45},"end":{"line":31,"column":46}},"loc":{"start":{"line":31,"column":58},"end":{"line":40,"column":3}},"line":31},"4":{"name":"(anonymous_4)","decl":{"start":{"line":44,"column":28},"end":{"line":44,"column":29}},"loc":{"start":{"line":44,"column":80},"end":{"line":53,"column":1}},"line":44},"5":{"name":"(anonymous_5)","decl":{"start":{"line":51,"column":41},"end":{"line":51,"column":42}},"loc":{"start":{"line":51,"column":59},"end":{"line":51,"column":94}},"line":51}},"branchMap":{"0":{"loc":{"start":{"line":44,"column":48},"end":{"line":44,"column":74}},"type":"default-arg","locations":[{"start":{"line":44,"column":62},"end":{"line":44,"column":74}}],"line":44},"1":{"loc":{"start":{"line":51,"column":59},"end":{"line":51,"column":94}},"type":"binary-expr","locations":[{"start":{"line":51,"column":59},"end":{"line":51,"column":85}},{"start":{"line":51,"column":89},"end":{"line":51,"column":94}}],"line":51}},"s":{"0":1,"1":4,"2":4,"3":4,"4":4,"5":1,"6":3,"7":3,"8":2,"9":2,"10":1,"11":1,"12":3,"13":3,"14":9,"15":9,"16":9,"17":9,"18":8,"19":1,"20":3,"21":1,"22":3,"23":3,"24":3,"25":3,"26":2,"27":3},"f":{"0":4,"1":3,"2":3,"3":9,"4":3,"5":2},"b":{"0":[3],"1":[2,1]},"_coverageSchema":"332fd63041d2c1bcb487cc26dd0d5f7d97098a6c","hash":"cb183f492eb148f67123dfe751cbefcdcbabb7ac"}
}
