TN:
SF:/Users/thomas/Desktop/abide-master/packages/exec-updated-cli/index.js
FN:8,(anonymous_0)
FN:19,(anonymous_1)
FN:29,(anonymous_2)
FN:31,(anonymous_3)
FN:44,(anonymous_4)
FN:51,(anonymous_5)
FNF:6
FNH:6
FNDA:4,(anonymous_0)
FNDA:3,(anonymous_1)
FNDA:3,(anonymous_2)
FNDA:9,(anonymous_3)
FNDA:3,(anonymous_4)
FNDA:2,(anonymous_5)
DA:8,1
DA:9,4
DA:14,4
DA:15,4
DA:16,4
DA:19,1
DA:20,3
DA:21,3
DA:22,2
DA:23,2
DA:25,1
DA:29,1
DA:30,3
DA:31,3
DA:32,9
DA:33,9
DA:34,9
DA:35,9
DA:36,8
DA:38,1
DA:41,3
DA:44,1
DA:45,3
DA:46,3
DA:47,3
DA:51,3
DA:52,3
LF:27
LH:27
BRDA:44,0,0,3
BRDA:51,1,0,2
BRDA:51,1,1,1
BRF:3
BRH:3
end_of_record
