<?xml version="1.0" encoding="UTF-8"?>
<coverage generated="1524294835849" clover="3.2.0">
  <project timestamp="1524294835849" name="All files">
    <metrics statements="33" coveredstatements="29" conditionals="6" coveredconditionals="4" methods="8" coveredmethods="7" elements="47" coveredelements="40" complexity="0" loc="33" ncloc="33" packages="1" files="1" classes="1">
      <file name="index.js" path="/Users/thomas/Desktop/abide-master/packages/process.stdio/index.js">
        <metrics statements="33" coveredstatements="29" conditionals="6" coveredconditionals="4" methods="8" coveredmethods="7"/>
        <line num="1" count="1" type="stmt"/>
        <line num="5" count="8" type="stmt"/>
        <line num="6" count="8" type="stmt"/>
        <line num="7" count="8" type="stmt"/>
        <line num="8" count="8" type="stmt"/>
        <line num="9" count="8" type="stmt"/>
        <line num="10" count="8" type="stmt"/>
        <line num="11" count="8" type="stmt"/>
        <line num="13" count="2" type="cond" truecount="2" falsecount="0"/>
        <line num="14" count="2" type="stmt"/>
        <line num="17" count="8" type="stmt"/>
        <line num="22" count="8" type="stmt"/>
        <line num="23" count="8" type="stmt"/>
        <line num="24" count="8" type="stmt"/>
        <line num="25" count="8" type="stmt"/>
        <line num="26" count="8" type="stmt"/>
        <line num="27" count="8" type="stmt"/>
        <line num="28" count="8" type="stmt"/>
        <line num="30" count="2" type="cond" truecount="2" falsecount="0"/>
        <line num="31" count="2" type="stmt"/>
        <line num="33" count="8" type="stmt"/>
        <line num="34" count="8" type="stmt"/>
        <line num="39" count="8" type="stmt"/>
        <line num="40" count="8" type="stmt"/>
        <line num="45" count="8" type="stmt"/>
        <line num="46" count="8" type="stmt"/>
        <line num="47" count="0" type="cond" truecount="0" falsecount="2"/>
        <line num="48" count="0" type="stmt"/>
        <line num="49" count="0" type="stmt"/>
        <line num="50" count="0" type="stmt"/>
        <line num="52" count="8" type="stmt"/>
        <line num="56" count="8" type="stmt"/>
        <line num="63" count="1" type="stmt"/>
      </file>
    </metrics>
  </project>
</coverage>
