{"/Users/thomas/Desktop/abide-master/packages/process.stdio/index.js": {"path":"/Users/thomas/Desktop/abide-master/packages/process.stdio/index.js","statementMap":{"0":{"start":{"line":1,"column":12},"end":{"line":1,"column":26}},"1":{"start":{"line":5,"column":13},"end":{"line":5,"column":14}},"2":{"start":{"line":6,"column":2},"end":{"line":6,"column":34}},"3":{"start":{"line":7,"column":2},"end":{"line":7,"column":22}},"4":{"start":{"line":8,"column":2},"end":{"line":8,"column":16}},"5":{"start":{"line":9,"column":2},"end":{"line":9,"column":24}},"6":{"start":{"line":10,"column":2},"end":{"line":10,"column":37}},"7":{"start":{"line":11,"column":2},"end":{"line":15,"column":3}},"8":{"start":{"line":13,"column":4},"end":{"line":13,"column":44}},"9":{"start":{"line":14,"column":4},"end":{"line":14,"column":10}},"10":{"start":{"line":17,"column":2},"end":{"line":17,"column":15}},"11":{"start":{"line":22,"column":13},"end":{"line":22,"column":14}},"12":{"start":{"line":23,"column":2},"end":{"line":23,"column":34}},"13":{"start":{"line":24,"column":2},"end":{"line":24,"column":22}},"14":{"start":{"line":25,"column":2},"end":{"line":25,"column":16}},"15":{"start":{"line":26,"column":2},"end":{"line":26,"column":24}},"16":{"start":{"line":27,"column":2},"end":{"line":27,"column":37}},"17":{"start":{"line":28,"column":2},"end":{"line":32,"column":3}},"18":{"start":{"line":30,"column":4},"end":{"line":30,"column":44}},"19":{"start":{"line":31,"column":4},"end":{"line":31,"column":10}},"20":{"start":{"line":33,"column":2},"end":{"line":33,"column":53}},"21":{"start":{"line":33,"column":31},"end":{"line":33,"column":52}},"22":{"start":{"line":34,"column":2},"end":{"line":34,"column":15}},"23":{"start":{"line":39,"column":13},"end":{"line":39,"column":14}},"24":{"start":{"line":40,"column":2},"end":{"line":44,"column":4}},"25":{"start":{"line":45,"column":2},"end":{"line":45,"column":15}},"26":{"start":{"line":46,"column":2},"end":{"line":51,"column":4}},"27":{"start":{"line":47,"column":4},"end":{"line":47,"column":34}},"28":{"start":{"line":47,"column":26},"end":{"line":47,"column":32}},"29":{"start":{"line":48,"column":4},"end":{"line":48,"column":40}},"30":{"start":{"line":49,"column":4},"end":{"line":49,"column":33}},"31":{"start":{"line":50,"column":4},"end":{"line":50,"column":28}},"32":{"start":{"line":52,"column":2},"end":{"line":52,"column":14}},"33":{"start":{"line":56,"column":2},"end":{"line":60,"column":3}},"34":{"start":{"line":63,"column":21},"end":{"line":63,"column":31}}},"fnMap":{"0":{"name":"getStdout","decl":{"start":{"line":3,"column":16},"end":{"line":3,"column":25}},"loc":{"start":{"line":3,"column":29},"end":{"line":18,"column":1}},"line":3},"1":{"name":"(anonymous_1)","decl":{"start":{"line":11,"column":20},"end":{"line":11,"column":21}},"loc":{"start":{"line":11,"column":38},"end":{"line":15,"column":3}},"line":11},"2":{"name":"getStderr","decl":{"start":{"line":20,"column":16},"end":{"line":20,"column":25}},"loc":{"start":{"line":20,"column":29},"end":{"line":35,"column":1}},"line":20},"3":{"name":"(anonymous_3)","decl":{"start":{"line":28,"column":20},"end":{"line":28,"column":21}},"loc":{"start":{"line":28,"column":38},"end":{"line":32,"column":3}},"line":28},"4":{"name":"(anonymous_4)","decl":{"start":{"line":33,"column":25},"end":{"line":33,"column":26}},"loc":{"start":{"line":33,"column":31},"end":{"line":33,"column":52}},"line":33},"5":{"name":"getStdin","decl":{"start":{"line":37,"column":16},"end":{"line":37,"column":24}},"loc":{"start":{"line":37,"column":28},"end":{"line":53,"column":1}},"line":37},"6":{"name":"(anonymous_6)","decl":{"start":{"line":46,"column":20},"end":{"line":46,"column":21}},"loc":{"start":{"line":46,"column":26},"end":{"line":51,"column":3}},"line":46},"7":{"name":"setupStdio","decl":{"start":{"line":55,"column":16},"end":{"line":55,"column":26}},"loc":{"start":{"line":55,"column":30},"end":{"line":61,"column":1}},"line":55}},"branchMap":{"0":{"loc":{"start":{"line":13,"column":9},"end":{"line":13,"column":44}},"type":"binary-expr","locations":[{"start":{"line":13,"column":9},"end":{"line":13,"column":11}},{"start":{"line":13,"column":15},"end":{"line":13,"column":44}}],"line":13},"1":{"loc":{"start":{"line":30,"column":9},"end":{"line":30,"column":44}},"type":"binary-expr","locations":[{"start":{"line":30,"column":9},"end":{"line":30,"column":11}},{"start":{"line":30,"column":15},"end":{"line":30,"column":44}}],"line":30},"2":{"loc":{"start":{"line":47,"column":4},"end":{"line":47,"column":34}},"type":"if","locations":[{"start":{"line":47,"column":4},"end":{"line":47,"column":34}},{"start":{"line":47,"column":4},"end":{"line":47,"column":34}}],"line":47}},"s":{"0":1,"1":8,"2":8,"3":8,"4":8,"5":8,"6":8,"7":8,"8":2,"9":2,"10":8,"11":8,"12":8,"13":8,"14":8,"15":8,"16":8,"17":8,"18":2,"19":2,"20":8,"21":8,"22":8,"23":8,"24":8,"25":8,"26":8,"27":0,"28":0,"29":0,"30":0,"31":0,"32":8,"33":8,"34":1},"f":{"0":8,"1":2,"2":8,"3":2,"4":8,"5":8,"6":0,"7":8},"b":{"0":[2,1],"1":[2,1],"2":[0,0]},"_coverageSchema":"332fd63041d2c1bcb487cc26dd0d5f7d97098a6c","hash":"edfda98f6500728122145fdc58edc2c973fee34f"}
}
