TN:
SF:/Users/thomas/Desktop/abide-master/packages/process.stdio/index.js
FN:3,getStdout
FN:11,(anonymous_1)
FN:20,getStderr
FN:28,(anonymous_3)
FN:33,(anonymous_4)
FN:37,getStdin
FN:46,(anonymous_6)
FN:55,setupStdio
FNF:8
FNH:7
FNDA:8,getStdout
FNDA:2,(anonymous_1)
FNDA:8,getStderr
FNDA:2,(anonymous_3)
FNDA:8,(anonymous_4)
FNDA:8,getStdin
FNDA:0,(anonymous_6)
FNDA:8,setupStdio
DA:1,1
DA:5,8
DA:6,8
DA:7,8
DA:8,8
DA:9,8
DA:10,8
DA:11,8
DA:13,2
DA:14,2
DA:17,8
DA:22,8
DA:23,8
DA:24,8
DA:25,8
DA:26,8
DA:27,8
DA:28,8
DA:30,2
DA:31,2
DA:33,8
DA:34,8
DA:39,8
DA:40,8
DA:45,8
DA:46,8
DA:47,0
DA:48,0
DA:49,0
DA:50,0
DA:52,8
DA:56,8
DA:63,1
LF:33
LH:29
BRDA:13,0,0,2
BRDA:13,0,1,1
BRDA:30,1,0,2
BRDA:30,1,1,1
BRDA:47,2,0,0
BRDA:47,2,1,0
BRF:6
BRH:4
end_of_record
