{"/Users/thomas/Desktop/abide/packages/pkg-plugin-babel-7-to-node-4/index.js": {"path":"/Users/thomas/Desktop/abide/packages/pkg-plugin-babel-7-to-node-4/index.js","statementMap":{"0":{"start":{"line":5,"column":22},"end":{"line":9,"column":3}},"1":{"start":{"line":10,"column":32},"end":{"line":10,"column":127}},"2":{"start":{"line":11,"column":33},"end":{"line":11,"column":100}},"3":{"start":{"line":12,"column":16},"end":{"line":12,"column":63}},"4":{"start":{"line":13,"column":2},"end":{"line":13,"column":71}},"5":{"start":{"line":13,"column":14},"end":{"line":13,"column":71}},"6":{"start":{"line":14,"column":2},"end":{"line":39,"column":3}}},"fnMap":{"0":{"name":"(anonymous_0)","decl":{"start":{"line":4,"column":15},"end":{"line":4,"column":16}},"loc":{"start":{"line":4,"column":65},"end":{"line":40,"column":1}},"line":4}},"branchMap":{"0":{"loc":{"start":{"line":4,"column":16},"end":{"line":4,"column":60}},"type":"default-arg","locations":[{"start":{"line":4,"column":58},"end":{"line":4,"column":60}}],"line":4},"1":{"loc":{"start":{"line":4,"column":17},"end":{"line":4,"column":25}},"type":"default-arg","locations":[{"start":{"line":4,"column":23},"end":{"line":4,"column":25}}],"line":4},"2":{"loc":{"start":{"line":4,"column":27},"end":{"line":4,"column":44}},"type":"default-arg","locations":[{"start":{"line":4,"column":39},"end":{"line":4,"column":44}}],"line":4},"3":{"loc":{"start":{"line":4,"column":46},"end":{"line":4,"column":54}},"type":"default-arg","locations":[{"start":{"line":4,"column":52},"end":{"line":4,"column":54}}],"line":4},"4":{"loc":{"start":{"line":10,"column":32},"end":{"line":10,"column":127}},"type":"cond-expr","locations":[{"start":{"line":10,"column":99},"end":{"line":10,"column":119}},{"start":{"line":10,"column":122},"end":{"line":10,"column":127}}],"line":10},"5":{"loc":{"start":{"line":10,"column":33},"end":{"line":10,"column":95}},"type":"binary-expr","locations":[{"start":{"line":10,"column":33},"end":{"line":10,"column":40}},{"start":{"line":10,"column":44},"end":{"line":10,"column":71}},{"start":{"line":10,"column":75},"end":{"line":10,"column":95}}],"line":10},"6":{"loc":{"start":{"line":11,"column":33},"end":{"line":11,"column":100}},"type":"cond-expr","locations":[{"start":{"line":11,"column":71},"end":{"line":11,"column":92}},{"start":{"line":11,"column":95},"end":{"line":11,"column":100}}],"line":11},"7":{"loc":{"start":{"line":11,"column":34},"end":{"line":11,"column":67}},"type":"binary-expr","locations":[{"start":{"line":11,"column":34},"end":{"line":11,"column":42}},{"start":{"line":11,"column":46},"end":{"line":11,"column":67}}],"line":11},"8":{"loc":{"start":{"line":12,"column":16},"end":{"line":12,"column":63}},"type":"binary-expr","locations":[{"start":{"line":12,"column":16},"end":{"line":12,"column":38}},{"start":{"line":12,"column":42},"end":{"line":12,"column":63}}],"line":12},"9":{"loc":{"start":{"line":13,"column":2},"end":{"line":13,"column":71}},"type":"if","locations":[{"start":{"line":13,"column":2},"end":{"line":13,"column":71}},{"start":{"line":13,"column":2},"end":{"line":13,"column":71}}],"line":13}},"s":{"0":4,"1":4,"2":4,"3":4,"4":4,"5":1,"6":3},"f":{"0":4},"b":{"0":[1],"1":[1],"2":[4],"3":[4],"4":[1,3],"5":[4,1,1],"6":[2,2],"7":[4,2],"8":[4,2],"9":[1,3]},"_coverageSchema":"332fd63041d2c1bcb487cc26dd0d5f7d97098a6c","hash":"2e6703e702bb560f020c0e9fd80fb4f42c4744ec"}
}
