{"/Users/thomas/Desktop/abide-master/packages/process.mock/example-process-stdin-data.js": {"path":"/Users/thomas/Desktop/abide-master/packages/process.mock/example-process-stdin-data.js","statementMap":{"0":{"start":{"line":3,"column":36},"end":{"line":3,"column":43}},"1":{"start":{"line":6,"column":13},"end":{"line":6,"column":26}},"2":{"start":{"line":7,"column":16},"end":{"line":7,"column":26}},"3":{"start":{"line":9,"column":10},"end":{"line":9,"column":12}},"4":{"start":{"line":10,"column":0},"end":{"line":10,"column":25}},"5":{"start":{"line":11,"column":0},"end":{"line":13,"column":2}},"6":{"start":{"line":12,"column":2},"end":{"line":12,"column":13}},"7":{"start":{"line":14,"column":0},"end":{"line":29,"column":2}},"8":{"start":{"line":15,"column":2},"end":{"line":28,"column":3}},"9":{"start":{"line":16,"column":4},"end":{"line":18,"column":5}},"10":{"start":{"line":17,"column":6},"end":{"line":17,"column":20}},"11":{"start":{"line":19,"column":4},"end":{"line":21,"column":5}},"12":{"start":{"line":20,"column":6},"end":{"line":20,"column":20}},"13":{"start":{"line":22,"column":20},"end":{"line":22,"column":45}},"14":{"start":{"line":23,"column":19},"end":{"line":23,"column":48}},"15":{"start":{"line":24,"column":4},"end":{"line":24,"column":24}},"16":{"start":{"line":25,"column":4},"end":{"line":25,"column":18}},"17":{"start":{"line":27,"column":4},"end":{"line":27,"column":18}}},"fnMap":{"0":{"name":"(anonymous_0)","decl":{"start":{"line":11,"column":17},"end":{"line":11,"column":18}},"loc":{"start":{"line":11,"column":27},"end":{"line":13,"column":1}},"line":11},"1":{"name":"(anonymous_1)","decl":{"start":{"line":14,"column":16},"end":{"line":14,"column":17}},"loc":{"start":{"line":14,"column":22},"end":{"line":29,"column":1}},"line":14}},"branchMap":{"0":{"loc":{"start":{"line":16,"column":4},"end":{"line":18,"column":5}},"type":"if","locations":[{"start":{"line":16,"column":4},"end":{"line":18,"column":5}},{"start":{"line":16,"column":4},"end":{"line":18,"column":5}}],"line":16},"1":{"loc":{"start":{"line":19,"column":4},"end":{"line":21,"column":5}},"type":"if","locations":[{"start":{"line":19,"column":4},"end":{"line":21,"column":5}},{"start":{"line":19,"column":4},"end":{"line":21,"column":5}}],"line":19}},"s":{"0":5,"1":5,"2":5,"3":5,"4":5,"5":5,"6":5,"7":5,"8":5,"9":5,"10":1,"11":4,"12":1,"13":3,"14":2,"15":2,"16":2,"17":1},"f":{"0":5,"1":5},"b":{"0":[1,4],"1":[1,3]},"_coverageSchema":"332fd63041d2c1bcb487cc26dd0d5f7d97098a6c","hash":"38b25d6a4c108a8656c7a542bf33d251ec98394b"}
,"/Users/thomas/Desktop/abide-master/packages/process.mock/example-process-stdin-readable.js": {"path":"/Users/thomas/Desktop/abide-master/packages/process.mock/example-process-stdin-readable.js","statementMap":{"0":{"start":{"line":3,"column":36},"end":{"line":3,"column":43}},"1":{"start":{"line":6,"column":13},"end":{"line":6,"column":26}},"2":{"start":{"line":7,"column":16},"end":{"line":7,"column":26}},"3":{"start":{"line":8,"column":10},"end":{"line":8,"column":12}},"4":{"start":{"line":9,"column":0},"end":{"line":9,"column":25}},"5":{"start":{"line":10,"column":0},"end":{"line":15,"column":2}},"6":{"start":{"line":12,"column":2},"end":{"line":14,"column":3}},"7":{"start":{"line":13,"column":4},"end":{"line":13,"column":16}},"8":{"start":{"line":16,"column":0},"end":{"line":31,"column":2}},"9":{"start":{"line":17,"column":2},"end":{"line":30,"column":3}},"10":{"start":{"line":18,"column":4},"end":{"line":20,"column":5}},"11":{"start":{"line":19,"column":6},"end":{"line":19,"column":20}},"12":{"start":{"line":21,"column":4},"end":{"line":23,"column":5}},"13":{"start":{"line":22,"column":6},"end":{"line":22,"column":20}},"14":{"start":{"line":24,"column":20},"end":{"line":24,"column":45}},"15":{"start":{"line":25,"column":19},"end":{"line":25,"column":48}},"16":{"start":{"line":26,"column":4},"end":{"line":26,"column":24}},"17":{"start":{"line":27,"column":4},"end":{"line":27,"column":18}},"18":{"start":{"line":29,"column":4},"end":{"line":29,"column":18}}},"fnMap":{"0":{"name":"(anonymous_0)","decl":{"start":{"line":10,"column":21},"end":{"line":10,"column":22}},"loc":{"start":{"line":10,"column":27},"end":{"line":15,"column":1}},"line":10},"1":{"name":"(anonymous_1)","decl":{"start":{"line":16,"column":16},"end":{"line":16,"column":17}},"loc":{"start":{"line":16,"column":22},"end":{"line":31,"column":1}},"line":16}},"branchMap":{"0":{"loc":{"start":{"line":18,"column":4},"end":{"line":20,"column":5}},"type":"if","locations":[{"start":{"line":18,"column":4},"end":{"line":20,"column":5}},{"start":{"line":18,"column":4},"end":{"line":20,"column":5}}],"line":18},"1":{"loc":{"start":{"line":21,"column":4},"end":{"line":23,"column":5}},"type":"if","locations":[{"start":{"line":21,"column":4},"end":{"line":23,"column":5}},{"start":{"line":21,"column":4},"end":{"line":23,"column":5}}],"line":21}},"s":{"0":5,"1":5,"2":5,"3":5,"4":5,"5":5,"6":5,"7":4,"8":5,"9":5,"10":5,"11":1,"12":4,"13":1,"14":3,"15":2,"16":2,"17":2,"18":1},"f":{"0":5,"1":5},"b":{"0":[1,4],"1":[1,3]},"_coverageSchema":"332fd63041d2c1bcb487cc26dd0d5f7d97098a6c","hash":"99f1b49c96e0189cd232c619ed52dac8b04734f0"}
,"/Users/thomas/Desktop/abide-master/packages/process.mock/index.js": {"path":"/Users/thomas/Desktop/abide-master/packages/process.mock/index.js","statementMap":{"0":{"start":{"line":8,"column":23},"end":{"line":8,"column":65}},"1":{"start":{"line":9,"column":2},"end":{"line":14,"column":4}},"2":{"start":{"line":15,"column":2},"end":{"line":15,"column":23}},"3":{"start":{"line":18,"column":29},"end":{"line":29,"column":1}},"4":{"start":{"line":19,"column":14},"end":{"line":21,"column":3}},"5":{"start":{"line":20,"column":4},"end":{"line":20,"column":17}},"6":{"start":{"line":22,"column":13},"end":{"line":22,"column":18}},"7":{"start":{"line":23,"column":19},"end":{"line":27,"column":3}},"8":{"start":{"line":25,"column":19},"end":{"line":25,"column":34}},"9":{"start":{"line":26,"column":4},"end":{"line":26,"column":25}},"10":{"start":{"line":28,"column":2},"end":{"line":28,"column":17}},"11":{"start":{"line":31,"column":31},"end":{"line":34,"column":1}},"12":{"start":{"line":32,"column":38},"end":{"line":32,"column":45}},"13":{"start":{"line":33,"column":2},"end":{"line":33,"column":36}},"14":{"start":{"line":36,"column":28},"end":{"line":41,"column":1}},"15":{"start":{"line":37,"column":2},"end":{"line":37,"column":42}},"16":{"start":{"line":38,"column":2},"end":{"line":38,"column":44}},"17":{"start":{"line":39,"column":2},"end":{"line":39,"column":21}},"18":{"start":{"line":40,"column":2},"end":{"line":40,"column":21}},"19":{"start":{"line":43,"column":32},"end":{"line":50,"column":1}},"20":{"start":{"line":44,"column":2},"end":{"line":44,"column":54}},"21":{"start":{"line":45,"column":2},"end":{"line":45,"column":44}},"22":{"start":{"line":46,"column":2},"end":{"line":46,"column":45}},"23":{"start":{"line":47,"column":2},"end":{"line":47,"column":28}},"24":{"start":{"line":48,"column":2},"end":{"line":48,"column":36}},"25":{"start":{"line":49,"column":2},"end":{"line":49,"column":16}},"26":{"start":{"line":52,"column":27},"end":{"line":61,"column":1}},"27":{"start":{"line":53,"column":18},"end":{"line":53,"column":29}},"28":{"start":{"line":54,"column":2},"end":{"line":54,"column":36}},"29":{"start":{"line":55,"column":2},"end":{"line":60,"column":3}},"30":{"start":{"line":63,"column":21},"end":{"line":63,"column":41}},"31":{"start":{"line":65,"column":19},"end":{"line":67,"column":1}},"32":{"start":{"line":66,"column":2},"end":{"line":66,"column":45}}},"fnMap":{"0":{"name":"replaceProperty","decl":{"start":{"line":7,"column":16},"end":{"line":7,"column":31}},"loc":{"start":{"line":7,"column":51},"end":{"line":16,"column":1}},"line":7},"1":{"name":"(anonymous_1)","decl":{"start":{"line":18,"column":29},"end":{"line":18,"column":30}},"loc":{"start":{"line":18,"column":42},"end":{"line":29,"column":1}},"line":18},"2":{"name":"(anonymous_2)","decl":{"start":{"line":19,"column":14},"end":{"line":19,"column":15}},"loc":{"start":{"line":19,"column":28},"end":{"line":21,"column":3}},"line":19},"3":{"name":"(anonymous_3)","decl":{"start":{"line":23,"column":19},"end":{"line":23,"column":20}},"loc":{"start":{"line":23,"column":29},"end":{"line":27,"column":3}},"line":23},"4":{"name":"(anonymous_4)","decl":{"start":{"line":31,"column":31},"end":{"line":31,"column":32}},"loc":{"start":{"line":31,"column":37},"end":{"line":34,"column":1}},"line":31},"5":{"name":"(anonymous_5)","decl":{"start":{"line":36,"column":28},"end":{"line":36,"column":29}},"loc":{"start":{"line":36,"column":61},"end":{"line":41,"column":1}},"line":36},"6":{"name":"(anonymous_6)","decl":{"start":{"line":43,"column":32},"end":{"line":43,"column":33}},"loc":{"start":{"line":43,"column":50},"end":{"line":50,"column":1}},"line":43},"7":{"name":"(anonymous_7)","decl":{"start":{"line":52,"column":27},"end":{"line":52,"column":28}},"loc":{"start":{"line":52,"column":70},"end":{"line":61,"column":1}},"line":52},"8":{"name":"(anonymous_8)","decl":{"start":{"line":65,"column":19},"end":{"line":65,"column":20}},"loc":{"start":{"line":65,"column":32},"end":{"line":67,"column":1}},"line":65}},"branchMap":{"0":{"loc":{"start":{"line":12,"column":14},"end":{"line":12,"column":68}},"type":"binary-expr","locations":[{"start":{"line":12,"column":14},"end":{"line":12,"column":37}},{"start":{"line":12,"column":41},"end":{"line":12,"column":68}}],"line":12},"1":{"loc":{"start":{"line":26,"column":11},"end":{"line":26,"column":25}},"type":"binary-expr","locations":[{"start":{"line":26,"column":11},"end":{"line":26,"column":17}},{"start":{"line":26,"column":21},"end":{"line":26,"column":25}}],"line":26},"2":{"loc":{"start":{"line":52,"column":42},"end":{"line":52,"column":65}},"type":"default-arg","locations":[{"start":{"line":52,"column":53},"end":{"line":52,"column":65}}],"line":52}},"s":{"0":34,"1":34,"2":34,"3":1,"4":12,"5":5,"6":12,"7":12,"8":9,"9":9,"10":12,"11":1,"12":1,"13":1,"14":1,"15":12,"16":12,"17":12,"18":12,"19":1,"20":10,"21":10,"22":10,"23":10,"24":10,"25":10,"26":1,"27":2,"28":2,"29":2,"30":1,"31":1,"32":1},"f":{"0":34,"1":12,"2":5,"3":9,"4":1,"5":12,"6":10,"7":2,"8":1},"b":{"0":[34,34],"1":[9,5],"2":[1]},"_coverageSchema":"332fd63041d2c1bcb487cc26dd0d5f7d97098a6c","hash":"75d3b33ea2b545c79ac01bf95c62acaee3b69ce3"}
}
