TN:
SF:/Users/thomas/Desktop/abide-master/packages/process.mock/example-process-stdin-data.js
FN:11,(anonymous_0)
FN:14,(anonymous_1)
FNF:2
FNH:2
FNDA:5,(anonymous_0)
FNDA:5,(anonymous_1)
DA:3,5
DA:6,5
DA:7,5
DA:9,5
DA:10,5
DA:11,5
DA:12,5
DA:14,5
DA:15,5
DA:16,5
DA:17,1
DA:19,4
DA:20,1
DA:22,3
DA:23,2
DA:24,2
DA:25,2
DA:27,1
LF:18
LH:18
BRDA:16,0,0,1
BRDA:16,0,1,4
BRDA:19,1,0,1
BRDA:19,1,1,3
BRF:4
BRH:4
end_of_record
TN:
SF:/Users/thomas/Desktop/abide-master/packages/process.mock/example-process-stdin-readable.js
FN:10,(anonymous_0)
FN:16,(anonymous_1)
FNF:2
FNH:2
FNDA:5,(anonymous_0)
FNDA:5,(anonymous_1)
DA:3,5
DA:6,5
DA:7,5
DA:8,5
DA:9,5
DA:10,5
DA:12,5
DA:13,4
DA:16,5
DA:17,5
DA:18,5
DA:19,1
DA:21,4
DA:22,1
DA:24,3
DA:25,2
DA:26,2
DA:27,2
DA:29,1
LF:19
LH:19
BRDA:18,0,0,1
BRDA:18,0,1,4
BRDA:21,1,0,1
BRDA:21,1,1,3
BRF:4
BRH:4
end_of_record
TN:
SF:/Users/thomas/Desktop/abide-master/packages/process.mock/index.js
FN:7,replaceProperty
FN:18,(anonymous_1)
FN:19,(anonymous_2)
FN:23,(anonymous_3)
FN:31,(anonymous_4)
FN:36,(anonymous_5)
FN:43,(anonymous_6)
FN:52,(anonymous_7)
FN:65,(anonymous_8)
FNF:9
FNH:9
FNDA:34,replaceProperty
FNDA:12,(anonymous_1)
FNDA:5,(anonymous_2)
FNDA:9,(anonymous_3)
FNDA:1,(anonymous_4)
FNDA:12,(anonymous_5)
FNDA:10,(anonymous_6)
FNDA:2,(anonymous_7)
FNDA:1,(anonymous_8)
DA:8,34
DA:9,34
DA:15,34
DA:18,1
DA:19,12
DA:20,5
DA:22,12
DA:23,12
DA:25,9
DA:26,9
DA:28,12
DA:31,1
DA:32,1
DA:33,1
DA:36,1
DA:37,12
DA:38,12
DA:39,12
DA:40,12
DA:43,1
DA:44,10
DA:45,10
DA:46,10
DA:47,10
DA:48,10
DA:49,10
DA:52,1
DA:53,2
DA:54,2
DA:55,2
DA:63,1
DA:65,1
DA:66,1
LF:33
LH:33
BRDA:12,0,0,34
BRDA:12,0,1,34
BRDA:26,1,0,9
BRDA:26,1,1,5
BRDA:52,2,0,1
BRF:5
BRH:5
end_of_record
