<?xml version="1.0" encoding="UTF-8"?>
<coverage generated="1529238756296" clover="3.2.0">
  <project timestamp="1529238756296" name="All files">
    <metrics statements="960" coveredstatements="960" conditionals="544" coveredconditionals="544" methods="338" coveredmethods="338" elements="1842" coveredelements="1842" complexity="0" loc="960" ncloc="960" packages="54" files="54" classes="54">
      <package name="command">
        <metrics statements="5" coveredstatements="5" conditionals="3" coveredconditionals="3" methods="1" coveredmethods="1"/>
        <file name="index.js" path="/Users/thomas/Desktop/github.com/reggi/abide/packages/command/index.js">
          <metrics statements="5" coveredstatements="5" conditionals="3" coveredconditionals="3" methods="1" coveredmethods="1"/>
          <line num="1" count="15" type="cond" truecount="1" falsecount="0"/>
          <line num="2" count="25" type="cond" truecount="2" falsecount="0"/>
          <line num="3" count="3" type="stmt"/>
          <line num="5" count="22" type="stmt"/>
          <line num="9" count="15" type="stmt"/>
        </file>
      </package>
      <package name="command-plus">
        <metrics statements="19" coveredstatements="19" conditionals="9" coveredconditionals="9" methods="3" coveredmethods="3"/>
        <file name="index.js" path="/Users/thomas/Desktop/github.com/reggi/abide/packages/command-plus/index.js">
          <metrics statements="19" coveredstatements="19" conditionals="9" coveredconditionals="9" methods="3" coveredmethods="3"/>
          <line num="3" count="1" type="stmt"/>
          <line num="4" count="7" type="stmt"/>
          <line num="5" count="7" type="stmt"/>
          <line num="6" count="7" type="stmt"/>
          <line num="7" count="6" type="cond" truecount="2" falsecount="0"/>
          <line num="8" count="1" type="stmt"/>
          <line num="9" count="5" type="cond" truecount="2" falsecount="0"/>
          <line num="10" count="1" type="stmt"/>
          <line num="11" count="4" type="cond" truecount="4" falsecount="0"/>
          <line num="12" count="3" type="stmt"/>
          <line num="13" count="3" type="stmt"/>
          <line num="15" count="1" type="stmt"/>
          <line num="16" count="1" type="stmt"/>
          <line num="19" count="1" type="stmt"/>
          <line num="20" count="1" type="stmt"/>
          <line num="21" count="1" type="stmt"/>
          <line num="25" count="1" type="cond" truecount="1" falsecount="0"/>
          <line num="26" count="2" type="stmt"/>
          <line num="27" count="2" type="stmt"/>
        </file>
      </package>
      <package name="dep-merge">
        <metrics statements="30" coveredstatements="30" conditionals="11" coveredconditionals="11" methods="29" coveredmethods="29"/>
        <file name="index.js" path="/Users/thomas/Desktop/github.com/reggi/abide/packages/dep-merge/index.js">
          <metrics statements="30" coveredstatements="30" conditionals="11" coveredconditionals="11" methods="29" coveredmethods="29"/>
          <line num="7" count="1" type="stmt"/>
          <line num="8" count="1" type="stmt"/>
          <line num="9" count="7" type="stmt"/>
          <line num="10" count="7" type="cond" truecount="2" falsecount="0"/>
          <line num="11" count="3" type="stmt"/>
          <line num="20" count="5" type="stmt"/>
          <line num="21" count="5" type="stmt"/>
          <line num="22" count="5" type="stmt"/>
          <line num="23" count="5" type="cond" truecount="2" falsecount="0"/>
          <line num="24" count="5" type="stmt"/>
          <line num="25" count="5" type="stmt"/>
          <line num="26" count="3" type="stmt"/>
          <line num="28" count="3" type="stmt"/>
          <line num="29" count="3" type="stmt"/>
          <line num="31" count="3" type="stmt"/>
          <line num="32" count="3" type="stmt"/>
          <line num="34" count="3" type="stmt"/>
          <line num="38" count="2" type="stmt"/>
          <line num="39" count="2" type="stmt"/>
          <line num="40" count="2" type="stmt"/>
          <line num="41" count="2" type="cond" truecount="2" falsecount="0"/>
          <line num="42" count="2" type="stmt"/>
          <line num="43" count="2" type="stmt"/>
          <line num="44" count="2" type="stmt"/>
          <line num="45" count="2" type="stmt"/>
          <line num="46" count="2" type="cond" truecount="2" falsecount="0"/>
          <line num="47" count="2" type="cond" truecount="3" falsecount="0"/>
          <line num="48" count="2" type="stmt"/>
          <line num="49" count="2" type="stmt"/>
          <line num="50" count="2" type="stmt"/>
        </file>
      </package>
      <package name="dep-merge-cli">
        <metrics statements="41" coveredstatements="41" conditionals="19" coveredconditionals="19" methods="2" coveredmethods="2"/>
        <file name="index.js" path="/Users/thomas/Desktop/github.com/reggi/abide/packages/dep-merge-cli/index.js">
          <metrics statements="41" coveredstatements="41" conditionals="19" coveredconditionals="19" methods="2" coveredmethods="2"/>
          <line num="7" count="1" type="stmt"/>
          <line num="9" count="13" type="stmt"/>
          <line num="21" count="13" type="stmt"/>
          <line num="22" count="13" type="stmt"/>
          <line num="23" count="13" type="stmt"/>
          <line num="24" count="13" type="cond" truecount="2" falsecount="0"/>
          <line num="25" count="1" type="stmt"/>
          <line num="26" count="1" type="stmt"/>
          <line num="27" count="1" type="stmt"/>
          <line num="28" count="12" type="cond" truecount="2" falsecount="0"/>
          <line num="29" count="1" type="stmt"/>
          <line num="30" count="1" type="stmt"/>
          <line num="31" count="1" type="stmt"/>
          <line num="32" count="1" type="stmt"/>
          <line num="33" count="11" type="cond" truecount="5" falsecount="0"/>
          <line num="34" count="2" type="stmt"/>
          <line num="35" count="2" type="stmt"/>
          <line num="36" count="2" type="stmt"/>
          <line num="37" count="9" type="cond" truecount="2" falsecount="0"/>
          <line num="38" count="3" type="stmt"/>
          <line num="39" count="3" type="stmt"/>
          <line num="40" count="3" type="stmt"/>
          <line num="41" count="2" type="stmt"/>
          <line num="42" count="2" type="cond" truecount="2" falsecount="0"/>
          <line num="43" count="2" type="stmt"/>
          <line num="45" count="1" type="stmt"/>
          <line num="46" count="1" type="stmt"/>
          <line num="47" count="1" type="stmt"/>
          <line num="49" count="6" type="cond" truecount="2" falsecount="0"/>
          <line num="50" count="3" type="stmt"/>
          <line num="51" count="3" type="stmt"/>
          <line num="52" count="3" type="stmt"/>
          <line num="53" count="2" type="stmt"/>
          <line num="54" count="2" type="cond" truecount="2" falsecount="0"/>
          <line num="55" count="2" type="stmt"/>
          <line num="57" count="1" type="stmt"/>
          <line num="58" count="1" type="stmt"/>
          <line num="59" count="1" type="stmt"/>
          <line num="62" count="3" type="stmt"/>
          <line num="63" count="3" type="cond" truecount="2" falsecount="0"/>
          <line num="64" count="3" type="stmt"/>
        </file>
      </package>
      <package name="dep-pointer">
        <metrics statements="52" coveredstatements="52" conditionals="23" coveredconditionals="23" methods="11" coveredmethods="11"/>
        <file name="index.js" path="/Users/thomas/Desktop/github.com/reggi/abide/packages/dep-pointer/index.js">
          <metrics statements="52" coveredstatements="52" conditionals="23" coveredconditionals="23" methods="11" coveredmethods="11"/>
          <line num="12" count="1" type="stmt"/>
          <line num="13" count="8" type="stmt"/>
          <line num="14" count="8" type="stmt"/>
          <line num="15" count="8" type="stmt"/>
          <line num="18" count="1" type="stmt"/>
          <line num="19" count="8" type="stmt"/>
          <line num="20" count="8" type="stmt"/>
          <line num="21" count="8" type="stmt"/>
          <line num="22" count="8" type="stmt"/>
          <line num="23" count="8" type="stmt"/>
          <line num="24" count="8" type="stmt"/>
          <line num="25" count="8" type="cond" truecount="2" falsecount="0"/>
          <line num="26" count="8" type="stmt"/>
          <line num="34" count="8" type="stmt"/>
          <line num="37" count="1" type="stmt"/>
          <line num="38" count="6" type="stmt"/>
          <line num="39" count="6" type="stmt"/>
          <line num="40" count="6" type="stmt"/>
          <line num="41" count="5" type="stmt"/>
          <line num="42" count="5" type="stmt"/>
          <line num="44" count="1" type="stmt"/>
          <line num="49" count="1" type="stmt"/>
          <line num="50" count="12" type="stmt"/>
          <line num="51" count="12" type="stmt"/>
          <line num="52" count="14" type="stmt"/>
          <line num="53" count="14" type="stmt"/>
          <line num="55" count="12" type="stmt"/>
          <line num="58" count="1" type="stmt"/>
          <line num="59" count="11" type="stmt"/>
          <line num="62" count="1" type="stmt"/>
          <line num="63" count="8" type="cond" truecount="2" falsecount="0"/>
          <line num="64" count="18" type="stmt"/>
          <line num="65" count="6" type="stmt"/>
          <line num="67" count="2" type="stmt"/>
          <line num="68" count="8" type="stmt"/>
          <line num="73" count="1" type="cond" truecount="3" falsecount="0"/>
          <line num="74" count="9" type="cond" truecount="5" falsecount="0"/>
          <line num="75" count="9" type="cond" truecount="5" falsecount="0"/>
          <line num="76" count="8" type="stmt"/>
          <line num="77" count="8" type="cond" truecount="2" falsecount="0"/>
          <line num="78" count="8" type="cond" truecount="2" falsecount="0"/>
          <line num="79" count="2" type="stmt"/>
          <line num="80" count="2" type="stmt"/>
          <line num="81" count="2" type="stmt"/>
          <line num="82" count="2" type="stmt"/>
          <line num="83" count="1" type="stmt"/>
          <line num="84" count="1" type="stmt"/>
          <line num="86" count="1" type="stmt"/>
          <line num="90" count="6" type="stmt"/>
          <line num="91" count="12" type="cond" truecount="2" falsecount="0"/>
          <line num="92" count="12" type="stmt"/>
          <line num="95" count="7" type="stmt"/>
        </file>
      </package>
      <package name="dep-pointer-cli">
        <metrics statements="23" coveredstatements="23" conditionals="6" coveredconditionals="6" methods="2" coveredmethods="2"/>
        <file name="index.js" path="/Users/thomas/Desktop/github.com/reggi/abide/packages/dep-pointer-cli/index.js">
          <metrics statements="23" coveredstatements="23" conditionals="6" coveredconditionals="6" methods="2" coveredmethods="2"/>
          <line num="7" count="1" type="stmt"/>
          <line num="9" count="3" type="stmt"/>
          <line num="24" count="3" type="stmt"/>
          <line num="25" count="3" type="stmt"/>
          <line num="26" count="3" type="stmt"/>
          <line num="27" count="3" type="cond" truecount="2" falsecount="0"/>
          <line num="28" count="1" type="stmt"/>
          <line num="29" count="1" type="stmt"/>
          <line num="30" count="1" type="stmt"/>
          <line num="31" count="2" type="cond" truecount="2" falsecount="0"/>
          <line num="32" count="1" type="stmt"/>
          <line num="33" count="1" type="stmt"/>
          <line num="34" count="1" type="stmt"/>
          <line num="35" count="1" type="stmt"/>
          <line num="37" count="1" type="stmt"/>
          <line num="38" count="1" type="stmt"/>
          <line num="39" count="1" type="stmt"/>
          <line num="40" count="1" type="stmt"/>
          <line num="41" count="1" type="stmt"/>
          <line num="42" count="1" type="stmt"/>
          <line num="43" count="1" type="cond" truecount="2" falsecount="0"/>
          <line num="44" count="1" type="stmt"/>
          <line num="45" count="1" type="stmt"/>
        </file>
      </package>
      <package name="gitpkg.traverse-up">
        <metrics statements="18" coveredstatements="18" conditionals="14" coveredconditionals="14" methods="3" coveredmethods="3"/>
        <file name="index.js" path="/Users/thomas/Desktop/github.com/reggi/abide/packages/gitpkg.traverse-up/index.js">
          <metrics statements="18" coveredstatements="18" conditionals="14" coveredconditionals="14" methods="3" coveredmethods="3"/>
          <line num="5" count="1" type="stmt"/>
          <line num="6" count="5" type="stmt"/>
          <line num="7" count="5" type="stmt"/>
          <line num="8" count="4" type="cond" truecount="2" falsecount="0"/>
          <line num="9" count="3" type="cond" truecount="2" falsecount="0"/>
          <line num="10" count="1" type="stmt"/>
          <line num="12" count="1" type="stmt"/>
          <line num="16" count="1" type="stmt"/>
          <line num="17" count="19" type="cond" truecount="2" falsecount="0"/>
          <line num="18" count="17" type="cond" truecount="2" falsecount="0"/>
          <line num="19" count="17" type="stmt"/>
          <line num="20" count="17" type="stmt"/>
          <line num="21" count="17" type="cond" truecount="2" falsecount="0"/>
          <line num="22" count="4" type="stmt"/>
          <line num="23" count="4" type="stmt"/>
          <line num="24" count="4" type="cond" truecount="4" falsecount="0"/>
          <line num="26" count="14" type="stmt"/>
          <line num="27" count="14" type="stmt"/>
        </file>
      </package>
      <package name="gitpkg.upsert">
        <metrics statements="10" coveredstatements="10" conditionals="4" coveredconditionals="4" methods="12" coveredmethods="12"/>
        <file name="index.js" path="/Users/thomas/Desktop/github.com/reggi/abide/packages/gitpkg.upsert/index.js">
          <metrics statements="10" coveredstatements="10" conditionals="4" coveredconditionals="4" methods="12" coveredmethods="12"/>
          <line num="4" count="11" type="stmt"/>
          <line num="5" count="5" type="stmt"/>
          <line num="7" count="6" type="stmt"/>
          <line num="8" count="6" type="stmt"/>
          <line num="9" count="6" type="cond" truecount="2" falsecount="0"/>
          <line num="10" count="11" type="stmt"/>
          <line num="11" count="6" type="stmt"/>
          <line num="12" count="6" type="stmt"/>
          <line num="13" count="6" type="stmt"/>
          <line num="14" count="6" type="cond" truecount="2" falsecount="0"/>
        </file>
      </package>
      <package name="help">
        <metrics statements="82" coveredstatements="82" conditionals="40" coveredconditionals="40" methods="40" coveredmethods="40"/>
        <file name="index.js" path="/Users/thomas/Desktop/github.com/reggi/abide/packages/help/index.js">
          <metrics statements="82" coveredstatements="82" conditionals="40" coveredconditionals="40" methods="40" coveredmethods="40"/>
          <line num="5" count="21" type="stmt"/>
          <line num="6" count="21" type="stmt"/>
          <line num="7" count="21" type="stmt"/>
          <line num="8" count="21" type="stmt"/>
          <line num="9" count="21" type="stmt"/>
          <line num="10" count="21" type="stmt"/>
          <line num="11" count="21" type="stmt"/>
          <line num="12" count="21" type="stmt"/>
          <line num="13" count="21" type="stmt"/>
          <line num="14" count="21" type="stmt"/>
          <line num="17" count="6" type="stmt"/>
          <line num="18" count="10" type="cond" truecount="4" falsecount="0"/>
          <line num="19" count="2" type="stmt"/>
          <line num="20" count="2" type="cond" truecount="2" falsecount="0"/>
          <line num="21" count="1" type="stmt"/>
          <line num="24" count="7" type="stmt"/>
          <line num="25" count="11" type="cond" truecount="2" falsecount="0"/>
          <line num="26" count="11" type="stmt"/>
          <line num="29" count="1" type="stmt"/>
          <line num="31" count="1" type="stmt"/>
          <line num="32" count="8" type="stmt"/>
          <line num="33" count="8" type="stmt"/>
          <line num="36" count="1" type="stmt"/>
          <line num="43" count="8" type="stmt"/>
          <line num="46" count="1" type="stmt"/>
          <line num="47" count="31" type="stmt"/>
          <line num="50" count="1" type="stmt"/>
          <line num="51" count="32" type="stmt"/>
          <line num="52" count="32" type="stmt"/>
          <line num="53" count="32" type="stmt"/>
          <line num="54" count="32" type="cond" truecount="2" falsecount="0"/>
          <line num="55" count="32" type="cond" truecount="2" falsecount="0"/>
          <line num="56" count="31" type="cond" truecount="4" falsecount="0"/>
          <line num="57" count="22" type="cond" truecount="4" falsecount="0"/>
          <line num="58" count="16" type="cond" truecount="4" falsecount="0"/>
          <line num="59" count="7" type="cond" truecount="4" falsecount="0"/>
          <line num="60" count="1" type="stmt"/>
          <line num="65" count="11" type="stmt"/>
          <line num="66" count="11" type="stmt"/>
          <line num="67" count="11" type="stmt"/>
          <line num="68" count="11" type="stmt"/>
          <line num="69" count="11" type="stmt"/>
          <line num="72" count="1" type="stmt"/>
          <line num="73" count="8" type="stmt"/>
          <line num="74" count="1" type="stmt"/>
          <line num="77" count="10" type="stmt"/>
          <line num="78" count="10" type="stmt"/>
          <line num="81" count="10" type="stmt"/>
          <line num="82" count="10" type="stmt"/>
          <line num="85" count="1" type="stmt"/>
          <line num="86" count="1" type="stmt"/>
          <line num="89" count="17" type="stmt"/>
          <line num="90" count="17" type="stmt"/>
          <line num="94" count="10" type="stmt"/>
          <line num="95" count="17" type="stmt"/>
          <line num="96" count="32" type="stmt"/>
          <line num="97" count="32" type="stmt"/>
          <line num="99" count="10" type="stmt"/>
          <line num="100" count="32" type="stmt"/>
          <line num="101" count="31" type="stmt"/>
          <line num="105" count="10" type="stmt"/>
          <line num="108" count="10" type="stmt"/>
          <line num="109" count="37" type="stmt"/>
          <line num="110" count="16" type="cond" truecount="6" falsecount="0"/>
          <line num="111" count="1" type="stmt"/>
          <line num="116" count="9" type="stmt"/>
          <line num="117" count="30" type="stmt"/>
          <line num="119" count="30" type="stmt"/>
          <line num="120" count="30" type="cond" truecount="2" falsecount="0"/>
          <line num="121" count="8" type="stmt"/>
          <line num="122" count="22" type="cond" truecount="2" falsecount="0"/>
          <line num="123" count="2" type="stmt"/>
          <line num="124" count="20" type="cond" truecount="2" falsecount="0"/>
          <line num="125" count="10" type="stmt"/>
          <line num="126" count="19" type="stmt"/>
          <line num="129" count="10" type="stmt"/>
          <line num="133" count="18" type="stmt"/>
          <line num="136" count="8" type="stmt"/>
          <line num="137" count="8" type="stmt"/>
          <line num="138" count="8" type="stmt"/>
          <line num="139" count="8" type="stmt"/>
          <line num="143" count="11" type="stmt"/>
        </file>
      </package>
      <package name="help.filter-until">
        <metrics statements="8" coveredstatements="8" conditionals="7" coveredconditionals="7" methods="3" coveredmethods="3"/>
        <file name="index.js" path="/Users/thomas/Desktop/github.com/reggi/abide/packages/help.filter-until/index.js">
          <metrics statements="8" coveredstatements="8" conditionals="7" coveredconditionals="7" methods="3" coveredmethods="3"/>
          <line num="3" count="7" type="cond" truecount="1" falsecount="0"/>
          <line num="4" count="3" type="stmt"/>
          <line num="5" count="3" type="stmt"/>
          <line num="6" count="18" type="cond" truecount="2" falsecount="0"/>
          <line num="7" count="15" type="stmt"/>
          <line num="8" count="15" type="cond" truecount="2" falsecount="0"/>
          <line num="9" count="15" type="cond" truecount="2" falsecount="0"/>
          <line num="10" count="13" type="stmt"/>
        </file>
      </package>
      <package name="help.parse-argv">
        <metrics statements="131" coveredstatements="131" conditionals="78" coveredconditionals="78" methods="58" coveredmethods="58"/>
        <file name="index.js" path="/Users/thomas/Desktop/github.com/reggi/abide/packages/help.parse-argv/index.js">
          <metrics statements="131" coveredstatements="131" conditionals="78" coveredconditionals="78" methods="58" coveredmethods="58"/>
          <line num="5" count="1" type="stmt"/>
          <line num="6" count="1" type="stmt"/>
          <line num="7" count="1" type="stmt"/>
          <line num="8" count="1" type="stmt"/>
          <line num="9" count="1" type="stmt"/>
          <line num="10" count="1" type="stmt"/>
          <line num="11" count="1" type="stmt"/>
          <line num="12" count="1" type="stmt"/>
          <line num="13" count="1" type="stmt"/>
          <line num="15" count="1" type="stmt"/>
          <line num="16" count="167" type="stmt"/>
          <line num="17" count="167" type="cond" truecount="5" falsecount="0"/>
          <line num="18" count="167" type="cond" truecount="5" falsecount="0"/>
          <line num="19" count="167" type="cond" truecount="2" falsecount="0"/>
          <line num="20" count="167" type="cond" truecount="2" falsecount="0"/>
          <line num="21" count="57" type="stmt"/>
          <line num="22" count="57" type="stmt"/>
          <line num="25" count="22" type="stmt"/>
          <line num="26" count="14" type="stmt"/>
          <line num="27" count="17" type="stmt"/>
          <line num="28" count="17" type="stmt"/>
          <line num="29" count="49" type="stmt"/>
          <line num="30" count="22" type="stmt"/>
          <line num="31" count="26" type="stmt"/>
          <line num="33" count="59" type="stmt"/>
          <line num="34" count="59" type="cond" truecount="2" falsecount="0"/>
          <line num="35" count="39" type="stmt"/>
          <line num="36" count="39" type="cond" truecount="2" falsecount="0"/>
          <line num="37" count="16" type="stmt"/>
          <line num="38" count="16" type="stmt"/>
          <line num="41" count="26" type="stmt"/>
          <line num="42" count="26" type="cond" truecount="2" falsecount="0"/>
          <line num="43" count="16" type="stmt"/>
          <line num="44" count="16" type="cond" truecount="2" falsecount="0"/>
          <line num="45" count="3" type="stmt"/>
          <line num="46" count="3" type="cond" truecount="2" falsecount="0"/>
          <line num="47" count="1" type="stmt"/>
          <line num="48" count="1" type="stmt"/>
          <line num="51" count="27" type="stmt"/>
          <line num="52" count="27" type="cond" truecount="2" falsecount="0"/>
          <line num="53" count="17" type="stmt"/>
          <line num="54" count="17" type="cond" truecount="2" falsecount="0"/>
          <line num="55" count="4" type="cond" truecount="2" falsecount="0"/>
          <line num="56" count="3" type="stmt"/>
          <line num="57" count="3" type="cond" truecount="2" falsecount="0"/>
          <line num="58" count="1" type="stmt"/>
          <line num="59" count="1" type="stmt"/>
          <line num="60" count="1" type="stmt"/>
          <line num="63" count="10" type="stmt"/>
          <line num="64" count="5" type="cond" truecount="2" falsecount="0"/>
          <line num="65" count="4" type="stmt"/>
          <line num="66" count="4" type="cond" truecount="2" falsecount="0"/>
          <line num="67" count="3" type="cond" truecount="2" falsecount="0"/>
          <line num="68" count="2" type="stmt"/>
          <line num="69" count="3" type="stmt"/>
          <line num="70" count="2" type="cond" truecount="2" falsecount="0"/>
          <line num="71" count="2" type="stmt"/>
          <line num="72" count="1" type="stmt"/>
          <line num="73" count="1" type="stmt"/>
          <line num="74" count="2" type="stmt"/>
          <line num="76" count="1" type="stmt"/>
          <line num="79" count="25" type="stmt"/>
          <line num="80" count="25" type="cond" truecount="2" falsecount="0"/>
          <line num="81" count="12" type="stmt"/>
          <line num="82" count="12" type="cond" truecount="2" falsecount="0"/>
          <line num="83" count="7" type="stmt"/>
          <line num="84" count="22" type="stmt"/>
          <line num="87" count="27" type="stmt"/>
          <line num="88" count="27" type="cond" truecount="2" falsecount="0"/>
          <line num="89" count="17" type="stmt"/>
          <line num="90" count="17" type="cond" truecount="2" falsecount="0"/>
          <line num="91" count="1" type="stmt"/>
          <line num="92" count="1" type="stmt"/>
          <line num="95" count="28" type="stmt"/>
          <line num="96" count="28" type="cond" truecount="2" falsecount="0"/>
          <line num="97" count="21" type="stmt"/>
          <line num="98" count="21" type="cond" truecount="2" falsecount="0"/>
          <line num="99" count="5" type="stmt"/>
          <line num="100" count="5" type="cond" truecount="2" falsecount="0"/>
          <line num="101" count="8" type="stmt"/>
          <line num="102" count="4" type="stmt"/>
          <line num="103" count="4" type="stmt"/>
          <line num="104" count="8" type="stmt"/>
          <line num="106" count="4" type="stmt"/>
          <line num="109" count="1" type="stmt"/>
          <line num="135" count="1" type="stmt"/>
          <line num="136" count="33" type="stmt"/>
          <line num="138" count="59" type="cond" truecount="4" falsecount="0"/>
          <line num="140" count="1" type="stmt"/>
          <line num="141" count="13" type="stmt"/>
          <line num="143" count="12" type="stmt"/>
          <line num="145" count="12" type="cond" truecount="2" falsecount="0"/>
          <line num="146" count="11" type="stmt"/>
          <line num="148" count="1" type="stmt"/>
          <line num="156" count="1" type="stmt"/>
          <line num="157" count="12" type="stmt"/>
          <line num="160" count="71" type="stmt"/>
          <line num="162" count="155" type="stmt"/>
          <line num="163" count="155" type="stmt"/>
          <line num="164" count="155" type="stmt"/>
          <line num="167" count="155" type="stmt"/>
          <line num="170" count="71" type="stmt"/>
          <line num="174" count="13" type="stmt"/>
          <line num="179" count="22" type="stmt"/>
          <line num="180" count="22" type="stmt"/>
          <line num="181" count="22" type="stmt"/>
          <line num="182" count="12" type="cond" truecount="4" falsecount="0"/>
          <line num="183" count="9" type="stmt"/>
          <line num="184" count="9" type="stmt"/>
          <line num="186" count="12" type="cond" truecount="2" falsecount="0"/>
          <line num="187" count="3" type="stmt"/>
          <line num="189" count="12" type="cond" truecount="4" falsecount="0"/>
          <line num="190" count="9" type="stmt"/>
          <line num="193" count="22" type="stmt"/>
          <line num="196" count="1" type="stmt"/>
          <line num="197" count="21" type="stmt"/>
          <line num="198" count="36" type="stmt"/>
          <line num="200" count="6" type="stmt"/>
          <line num="204" count="1" type="stmt"/>
          <line num="205" count="21" type="stmt"/>
          <line num="206" count="21" type="stmt"/>
          <line num="207" count="21" type="stmt"/>
          <line num="208" count="183" type="stmt"/>
          <line num="209" count="183" type="stmt"/>
          <line num="210" count="57" type="stmt"/>
          <line num="214" count="1" type="stmt"/>
          <line num="224" count="1" type="cond" truecount="3" falsecount="0"/>
          <line num="225" count="20" type="stmt"/>
          <line num="226" count="20" type="cond" truecount="2" falsecount="0"/>
          <line num="227" count="20" type="cond" truecount="2" falsecount="0"/>
          <line num="228" count="20" type="stmt"/>
        </file>
      </package>
      <package name="help.set-entire">
        <metrics statements="5" coveredstatements="5" conditionals="0" coveredconditionals="0" methods="2" coveredmethods="2"/>
        <file name="index.js" path="/Users/thomas/Desktop/github.com/reggi/abide/packages/help.set-entire/index.js">
          <metrics statements="5" coveredstatements="5" conditionals="0" coveredconditionals="0" methods="2" coveredmethods="2"/>
          <line num="3" count="1" type="stmt"/>
          <line num="4" count="1" type="stmt"/>
          <line num="5" count="1" type="stmt"/>
          <line num="6" count="4" type="stmt"/>
          <line num="8" count="1" type="stmt"/>
        </file>
      </package>
      <package name="help.string-argv">
        <metrics statements="4" coveredstatements="4" conditionals="0" coveredconditionals="0" methods="1" coveredmethods="1"/>
        <file name="index.js" path="/Users/thomas/Desktop/github.com/reggi/abide/packages/help.string-argv/index.js">
          <metrics statements="4" coveredstatements="4" conditionals="0" coveredconditionals="0" methods="1" coveredmethods="1"/>
          <line num="3" count="1" type="stmt"/>
          <line num="4" count="4" type="stmt"/>
          <line num="5" count="4" type="stmt"/>
          <line num="6" count="4" type="stmt"/>
        </file>
      </package>
      <package name="here">
        <metrics statements="6" coveredstatements="6" conditionals="0" coveredconditionals="0" methods="1" coveredmethods="1"/>
        <file name="index.js" path="/Users/thomas/Desktop/github.com/reggi/abide/packages/here/index.js">
          <metrics statements="6" coveredstatements="6" conditionals="0" coveredconditionals="0" methods="1" coveredmethods="1"/>
          <line num="7" count="1" type="stmt"/>
          <line num="8" count="1" type="stmt"/>
          <line num="9" count="1" type="stmt"/>
          <line num="10" count="1" type="stmt"/>
          <line num="11" count="1" type="stmt"/>
          <line num="12" count="1" type="stmt"/>
        </file>
      </package>
      <package name="journey">
        <metrics statements="26" coveredstatements="26" conditionals="11" coveredconditionals="11" methods="4" coveredmethods="4"/>
        <file name="index.js" path="/Users/thomas/Desktop/github.com/reggi/abide/packages/journey/index.js">
          <metrics statements="26" coveredstatements="26" conditionals="11" coveredconditionals="11" methods="4" coveredmethods="4"/>
          <line num="6" count="1" type="cond" truecount="1" falsecount="0"/>
          <line num="8" count="13" type="cond" truecount="2" falsecount="0"/>
          <line num="9" count="1" type="stmt"/>
          <line num="10" count="1" type="stmt"/>
          <line num="11" count="1" type="stmt"/>
          <line num="13" count="13" type="stmt"/>
          <line num="14" count="13" type="stmt"/>
          <line num="15" count="13" type="stmt"/>
          <line num="16" count="13" type="stmt"/>
          <line num="17" count="13" type="cond" truecount="2" falsecount="0"/>
          <line num="18" count="2" type="stmt"/>
          <line num="19" count="2" type="stmt"/>
          <line num="20" count="2" type="stmt"/>
          <line num="21" count="3" type="stmt"/>
          <line num="22" count="3" type="stmt"/>
          <line num="23" count="3" type="stmt"/>
          <line num="24" count="3" type="stmt"/>
          <line num="27" count="11" type="cond" truecount="2" falsecount="0"/>
          <line num="28" count="10" type="stmt"/>
          <line num="29" count="9" type="cond" truecount="2" falsecount="0"/>
          <line num="30" count="5" type="cond" truecount="2" falsecount="0"/>
          <line num="31" count="4" type="stmt"/>
          <line num="34" count="11" type="stmt"/>
          <line num="35" count="20" type="stmt"/>
          <line num="36" count="20" type="stmt"/>
          <line num="38" count="11" type="stmt"/>
        </file>
      </package>
      <package name="journey.coerce-to-array">
        <metrics statements="1" coveredstatements="1" conditionals="2" coveredconditionals="2" methods="1" coveredmethods="1"/>
        <file name="index.js" path="/Users/thomas/Desktop/github.com/reggi/abide/packages/journey.coerce-to-array/index.js">
          <metrics statements="1" coveredstatements="1" conditionals="2" coveredconditionals="2" methods="1" coveredmethods="1"/>
          <line num="2" count="4" type="cond" truecount="2" falsecount="0"/>
        </file>
      </package>
      <package name="journey.coerce-to-plain-object">
        <metrics statements="1" coveredstatements="1" conditionals="2" coveredconditionals="2" methods="1" coveredmethods="1"/>
        <file name="index.js" path="/Users/thomas/Desktop/github.com/reggi/abide/packages/journey.coerce-to-plain-object/index.js">
          <metrics statements="1" coveredstatements="1" conditionals="2" coveredconditionals="2" methods="1" coveredmethods="1"/>
          <line num="2" count="4" type="cond" truecount="2" falsecount="0"/>
        </file>
      </package>
      <package name="journey.fn-free">
        <metrics statements="12" coveredstatements="12" conditionals="7" coveredconditionals="7" methods="3" coveredmethods="3"/>
        <file name="index.js" path="/Users/thomas/Desktop/github.com/reggi/abide/packages/journey.fn-free/index.js">
          <metrics statements="12" coveredstatements="12" conditionals="7" coveredconditionals="7" methods="3" coveredmethods="3"/>
          <line num="3" count="1" type="stmt"/>
          <line num="4" count="1" type="stmt"/>
          <line num="6" count="1" type="cond" truecount="1" falsecount="0"/>
          <line num="7" count="5" type="cond" truecount="2" falsecount="0"/>
          <line num="8" count="4" type="cond" truecount="2" falsecount="0"/>
          <line num="9" count="3" type="stmt"/>
          <line num="10" count="3" type="stmt"/>
          <line num="11" count="3" type="cond" truecount="2" falsecount="0"/>
          <line num="12" count="2" type="stmt"/>
          <line num="14" count="3" type="stmt"/>
          <line num="15" count="2" type="stmt"/>
          <line num="17" count="3" type="stmt"/>
        </file>
      </package>
      <package name="journey.fn-reduce">
        <metrics statements="14" coveredstatements="14" conditionals="5" coveredconditionals="5" methods="9" coveredmethods="9"/>
        <file name="index.js" path="/Users/thomas/Desktop/github.com/reggi/abide/packages/journey.fn-reduce/index.js">
          <metrics statements="14" coveredstatements="14" conditionals="5" coveredconditionals="5" methods="9" coveredmethods="9"/>
          <line num="5" count="1" type="cond" truecount="1" falsecount="0"/>
          <line num="6" count="2" type="stmt"/>
          <line num="7" count="6" type="stmt"/>
          <line num="8" count="6" type="stmt"/>
          <line num="9" count="6" type="stmt"/>
          <line num="10" count="6" type="stmt"/>
          <line num="11" count="6" type="stmt"/>
          <line num="12" count="6" type="cond" truecount="2" falsecount="0"/>
          <line num="13" count="5" type="stmt"/>
          <line num="15" count="6" type="stmt"/>
          <line num="16" count="6" type="stmt"/>
          <line num="17" count="6" type="cond" truecount="2" falsecount="0"/>
          <line num="18" count="5" type="stmt"/>
          <line num="20" count="6" type="stmt"/>
        </file>
      </package>
      <package name="journey.pass-thru">
        <metrics statements="7" coveredstatements="7" conditionals="6" coveredconditionals="6" methods="1" coveredmethods="1"/>
        <file name="index.js" path="/Users/thomas/Desktop/github.com/reggi/abide/packages/journey.pass-thru/index.js">
          <metrics statements="7" coveredstatements="7" conditionals="6" coveredconditionals="6" methods="1" coveredmethods="1"/>
          <line num="2" count="1" type="stmt"/>
          <line num="4" count="1" type="stmt"/>
          <line num="5" count="9" type="cond" truecount="2" falsecount="0"/>
          <line num="6" count="5" type="cond" truecount="2" falsecount="0"/>
          <line num="7" count="2" type="stmt"/>
          <line num="8" count="2" type="cond" truecount="2" falsecount="0"/>
          <line num="9" count="2" type="stmt"/>
        </file>
      </package>
      <package name="lerna.paths">
        <metrics statements="15" coveredstatements="15" conditionals="2" coveredconditionals="2" methods="3" coveredmethods="3"/>
        <file name="index.js" path="/Users/thomas/Desktop/github.com/reggi/abide/packages/lerna.paths/index.js">
          <metrics statements="15" coveredstatements="15" conditionals="2" coveredconditionals="2" methods="3" coveredmethods="3"/>
          <line num="8" count="1" type="stmt"/>
          <line num="10" count="1" type="stmt"/>
          <line num="11" count="3" type="stmt"/>
          <line num="16" count="3" type="stmt"/>
          <line num="17" count="3" type="stmt"/>
          <line num="18" count="3" type="stmt"/>
          <line num="19" count="3" type="stmt"/>
          <line num="22" count="1" type="stmt"/>
          <line num="23" count="2" type="stmt"/>
          <line num="24" count="2" type="stmt"/>
          <line num="25" count="2" type="cond" truecount="2" falsecount="0"/>
          <line num="26" count="1" type="stmt"/>
          <line num="27" count="1" type="stmt"/>
          <line num="29" count="1" type="stmt"/>
          <line num="30" count="1" type="stmt"/>
        </file>
      </package>
      <package name="lerna.utils">
        <metrics statements="76" coveredstatements="76" conditionals="33" coveredconditionals="33" methods="18" coveredmethods="18"/>
        <file name="index.js" path="/Users/thomas/Desktop/github.com/reggi/abide/packages/lerna.utils/index.js">
          <metrics statements="76" coveredstatements="76" conditionals="33" coveredconditionals="33" methods="18" coveredmethods="18"/>
          <line num="9" count="1" type="stmt"/>
          <line num="10" count="12" type="stmt"/>
          <line num="11" count="37" type="stmt"/>
          <line num="12" count="37" type="stmt"/>
          <line num="13" count="37" type="stmt"/>
          <line num="14" count="36" type="stmt"/>
          <line num="16" count="1" type="stmt"/>
          <line num="19" count="12" type="stmt"/>
          <line num="22" count="1" type="stmt"/>
          <line num="23" count="8" type="stmt"/>
          <line num="24" count="8" type="stmt"/>
          <line num="25" count="8" type="stmt"/>
          <line num="26" count="24" type="cond" truecount="2" falsecount="0"/>
          <line num="27" count="20" type="stmt"/>
          <line num="28" count="20" type="cond" truecount="2" falsecount="0"/>
          <line num="29" count="20" type="cond" truecount="2" falsecount="0"/>
          <line num="30" count="20" type="stmt"/>
          <line num="33" count="24" type="cond" truecount="2" falsecount="0"/>
          <line num="34" count="23" type="stmt"/>
          <line num="35" count="23" type="cond" truecount="2" falsecount="0"/>
          <line num="36" count="23" type="cond" truecount="2" falsecount="0"/>
          <line num="37" count="23" type="stmt"/>
          <line num="41" count="8" type="stmt"/>
          <line num="44" count="16" type="cond" truecount="2" falsecount="0"/>
          <line num="46" count="1" type="stmt"/>
          <line num="47" count="5" type="stmt"/>
          <line num="48" count="5" type="stmt"/>
          <line num="49" count="5" type="stmt"/>
          <line num="52" count="1" type="stmt"/>
          <line num="53" count="8" type="stmt"/>
          <line num="54" count="8" type="stmt"/>
          <line num="55" count="8" type="stmt"/>
          <line num="56" count="8" type="stmt"/>
          <line num="57" count="8" type="stmt"/>
          <line num="58" count="8" type="stmt"/>
          <line num="59" count="8" type="stmt"/>
          <line num="60" count="8" type="stmt"/>
          <line num="61" count="8" type="cond" truecount="2" falsecount="0"/>
          <line num="62" count="8" type="cond" truecount="2" falsecount="0"/>
          <line num="63" count="8" type="cond" truecount="2" falsecount="0"/>
          <line num="64" count="8" type="cond" truecount="3" falsecount="0"/>
          <line num="65" count="8" type="cond" truecount="2" falsecount="0"/>
          <line num="66" count="8" type="cond" truecount="2" falsecount="0"/>
          <line num="67" count="8" type="cond" truecount="2" falsecount="0"/>
          <line num="69" count="8" type="stmt"/>
          <line num="72" count="1" type="stmt"/>
          <line num="73" count="8" type="stmt"/>
          <line num="74" count="8" type="stmt"/>
          <line num="75" count="8" type="stmt"/>
          <line num="76" count="8" type="stmt"/>
          <line num="77" count="8" type="cond" truecount="2" falsecount="0"/>
          <line num="79" count="8" type="stmt"/>
          <line num="82" count="1" type="stmt"/>
          <line num="83" count="4" type="stmt"/>
          <line num="84" count="4" type="stmt"/>
          <line num="85" count="12" type="stmt"/>
          <line num="86" count="8" type="stmt"/>
          <line num="87" count="4" type="stmt"/>
          <line num="90" count="1" type="stmt"/>
          <line num="91" count="3" type="stmt"/>
          <line num="92" count="3" type="stmt"/>
          <line num="93" count="3" type="cond" truecount="2" falsecount="0"/>
          <line num="94" count="2" type="stmt"/>
          <line num="97" count="1" type="stmt"/>
          <line num="98" count="3" type="stmt"/>
          <line num="99" count="3" type="stmt"/>
          <line num="100" count="2" type="stmt"/>
          <line num="103" count="1" type="stmt"/>
          <line num="104" count="8" type="stmt"/>
          <line num="105" count="8" type="stmt"/>
          <line num="106" count="8" type="stmt"/>
          <line num="107" count="8" type="stmt"/>
          <line num="108" count="8" type="stmt"/>
          <line num="109" count="8" type="stmt"/>
          <line num="110" count="8" type="stmt"/>
          <line num="111" count="8" type="stmt"/>
        </file>
      </package>
      <package name="monorepo-babel-cli">
        <metrics statements="15" coveredstatements="15" conditionals="16" coveredconditionals="16" methods="2" coveredmethods="2"/>
        <file name="index.js" path="/Users/thomas/Desktop/github.com/reggi/abide/packages/monorepo-babel-cli/index.js">
          <metrics statements="15" coveredstatements="15" conditionals="16" coveredconditionals="16" methods="2" coveredmethods="2"/>
          <line num="7" count="8" type="stmt"/>
          <line num="18" count="8" type="stmt"/>
          <line num="19" count="8" type="stmt"/>
          <line num="20" count="8" type="stmt"/>
          <line num="21" count="8" type="cond" truecount="2" falsecount="0"/>
          <line num="22" count="7" type="cond" truecount="2" falsecount="0"/>
          <line num="23" count="6" type="cond" truecount="2" falsecount="0"/>
          <line num="24" count="1" type="stmt"/>
          <line num="25" count="1" type="stmt"/>
          <line num="27" count="5" type="cond" truecount="2" falsecount="0"/>
          <line num="28" count="4" type="stmt"/>
          <line num="29" count="3" type="cond" truecount="4" falsecount="0"/>
          <line num="30" count="2" type="cond" truecount="4" falsecount="0"/>
          <line num="31" count="1" type="stmt"/>
          <line num="33" count="1" type="stmt"/>
        </file>
      </package>
      <package name="monorepo-dep-lint-cli">
        <metrics statements="17" coveredstatements="17" conditionals="10" coveredconditionals="10" methods="4" coveredmethods="4"/>
        <file name="index.js" path="/Users/thomas/Desktop/github.com/reggi/abide/packages/monorepo-dep-lint-cli/index.js">
          <metrics statements="17" coveredstatements="17" conditionals="10" coveredconditionals="10" methods="4" coveredmethods="4"/>
          <line num="7" count="7" type="stmt"/>
          <line num="16" count="1" type="stmt"/>
          <line num="17" count="2" type="stmt"/>
          <line num="18" count="2" type="stmt"/>
          <line num="19" count="2" type="stmt"/>
          <line num="20" count="2" type="cond" truecount="2" falsecount="0"/>
          <line num="22" count="2" type="stmt"/>
          <line num="26" count="7" type="stmt"/>
          <line num="27" count="7" type="stmt"/>
          <line num="28" count="7" type="stmt"/>
          <line num="29" count="7" type="stmt"/>
          <line num="30" count="7" type="cond" truecount="2" falsecount="0"/>
          <line num="31" count="6" type="cond" truecount="2" falsecount="0"/>
          <line num="32" count="5" type="stmt"/>
          <line num="33" count="5" type="cond" truecount="2" falsecount="0"/>
          <line num="34" count="3" type="cond" truecount="2" falsecount="0"/>
          <line num="35" count="2" type="stmt"/>
        </file>
      </package>
      <package name="pkg">
        <metrics statements="28" coveredstatements="28" conditionals="21" coveredconditionals="21" methods="15" coveredmethods="15"/>
        <file name="index.js" path="/Users/thomas/Desktop/github.com/reggi/abide/packages/pkg/index.js">
          <metrics statements="28" coveredstatements="28" conditionals="21" coveredconditionals="21" methods="15" coveredmethods="15"/>
          <line num="12" count="1" type="stmt"/>
          <line num="13" count="1" type="stmt"/>
          <line num="15" count="1" type="stmt"/>
          <line num="16" count="10" type="stmt"/>
          <line num="17" count="8" type="stmt"/>
          <line num="18" count="8" type="stmt"/>
          <line num="19" count="8" type="cond" truecount="2" falsecount="0"/>
          <line num="20" count="8" type="stmt"/>
          <line num="21" count="8" type="stmt"/>
          <line num="22" count="8" type="cond" truecount="2" falsecount="0"/>
          <line num="23" count="6" type="cond" truecount="4" falsecount="0"/>
          <line num="24" count="6" type="stmt"/>
          <line num="25" count="6" type="cond" truecount="2" falsecount="0"/>
          <line num="26" count="6" type="cond" truecount="2" falsecount="0"/>
          <line num="28" count="2" type="stmt"/>
          <line num="30" count="6" type="stmt"/>
          <line num="34" count="8" type="stmt"/>
          <line num="35" count="68" type="stmt"/>
          <line num="37" count="10" type="cond" truecount="1" falsecount="0"/>
          <line num="38" count="10" type="stmt"/>
          <line num="39" count="10" type="stmt"/>
          <line num="40" count="10" type="stmt"/>
          <line num="45" count="8" type="cond" truecount="2" falsecount="0"/>
          <line num="47" count="8" type="stmt"/>
          <line num="48" count="6" type="stmt"/>
          <line num="50" count="8" type="stmt"/>
          <line num="51" count="8" type="stmt"/>
          <line num="52" count="8" type="cond" truecount="4" falsecount="0"/>
        </file>
      </package>
      <package name="pkg-cli">
        <metrics statements="21" coveredstatements="21" conditionals="6" coveredconditionals="6" methods="2" coveredmethods="2"/>
        <file name="index.js" path="/Users/thomas/Desktop/github.com/reggi/abide/packages/pkg-cli/index.js">
          <metrics statements="21" coveredstatements="21" conditionals="6" coveredconditionals="6" methods="2" coveredmethods="2"/>
          <line num="7" count="1" type="stmt"/>
          <line num="9" count="4" type="stmt"/>
          <line num="22" count="4" type="stmt"/>
          <line num="23" count="4" type="cond" truecount="2" falsecount="0"/>
          <line num="24" count="1" type="stmt"/>
          <line num="25" count="1" type="stmt"/>
          <line num="26" count="1" type="stmt"/>
          <line num="27" count="3" type="cond" truecount="2" falsecount="0"/>
          <line num="28" count="1" type="stmt"/>
          <line num="29" count="1" type="stmt"/>
          <line num="30" count="1" type="stmt"/>
          <line num="31" count="1" type="stmt"/>
          <line num="33" count="2" type="cond" truecount="2" falsecount="0"/>
          <line num="34" count="2" type="stmt"/>
          <line num="35" count="2" type="stmt"/>
          <line num="36" count="2" type="stmt"/>
          <line num="37" count="2" type="stmt"/>
          <line num="38" count="2" type="stmt"/>
          <line num="39" count="1" type="stmt"/>
          <line num="41" count="1" type="stmt"/>
          <line num="42" count="1" type="stmt"/>
        </file>
      </package>
      <package name="pkg-plugin-babel-6-to-node-4">
        <metrics statements="6" coveredstatements="6" conditionals="17" coveredconditionals="17" methods="1" coveredmethods="1"/>
        <file name="index.js" path="/Users/thomas/Desktop/github.com/reggi/abide/packages/pkg-plugin-babel-6-to-node-4/index.js">
          <metrics statements="6" coveredstatements="6" conditionals="17" coveredconditionals="17" methods="1" coveredmethods="1"/>
          <line num="5" count="4" type="stmt"/>
          <line num="10" count="4" type="cond" truecount="5" falsecount="0"/>
          <line num="11" count="4" type="cond" truecount="4" falsecount="0"/>
          <line num="12" count="4" type="cond" truecount="2" falsecount="0"/>
          <line num="13" count="4" type="cond" truecount="2" falsecount="0"/>
          <line num="14" count="3" type="stmt"/>
        </file>
      </package>
      <package name="pkg-plugin-babel-7-to-node-4">
        <metrics statements="6" coveredstatements="6" conditionals="17" coveredconditionals="17" methods="1" coveredmethods="1"/>
        <file name="index.js" path="/Users/thomas/Desktop/github.com/reggi/abide/packages/pkg-plugin-babel-7-to-node-4/index.js">
          <metrics statements="6" coveredstatements="6" conditionals="17" coveredconditionals="17" methods="1" coveredmethods="1"/>
          <line num="5" count="4" type="stmt"/>
          <line num="10" count="4" type="cond" truecount="5" falsecount="0"/>
          <line num="11" count="4" type="cond" truecount="4" falsecount="0"/>
          <line num="12" count="4" type="cond" truecount="2" falsecount="0"/>
          <line num="13" count="4" type="cond" truecount="2" falsecount="0"/>
          <line num="14" count="3" type="stmt"/>
        </file>
      </package>
      <package name="pkg-plugin-cobalt">
        <metrics statements="0" coveredstatements="0" conditionals="0" coveredconditionals="0" methods="0" coveredmethods="0"/>
        <file name="index.js" path="/Users/thomas/Desktop/github.com/reggi/abide/packages/pkg-plugin-cobalt/index.js">
          <metrics statements="0" coveredstatements="0" conditionals="0" coveredconditionals="0" methods="0" coveredmethods="0"/>
        </file>
      </package>
      <package name="pkg-plugin-jest">
        <metrics statements="2" coveredstatements="2" conditionals="6" coveredconditionals="6" methods="2" coveredmethods="2"/>
        <file name="index.js" path="/Users/thomas/Desktop/github.com/reggi/abide/packages/pkg-plugin-jest/index.js">
          <metrics statements="2" coveredstatements="2" conditionals="6" coveredconditionals="6" methods="2" coveredmethods="2"/>
          <line num="5" count="4" type="stmt"/>
          <line num="18" count="5" type="stmt"/>
        </file>
      </package>
      <package name="pkg-plugin-name-dir">
        <metrics statements="5" coveredstatements="5" conditionals="4" coveredconditionals="4" methods="2" coveredmethods="2"/>
        <file name="index.js" path="/Users/thomas/Desktop/github.com/reggi/abide/packages/pkg-plugin-name-dir/index.js">
          <metrics statements="5" coveredstatements="5" conditionals="4" coveredconditionals="4" methods="2" coveredmethods="2"/>
          <line num="4" count="1" type="stmt"/>
          <line num="5" count="2" type="stmt"/>
          <line num="6" count="2" type="cond" truecount="2" falsecount="0"/>
          <line num="7" count="1" type="stmt"/>
          <line num="10" count="2" type="cond" truecount="2" falsecount="0"/>
        </file>
      </package>
      <package name="pkg-plugin-name-scope">
        <metrics statements="5" coveredstatements="5" conditionals="4" coveredconditionals="4" methods="1" coveredmethods="1"/>
        <file name="index.js" path="/Users/thomas/Desktop/github.com/reggi/abide/packages/pkg-plugin-name-scope/index.js">
          <metrics statements="5" coveredstatements="5" conditionals="4" coveredconditionals="4" methods="1" coveredmethods="1"/>
          <line num="2" count="3" type="cond" truecount="2" falsecount="0"/>
          <line num="3" count="2" type="stmt"/>
          <line num="4" count="2" type="stmt"/>
          <line num="5" count="2" type="cond" truecount="2" falsecount="0"/>
          <line num="6" count="2" type="stmt"/>
        </file>
      </package>
      <package name="pkg-plugin-prop">
        <metrics statements="3" coveredstatements="3" conditionals="2" coveredconditionals="2" methods="2" coveredmethods="2"/>
        <file name="index.js" path="/Users/thomas/Desktop/github.com/reggi/abide/packages/pkg-plugin-prop/index.js">
          <metrics statements="3" coveredstatements="3" conditionals="2" coveredconditionals="2" methods="2" coveredmethods="2"/>
          <line num="4" count="2" type="cond" truecount="2" falsecount="0"/>
          <line num="5" count="1" type="stmt"/>
          <line num="6" count="1" type="stmt"/>
        </file>
      </package>
      <package name="pkg-plugin-sort">
        <metrics statements="2" coveredstatements="2" conditionals="0" coveredconditionals="0" methods="1" coveredmethods="1"/>
        <file name="index.js" path="/Users/thomas/Desktop/github.com/reggi/abide/packages/pkg-plugin-sort/index.js">
          <metrics statements="2" coveredstatements="2" conditionals="0" coveredconditionals="0" methods="1" coveredmethods="1"/>
          <line num="1" count="1" type="stmt"/>
          <line num="4" count="1" type="stmt"/>
        </file>
      </package>
      <package name="pkg-plugin-standard">
        <metrics statements="3" coveredstatements="3" conditionals="12" coveredconditionals="12" methods="2" coveredmethods="2"/>
        <file name="index.js" path="/Users/thomas/Desktop/github.com/reggi/abide/packages/pkg-plugin-standard/index.js">
          <metrics statements="3" coveredstatements="3" conditionals="12" coveredconditionals="12" methods="2" coveredmethods="2"/>
          <line num="5" count="1" type="stmt"/>
          <line num="16" count="16" type="cond" truecount="2" falsecount="0"/>
          <line num="18" count="4" type="cond" truecount="4" falsecount="0"/>
        </file>
      </package>
      <package name="pkg.file-exists">
        <metrics statements="5" coveredstatements="5" conditionals="0" coveredconditionals="0" methods="1" coveredmethods="1"/>
        <file name="index.js" path="/Users/thomas/Desktop/github.com/reggi/abide/packages/pkg.file-exists/index.js">
          <metrics statements="5" coveredstatements="5" conditionals="0" coveredconditionals="0" methods="1" coveredmethods="1"/>
          <line num="3" count="1" type="stmt"/>
          <line num="4" count="3" type="stmt"/>
          <line num="5" count="3" type="stmt"/>
          <line num="6" count="2" type="stmt"/>
          <line num="8" count="1" type="stmt"/>
        </file>
      </package>
      <package name="pkg.fs">
        <metrics statements="1" coveredstatements="1" conditionals="0" coveredconditionals="0" methods="0" coveredmethods="0"/>
        <file name="index.js" path="/Users/thomas/Desktop/github.com/reggi/abide/packages/pkg.fs/index.js">
          <metrics statements="1" coveredstatements="1" conditionals="0" coveredconditionals="0" methods="0" coveredmethods="0"/>
          <line num="3" count="1" type="stmt"/>
        </file>
      </package>
      <package name="pkg.is-local-module">
        <metrics statements="2" coveredstatements="2" conditionals="0" coveredconditionals="0" methods="1" coveredmethods="1"/>
        <file name="index.js" path="/Users/thomas/Desktop/github.com/reggi/abide/packages/pkg.is-local-module/index.js">
          <metrics statements="2" coveredstatements="2" conditionals="0" coveredconditionals="0" methods="1" coveredmethods="1"/>
          <line num="1" count="1" type="stmt"/>
          <line num="2" count="5" type="stmt"/>
        </file>
      </package>
      <package name="pkg.json-parse">
        <metrics statements="4" coveredstatements="4" conditionals="0" coveredconditionals="0" methods="1" coveredmethods="1"/>
        <file name="index.js" path="/Users/thomas/Desktop/github.com/reggi/abide/packages/pkg.json-parse/index.js">
          <metrics statements="4" coveredstatements="4" conditionals="0" coveredconditionals="0" methods="1" coveredmethods="1"/>
          <line num="1" count="1" type="stmt"/>
          <line num="2" count="2" type="stmt"/>
          <line num="3" count="2" type="stmt"/>
          <line num="5" count="1" type="stmt"/>
        </file>
      </package>
      <package name="pkg.pretty-json">
        <metrics statements="1" coveredstatements="1" conditionals="0" coveredconditionals="0" methods="1" coveredmethods="1"/>
        <file name="index.js" path="/Users/thomas/Desktop/github.com/reggi/abide/packages/pkg.pretty-json/index.js">
          <metrics statements="1" coveredstatements="1" conditionals="0" coveredconditionals="0" methods="1" coveredmethods="1"/>
          <line num="1" count="1" type="stmt"/>
        </file>
      </package>
      <package name="pkg.prop-overwrite">
        <metrics statements="2" coveredstatements="2" conditionals="4" coveredconditionals="4" methods="1" coveredmethods="1"/>
        <file name="index.js" path="/Users/thomas/Desktop/github.com/reggi/abide/packages/pkg.prop-overwrite/index.js">
          <metrics statements="2" coveredstatements="2" conditionals="4" coveredconditionals="4" methods="1" coveredmethods="1"/>
          <line num="1" count="1" type="stmt"/>
          <line num="2" count="2" type="stmt"/>
        </file>
      </package>
      <package name="pkg.read-json">
        <metrics statements="7" coveredstatements="7" conditionals="11" coveredconditionals="11" methods="7" coveredmethods="7"/>
        <file name="index.js" path="/Users/thomas/Desktop/github.com/reggi/abide/packages/pkg.read-json/index.js">
          <metrics statements="7" coveredstatements="7" conditionals="11" coveredconditionals="11" methods="7" coveredmethods="7"/>
          <line num="8" count="9" type="cond" truecount="2" falsecount="0"/>
          <line num="9" count="9" type="stmt"/>
          <line num="10" count="9" type="stmt"/>
          <line num="11" count="9" type="stmt"/>
          <line num="12" count="9" type="cond" truecount="3" falsecount="0"/>
          <line num="13" count="7" type="cond" truecount="2" falsecount="0"/>
          <line num="14" count="7" type="cond" truecount="4" falsecount="0"/>
        </file>
      </package>
      <package name="pkg.throw-error">
        <metrics statements="3" coveredstatements="3" conditionals="1" coveredconditionals="1" methods="1" coveredmethods="1"/>
        <file name="index.js" path="/Users/thomas/Desktop/github.com/reggi/abide/packages/pkg.throw-error/index.js">
          <metrics statements="3" coveredstatements="3" conditionals="1" coveredconditionals="1" methods="1" coveredmethods="1"/>
          <line num="1" count="1" type="cond" truecount="1" falsecount="0"/>
          <line num="2" count="2" type="stmt"/>
          <line num="5" count="1" type="stmt"/>
        </file>
      </package>
      <package name="pkgprop">
        <metrics statements="13" coveredstatements="13" conditionals="8" coveredconditionals="8" methods="4" coveredmethods="4"/>
        <file name="index.js" path="/Users/thomas/Desktop/github.com/reggi/abide/packages/pkgprop/index.js">
          <metrics statements="13" coveredstatements="13" conditionals="8" coveredconditionals="8" methods="4" coveredmethods="4"/>
          <line num="9" count="1" type="cond" truecount="2" falsecount="0"/>
          <line num="10" count="5" type="cond" truecount="2" falsecount="0"/>
          <line num="11" count="5" type="cond" truecount="2" falsecount="0"/>
          <line num="12" count="5" type="stmt"/>
          <line num="13" count="5" type="stmt"/>
          <line num="14" count="5" type="cond" truecount="2" falsecount="0"/>
          <line num="15" count="5" type="stmt"/>
          <line num="16" count="5" type="stmt"/>
          <line num="17" count="5" type="stmt"/>
          <line num="18" count="5" type="stmt"/>
          <line num="19" count="5" type="stmt"/>
          <line num="20" count="5" type="stmt"/>
          <line num="21" count="5" type="stmt"/>
        </file>
      </package>
      <package name="pkgprop-cli">
        <metrics statements="25" coveredstatements="25" conditionals="14" coveredconditionals="14" methods="4" coveredmethods="4"/>
        <file name="index.js" path="/Users/thomas/Desktop/github.com/reggi/abide/packages/pkgprop-cli/index.js">
          <metrics statements="25" coveredstatements="25" conditionals="14" coveredconditionals="14" methods="4" coveredmethods="4"/>
          <line num="7" count="6" type="stmt"/>
          <line num="18" count="1" type="stmt"/>
          <line num="19" count="6" type="stmt"/>
          <line num="20" count="6" type="cond" truecount="4" falsecount="0"/>
          <line num="21" count="5" type="cond" truecount="2" falsecount="0"/>
          <line num="22" count="4" type="stmt"/>
          <line num="25" count="1" type="stmt"/>
          <line num="26" count="6" type="stmt"/>
          <line num="27" count="6" type="stmt"/>
          <line num="28" count="6" type="stmt"/>
          <line num="29" count="6" type="cond" truecount="2" falsecount="0"/>
          <line num="30" count="1" type="stmt"/>
          <line num="31" count="5" type="cond" truecount="2" falsecount="0"/>
          <line num="32" count="1" type="stmt"/>
          <line num="33" count="4" type="cond" truecount="2" falsecount="0"/>
          <line num="34" count="3" type="stmt"/>
          <line num="35" count="3" type="stmt"/>
          <line num="37" count="1" type="stmt"/>
          <line num="42" count="6" type="stmt"/>
          <line num="43" count="6" type="stmt"/>
          <line num="44" count="5" type="cond" truecount="2" falsecount="0"/>
          <line num="45" count="5" type="stmt"/>
          <line num="47" count="1" type="stmt"/>
          <line num="48" count="1" type="stmt"/>
          <line num="49" count="1" type="stmt"/>
        </file>
      </package>
      <package name="reggi-cli">
        <metrics statements="13" coveredstatements="13" conditionals="2" coveredconditionals="2" methods="3" coveredmethods="3"/>
        <file name="index.js" path="/Users/thomas/Desktop/github.com/reggi/abide/packages/reggi-cli/index.js">
          <metrics statements="13" coveredstatements="13" conditionals="2" coveredconditionals="2" methods="3" coveredmethods="3"/>
          <line num="14" count="1" type="stmt"/>
          <line num="25" count="1" type="stmt"/>
          <line num="26" count="2" type="stmt"/>
          <line num="30" count="2" type="stmt"/>
          <line num="31" count="16" type="stmt"/>
          <line num="33" count="2" type="stmt"/>
          <line num="34" count="2" type="stmt"/>
          <line num="38" count="2" type="stmt"/>
          <line num="39" count="2" type="stmt"/>
          <line num="40" count="2" type="stmt"/>
          <line num="41" count="2" type="cond" truecount="2" falsecount="0"/>
          <line num="42" count="1" type="stmt"/>
          <line num="43" count="1" type="stmt"/>
        </file>
      </package>
      <package name="replace-cli">
        <metrics statements="18" coveredstatements="18" conditionals="12" coveredconditionals="12" methods="3" coveredmethods="3"/>
        <file name="index.js" path="/Users/thomas/Desktop/github.com/reggi/abide/packages/replace-cli/index.js">
          <metrics statements="18" coveredstatements="18" conditionals="12" coveredconditionals="12" methods="3" coveredmethods="3"/>
          <line num="5" count="4" type="stmt"/>
          <line num="6" count="4" type="stmt"/>
          <line num="7" count="4" type="stmt"/>
          <line num="8" count="4" type="cond" truecount="2" falsecount="0"/>
          <line num="9" count="4" type="stmt"/>
          <line num="11" count="4" type="stmt"/>
          <line num="12" count="4" type="stmt"/>
          <line num="13" count="4" type="stmt"/>
          <line num="14" count="4" type="cond" truecount="2" falsecount="0"/>
          <line num="15" count="4" type="cond" truecount="2" falsecount="0"/>
          <line num="16" count="4" type="cond" truecount="2" falsecount="0"/>
          <line num="17" count="3" type="cond" truecount="2" falsecount="0"/>
          <line num="18" count="2" type="cond" truecount="2" falsecount="0"/>
          <line num="19" count="1" type="stmt"/>
          <line num="20" count="1" type="stmt"/>
          <line num="21" count="1" type="stmt"/>
          <line num="22" count="1" type="stmt"/>
          <line num="24" count="3" type="stmt"/>
        </file>
      </package>
      <package name="requireable">
        <metrics statements="35" coveredstatements="35" conditionals="10" coveredconditionals="10" methods="35" coveredmethods="35"/>
        <file name="index.js" path="/Users/thomas/Desktop/github.com/reggi/abide/packages/requireable/index.js">
          <metrics statements="35" coveredstatements="35" conditionals="10" coveredconditionals="10" methods="35" coveredmethods="35"/>
          <line num="10" count="96" type="stmt"/>
          <line num="11" count="4" type="stmt"/>
          <line num="12" count="6" type="stmt"/>
          <line num="14" count="1" type="stmt"/>
          <line num="28" count="3" type="cond" truecount="1" falsecount="0"/>
          <line num="29" count="3" type="cond" truecount="1" falsecount="0"/>
          <line num="31" count="6" type="stmt"/>
          <line num="32" count="6" type="stmt"/>
          <line num="33" count="6" type="cond" truecount="2" falsecount="0"/>
          <line num="35" count="6" type="stmt"/>
          <line num="37" count="6" type="cond" truecount="2" falsecount="0"/>
          <line num="39" count="4" type="stmt"/>
          <line num="41" count="4" type="stmt"/>
          <line num="43" count="4" type="cond" truecount="2" falsecount="0"/>
          <line num="45" count="3" type="stmt"/>
          <line num="47" count="3" type="stmt"/>
          <line num="49" count="3" type="stmt"/>
          <line num="51" count="3" type="stmt"/>
          <line num="53" count="3" type="stmt"/>
          <line num="55" count="3" type="stmt"/>
          <line num="57" count="2" type="stmt"/>
          <line num="60" count="1" type="stmt"/>
          <line num="61" count="6" type="stmt"/>
          <line num="62" count="6" type="stmt"/>
          <line num="64" count="4" type="stmt"/>
          <line num="68" count="6" type="stmt"/>
          <line num="69" count="6" type="stmt"/>
          <line num="71" count="6" type="stmt"/>
          <line num="73" count="6" type="stmt"/>
          <line num="75" count="6" type="stmt"/>
          <line num="77" count="6" type="stmt"/>
          <line num="79" count="6" type="stmt"/>
          <line num="81" count="6" type="stmt"/>
          <line num="84" count="6" type="cond" truecount="2" falsecount="0"/>
          <line num="85" count="2" type="stmt"/>
        </file>
      </package>
      <package name="requireable-cli">
        <metrics statements="20" coveredstatements="20" conditionals="13" coveredconditionals="13" methods="3" coveredmethods="3"/>
        <file name="index.js" path="/Users/thomas/Desktop/github.com/reggi/abide/packages/requireable-cli/index.js">
          <metrics statements="20" coveredstatements="20" conditionals="13" coveredconditionals="13" methods="3" coveredmethods="3"/>
          <line num="7" count="5" type="stmt"/>
          <line num="21" count="1" type="stmt"/>
          <line num="22" count="5" type="stmt"/>
          <line num="23" count="5" type="cond" truecount="2" falsecount="0"/>
          <line num="24" count="5" type="cond" truecount="3" falsecount="0"/>
          <line num="25" count="5" type="cond" truecount="2" falsecount="0"/>
          <line num="26" count="1" type="stmt"/>
          <line num="27" count="4" type="cond" truecount="2" falsecount="0"/>
          <line num="28" count="1" type="stmt"/>
          <line num="29" count="3" type="cond" truecount="2" falsecount="0"/>
          <line num="30" count="2" type="stmt"/>
          <line num="31" count="2" type="stmt"/>
          <line num="32" count="2" type="stmt"/>
          <line num="34" count="1" type="stmt"/>
          <line num="39" count="5" type="stmt"/>
          <line num="40" count="5" type="stmt"/>
          <line num="41" count="4" type="cond" truecount="2" falsecount="0"/>
          <line num="42" count="4" type="stmt"/>
          <line num="44" count="1" type="stmt"/>
          <line num="45" count="1" type="stmt"/>
        </file>
      </package>
      <package name="results-cli">
        <metrics statements="48" coveredstatements="48" conditionals="32" coveredconditionals="32" methods="8" coveredmethods="8"/>
        <file name="index.js" path="/Users/thomas/Desktop/github.com/reggi/abide/packages/results-cli/index.js">
          <metrics statements="48" coveredstatements="48" conditionals="32" coveredconditionals="32" methods="8" coveredmethods="8"/>
          <line num="9" count="1" type="stmt"/>
          <line num="11" count="11" type="stmt"/>
          <line num="28" count="1" type="stmt"/>
          <line num="29" count="7" type="cond" truecount="2" falsecount="0"/>
          <line num="30" count="7" type="cond" truecount="2" falsecount="0"/>
          <line num="31" count="7" type="cond" truecount="2" falsecount="0"/>
          <line num="32" count="3" type="stmt"/>
          <line num="35" count="1" type="stmt"/>
          <line num="36" count="7" type="stmt"/>
          <line num="37" count="7" type="cond" truecount="2" falsecount="0"/>
          <line num="38" count="7" type="cond" truecount="2" falsecount="0"/>
          <line num="39" count="7" type="cond" truecount="2" falsecount="0"/>
          <line num="40" count="7" type="cond" truecount="2" falsecount="0"/>
          <line num="41" count="7" type="stmt"/>
          <line num="44" count="1" type="stmt"/>
          <line num="45" count="7" type="stmt"/>
          <line num="46" count="7" type="stmt"/>
          <line num="47" count="4" type="stmt"/>
          <line num="49" count="3" type="stmt"/>
          <line num="50" count="3" type="stmt"/>
          <line num="54" count="1" type="stmt"/>
          <line num="55" count="7" type="cond" truecount="2" falsecount="0"/>
          <line num="56" count="5" type="cond" truecount="2" falsecount="0"/>
          <line num="57" count="4" type="stmt"/>
          <line num="61" count="11" type="stmt"/>
          <line num="62" count="11" type="stmt"/>
          <line num="63" count="11" type="cond" truecount="2" falsecount="0"/>
          <line num="64" count="1" type="stmt"/>
          <line num="65" count="1" type="stmt"/>
          <line num="66" count="1" type="stmt"/>
          <line num="67" count="10" type="cond" truecount="2" falsecount="0"/>
          <line num="68" count="1" type="stmt"/>
          <line num="69" count="1" type="stmt"/>
          <line num="70" count="1" type="stmt"/>
          <line num="71" count="1" type="stmt"/>
          <line num="72" count="9" type="cond" truecount="2" falsecount="0"/>
          <line num="73" count="7" type="stmt"/>
          <line num="74" count="7" type="stmt"/>
          <line num="75" count="7" type="cond" truecount="2" falsecount="0"/>
          <line num="76" count="7" type="cond" truecount="2" falsecount="0"/>
          <line num="77" count="7" type="stmt"/>
          <line num="78" count="7" type="stmt"/>
          <line num="79" count="7" type="cond" truecount="2" falsecount="0"/>
          <line num="80" count="7" type="stmt"/>
          <line num="81" count="7" type="stmt"/>
          <line num="83" count="2" type="stmt"/>
          <line num="84" count="2" type="cond" truecount="2" falsecount="0"/>
          <line num="85" count="2" type="stmt"/>
        </file>
      </package>
      <package name="shebang-check">
        <metrics statements="22" coveredstatements="22" conditionals="12" coveredconditionals="12" methods="17" coveredmethods="17"/>
        <file name="index.js" path="/Users/thomas/Desktop/github.com/reggi/abide/packages/shebang-check/index.js">
          <metrics statements="22" coveredstatements="22" conditionals="12" coveredconditionals="12" methods="17" coveredmethods="17"/>
          <line num="8" count="1" type="stmt"/>
          <line num="9" count="5" type="cond" truecount="2" falsecount="0"/>
          <line num="10" count="4" type="cond" truecount="2" falsecount="0"/>
          <line num="11" count="2" type="cond" truecount="2" falsecount="0"/>
          <line num="12" count="1" type="stmt"/>
          <line num="15" count="4" type="stmt"/>
          <line num="16" count="3" type="stmt"/>
          <line num="17" count="4" type="stmt"/>
          <line num="18" count="1" type="stmt"/>
          <line num="19" count="4" type="cond" truecount="2" falsecount="0"/>
          <line num="20" count="3" type="cond" truecount="4" falsecount="0"/>
          <line num="21" count="1" type="stmt"/>
          <line num="24" count="5" type="stmt"/>
          <line num="25" count="5" type="stmt"/>
          <line num="26" count="5" type="stmt"/>
          <line num="27" count="5" type="stmt"/>
          <line num="28" count="5" type="stmt"/>
          <line num="29" count="4" type="stmt"/>
          <line num="30" count="4" type="stmt"/>
          <line num="31" count="4" type="stmt"/>
          <line num="32" count="4" type="stmt"/>
          <line num="33" count="4" type="stmt"/>
        </file>
      </package>
      <package name="shebang-check-cli">
        <metrics statements="7" coveredstatements="7" conditionals="6" coveredconditionals="6" methods="2" coveredmethods="2"/>
        <file name="index.js" path="/Users/thomas/Desktop/github.com/reggi/abide/packages/shebang-check-cli/index.js">
          <metrics statements="7" coveredstatements="7" conditionals="6" coveredconditionals="6" methods="2" coveredmethods="2"/>
          <line num="7" count="4" type="stmt"/>
          <line num="16" count="4" type="stmt"/>
          <line num="17" count="4" type="cond" truecount="2" falsecount="0"/>
          <line num="18" count="4" type="cond" truecount="2" falsecount="0"/>
          <line num="19" count="3" type="cond" truecount="2" falsecount="0"/>
          <line num="20" count="2" type="stmt"/>
          <line num="21" count="2" type="stmt"/>
        </file>
      </package>
      <package name="subrepo">
        <metrics statements="24" coveredstatements="24" conditionals="9" coveredconditionals="9" methods="1" coveredmethods="1"/>
        <file name="index.js" path="/Users/thomas/Desktop/github.com/reggi/abide/packages/subrepo/index.js">
          <metrics statements="24" coveredstatements="24" conditionals="9" coveredconditionals="9" methods="1" coveredmethods="1"/>
          <line num="9" count="3" type="stmt"/>
          <line num="16" count="5" type="stmt"/>
          <line num="17" count="5" type="stmt"/>
          <line num="18" count="5" type="stmt"/>
          <line num="19" count="5" type="cond" truecount="4" falsecount="0"/>
          <line num="20" count="5" type="stmt"/>
          <line num="21" count="5" type="stmt"/>
          <line num="22" count="5" type="stmt"/>
          <line num="24" count="5" type="stmt"/>
          <line num="25" count="5" type="stmt"/>
          <line num="26" count="5" type="cond" truecount="2" falsecount="0"/>
          <line num="27" count="2" type="stmt"/>
          <line num="31" count="2" type="stmt"/>
          <line num="32" count="2" type="stmt"/>
          <line num="33" count="2" type="stmt"/>
          <line num="34" count="2" type="stmt"/>
          <line num="35" count="2" type="stmt"/>
          <line num="36" count="2" type="stmt"/>
          <line num="37" count="2" type="stmt"/>
          <line num="38" count="2" type="stmt"/>
          <line num="40" count="3" type="stmt"/>
          <line num="42" count="5" type="stmt"/>
          <line num="43" count="5" type="cond" truecount="2" falsecount="0"/>
          <line num="44" count="2" type="stmt"/>
        </file>
      </package>
      <package name="subrepo-cli">
        <metrics statements="11" coveredstatements="11" conditionals="13" coveredconditionals="13" methods="2" coveredmethods="2"/>
        <file name="index.js" path="/Users/thomas/Desktop/github.com/reggi/abide/packages/subrepo-cli/index.js">
          <metrics statements="11" coveredstatements="11" conditionals="13" coveredconditionals="13" methods="2" coveredmethods="2"/>
          <line num="7" count="5" type="stmt"/>
          <line num="20" count="5" type="stmt"/>
          <line num="21" count="5" type="cond" truecount="2" falsecount="0"/>
          <line num="22" count="5" type="cond" truecount="2" falsecount="0"/>
          <line num="23" count="5" type="stmt"/>
          <line num="24" count="5" type="cond" truecount="2" falsecount="0"/>
          <line num="25" count="4" type="cond" truecount="2" falsecount="0"/>
          <line num="26" count="3" type="cond" truecount="5" falsecount="0"/>
          <line num="27" count="2" type="stmt"/>
          <line num="28" count="1" type="stmt"/>
          <line num="30" count="1" type="stmt"/>
        </file>
      </package>
    </metrics>
  </project>
</coverage>
