{"/Users/thomas/Desktop/github.com/reggi/abide/packages/command/index.js": {"path":"/Users/thomas/Desktop/github.com/reggi/abide/packages/command/index.js","statementMap":{"0":{"start":{"line":1,"column":16},"end":{"line":7,"column":1}},"1":{"start":{"line":2,"column":2},"end":{"line":6,"column":3}},"2":{"start":{"line":3,"column":4},"end":{"line":3,"column":23}},"3":{"start":{"line":5,"column":4},"end":{"line":5,"column":13}},"4":{"start":{"line":9,"column":0},"end":{"line":9,"column":24}}},"fnMap":{"0":{"name":"(anonymous_0)","decl":{"start":{"line":1,"column":16},"end":{"line":1,"column":17}},"loc":{"start":{"line":1,"column":47},"end":{"line":7,"column":1}},"line":1}},"branchMap":{"0":{"loc":{"start":{"line":1,"column":24},"end":{"line":1,"column":42}},"type":"default-arg","locations":[{"start":{"line":1,"column":35},"end":{"line":1,"column":42}}],"line":1},"1":{"loc":{"start":{"line":2,"column":2},"end":{"line":6,"column":3}},"type":"if","locations":[{"start":{"line":2,"column":2},"end":{"line":6,"column":3}},{"start":{"line":2,"column":2},"end":{"line":6,"column":3}}],"line":2}},"s":{"0":15,"1":25,"2":3,"3":22,"4":15},"f":{"0":25},"b":{"0":[23],"1":[3,22]},"_coverageSchema":"332fd63041d2c1bcb487cc26dd0d5f7d97098a6c","hash":"3adb93e8f85d3e2316d707691bb49c7675d76c05"}
,"/Users/thomas/Desktop/github.com/reggi/abide/packages/command-plus/index.js": {"path":"/Users/thomas/Desktop/github.com/reggi/abide/packages/command-plus/index.js","statementMap":{"0":{"start":{"line":3,"column":34},"end":{"line":23,"column":1}},"1":{"start":{"line":4,"column":33},"end":{"line":4,"column":34}},"2":{"start":{"line":5,"column":2},"end":{"line":22,"column":3}},"3":{"start":{"line":6,"column":20},"end":{"line":6,"column":33}},"4":{"start":{"line":7,"column":4},"end":{"line":17,"column":5}},"5":{"start":{"line":8,"column":6},"end":{"line":8,"column":20}},"6":{"start":{"line":9,"column":11},"end":{"line":17,"column":5}},"7":{"start":{"line":10,"column":6},"end":{"line":10,"column":20}},"8":{"start":{"line":11,"column":11},"end":{"line":17,"column":5}},"9":{"start":{"line":12,"column":6},"end":{"line":12,"column":34}},"10":{"start":{"line":13,"column":6},"end":{"line":13,"column":20}},"11":{"start":{"line":15,"column":6},"end":{"line":15,"column":59}},"12":{"start":{"line":16,"column":6},"end":{"line":16,"column":20}},"13":{"start":{"line":19,"column":4},"end":{"line":19,"column":42}},"14":{"start":{"line":20,"column":4},"end":{"line":20,"column":34}},"15":{"start":{"line":21,"column":4},"end":{"line":21,"column":18}},"16":{"start":{"line":25,"column":27},"end":{"line":29,"column":1}},"17":{"start":{"line":26,"column":2},"end":{"line":28,"column":14}},"18":{"start":{"line":27,"column":4},"end":{"line":27,"column":50}}},"fnMap":{"0":{"name":"(anonymous_0)","decl":{"start":{"line":3,"column":34},"end":{"line":3,"column":35}},"loc":{"start":{"line":3,"column":58},"end":{"line":23,"column":1}},"line":3},"1":{"name":"(anonymous_1)","decl":{"start":{"line":25,"column":27},"end":{"line":25,"column":28}},"loc":{"start":{"line":25,"column":65},"end":{"line":29,"column":1}},"line":25},"2":{"name":"(anonymous_2)","decl":{"start":{"line":26,"column":25},"end":{"line":26,"column":26}},"loc":{"start":{"line":26,"column":45},"end":{"line":28,"column":3}},"line":26}},"branchMap":{"0":{"loc":{"start":{"line":7,"column":4},"end":{"line":17,"column":5}},"type":"if","locations":[{"start":{"line":7,"column":4},"end":{"line":17,"column":5}},{"start":{"line":7,"column":4},"end":{"line":17,"column":5}}],"line":7},"1":{"loc":{"start":{"line":9,"column":11},"end":{"line":17,"column":5}},"type":"if","locations":[{"start":{"line":9,"column":11},"end":{"line":17,"column":5}},{"start":{"line":9,"column":11},"end":{"line":17,"column":5}}],"line":9},"2":{"loc":{"start":{"line":11,"column":11},"end":{"line":17,"column":5}},"type":"if","locations":[{"start":{"line":11,"column":11},"end":{"line":17,"column":5}},{"start":{"line":11,"column":11},"end":{"line":17,"column":5}}],"line":11},"3":{"loc":{"start":{"line":11,"column":15},"end":{"line":11,"column":73}},"type":"binary-expr","locations":[{"start":{"line":11,"column":15},"end":{"line":11,"column":42}},{"start":{"line":11,"column":46},"end":{"line":11,"column":73}}],"line":11},"4":{"loc":{"start":{"line":25,"column":42},"end":{"line":25,"column":60}},"type":"default-arg","locations":[{"start":{"line":25,"column":53},"end":{"line":25,"column":60}}],"line":25}},"s":{"0":1,"1":7,"2":7,"3":7,"4":6,"5":1,"6":5,"7":1,"8":4,"9":3,"10":3,"11":1,"12":1,"13":1,"14":1,"15":1,"16":1,"17":2,"18":2},"f":{"0":7,"1":2,"2":2},"b":{"0":[1,5],"1":[1,4],"2":[3,1],"3":[4,1],"4":[1]},"_coverageSchema":"332fd63041d2c1bcb487cc26dd0d5f7d97098a6c","hash":"3392b494397592c975b4c1cc50b28ffbe3e20fb4"}
,"/Users/thomas/Desktop/github.com/reggi/abide/packages/dep-merge/index.js": {"path":"/Users/thomas/Desktop/github.com/reggi/abide/packages/dep-merge/index.js","statementMap":{"0":{"start":{"line":7,"column":14},"end":{"line":7,"column":50}},"1":{"start":{"line":8,"column":21},"end":{"line":8,"column":35}},"2":{"start":{"line":9,"column":26},"end":{"line":9,"column":78}},"3":{"start":{"line":9,"column":36},"end":{"line":9,"column":78}},"4":{"start":{"line":10,"column":18},"end":{"line":10,"column":88}},"5":{"start":{"line":10,"column":42},"end":{"line":10,"column":88}},"6":{"start":{"line":10,"column":67},"end":{"line":10,"column":77}},"7":{"start":{"line":11,"column":18},"end":{"line":18,"column":2}},"8":{"start":{"line":11,"column":39},"end":{"line":18,"column":1}},"9":{"start":{"line":20,"column":24},"end":{"line":36,"column":2}},"10":{"start":{"line":20,"column":43},"end":{"line":36,"column":1}},"11":{"start":{"line":21,"column":9},"end":{"line":21,"column":18}},"12":{"start":{"line":22,"column":18},"end":{"line":22,"column":65}},"13":{"start":{"line":23,"column":36},"end":{"line":23,"column":126}},"14":{"start":{"line":24,"column":24},"end":{"line":24,"column":63}},"15":{"start":{"line":25,"column":29},"end":{"line":35,"column":4}},"16":{"start":{"line":26,"column":11},"end":{"line":26,"column":20}},"17":{"start":{"line":28,"column":26},"end":{"line":28,"column":70}},"18":{"start":{"line":29,"column":27},"end":{"line":29,"column":70}},"19":{"start":{"line":31,"column":20},"end":{"line":31,"column":87}},"20":{"start":{"line":32,"column":34},"end":{"line":32,"column":74}},"21":{"start":{"line":34,"column":42},"end":{"line":34,"column":124}},"22":{"start":{"line":38,"column":26},"end":{"line":52,"column":2}},"23":{"start":{"line":38,"column":45},"end":{"line":52,"column":1}},"24":{"start":{"line":39,"column":9},"end":{"line":39,"column":18}},"25":{"start":{"line":40,"column":18},"end":{"line":40,"column":65}},"26":{"start":{"line":41,"column":36},"end":{"line":41,"column":126}},"27":{"start":{"line":42,"column":24},"end":{"line":42,"column":62}},"28":{"start":{"line":43,"column":18},"end":{"line":43,"column":85}},"29":{"start":{"line":44,"column":23},"end":{"line":44,"column":65}},"30":{"start":{"line":45,"column":24},"end":{"line":45,"column":72}},"31":{"start":{"line":46,"column":29},"end":{"line":46,"column":103}},"32":{"start":{"line":47,"column":60},"end":{"line":51,"column":4}},"33":{"start":{"line":48,"column":11},"end":{"line":48,"column":28}},"34":{"start":{"line":49,"column":26},"end":{"line":49,"column":60}},"35":{"start":{"line":50,"column":34},"end":{"line":50,"column":74}}},"fnMap":{"0":{"name":"(anonymous_0)","decl":{"start":{"line":9,"column":26},"end":{"line":9,"column":27}},"loc":{"start":{"line":9,"column":36},"end":{"line":9,"column":78}},"line":9},"1":{"name":"(anonymous_1)","decl":{"start":{"line":10,"column":18},"end":{"line":10,"column":19}},"loc":{"start":{"line":10,"column":42},"end":{"line":10,"column":88}},"line":10},"2":{"name":"(anonymous_2)","decl":{"start":{"line":10,"column":61},"end":{"line":10,"column":62}},"loc":{"start":{"line":10,"column":67},"end":{"line":10,"column":77}},"line":10},"3":{"name":"(anonymous_3)","decl":{"start":{"line":11,"column":18},"end":{"line":11,"column":19}},"loc":{"start":{"line":11,"column":39},"end":{"line":18,"column":1}},"line":11},"4":{"name":"(anonymous_4)","decl":{"start":{"line":20,"column":32},"end":{"line":20,"column":33}},"loc":{"start":{"line":20,"column":43},"end":{"line":36,"column":1}},"line":20},"5":{"name":"(anonymous_5)","decl":{"start":{"line":21,"column":2},"end":{"line":21,"column":3}},"loc":{"start":{"line":21,"column":9},"end":{"line":21,"column":18}},"line":21},"6":{"name":"(anonymous_6)","decl":{"start":{"line":22,"column":2},"end":{"line":22,"column":3}},"loc":{"start":{"line":22,"column":18},"end":{"line":22,"column":65}},"line":22},"7":{"name":"(anonymous_7)","decl":{"start":{"line":23,"column":2},"end":{"line":23,"column":3}},"loc":{"start":{"line":23,"column":36},"end":{"line":23,"column":126}},"line":23},"8":{"name":"(anonymous_8)","decl":{"start":{"line":24,"column":2},"end":{"line":24,"column":3}},"loc":{"start":{"line":24,"column":24},"end":{"line":24,"column":63}},"line":24},"9":{"name":"(anonymous_9)","decl":{"start":{"line":25,"column":2},"end":{"line":25,"column":3}},"loc":{"start":{"line":25,"column":29},"end":{"line":35,"column":4}},"line":25},"10":{"name":"(anonymous_10)","decl":{"start":{"line":26,"column":4},"end":{"line":26,"column":5}},"loc":{"start":{"line":26,"column":11},"end":{"line":26,"column":20}},"line":26},"11":{"name":"(anonymous_11)","decl":{"start":{"line":28,"column":4},"end":{"line":28,"column":5}},"loc":{"start":{"line":28,"column":26},"end":{"line":28,"column":70}},"line":28},"12":{"name":"(anonymous_12)","decl":{"start":{"line":29,"column":4},"end":{"line":29,"column":5}},"loc":{"start":{"line":29,"column":27},"end":{"line":29,"column":70}},"line":29},"13":{"name":"(anonymous_13)","decl":{"start":{"line":31,"column":4},"end":{"line":31,"column":5}},"loc":{"start":{"line":31,"column":20},"end":{"line":31,"column":87}},"line":31},"14":{"name":"(anonymous_14)","decl":{"start":{"line":32,"column":4},"end":{"line":32,"column":5}},"loc":{"start":{"line":32,"column":34},"end":{"line":32,"column":74}},"line":32},"15":{"name":"(anonymous_15)","decl":{"start":{"line":34,"column":4},"end":{"line":34,"column":5}},"loc":{"start":{"line":34,"column":42},"end":{"line":34,"column":124}},"line":34},"16":{"name":"(anonymous_16)","decl":{"start":{"line":38,"column":34},"end":{"line":38,"column":35}},"loc":{"start":{"line":38,"column":45},"end":{"line":52,"column":1}},"line":38},"17":{"name":"(anonymous_17)","decl":{"start":{"line":39,"column":2},"end":{"line":39,"column":3}},"loc":{"start":{"line":39,"column":9},"end":{"line":39,"column":18}},"line":39},"18":{"name":"(anonymous_18)","decl":{"start":{"line":40,"column":2},"end":{"line":40,"column":3}},"loc":{"start":{"line":40,"column":18},"end":{"line":40,"column":65}},"line":40},"19":{"name":"(anonymous_19)","decl":{"start":{"line":41,"column":2},"end":{"line":41,"column":3}},"loc":{"start":{"line":41,"column":36},"end":{"line":41,"column":126}},"line":41},"20":{"name":"(anonymous_20)","decl":{"start":{"line":42,"column":2},"end":{"line":42,"column":3}},"loc":{"start":{"line":42,"column":24},"end":{"line":42,"column":62}},"line":42},"21":{"name":"(anonymous_21)","decl":{"start":{"line":43,"column":2},"end":{"line":43,"column":3}},"loc":{"start":{"line":43,"column":18},"end":{"line":43,"column":85}},"line":43},"22":{"name":"(anonymous_22)","decl":{"start":{"line":44,"column":2},"end":{"line":44,"column":3}},"loc":{"start":{"line":44,"column":23},"end":{"line":44,"column":65}},"line":44},"23":{"name":"(anonymous_23)","decl":{"start":{"line":45,"column":2},"end":{"line":45,"column":3}},"loc":{"start":{"line":45,"column":24},"end":{"line":45,"column":72}},"line":45},"24":{"name":"(anonymous_24)","decl":{"start":{"line":46,"column":2},"end":{"line":46,"column":3}},"loc":{"start":{"line":46,"column":29},"end":{"line":46,"column":103}},"line":46},"25":{"name":"(anonymous_25)","decl":{"start":{"line":47,"column":2},"end":{"line":47,"column":3}},"loc":{"start":{"line":47,"column":60},"end":{"line":51,"column":4}},"line":47},"26":{"name":"(anonymous_26)","decl":{"start":{"line":48,"column":4},"end":{"line":48,"column":5}},"loc":{"start":{"line":48,"column":11},"end":{"line":48,"column":28}},"line":48},"27":{"name":"(anonymous_27)","decl":{"start":{"line":49,"column":4},"end":{"line":49,"column":5}},"loc":{"start":{"line":49,"column":26},"end":{"line":49,"column":60}},"line":49},"28":{"name":"(anonymous_28)","decl":{"start":{"line":50,"column":4},"end":{"line":50,"column":5}},"loc":{"start":{"line":50,"column":34},"end":{"line":50,"column":74}},"line":50}},"branchMap":{"0":{"loc":{"start":{"line":10,"column":42},"end":{"line":10,"column":88}},"type":"cond-expr","locations":[{"start":{"line":10,"column":53},"end":{"line":10,"column":80}},{"start":{"line":10,"column":83},"end":{"line":10,"column":88}}],"line":10},"1":{"loc":{"start":{"line":23,"column":36},"end":{"line":23,"column":126}},"type":"cond-expr","locations":[{"start":{"line":23,"column":59},"end":{"line":23,"column":77}},{"start":{"line":23,"column":82},"end":{"line":23,"column":125}}],"line":23},"2":{"loc":{"start":{"line":41,"column":36},"end":{"line":41,"column":126}},"type":"cond-expr","locations":[{"start":{"line":41,"column":59},"end":{"line":41,"column":77}},{"start":{"line":41,"column":82},"end":{"line":41,"column":125}}],"line":41},"3":{"loc":{"start":{"line":46,"column":38},"end":{"line":46,"column":102}},"type":"binary-expr","locations":[{"start":{"line":46,"column":38},"end":{"line":46,"column":63}},{"start":{"line":46,"column":67},"end":{"line":46,"column":102}}],"line":46},"4":{"loc":{"start":{"line":47,"column":70},"end":{"line":47,"column":107}},"type":"binary-expr","locations":[{"start":{"line":47,"column":70},"end":{"line":47,"column":76}},{"start":{"line":47,"column":80},"end":{"line":47,"column":89}},{"start":{"line":47,"column":93},"end":{"line":47,"column":107}}],"line":47}},"s":{"0":1,"1":1,"2":1,"3":7,"4":1,"5":7,"6":5,"7":1,"8":3,"9":1,"10":5,"11":5,"12":5,"13":5,"14":5,"15":5,"16":3,"17":3,"18":3,"19":3,"20":3,"21":3,"22":1,"23":2,"24":2,"25":2,"26":2,"27":2,"28":2,"29":2,"30":2,"31":2,"32":2,"33":2,"34":2,"35":2},"f":{"0":7,"1":7,"2":5,"3":3,"4":5,"5":5,"6":5,"7":5,"8":5,"9":5,"10":3,"11":3,"12":3,"13":3,"14":3,"15":3,"16":2,"17":2,"18":2,"19":2,"20":2,"21":2,"22":2,"23":2,"24":2,"25":2,"26":2,"27":2,"28":2},"b":{"0":[5,2],"1":[1,4],"2":[1,1],"3":[2,2],"4":[2,2,2]},"_coverageSchema":"332fd63041d2c1bcb487cc26dd0d5f7d97098a6c","hash":"4a50310f0f43eb49ceb4a6b618eac7dd46201485"}
,"/Users/thomas/Desktop/github.com/reggi/abide/packages/dep-merge-cli/index.js": {"path":"/Users/thomas/Desktop/github.com/reggi/abide/packages/dep-merge-cli/index.js","statementMap":{"0":{"start":{"line":7,"column":10},"end":{"line":7,"column":32}},"1":{"start":{"line":9,"column":18},"end":{"line":18,"column":23}},"2":{"start":{"line":9,"column":28},"end":{"line":18,"column":23}},"3":{"start":{"line":21,"column":2},"end":{"line":21,"column":22}},"4":{"start":{"line":22,"column":17},"end":{"line":22,"column":32}},"5":{"start":{"line":23,"column":2},"end":{"line":23,"column":21}},"6":{"start":{"line":24,"column":2},"end":{"line":65,"column":3}},"7":{"start":{"line":25,"column":4},"end":{"line":25,"column":17}},"8":{"start":{"line":26,"column":4},"end":{"line":26,"column":38}},"9":{"start":{"line":27,"column":4},"end":{"line":27,"column":18}},"10":{"start":{"line":28,"column":9},"end":{"line":65,"column":3}},"11":{"start":{"line":29,"column":4},"end":{"line":29,"column":20}},"12":{"start":{"line":30,"column":16},"end":{"line":30,"column":41}},"13":{"start":{"line":31,"column":4},"end":{"line":31,"column":36}},"14":{"start":{"line":32,"column":4},"end":{"line":32,"column":18}},"15":{"start":{"line":33,"column":9},"end":{"line":65,"column":3}},"16":{"start":{"line":34,"column":4},"end":{"line":34,"column":25}},"17":{"start":{"line":35,"column":4},"end":{"line":35,"column":32}},"18":{"start":{"line":36,"column":4},"end":{"line":36,"column":18}},"19":{"start":{"line":37,"column":9},"end":{"line":65,"column":3}},"20":{"start":{"line":38,"column":4},"end":{"line":48,"column":5}},"21":{"start":{"line":39,"column":6},"end":{"line":39,"column":27}},"22":{"start":{"line":40,"column":6},"end":{"line":40,"column":39}},"23":{"start":{"line":41,"column":6},"end":{"line":41,"column":24}},"24":{"start":{"line":42,"column":6},"end":{"line":42,"column":73}},"25":{"start":{"line":42,"column":32},"end":{"line":42,"column":73}},"26":{"start":{"line":43,"column":6},"end":{"line":43,"column":20}},"27":{"start":{"line":45,"column":6},"end":{"line":45,"column":22}},"28":{"start":{"line":46,"column":6},"end":{"line":46,"column":29}},"29":{"start":{"line":47,"column":6},"end":{"line":47,"column":20}},"30":{"start":{"line":49,"column":9},"end":{"line":65,"column":3}},"31":{"start":{"line":50,"column":4},"end":{"line":60,"column":5}},"32":{"start":{"line":51,"column":6},"end":{"line":51,"column":29}},"33":{"start":{"line":52,"column":6},"end":{"line":52,"column":41}},"34":{"start":{"line":53,"column":6},"end":{"line":53,"column":26}},"35":{"start":{"line":54,"column":6},"end":{"line":54,"column":75}},"36":{"start":{"line":54,"column":32},"end":{"line":54,"column":75}},"37":{"start":{"line":55,"column":6},"end":{"line":55,"column":20}},"38":{"start":{"line":57,"column":6},"end":{"line":57,"column":24}},"39":{"start":{"line":58,"column":6},"end":{"line":58,"column":29}},"40":{"start":{"line":59,"column":6},"end":{"line":59,"column":20}},"41":{"start":{"line":62,"column":4},"end":{"line":62,"column":18}},"42":{"start":{"line":63,"column":4},"end":{"line":63,"column":63}},"43":{"start":{"line":63,"column":30},"end":{"line":63,"column":63}},"44":{"start":{"line":64,"column":4},"end":{"line":64,"column":18}}},"fnMap":{"0":{"name":"(anonymous_0)","decl":{"start":{"line":9,"column":18},"end":{"line":9,"column":19}},"loc":{"start":{"line":9,"column":28},"end":{"line":18,"column":23}},"line":9},"1":{"name":"(anonymous_1)","decl":{"start":{"line":20,"column":31},"end":{"line":20,"column":32}},"loc":{"start":{"line":20,"column":63},"end":{"line":66,"column":1}},"line":20}},"branchMap":{"0":{"loc":{"start":{"line":24,"column":2},"end":{"line":65,"column":3}},"type":"if","locations":[{"start":{"line":24,"column":2},"end":{"line":65,"column":3}},{"start":{"line":24,"column":2},"end":{"line":65,"column":3}}],"line":24},"1":{"loc":{"start":{"line":28,"column":9},"end":{"line":65,"column":3}},"type":"if","locations":[{"start":{"line":28,"column":9},"end":{"line":65,"column":3}},{"start":{"line":28,"column":9},"end":{"line":65,"column":3}}],"line":28},"2":{"loc":{"start":{"line":33,"column":9},"end":{"line":65,"column":3}},"type":"if","locations":[{"start":{"line":33,"column":9},"end":{"line":65,"column":3}},{"start":{"line":33,"column":9},"end":{"line":65,"column":3}}],"line":33},"3":{"loc":{"start":{"line":33,"column":13},"end":{"line":33,"column":79}},"type":"binary-expr","locations":[{"start":{"line":33,"column":14},"end":{"line":33,"column":32}},{"start":{"line":33,"column":36},"end":{"line":33,"column":56}},{"start":{"line":33,"column":61},"end":{"line":33,"column":79}}],"line":33},"4":{"loc":{"start":{"line":37,"column":9},"end":{"line":65,"column":3}},"type":"if","locations":[{"start":{"line":37,"column":9},"end":{"line":65,"column":3}},{"start":{"line":37,"column":9},"end":{"line":65,"column":3}}],"line":37},"5":{"loc":{"start":{"line":42,"column":6},"end":{"line":42,"column":73}},"type":"if","locations":[{"start":{"line":42,"column":6},"end":{"line":42,"column":73}},{"start":{"line":42,"column":6},"end":{"line":42,"column":73}}],"line":42},"6":{"loc":{"start":{"line":49,"column":9},"end":{"line":65,"column":3}},"type":"if","locations":[{"start":{"line":49,"column":9},"end":{"line":65,"column":3}},{"start":{"line":49,"column":9},"end":{"line":65,"column":3}}],"line":49},"7":{"loc":{"start":{"line":54,"column":6},"end":{"line":54,"column":75}},"type":"if","locations":[{"start":{"line":54,"column":6},"end":{"line":54,"column":75}},{"start":{"line":54,"column":6},"end":{"line":54,"column":75}}],"line":54},"8":{"loc":{"start":{"line":63,"column":4},"end":{"line":63,"column":63}},"type":"if","locations":[{"start":{"line":63,"column":4},"end":{"line":63,"column":63}},{"start":{"line":63,"column":4},"end":{"line":63,"column":63}}],"line":63}},"s":{"0":1,"1":1,"2":13,"3":13,"4":13,"5":13,"6":13,"7":1,"8":1,"9":1,"10":12,"11":1,"12":1,"13":1,"14":1,"15":11,"16":2,"17":2,"18":2,"19":9,"20":3,"21":3,"22":3,"23":2,"24":2,"25":1,"26":2,"27":1,"28":1,"29":1,"30":6,"31":3,"32":3,"33":3,"34":2,"35":2,"36":1,"37":2,"38":1,"39":1,"40":1,"41":3,"42":3,"43":2,"44":3},"f":{"0":13,"1":13},"b":{"0":[1,12],"1":[1,11],"2":[2,9],"3":[11,7,8],"4":[3,6],"5":[1,1],"6":[3,3],"7":[1,1],"8":[2,1]},"_coverageSchema":"332fd63041d2c1bcb487cc26dd0d5f7d97098a6c","hash":"cf4f62f3cb0bc2a0a07ee24ab45926f8adada06f"}
,"/Users/thomas/Desktop/github.com/reggi/abide/packages/dep-pointer/index.js": {"path":"/Users/thomas/Desktop/github.com/reggi/abide/packages/dep-pointer/index.js","statementMap":{"0":{"start":{"line":12,"column":27},"end":{"line":16,"column":1}},"1":{"start":{"line":13,"column":29},"end":{"line":13,"column":85}},"2":{"start":{"line":14,"column":17},"end":{"line":14,"column":70}},"3":{"start":{"line":15,"column":2},"end":{"line":15,"column":15}},"4":{"start":{"line":18,"column":29},"end":{"line":35,"column":1}},"5":{"start":{"line":19,"column":16},"end":{"line":19,"column":33}},"6":{"start":{"line":20,"column":37},"end":{"line":20,"column":42}},"7":{"start":{"line":21,"column":19},"end":{"line":21,"column":66}},"8":{"start":{"line":22,"column":23},"end":{"line":22,"column":49}},"9":{"start":{"line":23,"column":17},"end":{"line":23,"column":43}},"10":{"start":{"line":24,"column":19},"end":{"line":24,"column":34}},"11":{"start":{"line":25,"column":18},"end":{"line":25,"column":61}},"12":{"start":{"line":26,"column":18},"end":{"line":33,"column":4}},"13":{"start":{"line":34,"column":2},"end":{"line":34,"column":32}},"14":{"start":{"line":37,"column":39},"end":{"line":46,"column":1}},"15":{"start":{"line":38,"column":22},"end":{"line":38,"column":59}},"16":{"start":{"line":39,"column":2},"end":{"line":45,"column":3}},"17":{"start":{"line":40,"column":27},"end":{"line":40,"column":57}},"18":{"start":{"line":41,"column":24},"end":{"line":41,"column":43}},"19":{"start":{"line":42,"column":4},"end":{"line":42,"column":22}},"20":{"start":{"line":44,"column":4},"end":{"line":44,"column":16}},"21":{"start":{"line":49,"column":30},"end":{"line":56,"column":1}},"22":{"start":{"line":50,"column":35},"end":{"line":50,"column":42}},"23":{"start":{"line":51,"column":2},"end":{"line":54,"column":3}},"24":{"start":{"line":52,"column":23},"end":{"line":52,"column":60}},"25":{"start":{"line":53,"column":4},"end":{"line":53,"column":63}},"26":{"start":{"line":55,"column":2},"end":{"line":55,"column":24}},"27":{"start":{"line":58,"column":34},"end":{"line":60,"column":1}},"28":{"start":{"line":59,"column":2},"end":{"line":59,"column":95}},"29":{"start":{"line":62,"column":30},"end":{"line":71,"column":1}},"30":{"start":{"line":63,"column":2},"end":{"line":70,"column":3}},"31":{"start":{"line":64,"column":20},"end":{"line":64,"column":70}},"32":{"start":{"line":64,"column":45},"end":{"line":64,"column":69}},"33":{"start":{"line":65,"column":4},"end":{"line":65,"column":27}},"34":{"start":{"line":67,"column":4},"end":{"line":69,"column":6}},"35":{"start":{"line":68,"column":6},"end":{"line":68,"column":29}},"36":{"start":{"line":73,"column":26},"end":{"line":96,"column":1}},"37":{"start":{"line":74,"column":2},"end":{"line":74,"column":97}},"38":{"start":{"line":74,"column":40},"end":{"line":74,"column":97}},"39":{"start":{"line":75,"column":2},"end":{"line":75,"column":85}},"40":{"start":{"line":75,"column":40},"end":{"line":75,"column":85}},"41":{"start":{"line":76,"column":17},"end":{"line":76,"column":48}},"42":{"start":{"line":77,"column":34},"end":{"line":77,"column":99}},"43":{"start":{"line":78,"column":2},"end":{"line":94,"column":3}},"44":{"start":{"line":79,"column":4},"end":{"line":88,"column":6}},"45":{"start":{"line":80,"column":31},"end":{"line":80,"column":76}},"46":{"start":{"line":81,"column":6},"end":{"line":87,"column":7}},"47":{"start":{"line":82,"column":25},"end":{"line":82,"column":60}},"48":{"start":{"line":83,"column":8},"end":{"line":83,"column":90}},"49":{"start":{"line":84,"column":8},"end":{"line":84,"column":41}},"50":{"start":{"line":86,"column":8},"end":{"line":86,"column":58}},"51":{"start":{"line":90,"column":4},"end":{"line":93,"column":6}},"52":{"start":{"line":91,"column":6},"end":{"line":91,"column":56}},"53":{"start":{"line":91,"column":23},"end":{"line":91,"column":56}},"54":{"start":{"line":92,"column":6},"end":{"line":92,"column":70}},"55":{"start":{"line":95,"column":2},"end":{"line":95,"column":13}}},"fnMap":{"0":{"name":"(anonymous_0)","decl":{"start":{"line":12,"column":27},"end":{"line":12,"column":28}},"loc":{"start":{"line":12,"column":51},"end":{"line":16,"column":1}},"line":12},"1":{"name":"(anonymous_1)","decl":{"start":{"line":18,"column":29},"end":{"line":18,"column":30}},"loc":{"start":{"line":18,"column":63},"end":{"line":35,"column":1}},"line":18},"2":{"name":"(anonymous_2)","decl":{"start":{"line":37,"column":39},"end":{"line":37,"column":40}},"loc":{"start":{"line":37,"column":63},"end":{"line":46,"column":1}},"line":37},"3":{"name":"(anonymous_3)","decl":{"start":{"line":49,"column":30},"end":{"line":49,"column":31}},"loc":{"start":{"line":49,"column":71},"end":{"line":56,"column":1}},"line":49},"4":{"name":"(anonymous_4)","decl":{"start":{"line":58,"column":34},"end":{"line":58,"column":35}},"loc":{"start":{"line":58,"column":45},"end":{"line":60,"column":1}},"line":58},"5":{"name":"(anonymous_5)","decl":{"start":{"line":62,"column":30},"end":{"line":62,"column":31}},"loc":{"start":{"line":62,"column":74},"end":{"line":71,"column":1}},"line":62},"6":{"name":"(anonymous_6)","decl":{"start":{"line":64,"column":34},"end":{"line":64,"column":35}},"loc":{"start":{"line":64,"column":45},"end":{"line":64,"column":69}},"line":64},"7":{"name":"(anonymous_7)","decl":{"start":{"line":67,"column":24},"end":{"line":67,"column":25}},"loc":{"start":{"line":67,"column":43},"end":{"line":69,"column":5}},"line":67},"8":{"name":"(anonymous_8)","decl":{"start":{"line":73,"column":26},"end":{"line":73,"column":27}},"loc":{"start":{"line":73,"column":132},"end":{"line":96,"column":1}},"line":73},"9":{"name":"(anonymous_9)","decl":{"start":{"line":79,"column":49},"end":{"line":79,"column":50}},"loc":{"start":{"line":79,"column":66},"end":{"line":88,"column":5}},"line":79},"10":{"name":"(anonymous_10)","decl":{"start":{"line":90,"column":49},"end":{"line":90,"column":50}},"loc":{"start":{"line":90,"column":68},"end":{"line":93,"column":5}},"line":90}},"branchMap":{"0":{"loc":{"start":{"line":25,"column":18},"end":{"line":25,"column":61}},"type":"cond-expr","locations":[{"start":{"line":25,"column":35},"end":{"line":25,"column":56}},{"start":{"line":25,"column":59},"end":{"line":25,"column":61}}],"line":25},"1":{"loc":{"start":{"line":63,"column":2},"end":{"line":70,"column":3}},"type":"if","locations":[{"start":{"line":63,"column":2},"end":{"line":70,"column":3}},{"start":{"line":63,"column":2},"end":{"line":70,"column":3}}],"line":63},"2":{"loc":{"start":{"line":73,"column":46},"end":{"line":73,"column":61}},"type":"default-arg","locations":[{"start":{"line":73,"column":59},"end":{"line":73,"column":61}}],"line":73},"3":{"loc":{"start":{"line":73,"column":90},"end":{"line":73,"column":108}},"type":"default-arg","locations":[{"start":{"line":73,"column":104},"end":{"line":73,"column":108}}],"line":73},"4":{"loc":{"start":{"line":73,"column":110},"end":{"line":73,"column":126}},"type":"default-arg","locations":[{"start":{"line":73,"column":121},"end":{"line":73,"column":126}}],"line":73},"5":{"loc":{"start":{"line":74,"column":2},"end":{"line":74,"column":97}},"type":"if","locations":[{"start":{"line":74,"column":2},"end":{"line":74,"column":97}},{"start":{"line":74,"column":2},"end":{"line":74,"column":97}}],"line":74},"6":{"loc":{"start":{"line":74,"column":6},"end":{"line":74,"column":38}},"type":"binary-expr","locations":[{"start":{"line":74,"column":6},"end":{"line":74,"column":10}},{"start":{"line":74,"column":14},"end":{"line":74,"column":22}},{"start":{"line":74,"column":26},"end":{"line":74,"column":38}}],"line":74},"7":{"loc":{"start":{"line":75,"column":2},"end":{"line":75,"column":85}},"type":"if","locations":[{"start":{"line":75,"column":2},"end":{"line":75,"column":85}},{"start":{"line":75,"column":2},"end":{"line":75,"column":85}}],"line":75},"8":{"loc":{"start":{"line":75,"column":6},"end":{"line":75,"column":38}},"type":"binary-expr","locations":[{"start":{"line":75,"column":6},"end":{"line":75,"column":10}},{"start":{"line":75,"column":14},"end":{"line":75,"column":22}},{"start":{"line":75,"column":26},"end":{"line":75,"column":38}}],"line":75},"9":{"loc":{"start":{"line":77,"column":78},"end":{"line":77,"column":96}},"type":"binary-expr","locations":[{"start":{"line":77,"column":78},"end":{"line":77,"column":81}},{"start":{"line":77,"column":85},"end":{"line":77,"column":96}}],"line":77},"10":{"loc":{"start":{"line":78,"column":2},"end":{"line":94,"column":3}},"type":"if","locations":[{"start":{"line":78,"column":2},"end":{"line":94,"column":3}},{"start":{"line":78,"column":2},"end":{"line":94,"column":3}}],"line":78},"11":{"loc":{"start":{"line":91,"column":6},"end":{"line":91,"column":56}},"type":"if","locations":[{"start":{"line":91,"column":6},"end":{"line":91,"column":56}},{"start":{"line":91,"column":6},"end":{"line":91,"column":56}}],"line":91}},"s":{"0":1,"1":8,"2":8,"3":8,"4":1,"5":8,"6":8,"7":8,"8":8,"9":8,"10":8,"11":8,"12":8,"13":8,"14":1,"15":6,"16":6,"17":6,"18":5,"19":5,"20":1,"21":1,"22":12,"23":12,"24":14,"25":14,"26":12,"27":1,"28":11,"29":1,"30":8,"31":6,"32":18,"33":6,"34":2,"35":8,"36":1,"37":9,"38":6,"39":9,"40":1,"41":8,"42":8,"43":8,"44":2,"45":2,"46":2,"47":2,"48":1,"49":1,"50":1,"51":6,"52":12,"53":11,"54":12,"55":7},"f":{"0":8,"1":8,"2":6,"3":12,"4":11,"5":8,"6":18,"7":8,"8":9,"9":2,"10":12},"b":{"0":[7,1],"1":[6,2],"2":[9],"3":[8],"4":[7],"5":[6,3],"6":[9,8,7],"7":[1,8],"8":[9,8,7],"9":[8,7],"10":[2,6],"11":[11,1]},"_coverageSchema":"332fd63041d2c1bcb487cc26dd0d5f7d97098a6c","hash":"29e8f49c2daa59b97e2dd46f610c488b1d974873"}
,"/Users/thomas/Desktop/github.com/reggi/abide/packages/dep-pointer-cli/index.js": {"path":"/Users/thomas/Desktop/github.com/reggi/abide/packages/dep-pointer-cli/index.js","statementMap":{"0":{"start":{"line":7,"column":10},"end":{"line":7,"column":34}},"1":{"start":{"line":9,"column":18},"end":{"line":21,"column":23}},"2":{"start":{"line":9,"column":28},"end":{"line":21,"column":23}},"3":{"start":{"line":24,"column":2},"end":{"line":24,"column":22}},"4":{"start":{"line":25,"column":17},"end":{"line":25,"column":32}},"5":{"start":{"line":26,"column":2},"end":{"line":26,"column":21}},"6":{"start":{"line":27,"column":2},"end":{"line":46,"column":3}},"7":{"start":{"line":28,"column":4},"end":{"line":28,"column":17}},"8":{"start":{"line":29,"column":4},"end":{"line":29,"column":38}},"9":{"start":{"line":30,"column":4},"end":{"line":30,"column":18}},"10":{"start":{"line":31,"column":9},"end":{"line":46,"column":3}},"11":{"start":{"line":32,"column":4},"end":{"line":32,"column":20}},"12":{"start":{"line":33,"column":16},"end":{"line":33,"column":41}},"13":{"start":{"line":34,"column":4},"end":{"line":34,"column":36}},"14":{"start":{"line":35,"column":4},"end":{"line":35,"column":18}},"15":{"start":{"line":37,"column":16},"end":{"line":37,"column":32}},"16":{"start":{"line":38,"column":20},"end":{"line":38,"column":40}},"17":{"start":{"line":39,"column":24},"end":{"line":39,"column":44}},"18":{"start":{"line":40,"column":21},"end":{"line":40,"column":39}},"19":{"start":{"line":41,"column":24},"end":{"line":41,"column":43}},"20":{"start":{"line":42,"column":23},"end":{"line":42,"column":28}},"21":{"start":{"line":43,"column":23},"end":{"line":43,"column":52}},"22":{"start":{"line":44,"column":4},"end":{"line":44,"column":96}},"23":{"start":{"line":45,"column":4},"end":{"line":45,"column":18}}},"fnMap":{"0":{"name":"(anonymous_0)","decl":{"start":{"line":9,"column":18},"end":{"line":9,"column":19}},"loc":{"start":{"line":9,"column":28},"end":{"line":21,"column":23}},"line":9},"1":{"name":"(anonymous_1)","decl":{"start":{"line":23,"column":31},"end":{"line":23,"column":32}},"loc":{"start":{"line":23,"column":68},"end":{"line":47,"column":1}},"line":23}},"branchMap":{"0":{"loc":{"start":{"line":27,"column":2},"end":{"line":46,"column":3}},"type":"if","locations":[{"start":{"line":27,"column":2},"end":{"line":46,"column":3}},{"start":{"line":27,"column":2},"end":{"line":46,"column":3}}],"line":27},"1":{"loc":{"start":{"line":31,"column":9},"end":{"line":46,"column":3}},"type":"if","locations":[{"start":{"line":31,"column":9},"end":{"line":46,"column":3}},{"start":{"line":31,"column":9},"end":{"line":46,"column":3}}],"line":31},"2":{"loc":{"start":{"line":43,"column":23},"end":{"line":43,"column":52}},"type":"binary-expr","locations":[{"start":{"line":43,"column":23},"end":{"line":43,"column":46}},{"start":{"line":43,"column":50},"end":{"line":43,"column":52}}],"line":43}},"s":{"0":1,"1":1,"2":3,"3":3,"4":3,"5":3,"6":3,"7":1,"8":1,"9":1,"10":2,"11":1,"12":1,"13":1,"14":1,"15":1,"16":1,"17":1,"18":1,"19":1,"20":1,"21":1,"22":1,"23":1},"f":{"0":3,"1":3},"b":{"0":[1,2],"1":[1,1],"2":[1,1]},"_coverageSchema":"332fd63041d2c1bcb487cc26dd0d5f7d97098a6c","hash":"51814ad6b6868f34dfe8d7c551c6fe783f33f55d"}
,"/Users/thomas/Desktop/github.com/reggi/abide/packages/gitpkg.traverse-up/index.js": {"path":"/Users/thomas/Desktop/github.com/reggi/abide/packages/gitpkg.traverse-up/index.js","statementMap":{"0":{"start":{"line":5,"column":24},"end":{"line":14,"column":1}},"1":{"start":{"line":6,"column":2},"end":{"line":13,"column":3}},"2":{"start":{"line":7,"column":18},"end":{"line":7,"column":38}},"3":{"start":{"line":8,"column":4},"end":{"line":8,"column":47}},"4":{"start":{"line":8,"column":29},"end":{"line":8,"column":47}},"5":{"start":{"line":9,"column":4},"end":{"line":9,"column":37}},"6":{"start":{"line":9,"column":24},"end":{"line":9,"column":37}},"7":{"start":{"line":10,"column":4},"end":{"line":10,"column":17}},"8":{"start":{"line":12,"column":4},"end":{"line":12,"column":16}},"9":{"start":{"line":16,"column":26},"end":{"line":28,"column":1}},"10":{"start":{"line":17,"column":2},"end":{"line":17,"column":54}},"11":{"start":{"line":17,"column":26},"end":{"line":17,"column":54}},"12":{"start":{"line":18,"column":18},"end":{"line":18,"column":89}},"13":{"start":{"line":19,"column":16},"end":{"line":19,"column":41}},"14":{"start":{"line":20,"column":16},"end":{"line":20,"column":64}},"15":{"start":{"line":20,"column":36},"end":{"line":20,"column":63}},"16":{"start":{"line":21,"column":2},"end":{"line":25,"column":3}},"17":{"start":{"line":22,"column":22},"end":{"line":22,"column":47}},"18":{"start":{"line":23,"column":17},"end":{"line":23,"column":42}},"19":{"start":{"line":24,"column":4},"end":{"line":24,"column":61}},"20":{"start":{"line":24,"column":45},"end":{"line":24,"column":61}},"21":{"start":{"line":26,"column":18},"end":{"line":26,"column":42}},"22":{"start":{"line":27,"column":2},"end":{"line":27,"column":81}}},"fnMap":{"0":{"name":"(anonymous_0)","decl":{"start":{"line":5,"column":24},"end":{"line":5,"column":25}},"loc":{"start":{"line":5,"column":40},"end":{"line":14,"column":1}},"line":5},"1":{"name":"(anonymous_1)","decl":{"start":{"line":16,"column":26},"end":{"line":16,"column":27}},"loc":{"start":{"line":16,"column":89},"end":{"line":28,"column":1}},"line":16},"2":{"name":"(anonymous_2)","decl":{"start":{"line":20,"column":28},"end":{"line":20,"column":29}},"loc":{"start":{"line":20,"column":36},"end":{"line":20,"column":63}},"line":20}},"branchMap":{"0":{"loc":{"start":{"line":8,"column":4},"end":{"line":8,"column":47}},"type":"if","locations":[{"start":{"line":8,"column":4},"end":{"line":8,"column":47}},{"start":{"line":8,"column":4},"end":{"line":8,"column":47}}],"line":8},"1":{"loc":{"start":{"line":9,"column":4},"end":{"line":9,"column":37}},"type":"if","locations":[{"start":{"line":9,"column":4},"end":{"line":9,"column":37}},{"start":{"line":9,"column":4},"end":{"line":9,"column":37}}],"line":9},"2":{"loc":{"start":{"line":17,"column":2},"end":{"line":17,"column":54}},"type":"if","locations":[{"start":{"line":17,"column":2},"end":{"line":17,"column":54}},{"start":{"line":17,"column":2},"end":{"line":17,"column":54}}],"line":17},"3":{"loc":{"start":{"line":18,"column":18},"end":{"line":18,"column":89}},"type":"cond-expr","locations":[{"start":{"line":18,"column":50},"end":{"line":18,"column":60}},{"start":{"line":18,"column":63},"end":{"line":18,"column":89}}],"line":18},"4":{"loc":{"start":{"line":21,"column":2},"end":{"line":25,"column":3}},"type":"if","locations":[{"start":{"line":21,"column":2},"end":{"line":25,"column":3}},{"start":{"line":21,"column":2},"end":{"line":25,"column":3}}],"line":21},"5":{"loc":{"start":{"line":24,"column":4},"end":{"line":24,"column":61}},"type":"if","locations":[{"start":{"line":24,"column":4},"end":{"line":24,"column":61}},{"start":{"line":24,"column":4},"end":{"line":24,"column":61}}],"line":24},"6":{"loc":{"start":{"line":24,"column":8},"end":{"line":24,"column":43}},"type":"binary-expr","locations":[{"start":{"line":24,"column":8},"end":{"line":24,"column":12}},{"start":{"line":24,"column":16},"end":{"line":24,"column":43}}],"line":24}},"s":{"0":1,"1":5,"2":5,"3":4,"4":1,"5":3,"6":2,"7":1,"8":1,"9":1,"10":19,"11":2,"12":17,"13":17,"14":17,"15":16,"16":17,"17":4,"18":4,"19":4,"20":3,"21":14,"22":14},"f":{"0":5,"1":19,"2":16},"b":{"0":[1,3],"1":[2,1],"2":[2,17],"3":[12,5],"4":[4,13],"5":[3,1],"6":[4,4]},"_coverageSchema":"332fd63041d2c1bcb487cc26dd0d5f7d97098a6c","hash":"f493b7ac0a020d19ca7fa095491c099a44ccb832"}
,"/Users/thomas/Desktop/github.com/reggi/abide/packages/gitpkg.upsert/index.js": {"path":"/Users/thomas/Desktop/github.com/reggi/abide/packages/gitpkg.upsert/index.js","statementMap":{"0":{"start":{"line":4,"column":28},"end":{"line":4,"column":67}},"1":{"start":{"line":4,"column":38},"end":{"line":4,"column":67}},"2":{"start":{"line":4,"column":48},"end":{"line":4,"column":67}},"3":{"start":{"line":5,"column":29},"end":{"line":5,"column":90}},"4":{"start":{"line":5,"column":54},"end":{"line":5,"column":89}},"5":{"start":{"line":7,"column":22},"end":{"line":15,"column":18}},"6":{"start":{"line":7,"column":54},"end":{"line":15,"column":1}},"7":{"start":{"line":8,"column":9},"end":{"line":8,"column":29}},"8":{"start":{"line":9,"column":16},"end":{"line":9,"column":84}},"9":{"start":{"line":10,"column":23},"end":{"line":10,"column":73}},"10":{"start":{"line":10,"column":53},"end":{"line":10,"column":71}},"11":{"start":{"line":11,"column":21},"end":{"line":11,"column":46}},"12":{"start":{"line":12,"column":21},"end":{"line":12,"column":71}},"13":{"start":{"line":13,"column":38},"end":{"line":13,"column":77}},"14":{"start":{"line":14,"column":42},"end":{"line":14,"column":140}}},"fnMap":{"0":{"name":"(anonymous_0)","decl":{"start":{"line":4,"column":28},"end":{"line":4,"column":29}},"loc":{"start":{"line":4,"column":38},"end":{"line":4,"column":67}},"line":4},"1":{"name":"(anonymous_1)","decl":{"start":{"line":4,"column":38},"end":{"line":4,"column":39}},"loc":{"start":{"line":4,"column":48},"end":{"line":4,"column":67}},"line":4},"2":{"name":"(anonymous_2)","decl":{"start":{"line":5,"column":29},"end":{"line":5,"column":30}},"loc":{"start":{"line":5,"column":54},"end":{"line":5,"column":89}},"line":5},"3":{"name":"(anonymous_3)","decl":{"start":{"line":7,"column":30},"end":{"line":7,"column":31}},"loc":{"start":{"line":7,"column":54},"end":{"line":15,"column":1}},"line":7},"4":{"name":"(anonymous_4)","decl":{"start":{"line":8,"column":2},"end":{"line":8,"column":3}},"loc":{"start":{"line":8,"column":9},"end":{"line":8,"column":29}},"line":8},"5":{"name":"(anonymous_5)","decl":{"start":{"line":9,"column":2},"end":{"line":9,"column":3}},"loc":{"start":{"line":9,"column":16},"end":{"line":9,"column":84}},"line":9},"6":{"name":"(anonymous_6)","decl":{"start":{"line":10,"column":2},"end":{"line":10,"column":3}},"loc":{"start":{"line":10,"column":23},"end":{"line":10,"column":73}},"line":10},"7":{"name":"(anonymous_7)","decl":{"start":{"line":10,"column":46},"end":{"line":10,"column":47}},"loc":{"start":{"line":10,"column":53},"end":{"line":10,"column":71}},"line":10},"8":{"name":"(anonymous_8)","decl":{"start":{"line":11,"column":2},"end":{"line":11,"column":3}},"loc":{"start":{"line":11,"column":21},"end":{"line":11,"column":46}},"line":11},"9":{"name":"(anonymous_9)","decl":{"start":{"line":12,"column":2},"end":{"line":12,"column":3}},"loc":{"start":{"line":12,"column":21},"end":{"line":12,"column":71}},"line":12},"10":{"name":"(anonymous_10)","decl":{"start":{"line":13,"column":2},"end":{"line":13,"column":3}},"loc":{"start":{"line":13,"column":38},"end":{"line":13,"column":77}},"line":13},"11":{"name":"(anonymous_11)","decl":{"start":{"line":14,"column":2},"end":{"line":14,"column":3}},"loc":{"start":{"line":14,"column":42},"end":{"line":14,"column":140}},"line":14}},"branchMap":{"0":{"loc":{"start":{"line":9,"column":26},"end":{"line":9,"column":83}},"type":"cond-expr","locations":[{"start":{"line":9,"column":56},"end":{"line":9,"column":75}},{"start":{"line":9,"column":78},"end":{"line":9,"column":83}}],"line":9},"1":{"loc":{"start":{"line":14,"column":51},"end":{"line":14,"column":139}},"type":"cond-expr","locations":[{"start":{"line":14,"column":66},"end":{"line":14,"column":120}},{"start":{"line":14,"column":123},"end":{"line":14,"column":139}}],"line":14}},"s":{"0":1,"1":6,"2":11,"3":1,"4":5,"5":1,"6":6,"7":6,"8":6,"9":6,"10":11,"11":6,"12":6,"13":6,"14":6},"f":{"0":6,"1":11,"2":5,"3":6,"4":6,"5":6,"6":6,"7":11,"8":6,"9":6,"10":6,"11":6},"b":{"0":[4,2],"1":[5,1]},"_coverageSchema":"332fd63041d2c1bcb487cc26dd0d5f7d97098a6c","hash":"6f4f98a9d91a0e6e4c62e94c9de65e6c5462cc93"}
,"/Users/thomas/Desktop/github.com/reggi/abide/packages/help/index.js": {"path":"/Users/thomas/Desktop/github.com/reggi/abide/packages/help/index.js","statementMap":{"0":{"start":{"line":5,"column":31},"end":{"line":15,"column":18}},"1":{"start":{"line":5,"column":56},"end":{"line":15,"column":1}},"2":{"start":{"line":6,"column":9},"end":{"line":6,"column":22}},"3":{"start":{"line":7,"column":22},"end":{"line":7,"column":76}},"4":{"start":{"line":8,"column":22},"end":{"line":8,"column":69}},"5":{"start":{"line":9,"column":22},"end":{"line":9,"column":69}},"6":{"start":{"line":10,"column":22},"end":{"line":10,"column":55}},"7":{"start":{"line":11,"column":22},"end":{"line":11,"column":75}},"8":{"start":{"line":12,"column":22},"end":{"line":12,"column":77}},"9":{"start":{"line":13,"column":22},"end":{"line":13,"column":53}},"10":{"start":{"line":14,"column":36},"end":{"line":14,"column":73}},"11":{"start":{"line":17,"column":23},"end":{"line":22,"column":1}},"12":{"start":{"line":17,"column":39},"end":{"line":22,"column":1}},"13":{"start":{"line":18,"column":2},"end":{"line":18,"column":39}},"14":{"start":{"line":18,"column":27},"end":{"line":18,"column":39}},"15":{"start":{"line":19,"column":16},"end":{"line":19,"column":40}},"16":{"start":{"line":20,"column":2},"end":{"line":20,"column":103}},"17":{"start":{"line":20,"column":14},"end":{"line":20,"column":103}},"18":{"start":{"line":21,"column":2},"end":{"line":21,"column":14}},"19":{"start":{"line":24,"column":22},"end":{"line":27,"column":1}},"20":{"start":{"line":24,"column":46},"end":{"line":27,"column":1}},"21":{"start":{"line":25,"column":17},"end":{"line":25,"column":70}},"22":{"start":{"line":26,"column":2},"end":{"line":26,"column":25}},"23":{"start":{"line":29,"column":22},"end":{"line":29,"column":28}},"24":{"start":{"line":31,"column":19},"end":{"line":34,"column":1}},"25":{"start":{"line":32,"column":14},"end":{"line":32,"column":45}},"26":{"start":{"line":33,"column":2},"end":{"line":33,"column":39}},"27":{"start":{"line":36,"column":24},"end":{"line":44,"column":1}},"28":{"start":{"line":36,"column":76},"end":{"line":44,"column":1}},"29":{"start":{"line":43,"column":38},"end":{"line":43,"column":80}},"30":{"start":{"line":46,"column":21},"end":{"line":48,"column":1}},"31":{"start":{"line":47,"column":2},"end":{"line":47,"column":68}},"32":{"start":{"line":50,"column":32},"end":{"line":61,"column":1}},"33":{"start":{"line":51,"column":19},"end":{"line":51,"column":35}},"34":{"start":{"line":52,"column":25},"end":{"line":52,"column":47}},"35":{"start":{"line":53,"column":27},"end":{"line":53,"column":51}},"36":{"start":{"line":54,"column":16},"end":{"line":54,"column":36}},"37":{"start":{"line":55,"column":2},"end":{"line":55,"column":63}},"38":{"start":{"line":55,"column":24},"end":{"line":55,"column":63}},"39":{"start":{"line":56,"column":2},"end":{"line":56,"column":63}},"40":{"start":{"line":56,"column":24},"end":{"line":56,"column":63}},"41":{"start":{"line":57,"column":2},"end":{"line":57,"column":64}},"42":{"start":{"line":57,"column":25},"end":{"line":57,"column":64}},"43":{"start":{"line":58,"column":2},"end":{"line":58,"column":71}},"44":{"start":{"line":58,"column":30},"end":{"line":58,"column":71}},"45":{"start":{"line":59,"column":2},"end":{"line":59,"column":72}},"46":{"start":{"line":59,"column":31},"end":{"line":59,"column":72}},"47":{"start":{"line":60,"column":2},"end":{"line":60,"column":11}},"48":{"start":{"line":65,"column":4},"end":{"line":65,"column":21}},"49":{"start":{"line":66,"column":4},"end":{"line":66,"column":20}},"50":{"start":{"line":67,"column":4},"end":{"line":67,"column":26}},"51":{"start":{"line":68,"column":4},"end":{"line":68,"column":19}},"52":{"start":{"line":69,"column":4},"end":{"line":69,"column":15}},"53":{"start":{"line":72,"column":51},"end":{"line":72,"column":55}},"54":{"start":{"line":73,"column":22},"end":{"line":73,"column":80}},"55":{"start":{"line":73,"column":56},"end":{"line":73,"column":66}},"56":{"start":{"line":74,"column":4},"end":{"line":74,"column":96}},"57":{"start":{"line":77,"column":4},"end":{"line":77,"column":21}},"58":{"start":{"line":78,"column":4},"end":{"line":78,"column":15}},"59":{"start":{"line":81,"column":4},"end":{"line":81,"column":35}},"60":{"start":{"line":82,"column":4},"end":{"line":82,"column":15}},"61":{"start":{"line":85,"column":4},"end":{"line":85,"column":23}},"62":{"start":{"line":86,"column":4},"end":{"line":86,"column":15}},"63":{"start":{"line":89,"column":4},"end":{"line":89,"column":51}},"64":{"start":{"line":90,"column":4},"end":{"line":90,"column":15}},"65":{"start":{"line":94,"column":18},"end":{"line":94,"column":30}},"66":{"start":{"line":95,"column":4},"end":{"line":95,"column":90}},"67":{"start":{"line":95,"column":38},"end":{"line":95,"column":88}},"68":{"start":{"line":96,"column":4},"end":{"line":96,"column":99}},"69":{"start":{"line":96,"column":51},"end":{"line":96,"column":97}},"70":{"start":{"line":96,"column":78},"end":{"line":96,"column":95}},"71":{"start":{"line":97,"column":4},"end":{"line":97,"column":82}},"72":{"start":{"line":97,"column":40},"end":{"line":97,"column":80}},"73":{"start":{"line":99,"column":23},"end":{"line":103,"column":14}},"74":{"start":{"line":100,"column":24},"end":{"line":100,"column":40}},"75":{"start":{"line":101,"column":21},"end":{"line":101,"column":52}},"76":{"start":{"line":105,"column":18},"end":{"line":105,"column":47}},"77":{"start":{"line":108,"column":4},"end":{"line":113,"column":6}},"78":{"start":{"line":109,"column":21},"end":{"line":109,"column":74}},"79":{"start":{"line":109,"column":45},"end":{"line":109,"column":73}},"80":{"start":{"line":110,"column":6},"end":{"line":112,"column":7}},"81":{"start":{"line":111,"column":8},"end":{"line":111,"column":77}},"82":{"start":{"line":116,"column":27},"end":{"line":135,"column":14}},"83":{"start":{"line":117,"column":22},"end":{"line":117,"column":76}},"84":{"start":{"line":119,"column":66},"end":{"line":119,"column":72}},"85":{"start":{"line":120,"column":8},"end":{"line":128,"column":9}},"86":{"start":{"line":121,"column":10},"end":{"line":121,"column":36}},"87":{"start":{"line":122,"column":15},"end":{"line":128,"column":9}},"88":{"start":{"line":123,"column":10},"end":{"line":123,"column":66}},"89":{"start":{"line":124,"column":15},"end":{"line":128,"column":9}},"90":{"start":{"line":125,"column":10},"end":{"line":127,"column":16}},"91":{"start":{"line":126,"column":12},"end":{"line":126,"column":75}},"92":{"start":{"line":129,"column":8},"end":{"line":129,"column":20}},"93":{"start":{"line":133,"column":21},"end":{"line":133,"column":48}},"94":{"start":{"line":136,"column":4},"end":{"line":136,"column":23}},"95":{"start":{"line":137,"column":4},"end":{"line":137,"column":35}},"96":{"start":{"line":138,"column":4},"end":{"line":138,"column":46}},"97":{"start":{"line":139,"column":4},"end":{"line":139,"column":15}},"98":{"start":{"line":143,"column":23},"end":{"line":143,"column":42}},"99":{"start":{"line":143,"column":29},"end":{"line":143,"column":42}}},"fnMap":{"0":{"name":"(anonymous_0)","decl":{"start":{"line":5,"column":39},"end":{"line":5,"column":40}},"loc":{"start":{"line":5,"column":56},"end":{"line":15,"column":1}},"line":5},"1":{"name":"(anonymous_1)","decl":{"start":{"line":6,"column":2},"end":{"line":6,"column":3}},"loc":{"start":{"line":6,"column":9},"end":{"line":6,"column":22}},"line":6},"2":{"name":"(anonymous_2)","decl":{"start":{"line":7,"column":2},"end":{"line":7,"column":3}},"loc":{"start":{"line":7,"column":22},"end":{"line":7,"column":76}},"line":7},"3":{"name":"(anonymous_3)","decl":{"start":{"line":8,"column":2},"end":{"line":8,"column":3}},"loc":{"start":{"line":8,"column":22},"end":{"line":8,"column":69}},"line":8},"4":{"name":"(anonymous_4)","decl":{"start":{"line":9,"column":2},"end":{"line":9,"column":3}},"loc":{"start":{"line":9,"column":22},"end":{"line":9,"column":69}},"line":9},"5":{"name":"(anonymous_5)","decl":{"start":{"line":10,"column":2},"end":{"line":10,"column":3}},"loc":{"start":{"line":10,"column":22},"end":{"line":10,"column":55}},"line":10},"6":{"name":"(anonymous_6)","decl":{"start":{"line":11,"column":2},"end":{"line":11,"column":3}},"loc":{"start":{"line":11,"column":22},"end":{"line":11,"column":75}},"line":11},"7":{"name":"(anonymous_7)","decl":{"start":{"line":12,"column":2},"end":{"line":12,"column":3}},"loc":{"start":{"line":12,"column":22},"end":{"line":12,"column":77}},"line":12},"8":{"name":"(anonymous_8)","decl":{"start":{"line":13,"column":2},"end":{"line":13,"column":3}},"loc":{"start":{"line":13,"column":22},"end":{"line":13,"column":53}},"line":13},"9":{"name":"(anonymous_9)","decl":{"start":{"line":14,"column":2},"end":{"line":14,"column":3}},"loc":{"start":{"line":14,"column":36},"end":{"line":14,"column":73}},"line":14},"10":{"name":"(anonymous_10)","decl":{"start":{"line":17,"column":23},"end":{"line":17,"column":24}},"loc":{"start":{"line":17,"column":39},"end":{"line":22,"column":1}},"line":17},"11":{"name":"(anonymous_11)","decl":{"start":{"line":17,"column":39},"end":{"line":17,"column":40}},"loc":{"start":{"line":17,"column":68},"end":{"line":22,"column":1}},"line":17},"12":{"name":"(anonymous_12)","decl":{"start":{"line":24,"column":22},"end":{"line":24,"column":23}},"loc":{"start":{"line":24,"column":46},"end":{"line":27,"column":1}},"line":24},"13":{"name":"(anonymous_13)","decl":{"start":{"line":24,"column":46},"end":{"line":24,"column":47}},"loc":{"start":{"line":24,"column":65},"end":{"line":27,"column":1}},"line":24},"14":{"name":"(anonymous_14)","decl":{"start":{"line":31,"column":19},"end":{"line":31,"column":20}},"loc":{"start":{"line":31,"column":35},"end":{"line":34,"column":1}},"line":31},"15":{"name":"(anonymous_15)","decl":{"start":{"line":36,"column":24},"end":{"line":36,"column":25}},"loc":{"start":{"line":36,"column":76},"end":{"line":44,"column":1}},"line":36},"16":{"name":"(anonymous_16)","decl":{"start":{"line":43,"column":14},"end":{"line":43,"column":15}},"loc":{"start":{"line":43,"column":38},"end":{"line":43,"column":80}},"line":43},"17":{"name":"(anonymous_17)","decl":{"start":{"line":46,"column":21},"end":{"line":46,"column":22}},"loc":{"start":{"line":46,"column":41},"end":{"line":48,"column":1}},"line":46},"18":{"name":"(anonymous_18)","decl":{"start":{"line":50,"column":32},"end":{"line":50,"column":33}},"loc":{"start":{"line":50,"column":64},"end":{"line":61,"column":1}},"line":50},"19":{"name":"(anonymous_19)","decl":{"start":{"line":64,"column":2},"end":{"line":64,"column":3}},"loc":{"start":{"line":64,"column":17},"end":{"line":70,"column":3}},"line":64},"20":{"name":"(anonymous_20)","decl":{"start":{"line":71,"column":2},"end":{"line":71,"column":3}},"loc":{"start":{"line":71,"column":10},"end":{"line":75,"column":3}},"line":71},"21":{"name":"(anonymous_21)","decl":{"start":{"line":73,"column":38},"end":{"line":73,"column":39}},"loc":{"start":{"line":73,"column":56},"end":{"line":73,"column":66}},"line":73},"22":{"name":"(anonymous_22)","decl":{"start":{"line":76,"column":2},"end":{"line":76,"column":3}},"loc":{"start":{"line":76,"column":14},"end":{"line":79,"column":3}},"line":76},"23":{"name":"(anonymous_23)","decl":{"start":{"line":80,"column":2},"end":{"line":80,"column":3}},"loc":{"start":{"line":80,"column":28},"end":{"line":83,"column":3}},"line":80},"24":{"name":"(anonymous_24)","decl":{"start":{"line":84,"column":2},"end":{"line":84,"column":3}},"loc":{"start":{"line":84,"column":16},"end":{"line":87,"column":3}},"line":84},"25":{"name":"(anonymous_25)","decl":{"start":{"line":88,"column":2},"end":{"line":88,"column":3}},"loc":{"start":{"line":88,"column":38},"end":{"line":91,"column":3}},"line":88},"26":{"name":"(anonymous_26)","decl":{"start":{"line":92,"column":2},"end":{"line":92,"column":3}},"loc":{"start":{"line":92,"column":15},"end":{"line":140,"column":3}},"line":92},"27":{"name":"(anonymous_27)","decl":{"start":{"line":95,"column":27},"end":{"line":95,"column":28}},"loc":{"start":{"line":95,"column":38},"end":{"line":95,"column":88}},"line":95},"28":{"name":"(anonymous_28)","decl":{"start":{"line":96,"column":39},"end":{"line":96,"column":40}},"loc":{"start":{"line":96,"column":51},"end":{"line":96,"column":97}},"line":96},"29":{"name":"(anonymous_29)","decl":{"start":{"line":96,"column":69},"end":{"line":96,"column":70}},"loc":{"start":{"line":96,"column":78},"end":{"line":96,"column":95}},"line":96},"30":{"name":"(anonymous_30)","decl":{"start":{"line":97,"column":27},"end":{"line":97,"column":28}},"loc":{"start":{"line":97,"column":40},"end":{"line":97,"column":80}},"line":97},"31":{"name":"(anonymous_31)","decl":{"start":{"line":100,"column":14},"end":{"line":100,"column":15}},"loc":{"start":{"line":100,"column":24},"end":{"line":100,"column":40}},"line":100},"32":{"name":"(anonymous_32)","decl":{"start":{"line":101,"column":11},"end":{"line":101,"column":12}},"loc":{"start":{"line":101,"column":21},"end":{"line":101,"column":52}},"line":101},"33":{"name":"(anonymous_33)","decl":{"start":{"line":108,"column":16},"end":{"line":108,"column":17}},"loc":{"start":{"line":108,"column":33},"end":{"line":113,"column":5}},"line":108},"34":{"name":"(anonymous_34)","decl":{"start":{"line":109,"column":35},"end":{"line":109,"column":36}},"loc":{"start":{"line":109,"column":45},"end":{"line":109,"column":73}},"line":109},"35":{"name":"(anonymous_35)","decl":{"start":{"line":117,"column":11},"end":{"line":117,"column":12}},"loc":{"start":{"line":117,"column":22},"end":{"line":117,"column":76}},"line":117},"36":{"name":"(anonymous_36)","decl":{"start":{"line":118,"column":11},"end":{"line":118,"column":12}},"loc":{"start":{"line":118,"column":23},"end":{"line":130,"column":7}},"line":118},"37":{"name":"(anonymous_37)","decl":{"start":{"line":125,"column":34},"end":{"line":125,"column":35}},"loc":{"start":{"line":125,"column":47},"end":{"line":127,"column":11}},"line":125},"38":{"name":"(anonymous_38)","decl":{"start":{"line":133,"column":11},"end":{"line":133,"column":12}},"loc":{"start":{"line":133,"column":21},"end":{"line":133,"column":48}},"line":133},"39":{"name":"(anonymous_39)","decl":{"start":{"line":143,"column":23},"end":{"line":143,"column":24}},"loc":{"start":{"line":143,"column":29},"end":{"line":143,"column":42}},"line":143}},"branchMap":{"0":{"loc":{"start":{"line":18,"column":2},"end":{"line":18,"column":39}},"type":"if","locations":[{"start":{"line":18,"column":2},"end":{"line":18,"column":39}},{"start":{"line":18,"column":2},"end":{"line":18,"column":39}}],"line":18},"1":{"loc":{"start":{"line":18,"column":6},"end":{"line":18,"column":25}},"type":"binary-expr","locations":[{"start":{"line":18,"column":6},"end":{"line":18,"column":15}},{"start":{"line":18,"column":19},"end":{"line":18,"column":25}}],"line":18},"2":{"loc":{"start":{"line":20,"column":2},"end":{"line":20,"column":103}},"type":"if","locations":[{"start":{"line":20,"column":2},"end":{"line":20,"column":103}},{"start":{"line":20,"column":2},"end":{"line":20,"column":103}}],"line":20},"3":{"loc":{"start":{"line":25,"column":17},"end":{"line":25,"column":70}},"type":"cond-expr","locations":[{"start":{"line":25,"column":50},"end":{"line":25,"column":62}},{"start":{"line":25,"column":65},"end":{"line":25,"column":70}}],"line":25},"4":{"loc":{"start":{"line":54,"column":16},"end":{"line":54,"column":36}},"type":"binary-expr","locations":[{"start":{"line":54,"column":16},"end":{"line":54,"column":24}},{"start":{"line":54,"column":28},"end":{"line":54,"column":36}}],"line":54},"5":{"loc":{"start":{"line":55,"column":2},"end":{"line":55,"column":63}},"type":"if","locations":[{"start":{"line":55,"column":2},"end":{"line":55,"column":63}},{"start":{"line":55,"column":2},"end":{"line":55,"column":63}}],"line":55},"6":{"loc":{"start":{"line":56,"column":2},"end":{"line":56,"column":63}},"type":"if","locations":[{"start":{"line":56,"column":2},"end":{"line":56,"column":63}},{"start":{"line":56,"column":2},"end":{"line":56,"column":63}}],"line":56},"7":{"loc":{"start":{"line":56,"column":6},"end":{"line":56,"column":22}},"type":"binary-expr","locations":[{"start":{"line":56,"column":6},"end":{"line":56,"column":10}},{"start":{"line":56,"column":14},"end":{"line":56,"column":22}}],"line":56},"8":{"loc":{"start":{"line":57,"column":2},"end":{"line":57,"column":64}},"type":"if","locations":[{"start":{"line":57,"column":2},"end":{"line":57,"column":64}},{"start":{"line":57,"column":2},"end":{"line":57,"column":64}}],"line":57},"9":{"loc":{"start":{"line":57,"column":6},"end":{"line":57,"column":23}},"type":"binary-expr","locations":[{"start":{"line":57,"column":6},"end":{"line":57,"column":11}},{"start":{"line":57,"column":15},"end":{"line":57,"column":23}}],"line":57},"10":{"loc":{"start":{"line":58,"column":2},"end":{"line":58,"column":71}},"type":"if","locations":[{"start":{"line":58,"column":2},"end":{"line":58,"column":71}},{"start":{"line":58,"column":2},"end":{"line":58,"column":71}}],"line":58},"11":{"loc":{"start":{"line":58,"column":6},"end":{"line":58,"column":28}},"type":"binary-expr","locations":[{"start":{"line":58,"column":6},"end":{"line":58,"column":10}},{"start":{"line":58,"column":14},"end":{"line":58,"column":28}}],"line":58},"12":{"loc":{"start":{"line":59,"column":2},"end":{"line":59,"column":72}},"type":"if","locations":[{"start":{"line":59,"column":2},"end":{"line":59,"column":72}},{"start":{"line":59,"column":2},"end":{"line":59,"column":72}}],"line":59},"13":{"loc":{"start":{"line":59,"column":6},"end":{"line":59,"column":29}},"type":"binary-expr","locations":[{"start":{"line":59,"column":6},"end":{"line":59,"column":11}},{"start":{"line":59,"column":15},"end":{"line":59,"column":29}}],"line":59},"14":{"loc":{"start":{"line":110,"column":6},"end":{"line":112,"column":7}},"type":"if","locations":[{"start":{"line":110,"column":6},"end":{"line":112,"column":7}},{"start":{"line":110,"column":6},"end":{"line":112,"column":7}}],"line":110},"15":{"loc":{"start":{"line":110,"column":10},"end":{"line":110,"column":100}},"type":"binary-expr","locations":[{"start":{"line":110,"column":10},"end":{"line":110,"column":16}},{"start":{"line":110,"column":20},"end":{"line":110,"column":46}},{"start":{"line":110,"column":50},"end":{"line":110,"column":81}},{"start":{"line":110,"column":85},"end":{"line":110,"column":100}}],"line":110},"16":{"loc":{"start":{"line":120,"column":8},"end":{"line":128,"column":9}},"type":"if","locations":[{"start":{"line":120,"column":8},"end":{"line":128,"column":9}},{"start":{"line":120,"column":8},"end":{"line":128,"column":9}}],"line":120},"17":{"loc":{"start":{"line":122,"column":15},"end":{"line":128,"column":9}},"type":"if","locations":[{"start":{"line":122,"column":15},"end":{"line":128,"column":9}},{"start":{"line":122,"column":15},"end":{"line":128,"column":9}}],"line":122},"18":{"loc":{"start":{"line":124,"column":15},"end":{"line":128,"column":9}},"type":"if","locations":[{"start":{"line":124,"column":15},"end":{"line":128,"column":9}},{"start":{"line":124,"column":15},"end":{"line":128,"column":9}}],"line":124}},"s":{"0":1,"1":21,"2":21,"3":21,"4":21,"5":21,"6":21,"7":21,"8":21,"9":21,"10":21,"11":1,"12":6,"13":10,"14":8,"15":2,"16":2,"17":1,"18":1,"19":1,"20":7,"21":11,"22":11,"23":1,"24":1,"25":8,"26":8,"27":1,"28":1,"29":8,"30":1,"31":31,"32":1,"33":32,"34":32,"35":32,"36":32,"37":32,"38":1,"39":31,"40":9,"41":22,"42":6,"43":16,"44":9,"45":7,"46":6,"47":1,"48":11,"49":11,"50":11,"51":11,"52":11,"53":1,"54":1,"55":8,"56":1,"57":10,"58":10,"59":10,"60":10,"61":1,"62":1,"63":17,"64":17,"65":10,"66":10,"67":17,"68":10,"69":17,"70":32,"71":10,"72":32,"73":10,"74":32,"75":31,"76":10,"77":10,"78":16,"79":37,"80":16,"81":1,"82":9,"83":30,"84":30,"85":30,"86":8,"87":22,"88":2,"89":20,"90":10,"91":19,"92":10,"93":18,"94":8,"95":8,"96":8,"97":8,"98":1,"99":11},"f":{"0":21,"1":21,"2":21,"3":21,"4":21,"5":21,"6":21,"7":21,"8":21,"9":21,"10":6,"11":10,"12":7,"13":11,"14":8,"15":1,"16":8,"17":31,"18":32,"19":11,"20":1,"21":8,"22":10,"23":10,"24":1,"25":17,"26":10,"27":17,"28":17,"29":32,"30":32,"31":32,"32":31,"33":16,"34":37,"35":30,"36":30,"37":19,"38":18,"39":11},"b":{"0":[8,2],"1":[10,8],"2":[1,1],"3":[9,2],"4":[32,20],"5":[1,31],"6":[9,22],"7":[31,18],"8":[6,16],"9":[22,13],"10":[9,7],"11":[16,9],"12":[6,1],"13":[7,7],"14":[1,15],"15":[16,6,3,1],"16":[8,22],"17":[2,20],"18":[10,10]},"_coverageSchema":"332fd63041d2c1bcb487cc26dd0d5f7d97098a6c","hash":"353be72dc6a59e229dc868d8af4090f215be6b2d"}
,"/Users/thomas/Desktop/github.com/reggi/abide/packages/help.filter-until/index.js": {"path":"/Users/thomas/Desktop/github.com/reggi/abide/packages/help.filter-until/index.js","statementMap":{"0":{"start":{"line":3,"column":27},"end":{"line":12,"column":1}},"1":{"start":{"line":3,"column":49},"end":{"line":3,"column":54}},"2":{"start":{"line":4,"column":14},"end":{"line":4,"column":19}},"3":{"start":{"line":5,"column":2},"end":{"line":11,"column":4}},"4":{"start":{"line":6,"column":4},"end":{"line":6,"column":27}},"5":{"start":{"line":6,"column":15},"end":{"line":6,"column":27}},"6":{"start":{"line":7,"column":20},"end":{"line":7,"column":36}},"7":{"start":{"line":8,"column":4},"end":{"line":8,"column":29}},"8":{"start":{"line":8,"column":17},"end":{"line":8,"column":29}},"9":{"start":{"line":9,"column":4},"end":{"line":9,"column":27}},"10":{"start":{"line":9,"column":15},"end":{"line":9,"column":27}},"11":{"start":{"line":10,"column":4},"end":{"line":10,"column":15}}},"fnMap":{"0":{"name":"(anonymous_0)","decl":{"start":{"line":3,"column":27},"end":{"line":3,"column":28}},"loc":{"start":{"line":3,"column":59},"end":{"line":12,"column":1}},"line":3},"1":{"name":"(anonymous_1)","decl":{"start":{"line":3,"column":43},"end":{"line":3,"column":44}},"loc":{"start":{"line":3,"column":49},"end":{"line":3,"column":54}},"line":3},"2":{"name":"(anonymous_2)","decl":{"start":{"line":5,"column":21},"end":{"line":5,"column":22}},"loc":{"start":{"line":5,"column":34},"end":{"line":11,"column":3}},"line":5}},"branchMap":{"0":{"loc":{"start":{"line":3,"column":33},"end":{"line":3,"column":54}},"type":"default-arg","locations":[{"start":{"line":3,"column":43},"end":{"line":3,"column":54}}],"line":3},"1":{"loc":{"start":{"line":6,"column":4},"end":{"line":6,"column":27}},"type":"if","locations":[{"start":{"line":6,"column":4},"end":{"line":6,"column":27}},{"start":{"line":6,"column":4},"end":{"line":6,"column":27}}],"line":6},"2":{"loc":{"start":{"line":8,"column":4},"end":{"line":8,"column":29}},"type":"if","locations":[{"start":{"line":8,"column":4},"end":{"line":8,"column":29}},{"start":{"line":8,"column":4},"end":{"line":8,"column":29}}],"line":8},"3":{"loc":{"start":{"line":9,"column":4},"end":{"line":9,"column":27}},"type":"if","locations":[{"start":{"line":9,"column":4},"end":{"line":9,"column":27}},{"start":{"line":9,"column":4},"end":{"line":9,"column":27}}],"line":9}},"s":{"0":1,"1":7,"2":3,"3":3,"4":18,"5":3,"6":15,"7":15,"8":2,"9":15,"10":2,"11":13},"f":{"0":3,"1":7,"2":18},"b":{"0":[1],"1":[3,15],"2":[2,13],"3":[2,13]},"_coverageSchema":"332fd63041d2c1bcb487cc26dd0d5f7d97098a6c","hash":"b583a04f77245ae7495f009a5a9558417b36e6ca"}
,"/Users/thomas/Desktop/github.com/reggi/abide/packages/help.parse-argv/index.js": {"path":"/Users/thomas/Desktop/github.com/reggi/abide/packages/help.parse-argv/index.js","statementMap":{"0":{"start":{"line":5,"column":20},"end":{"line":5,"column":29}},"1":{"start":{"line":6,"column":25},"end":{"line":6,"column":36}},"2":{"start":{"line":7,"column":26},"end":{"line":7,"column":41}},"3":{"start":{"line":8,"column":28},"end":{"line":8,"column":41}},"4":{"start":{"line":9,"column":24},"end":{"line":9,"column":45}},"5":{"start":{"line":10,"column":23},"end":{"line":10,"column":55}},"6":{"start":{"line":11,"column":21},"end":{"line":11,"column":29}},"7":{"start":{"line":12,"column":24},"end":{"line":12,"column":28}},"8":{"start":{"line":13,"column":37},"end":{"line":13,"column":41}},"9":{"start":{"line":15,"column":26},"end":{"line":23,"column":1}},"10":{"start":{"line":16,"column":16},"end":{"line":16,"column":46}},"11":{"start":{"line":17,"column":22},"end":{"line":17,"column":79}},"12":{"start":{"line":18,"column":22},"end":{"line":18,"column":79}},"13":{"start":{"line":19,"column":16},"end":{"line":19,"column":42}},"14":{"start":{"line":20,"column":2},"end":{"line":20,"column":26}},"15":{"start":{"line":20,"column":14},"end":{"line":20,"column":26}},"16":{"start":{"line":21,"column":2},"end":{"line":21,"column":21}},"17":{"start":{"line":22,"column":2},"end":{"line":22,"column":14}},"18":{"start":{"line":25,"column":25},"end":{"line":25,"column":70}},"19":{"start":{"line":25,"column":40},"end":{"line":25,"column":70}},"20":{"start":{"line":26,"column":26},"end":{"line":26,"column":68}},"21":{"start":{"line":26,"column":41},"end":{"line":26,"column":68}},"22":{"start":{"line":27,"column":30},"end":{"line":27,"column":76}},"23":{"start":{"line":27,"column":45},"end":{"line":27,"column":76}},"24":{"start":{"line":28,"column":31},"end":{"line":28,"column":78}},"25":{"start":{"line":28,"column":46},"end":{"line":28,"column":78}},"26":{"start":{"line":29,"column":32},"end":{"line":29,"column":80}},"27":{"start":{"line":29,"column":47},"end":{"line":29,"column":80}},"28":{"start":{"line":30,"column":34},"end":{"line":30,"column":84}},"29":{"start":{"line":30,"column":49},"end":{"line":30,"column":84}},"30":{"start":{"line":31,"column":23},"end":{"line":31,"column":66}},"31":{"start":{"line":31,"column":38},"end":{"line":31,"column":66}},"32":{"start":{"line":33,"column":29},"end":{"line":39,"column":1}},"33":{"start":{"line":33,"column":43},"end":{"line":39,"column":1}},"34":{"start":{"line":33,"column":58},"end":{"line":39,"column":1}},"35":{"start":{"line":34,"column":2},"end":{"line":34,"column":42}},"36":{"start":{"line":34,"column":30},"end":{"line":34,"column":42}},"37":{"start":{"line":35,"column":20},"end":{"line":35,"column":34}},"38":{"start":{"line":36,"column":2},"end":{"line":36,"column":30}},"39":{"start":{"line":36,"column":18},"end":{"line":36,"column":30}},"40":{"start":{"line":37,"column":2},"end":{"line":37,"column":31}},"41":{"start":{"line":38,"column":2},"end":{"line":38,"column":31}},"42":{"start":{"line":41,"column":27},"end":{"line":49,"column":1}},"43":{"start":{"line":41,"column":41},"end":{"line":49,"column":1}},"44":{"start":{"line":41,"column":56},"end":{"line":49,"column":1}},"45":{"start":{"line":42,"column":2},"end":{"line":42,"column":42}},"46":{"start":{"line":42,"column":30},"end":{"line":42,"column":42}},"47":{"start":{"line":43,"column":20},"end":{"line":43,"column":34}},"48":{"start":{"line":44,"column":2},"end":{"line":44,"column":30}},"49":{"start":{"line":44,"column":18},"end":{"line":44,"column":30}},"50":{"start":{"line":45,"column":16},"end":{"line":45,"column":31}},"51":{"start":{"line":46,"column":2},"end":{"line":46,"column":38}},"52":{"start":{"line":46,"column":26},"end":{"line":46,"column":38}},"53":{"start":{"line":47,"column":2},"end":{"line":47,"column":31}},"54":{"start":{"line":48,"column":2},"end":{"line":48,"column":31}},"55":{"start":{"line":51,"column":26},"end":{"line":61,"column":1}},"56":{"start":{"line":51,"column":40},"end":{"line":61,"column":1}},"57":{"start":{"line":51,"column":55},"end":{"line":61,"column":1}},"58":{"start":{"line":52,"column":2},"end":{"line":52,"column":42}},"59":{"start":{"line":52,"column":30},"end":{"line":52,"column":42}},"60":{"start":{"line":53,"column":20},"end":{"line":53,"column":34}},"61":{"start":{"line":54,"column":2},"end":{"line":54,"column":30}},"62":{"start":{"line":54,"column":18},"end":{"line":54,"column":30}},"63":{"start":{"line":55,"column":2},"end":{"line":55,"column":39}},"64":{"start":{"line":55,"column":27},"end":{"line":55,"column":39}},"65":{"start":{"line":56,"column":15},"end":{"line":56,"column":33}},"66":{"start":{"line":57,"column":2},"end":{"line":57,"column":41}},"67":{"start":{"line":57,"column":29},"end":{"line":57,"column":41}},"68":{"start":{"line":58,"column":2},"end":{"line":58,"column":31}},"69":{"start":{"line":59,"column":2},"end":{"line":59,"column":35}},"70":{"start":{"line":60,"column":2},"end":{"line":60,"column":37}},"71":{"start":{"line":63,"column":27},"end":{"line":77,"column":1}},"72":{"start":{"line":63,"column":41},"end":{"line":77,"column":1}},"73":{"start":{"line":63,"column":56},"end":{"line":77,"column":1}},"74":{"start":{"line":64,"column":2},"end":{"line":64,"column":42}},"75":{"start":{"line":64,"column":30},"end":{"line":64,"column":42}},"76":{"start":{"line":65,"column":20},"end":{"line":65,"column":34}},"77":{"start":{"line":66,"column":2},"end":{"line":66,"column":30}},"78":{"start":{"line":66,"column":18},"end":{"line":66,"column":30}},"79":{"start":{"line":67,"column":2},"end":{"line":67,"column":48}},"80":{"start":{"line":67,"column":36},"end":{"line":67,"column":48}},"81":{"start":{"line":68,"column":17},"end":{"line":68,"column":42}},"82":{"start":{"line":69,"column":22},"end":{"line":69,"column":74}},"83":{"start":{"line":69,"column":52},"end":{"line":69,"column":73}},"84":{"start":{"line":70,"column":2},"end":{"line":70,"column":39}},"85":{"start":{"line":70,"column":27},"end":{"line":70,"column":39}},"86":{"start":{"line":71,"column":16},"end":{"line":71,"column":55}},"87":{"start":{"line":71,"column":37},"end":{"line":71,"column":44}},"88":{"start":{"line":72,"column":2},"end":{"line":72,"column":31}},"89":{"start":{"line":73,"column":2},"end":{"line":75,"column":4}},"90":{"start":{"line":74,"column":4},"end":{"line":74,"column":35}},"91":{"start":{"line":76,"column":2},"end":{"line":76,"column":32}},"92":{"start":{"line":79,"column":28},"end":{"line":85,"column":1}},"93":{"start":{"line":79,"column":42},"end":{"line":85,"column":1}},"94":{"start":{"line":79,"column":57},"end":{"line":85,"column":1}},"95":{"start":{"line":80,"column":2},"end":{"line":80,"column":42}},"96":{"start":{"line":80,"column":30},"end":{"line":80,"column":42}},"97":{"start":{"line":81,"column":20},"end":{"line":81,"column":34}},"98":{"start":{"line":82,"column":2},"end":{"line":82,"column":30}},"99":{"start":{"line":82,"column":18},"end":{"line":82,"column":30}},"100":{"start":{"line":83,"column":2},"end":{"line":83,"column":31}},"101":{"start":{"line":84,"column":2},"end":{"line":84,"column":67}},"102":{"start":{"line":84,"column":45},"end":{"line":84,"column":65}},"103":{"start":{"line":87,"column":24},"end":{"line":93,"column":1}},"104":{"start":{"line":87,"column":57},"end":{"line":93,"column":1}},"105":{"start":{"line":87,"column":72},"end":{"line":93,"column":1}},"106":{"start":{"line":88,"column":2},"end":{"line":88,"column":42}},"107":{"start":{"line":88,"column":30},"end":{"line":88,"column":42}},"108":{"start":{"line":89,"column":20},"end":{"line":89,"column":34}},"109":{"start":{"line":90,"column":2},"end":{"line":90,"column":30}},"110":{"start":{"line":90,"column":18},"end":{"line":90,"column":30}},"111":{"start":{"line":91,"column":2},"end":{"line":91,"column":31}},"112":{"start":{"line":92,"column":2},"end":{"line":92,"column":57}},"113":{"start":{"line":95,"column":26},"end":{"line":107,"column":1}},"114":{"start":{"line":95,"column":53},"end":{"line":107,"column":1}},"115":{"start":{"line":95,"column":68},"end":{"line":107,"column":1}},"116":{"start":{"line":96,"column":2},"end":{"line":96,"column":42}},"117":{"start":{"line":96,"column":30},"end":{"line":96,"column":42}},"118":{"start":{"line":97,"column":20},"end":{"line":97,"column":34}},"119":{"start":{"line":98,"column":2},"end":{"line":98,"column":30}},"120":{"start":{"line":98,"column":18},"end":{"line":98,"column":30}},"121":{"start":{"line":99,"column":22},"end":{"line":99,"column":47}},"122":{"start":{"line":100,"column":2},"end":{"line":100,"column":39}},"123":{"start":{"line":100,"column":27},"end":{"line":100,"column":39}},"124":{"start":{"line":101,"column":16},"end":{"line":101,"column":55}},"125":{"start":{"line":101,"column":37},"end":{"line":101,"column":44}},"126":{"start":{"line":102,"column":2},"end":{"line":102,"column":31}},"127":{"start":{"line":103,"column":2},"end":{"line":105,"column":4}},"128":{"start":{"line":104,"column":4},"end":{"line":104,"column":35}},"129":{"start":{"line":106,"column":2},"end":{"line":106,"column":31}},"130":{"start":{"line":109,"column":26},"end":{"line":133,"column":1}},"131":{"start":{"line":135,"column":25},"end":{"line":135,"column":46}},"132":{"start":{"line":136,"column":24},"end":{"line":136,"column":128}},"133":{"start":{"line":136,"column":33},"end":{"line":136,"column":128}},"134":{"start":{"line":136,"column":64},"end":{"line":136,"column":76}},"135":{"start":{"line":136,"column":109},"end":{"line":136,"column":125}},"136":{"start":{"line":138,"column":30},"end":{"line":138,"column":88}},"137":{"start":{"line":138,"column":39},"end":{"line":138,"column":88}},"138":{"start":{"line":140,"column":30},"end":{"line":154,"column":1}},"139":{"start":{"line":141,"column":2},"end":{"line":153,"column":12}},"140":{"start":{"line":143,"column":6},"end":{"line":151,"column":16}},"141":{"start":{"line":145,"column":10},"end":{"line":147,"column":11}},"142":{"start":{"line":146,"column":12},"end":{"line":146,"column":43}},"143":{"start":{"line":148,"column":10},"end":{"line":148,"column":22}},"144":{"start":{"line":156,"column":30},"end":{"line":176,"column":1}},"145":{"start":{"line":157,"column":2},"end":{"line":175,"column":12}},"146":{"start":{"line":160,"column":21},"end":{"line":169,"column":16}},"147":{"start":{"line":162,"column":23},"end":{"line":162,"column":37}},"148":{"start":{"line":163,"column":10},"end":{"line":163,"column":65}},"149":{"start":{"line":164,"column":10},"end":{"line":164,"column":21}},"150":{"start":{"line":167,"column":10},"end":{"line":167,"column":39}},"151":{"start":{"line":170,"column":6},"end":{"line":170,"column":26}},"152":{"start":{"line":174,"column":16},"end":{"line":174,"column":26}},"153":{"start":{"line":179,"column":18},"end":{"line":179,"column":20}},"154":{"start":{"line":180,"column":15},"end":{"line":180,"column":17}},"155":{"start":{"line":181,"column":2},"end":{"line":192,"column":4}},"156":{"start":{"line":182,"column":4},"end":{"line":185,"column":5}},"157":{"start":{"line":183,"column":6},"end":{"line":183,"column":17}},"158":{"start":{"line":184,"column":6},"end":{"line":184,"column":22}},"159":{"start":{"line":186,"column":4},"end":{"line":188,"column":5}},"160":{"start":{"line":187,"column":6},"end":{"line":187,"column":22}},"161":{"start":{"line":189,"column":4},"end":{"line":191,"column":5}},"162":{"start":{"line":190,"column":6},"end":{"line":190,"column":26}},"163":{"start":{"line":193,"column":2},"end":{"line":193,"column":16}},"164":{"start":{"line":196,"column":25},"end":{"line":202,"column":1}},"165":{"start":{"line":197,"column":2},"end":{"line":201,"column":12}},"166":{"start":{"line":198,"column":21},"end":{"line":198,"column":33}},"167":{"start":{"line":200,"column":18},"end":{"line":200,"column":42}},"168":{"start":{"line":200,"column":34},"end":{"line":200,"column":41}},"169":{"start":{"line":204,"column":31},"end":{"line":212,"column":1}},"170":{"start":{"line":205,"column":18},"end":{"line":205,"column":56}},"171":{"start":{"line":206,"column":20},"end":{"line":206,"column":38}},"172":{"start":{"line":207,"column":2},"end":{"line":211,"column":4}},"173":{"start":{"line":208,"column":19},"end":{"line":208,"column":75}},"174":{"start":{"line":208,"column":44},"end":{"line":208,"column":74}},"175":{"start":{"line":209,"column":35},"end":{"line":209,"column":91}},"176":{"start":{"line":209,"column":61},"end":{"line":209,"column":90}},"177":{"start":{"line":210,"column":4},"end":{"line":210,"column":64}},"178":{"start":{"line":214,"column":32},"end":{"line":222,"column":1}},"179":{"start":{"line":224,"column":25},"end":{"line":232,"column":1}},"180":{"start":{"line":225,"column":20},"end":{"line":225,"column":34}},"181":{"start":{"line":226,"column":24},"end":{"line":226,"column":87}},"182":{"start":{"line":227,"column":23},"end":{"line":227,"column":84}},"183":{"start":{"line":228,"column":2},"end":{"line":231,"column":12}}},"fnMap":{"0":{"name":"(anonymous_0)","decl":{"start":{"line":15,"column":26},"end":{"line":15,"column":27}},"loc":{"start":{"line":15,"column":56},"end":{"line":23,"column":1}},"line":15},"1":{"name":"(anonymous_1)","decl":{"start":{"line":25,"column":25},"end":{"line":25,"column":26}},"loc":{"start":{"line":25,"column":40},"end":{"line":25,"column":70}},"line":25},"2":{"name":"(anonymous_2)","decl":{"start":{"line":26,"column":26},"end":{"line":26,"column":27}},"loc":{"start":{"line":26,"column":41},"end":{"line":26,"column":68}},"line":26},"3":{"name":"(anonymous_3)","decl":{"start":{"line":27,"column":30},"end":{"line":27,"column":31}},"loc":{"start":{"line":27,"column":45},"end":{"line":27,"column":76}},"line":27},"4":{"name":"(anonymous_4)","decl":{"start":{"line":28,"column":31},"end":{"line":28,"column":32}},"loc":{"start":{"line":28,"column":46},"end":{"line":28,"column":78}},"line":28},"5":{"name":"(anonymous_5)","decl":{"start":{"line":29,"column":32},"end":{"line":29,"column":33}},"loc":{"start":{"line":29,"column":47},"end":{"line":29,"column":80}},"line":29},"6":{"name":"(anonymous_6)","decl":{"start":{"line":30,"column":34},"end":{"line":30,"column":35}},"loc":{"start":{"line":30,"column":49},"end":{"line":30,"column":84}},"line":30},"7":{"name":"(anonymous_7)","decl":{"start":{"line":31,"column":23},"end":{"line":31,"column":24}},"loc":{"start":{"line":31,"column":38},"end":{"line":31,"column":66}},"line":31},"8":{"name":"(anonymous_8)","decl":{"start":{"line":33,"column":29},"end":{"line":33,"column":30}},"loc":{"start":{"line":33,"column":43},"end":{"line":39,"column":1}},"line":33},"9":{"name":"(anonymous_9)","decl"
[...]
9,"column":2},"end":{"line":39,"column":72}},"type":"if","locations":[{"start":{"line":39,"column":2},"end":{"line":39,"column":72}},{"start":{"line":39,"column":2},"end":{"line":39,"column":72}}],"line":39},"6":{"loc":{"start":{"line":40,"column":2},"end":{"line":40,"column":58}},"type":"if","locations":[{"start":{"line":40,"column":2},"end":{"line":40,"column":58}},{"start":{"line":40,"column":2},"end":{"line":40,"column":58}}],"line":40},"7":{"loc":{"start":{"line":55,"column":2},"end":{"line":55,"column":38}},"type":"if","locations":[{"start":{"line":55,"column":2},"end":{"line":55,"column":38}},{"start":{"line":55,"column":2},"end":{"line":55,"column":38}}],"line":55},"8":{"loc":{"start":{"line":56,"column":2},"end":{"line":56,"column":61}},"type":"if","locations":[{"start":{"line":56,"column":2},"end":{"line":56,"column":61}},{"start":{"line":56,"column":2},"end":{"line":56,"column":61}}],"line":56},"9":{"loc":{"start":{"line":63,"column":2},"end":{"line":86,"column":3}},"type":"if","locations":[{"start":{"line":63,"column":2},"end":{"line":86,"column":3}},{"start":{"line":63,"column":2},"end":{"line":86,"column":3}}],"line":63},"10":{"loc":{"start":{"line":67,"column":9},"end":{"line":86,"column":3}},"type":"if","locations":[{"start":{"line":67,"column":9},"end":{"line":86,"column":3}},{"start":{"line":67,"column":9},"end":{"line":86,"column":3}}],"line":67},"11":{"loc":{"start":{"line":72,"column":9},"end":{"line":86,"column":3}},"type":"if","locations":[{"start":{"line":72,"column":9},"end":{"line":86,"column":3}},{"start":{"line":72,"column":9},"end":{"line":86,"column":3}}],"line":72},"12":{"loc":{"start":{"line":75,"column":23},"end":{"line":75,"column":55}},"type":"binary-expr","locations":[{"start":{"line":75,"column":23},"end":{"line":75,"column":46}},{"start":{"line":75,"column":50},"end":{"line":75,"column":55}}],"line":75},"13":{"loc":{"start":{"line":76,"column":18},"end":{"line":76,"column":61}},"type":"cond-expr","locations":[{"start":{"line":76,"column":43},"end":{"line":76,"column":52}},{"start":{"line":76,"column":55},"end":{"line":76,"column":61}}],"line":76},"14":{"loc":{"start":{"line":79,"column":21},"end":{"line":79,"column":51}},"type":"cond-expr","locations":[{"start":{"line":79,"column":43},"end":{"line":79,"column":44}},{"start":{"line":79,"column":47},"end":{"line":79,"column":51}}],"line":79},"15":{"loc":{"start":{"line":84,"column":4},"end":{"line":84,"column":63}},"type":"if","locations":[{"start":{"line":84,"column":4},"end":{"line":84,"column":63}},{"start":{"line":84,"column":4},"end":{"line":84,"column":63}}],"line":84}},"s":{"0":1,"1":1,"2":11,"3":1,"4":7,"5":4,"6":7,"7":3,"8":7,"9":4,"10":3,"11":1,"12":7,"13":7,"14":1,"15":7,"16":1,"17":7,"18":1,"19":7,"20":1,"21":7,"22":1,"23":7,"24":7,"25":4,"26":3,"27":3,"28":1,"29":7,"30":2,"31":5,"32":1,"33":4,"34":11,"35":11,"36":11,"37":1,"38":1,"39":1,"40":10,"41":1,"42":1,"43":1,"44":1,"45":9,"46":7,"47":7,"48":7,"49":7,"50":7,"51":7,"52":7,"53":7,"54":7,"55":2,"56":2,"57":1,"58":2},"f":{"0":11,"1":7,"2":4,"3":3,"4":7,"5":7,"6":7,"7":11},"b":{"0":[3,1],"1":[2,1],"2":[4,3],"3":[1,6],"4":[1,6],"5":[1,6],"6":[1,6],"7":[2,5],"8":[1,4],"9":[1,10],"10":[1,9],"11":[7,2],"12":[7,7],"13":[1,6],"14":[1,6],"15":[1,1]},"_coverageSchema":"332fd63041d2c1bcb487cc26dd0d5f7d97098a6c","hash":"6c1df8448ca3bc7f168f73028ee4942352f1e220"}
,"/Users/thomas/Desktop/github.com/reggi/abide/packages/shebang-check/index.js": {"path":"/Users/thomas/Desktop/github.com/reggi/abide/packages/shebang-check/index.js","statementMap":{"0":{"start":{"line":8,"column":25},"end":{"line":13,"column":1}},"1":{"start":{"line":9,"column":2},"end":{"line":9,"column":32}},"2":{"start":{"line":9,"column":23},"end":{"line":9,"column":32}},"3":{"start":{"line":10,"column":2},"end":{"line":10,"column":55}},"4":{"start":{"line":10,"column":32},"end":{"line":10,"column":55}},"5":{"start":{"line":11,"column":2},"end":{"line":11,"column":66}},"6":{"start":{"line":11,"column":37},"end":{"line":11,"column":66}},"7":{"start":{"line":12,"column":2},"end":{"line":12,"column":40}},"8":{"start":{"line":15,"column":32},"end":{"line":15,"column":116}},"9":{"start":{"line":15,"column":60},"end":{"line":15,"column":116}},"10":{"start":{"line":15,"column":85},"end":{"line":15,"column":115}},"11":{"start":{"line":16,"column":30},"end":{"line":16,"column":87}},"12":{"start":{"line":16,"column":51},"end":{"line":16,"column":87}},"13":{"start":{"line":17,"column":32},"end":{"line":17,"column":86}},"14":{"start":{"line":17,"column":43},"end":{"line":17,"column":86}},"15":{"start":{"line":17,"column":62},"end":{"line":17,"column":85}},"16":{"start":{"line":18,"column":27},"end":{"line":22,"column":1}},"17":{"start":{"line":19,"column":2},"end":{"line":19,"column":40}},"18":{"start":{"line":19,"column":29},"end":{"line":19,"column":40}},"19":{"start":{"line":20,"column":2},"end":{"line":20,"column":67}},"20":{"start":{"line":20,"column":56},"end":{"line":20,"column":67}},"21":{"start":{"line":21,"column":2},"end":{"line":21,"column":14}},"22":{"start":{"line":24,"column":28},"end":{"line":34,"column":27}},"23":{"start":{"line":24,"column":54},"end":{"line":34,"column":1}},"24":{"start":{"line":25,"column":9},"end":{"line":25,"column":21}},"25":{"start":{"line":26,"column":21},"end":{"line":26,"column":69}},"26":{"start":{"line":27,"column":24},"end":{"line":27,"column":64}},"27":{"start":{"line":28,"column":21},"end":{"line":28,"column":54}},"28":{"start":{"line":29,"column":19},"end":{"line":29,"column":79}},"29":{"start":{"line":30,"column":33},"end":{"line":30,"column":101}},"30":{"start":{"line":31,"column":23},"end":{"line":31,"column":73}},"31":{"start":{"line":32,"column":27},"end":{"line":32,"column":73}},"32":{"start":{"line":33,"column":31},"end":{"line":33,"column":79}}},"fnMap":{"0":{"name":"(anonymous_0)","decl":{"start":{"line":8,"column":25},"end":{"line":8,"column":26}},"loc":{"start":{"line":8,"column":41},"end":{"line":13,"column":1}},"line":8},"1":{"name":"(anonymous_1)","decl":{"start":{"line":15,"column":32},"end":{"line":15,"column":33}},"loc":{"start":{"line":15,"column":60},"end":{"line":15,"column":116}},"line":15},"2":{"name":"(anonymous_2)","decl":{"start":{"line":15,"column":74},"end":{"line":15,"column":75}},"loc":{"start":{"line":15,"column":85},"end":{"line":15,"column":115}},"line":15},"3":{"name":"(anonymous_3)","decl":{"start":{"line":16,"column":30},"end":{"line":16,"column":31}},"loc":{"start":{"line":16,"column":51},"end":{"line":16,"column":87}},"line":16},"4":{"name":"(anonymous_4)","decl":{"start":{"line":17,"column":32},"end":{"line":17,"column":33}},"loc":{"start":{"line":17,"column":43},"end":{"line":17,"column":86}},"line":17},"5":{"name":"(anonymous_5)","decl":{"start":{"line":17,"column":54},"end":{"line":17,"column":55}},"loc":{"start":{"line":17,"column":62},"end":{"line":17,"column":85}},"line":17},"6":{"name":"(anonymous_6)","decl":{"start":{"line":18,"column":27},"end":{"line":18,"column":28}},"loc":{"start":{"line":18,"column":46},"end":{"line":22,"column":1}},"line":18},"7":{"name":"(anonymous_7)","decl":{"start":{"line":24,"column":36},"end":{"line":24,"column":37}},"loc":{"start":{"line":24,"column":54},"end":{"line":34,"column":1}},"line":24},"8":{"name":"(anonymous_8)","decl":{"start":{"line":25,"column":2},"end":{"line":25,"column":3}},"loc":{"start":{"line":25,"column":9},"end":{"line":25,"column":21}},"line":25},"9":{"name":"(anonymous_9)","decl":{"start":{"line":26,"column":2},"end":{"line":26,"column":3}},"loc":{"start":{"line":26,"column":21},"end":{"line":26,"column":69}},"line":26},"10":{"name":"(anonymous_10)","decl":{"start":{"line":27,"column":2},"end":{"line":27,"column":3}},"loc":{"start":{"line":27,"column":24},"end":{"line":27,"column":64}},"line":27},"11":{"name":"(anonymous_11)","decl":{"start":{"line":28,"column":2},"end":{"line":28,"column":3}},"loc":{"start":{"line":28,"column":21},"end":{"line":28,"column":54}},"line":28},"12":{"name":"(anonymous_12)","decl":{"start":{"line":29,"column":2},"end":{"line":29,"column":3}},"loc":{"start":{"line":29,"column":19},"end":{"line":29,"column":79}},"line":29},"13":{"name":"(anonymous_13)","decl":{"start":{"line":30,"column":2},"end":{"line":30,"column":3}},"loc":{"start":{"line":30,"column":33},"end":{"line":30,"column":101}},"line":30},"14":{"name":"(anonymous_14)","decl":{"start":{"line":31,"column":2},"end":{"line":31,"column":3}},"loc":{"start":{"line":31,"column":23},"end":{"line":31,"column":73}},"line":31},"15":{"name":"(anonymous_15)","decl":{"start":{"line":32,"column":2},"end":{"line":32,"column":3}},"loc":{"start":{"line":32,"column":27},"end":{"line":32,"column":73}},"line":32},"16":{"name":"(anonymous_16)","decl":{"start":{"line":33,"column":2},"end":{"line":33,"column":3}},"loc":{"start":{"line":33,"column":31},"end":{"line":33,"column":79}},"line":33}},"branchMap":{"0":{"loc":{"start":{"line":9,"column":2},"end":{"line":9,"column":32}},"type":"if","locations":[{"start":{"line":9,"column":2},"end":{"line":9,"column":32}},{"start":{"line":9,"column":2},"end":{"line":9,"column":32}}],"line":9},"1":{"loc":{"start":{"line":10,"column":2},"end":{"line":10,"column":55}},"type":"if","locations":[{"start":{"line":10,"column":2},"end":{"line":10,"column":55}},{"start":{"line":10,"column":2},"end":{"line":10,"column":55}}],"line":10},"2":{"loc":{"start":{"line":11,"column":2},"end":{"line":11,"column":66}},"type":"if","locations":[{"start":{"line":11,"column":2},"end":{"line":11,"column":66}},{"start":{"line":11,"column":2},"end":{"line":11,"column":66}}],"line":11},"3":{"loc":{"start":{"line":19,"column":2},"end":{"line":19,"column":40}},"type":"if","locations":[{"start":{"line":19,"column":2},"end":{"line":19,"column":40}},{"start":{"line":19,"column":2},"end":{"line":19,"column":40}}],"line":19},"4":{"loc":{"start":{"line":20,"column":2},"end":{"line":20,"column":67}},"type":"if","locations":[{"start":{"line":20,"column":2},"end":{"line":20,"column":67}},{"start":{"line":20,"column":2},"end":{"line":20,"column":67}}],"line":20},"5":{"loc":{"start":{"line":20,"column":7},"end":{"line":20,"column":53}},"type":"binary-expr","locations":[{"start":{"line":20,"column":7},"end":{"line":20,"column":33}},{"start":{"line":20,"column":37},"end":{"line":20,"column":53}}],"line":20}},"s":{"0":1,"1":5,"2":1,"3":4,"4":2,"5":2,"6":1,"7":1,"8":1,"9":4,"10":3,"11":1,"12":3,"13":1,"14":4,"15":3,"16":1,"17":4,"18":1,"19":3,"20":2,"21":1,"22":1,"23":5,"24":5,"25":5,"26":5,"27":5,"28":4,"29":4,"30":4,"31":4,"32":4},"f":{"0":5,"1":4,"2":3,"3":3,"4":4,"5":3,"6":4,"7":5,"8":5,"9":5,"10":5,"11":5,"12":4,"13":4,"14":4,"15":4,"16":4},"b":{"0":[1,4],"1":[2,2],"2":[1,1],"3":[1,3],"4":[2,1],"5":[3,3]},"_coverageSchema":"332fd63041d2c1bcb487cc26dd0d5f7d97098a6c","hash":"903d541b83a190346fae60a856214ae0f736eeff"}
,"/Users/thomas/Desktop/github.com/reggi/abide/packages/shebang-check-cli/index.js": {"path":"/Users/thomas/Desktop/github.com/reggi/abide/packages/shebang-check-cli/index.js","statementMap":{"0":{"start":{"line":7,"column":18},"end":{"line":13,"column":23}},"1":{"start":{"line":7,"column":28},"end":{"line":13,"column":23}},"2":{"start":{"line":16,"column":17},"end":{"line":16,"column":32}},"3":{"start":{"line":17,"column":21},"end":{"line":17,"column":52}},"4":{"start":{"line":18,"column":2},"end":{"line":18,"column":45}},"5":{"start":{"line":18,"column":25},"end":{"line":18,"column":45}},"6":{"start":{"line":19,"column":2},"end":{"line":19,"column":46}},"7":{"start":{"line":19,"column":28},"end":{"line":19,"column":46}},"8":{"start":{"line":20,"column":18},"end":{"line":20,"column":44}},"9":{"start":{"line":21,"column":2},"end":{"line":21,"column":16}}},"fnMap":{"0":{"name":"(anonymous_0)","decl":{"start":{"line":7,"column":18},"end":{"line":7,"column":19}},"loc":{"start":{"line":7,"column":28},"end":{"line":13,"column":23}},"line":7},"1":{"name":"(anonymous_1)","decl":{"start":{"line":15,"column":35},"end":{"line":15,"column":36}},"loc":{"start":{"line":15,"column":58},"end":{"line":22,"column":1}},"line":15}},"branchMap":{"0":{"loc":{"start":{"line":17,"column":21},"end":{"line":17,"column":52}},"type":"binary-expr","locations":[{"start":{"line":17,"column":21},"end":{"line":17,"column":43}},{"start":{"line":17,"column":47},"end":{"line":17,"column":52}}],"line":17},"1":{"loc":{"start":{"line":18,"column":2},"end":{"line":18,"column":45}},"type":"if","locations":[{"start":{"line":18,"column":2},"end":{"line":18,"column":45}},{"start":{"line":18,"column":2},"end":{"line":18,"column":45}}],"line":18},"2":{"loc":{"start":{"line":19,"column":2},"end":{"line":19,"column":46}},"type":"if","locations":[{"start":{"line":19,"column":2},"end":{"line":19,"column":46}},{"start":{"line":19,"column":2},"end":{"line":19,"column":46}}],"line":19}},"s":{"0":1,"1":4,"2":4,"3":4,"4":4,"5":1,"6":3,"7":1,"8":2,"9":2},"f":{"0":4,"1":4},"b":{"0":[4,2],"1":[1,3],"2":[1,2]},"_coverageSchema":"332fd63041d2c1bcb487cc26dd0d5f7d97098a6c","hash":"ee4c7750dbd19426fe990744e870a381929a8acd"}
,"/Users/thomas/Desktop/github.com/reggi/abide/packages/subrepo/index.js": {"path":"/Users/thomas/Desktop/github.com/reggi/abide/packages/subrepo/index.js","statementMap":{"0":{"start":{"line":9,"column":23},"end":{"line":45,"column":1}},"1":{"start":{"line":16,"column":17},"end":{"line":16,"column":28}},"2":{"start":{"line":17,"column":13},"end":{"line":17,"column":19}},"3":{"start":{"line":18,"column":22},"end":{"line":18,"column":52}},"4":{"start":{"line":19,"column":21},"end":{"line":19,"column":107}},"5":{"start":{"line":20,"column":18},"end":{"line":20,"column":54}},"6":{"start":{"line":21,"column":20},"end":{"line":21,"column":48}},"7":{"start":{"line":22,"column":21},"end":{"line":22,"column":50}},"8":{"start":{"line":24,"column":2},"end":{"line":41,"column":3}},"9":{"start":{"line":25,"column":29},"end":{"line":25,"column":60}},"10":{"start":{"line":26,"column":4},"end":{"line":26,"column":101}},"11":{"start":{"line":26,"column":27},"end":{"line":26,"column":101}},"12":{"start":{"line":27,"column":4},"end":{"line":30,"column":6}},"13":{"start":{"line":31,"column":4},"end":{"line":31,"column":84}},"14":{"start":{"line":32,"column":4},"end":{"line":32,"column":74}},"15":{"start":{"line":33,"column":4},"end":{"line":33,"column":104}},"16":{"start":{"line":34,"column":4},"end":{"line":34,"column":59}},"17":{"start":{"line":35,"column":4},"end":{"line":35,"column":85}},"18":{"start":{"line":36,"column":4},"end":{"line":36,"column":67}},"19":{"start":{"line":37,"column":4},"end":{"line":37,"column":74}},"20":{"start":{"line":38,"column":4},"end":{"line":38,"column":42}},"21":{"start":{"line":40,"column":4},"end":{"line":40,"column":13}},"22":{"start":{"line":42,"column":2},"end":{"line":42,"column":26}},"23":{"start":{"line":43,"column":2},"end":{"line":43,"column":24}},"24":{"start":{"line":43,"column":13},"end":{"line":43,"column":24}},"25":{"start":{"line":44,"column":2},"end":{"line":44,"column":13}}},"fnMap":{"0":{"name":"(anonymous_0)","decl":{"start":{"line":9,"column":23},"end":{"line":9,"column":24}},"loc":{"start":{"line":15,"column":6},"end":{"line":45,"column":1}},"line":15}},"branchMap":{"0":{"loc":{"start":{"line":14,"column":2},"end":{"line":14,"column":16}},"type":"default-arg","locations":[{"start":{"line":14,"column":10},"end":{"line":14,"column":16}}],"line":14},"1":{"loc":{"start":{"line":19,"column":21},"end":{"line":19,"column":107}},"type":"cond-expr","locations":[{"start":{"line":19,"column":69},"end":{"line":19,"column":75}},{"start":{"line":19,"column":78},"end":{"line":19,"column":107}}],"line":19},"2":{"loc":{"start":{"line":19,"column":22},"end":{"line":19,"column":65}},"type":"binary-expr","locations":[{"start":{"line":19,"column":22},"end":{"line":19,"column":38}},{"start":{"line":19,"column":42},"end":{"line":19,"column":65}}],"line":19},"3":{"loc":{"start":{"line":26,"column":4},"end":{"line":26,"column":101}},"type":"if","locations":[{"start":{"line":26,"column":4},"end":{"line":26,"column":101}},{"start":{"line":26,"column":4},"end":{"line":26,"column":101}}],"line":26},"4":{"loc":{"start":{"line":43,"column":2},"end":{"line":43,"column":24}},"type":"if","locations":[{"start":{"line":43,"column":2},"end":{"line":43,"column":24}},{"start":{"line":43,"column":2},"end":{"line":43,"column":24}}],"line":43}},"s":{"0":3,"1":5,"2":5,"3":5,"4":5,"5":5,"6":5,"7":5,"8":5,"9":5,"10":5,"11":3,"12":2,"13":2,"14":2,"15":2,"16":2,"17":2,"18":2,"19":2,"20":2,"21":3,"22":5,"23":5,"24":3,"25":2},"f":{"0":5},"b":{"0":[5],"1":[2,3],"2":[5,5],"3":[3,2],"4":[3,2]},"_coverageSchema":"332fd63041d2c1bcb487cc26dd0d5f7d97098a6c","hash":"615635c75ee0baec9b7695e2af3a3133da1c35ba"}
,"/Users/thomas/Desktop/github.com/reggi/abide/packages/subrepo-cli/index.js": {"path":"/Users/thomas/Desktop/github.com/reggi/abide/packages/subrepo-cli/index.js","statementMap":{"0":{"start":{"line":7,"column":18},"end":{"line":17,"column":23}},"1":{"start":{"line":7,"column":28},"end":{"line":17,"column":23}},"2":{"start":{"line":20,"column":17},"end":{"line":20,"column":32}},"3":{"start":{"line":21,"column":17},"end":{"line":21,"column":84}},"4":{"start":{"line":22,"column":21},"end":{"line":22,"column":53}},"5":{"start":{"line":23,"column":48},"end":{"line":23,"column":60}},"6":{"start":{"line":24,"column":2},"end":{"line":24,"column":32}},"7":{"start":{"line":24,"column":12},"end":{"line":24,"column":32}},"8":{"start":{"line":25,"column":2},"end":{"line":25,"column":55}},"9":{"start":{"line":25,"column":15},"end":{"line":25,"column":55}},"10":{"start":{"line":26,"column":2},"end":{"line":29,"column":3}},"11":{"start":{"line":27,"column":4},"end":{"line":27,"column":61}},"12":{"start":{"line":28,"column":4},"end":{"line":28,"column":15}},"13":{"start":{"line":30,"column":2},"end":{"line":30,"column":38}}},"fnMap":{"0":{"name":"(anonymous_0)","decl":{"start":{"line":7,"column":18},"end":{"line":7,"column":19}},"loc":{"start":{"line":7,"column":28},"end":{"line":17,"column":23}},"line":7},"1":{"name":"(anonymous_1)","decl":{"start":{"line":19,"column":35},"end":{"line":19,"column":36}},"loc":{"start":{"line":19,"column":72},"end":{"line":31,"column":1}},"line":19}},"branchMap":{"0":{"loc":{"start":{"line":21,"column":17},"end":{"line":21,"column":84}},"type":"binary-expr","locations":[{"start":{"line":21,"column":17},"end":{"line":21,"column":36}},{"start":{"line":21,"column":40},"end":{"line":21,"column":84}}],"line":21},"1":{"loc":{"start":{"line":22,"column":21},"end":{"line":22,"column":53}},"type":"binary-expr","locations":[{"start":{"line":22,"column":21},"end":{"line":22,"column":44}},{"start":{"line":22,"column":48},"end":{"line":22,"column":53}}],"line":22},"2":{"loc":{"start":{"line":24,"column":2},"end":{"line":24,"column":32}},"type":"if","locations":[{"start":{"line":24,"column":2},"end":{"line":24,"column":32}},{"start":{"line":24,"column":2},"end":{"line":24,"column":32}}],"line":24},"3":{"loc":{"start":{"line":25,"column":2},"end":{"line":25,"column":55}},"type":"if","locations":[{"start":{"line":25,"column":2},"end":{"line":25,"column":55}},{"start":{"line":25,"column":2},"end":{"line":25,"column":55}}],"line":25},"4":{"loc":{"start":{"line":26,"column":2},"end":{"line":29,"column":3}},"type":"if","locations":[{"start":{"line":26,"column":2},"end":{"line":29,"column":3}},{"start":{"line":26,"column":2},"end":{"line":29,"column":3}}],"line":26},"5":{"loc":{"start":{"line":26,"column":6},"end":{"line":26,"column":38}},"type":"binary-expr","locations":[{"start":{"line":26,"column":6},"end":{"line":26,"column":12}},{"start":{"line":26,"column":16},"end":{"line":26,"column":27}},{"start":{"line":26,"column":31},"end":{"line":26,"column":38}}],"line":26}},"s":{"0":1,"1":5,"2":5,"3":5,"4":5,"5":5,"6":5,"7":1,"8":4,"9":1,"10":3,"11":2,"12":1,"13":1},"f":{"0":5,"1":5},"b":{"0":[5,3],"1":[5,4],"2":[1,4],"3":[1,3],"4":[2,1],"5":[3,2,2]},"_coverageSchema":"332fd63041d2c1bcb487cc26dd0d5f7d97098a6c","hash":"142f40a217eedc24bd57ca98b5906be1d35e55c3"}
}
