TN:
SF:/Users/thomas/Desktop/github.com/reggi/abide/packages/command/index.js
FN:1,(anonymous_0)
FNF:1
FNH:1
FNDA:25,(anonymous_0)
DA:1,15
DA:2,25
DA:3,3
DA:5,22
DA:9,15
LF:5
LH:5
BRDA:1,0,0,23
BRDA:2,1,0,3
BRDA:2,1,1,22
BRF:3
BRH:3
end_of_record
TN:
SF:/Users/thomas/Desktop/github.com/reggi/abide/packages/command-plus/index.js
FN:3,(anonymous_0)
FN:25,(anonymous_1)
FN:26,(anonymous_2)
FNF:3
FNH:3
FNDA:7,(anonymous_0)
FNDA:2,(anonymous_1)
FNDA:2,(anonymous_2)
DA:3,1
DA:4,7
DA:5,7
DA:6,7
DA:7,6
DA:8,1
DA:9,5
DA:10,1
DA:11,4
DA:12,3
DA:13,3
DA:15,1
DA:16,1
DA:19,1
DA:20,1
DA:21,1
DA:25,1
DA:26,2
DA:27,2
LF:19
LH:19
BRDA:7,0,0,1
BRDA:7,0,1,5
BRDA:9,1,0,1
BRDA:9,1,1,4
BRDA:11,2,0,3
BRDA:11,2,1,1
BRDA:11,3,0,4
BRDA:11,3,1,1
BRDA:25,4,0,1
BRF:9
BRH:9
end_of_record
TN:
SF:/Users/thomas/Desktop/github.com/reggi/abide/packages/dep-merge/index.js
FN:9,(anonymous_0)
FN:10,(anonymous_1)
FN:10,(anonymous_2)
FN:11,(anonymous_3)
FN:20,(anonymous_4)
FN:21,(anonymous_5)
FN:22,(anonymous_6)
FN:23,(anonymous_7)
FN:24,(anonymous_8)
FN:25,(anonymous_9)
FN:26,(anonymous_10)
FN:28,(anonymous_11)
FN:29,(anonymous_12)
FN:31,(anonymous_13)
FN:32,(anonymous_14)
FN:34,(anonymous_15)
FN:38,(anonymous_16)
FN:39,(anonymous_17)
FN:40,(anonymous_18)
FN:41,(anonymous_19)
FN:42,(anonymous_20)
FN:43,(anonymous_21)
FN:44,(anonymous_22)
FN:45,(anonymous_23)
FN:46,(anonymous_24)
FN:47,(anonymous_25)
FN:48,(anonymous_26)
FN:49,(anonymous_27)
FN:50,(anonymous_28)
FNF:29
FNH:29
FNDA:7,(anonymous_0)
FNDA:7,(anonymous_1)
FNDA:5,(anonymous_2)
FNDA:3,(anonymous_3)
FNDA:5,(anonymous_4)
FNDA:5,(anonymous_5)
FNDA:5,(anonymous_6)
FNDA:5,(anonymous_7)
FNDA:5,(anonymous_8)
FNDA:5,(anonymous_9)
FNDA:3,(anonymous_10)
FNDA:3,(anonymous_11)
FNDA:3,(anonymous_12)
FNDA:3,(anonymous_13)
FNDA:3,(anonymous_14)
FNDA:3,(anonymous_15)
FNDA:2,(anonymous_16)
FNDA:2,(anonymous_17)
FNDA:2,(anonymous_18)
FNDA:2,(anonymous_19)
FNDA:2,(anonymous_20)
FNDA:2,(anonymous_21)
FNDA:2,(anonymous_22)
FNDA:2,(anonymous_23)
FNDA:2,(anonymous_24)
FNDA:2,(anonymous_25)
FNDA:2,(anonymous_26)
FNDA:2,(anonymous_27)
FNDA:2,(anonymous_28)
DA:7,1
DA:8,1
DA:9,7
DA:10,7
DA:11,3
DA:20,5
DA:21,5
DA:22,5
DA:23,5
DA:24,5
DA:25,5
DA:26,3
DA:28,3
DA:29,3
DA:31,3
DA:32,3
DA:34,3
DA:38,2
DA:39,2
DA:40,2
DA:41,2
DA:42,2
DA:43,2
DA:44,2
DA:45,2
DA:46,2
DA:47,2
DA:48,2
DA:49,2
DA:50,2
LF:30
LH:30
BRDA:10,0,0,5
BRDA:10,0,1,2
BRDA:23,1,0,1
BRDA:23,1,1,4
BRDA:41,2,0,1
BRDA:41,2,1,1
BRDA:46,3,0,2
BRDA:46,3,1,2
BRDA:47,4,0,2
BRDA:47,4,1,2
BRDA:47,4,2,2
BRF:11
BRH:11
end_of_record
TN:
SF:/Users/thomas/Desktop/github.com/reggi/abide/packages/dep-merge-cli/index.js
FN:9,(anonymous_0)
FN:20,(anonymous_1)
FNF:2
FNH:2
FNDA:13,(anonymous_0)
FNDA:13,(anonymous_1)
DA:7,1
DA:9,13
DA:21,13
DA:22,13
DA:23,13
DA:24,13
DA:25,1
DA:26,1
DA:27,1
DA:28,12
DA:29,1
DA:30,1
DA:31,1
DA:32,1
DA:33,11
DA:34,2
DA:35,2
DA:36,2
DA:37,9
DA:38,3
DA:39,3
DA:40,3
DA:41,2
DA:42,2
DA:43,2
DA:45,1
DA:46,1
DA:47,1
DA:49,6
DA:50,3
DA:51,3
DA:52,3
DA:53,2
DA:54,2
DA:55,2
DA:57,1
DA:58,1
DA:59,1
DA:62,3
DA:63,3
DA:64,3
LF:41
LH:41
BRDA:24,0,0,1
BRDA:24,0,1,12
BRDA:28,1,0,1
BRDA:28,1,1,11
BRDA:33,2,0,2
BRDA:33,2,1,9
BRDA:33,3,0,11
BRDA:33,3,1,7
BRDA:33,3,2,8
BRDA:37,4,0,3
BRDA:37,4,1,6
BRDA:42,5,0,1
BRDA:42,5,1,1
BRDA:49,6,0,3
BRDA:49,6,1,3
BRDA:54,7,0,1
BRDA:54,7,1,1
BRDA:63,8,0,2
BRDA:63,8,1,1
BRF:19
BRH:19
end_of_record
TN:
SF:/Users/thomas/Desktop/github.com/reggi/abide/packages/dep-pointer/index.js
FN:12,(anonymous_0)
FN:18,(anonymous_1)
FN:37,(anonymous_2)
FN:49,(anonymous_3)
FN:58,(anonymous_4)
FN:62,(anonymous_5)
FN:64,(anonymous_6)
FN:67,(anonymous_7)
FN:73,(anonymous_8)
FN:79,(anonymous_9)
FN:90,(anonymous_10)
FNF:11
FNH:11
FNDA:8,(anonymous_0)
FNDA:8,(anonymous_1)
FNDA:6,(anonymous_2)
FNDA:12,(anonymous_3)
FNDA:11,(anonymous_4)
FNDA:8,(anonymous_5)
FNDA:18,(anonymous_6)
FNDA:8,(anonymous_7)
FNDA:9,(anonymous_8)
FNDA:2,(anonymous_9)
FNDA:12,(anonymous_10)
DA:12,1
DA:13,8
DA:14,8
DA:15,8
DA:18,1
DA:19,8
DA:20,8
DA:21,8
DA:22,8
DA:23,8
DA:24,8
DA:25,8
DA:26,8
DA:34,8
DA:37,1
DA:38,6
DA:39,6
DA:40,6
DA:41,5
DA:42,5
DA:44,1
DA:49,1
DA:50,12
DA:51,12
DA:52,14
DA:53,14
DA:55,12
DA:58,1
DA:59,11
DA:62,1
DA:63,8
DA:64,18
DA:65,6
DA:67,2
DA:68,8
DA:73,1
DA:74,9
DA:75,9
DA:76,8
DA:77,8
DA:78,8
DA:79,2
DA:80,2
DA:81,2
DA:82,2
DA:83,1
DA:84,1
DA:86,1
DA:90,6
DA:91,12
DA:92,12
DA:95,7
LF:52
LH:52
BRDA:25,0,0,7
BRDA:25,0,1,1
BRDA:63,1,0,6
BRDA:63,1,1,2
BRDA:73,2,0,9
BRDA:73,3,0,8
BRDA:73,4,0,7
BRDA:74,5,0,6
BRDA:74,5,1,3
BRDA:74,6,0,9
BRDA:74,6,1,8
BRDA:74,6,2,7
BRDA:75,7,0,1
BRDA:75,7,1,8
BRDA:75,8,0,9
BRDA:75,8,1,8
BRDA:75,8,2,7
BRDA:77,9,0,8
BRDA:77,9,1,7
BRDA:78,10,0,2
BRDA:78,10,1,6
BRDA:91,11,0,11
BRDA:91,11,1,1
BRF:23
BRH:23
end_of_record
TN:
SF:/Users/thomas/Desktop/github.com/reggi/abide/packages/dep-pointer-cli/index.js
FN:9,(anonymous_0)
FN:23,(anonymous_1)
FNF:2
FNH:2
FNDA:3,(anonymous_0)
FNDA:3,(anonymous_1)
DA:7,1
DA:9,3
DA:24,3
DA:25,3
DA:26,3
DA:27,3
DA:28,1
DA:29,1
DA:30,1
DA:31,2
DA:32,1
DA:33,1
DA:34,1
DA:35,1
DA:37,1
DA:38,1
DA:39,1
DA:40,1
DA:41,1
DA:42,1
DA:43,1
DA:44,1
DA:45,1
LF:23
LH:23
BRDA:27,0,0,1
BRDA:27,0,1,2
BRDA:31,1,0,1
BRDA:31,1,1,1
BRDA:43,2,0,1
BRDA:43,2,1,1
BRF:6
BRH:6
end_of_record
TN:
SF:/Users/thomas/Desktop/github.com/reggi/abide/packages/gitpkg.traverse-up/index.js
FN:5,(anonymous_0)
FN:16,(anonymous_1)
FN:20,(anonymous_2)
FNF:3
FNH:3
FNDA:5,(anonymous_0)
FNDA:19,(anonymous_1)
FNDA:16,(anonymous_2)
DA:5,1
DA:6,5
DA:7,5
DA:8,4
DA:9,3
DA:10,1
DA:12,1
DA:16,1
DA:17,19
DA:18,17
DA:19,17
DA:20,17
DA:21,17
DA:22,4
DA:23,4
DA:24,4
DA:26,14
DA:27,14
LF:18
LH:18
BRDA:8,0,0,1
BRDA:8,0,1,3
BRDA:9,1,0,2
BRDA:9,1,1,1
BRDA:17,2,0,2
BRDA:17,2,1,17
BRDA:18,3,0,12
BRDA:18,3,1,5
BRDA:21,4,0,4
BRDA:21,4,1,13
BRDA:24,5,0,3
BRDA:24,5,1,1
BRDA:24,6,0,4
BRDA:24,6,1,4
BRF:14
BRH:14
end_of_record
TN:
SF:/Users/thomas/Desktop/github.com/reggi/abide/packages/gitpkg.upsert/index.js
FN:4,(anonymous_0)
FN:4,(anonymous_1)
FN:5,(anonymous_2)
FN:7,(anonymous_3)
FN:8,(anonymous_4)
FN:9,(anonymous_5)
FN:10,(anonymous_6)
FN:10,(anonymous_7)
FN:11,(anonymous_8)
FN:12,(anonymous_9)
FN:13,(anonymous_10)
FN:14,(anonymous_11)
FNF:12
FNH:12
FNDA:6,(anonymous_0)
FNDA:11,(anonymous_1)
FNDA:5,(anonymous_2)
FNDA:6,(anonymous_3)
FNDA:6,(anonymous_4)
FNDA:6,(anonymous_5)
FNDA:6,(anonymous_6)
FNDA:11,(anonymous_7)
FNDA:6,(anonymous_8)
FNDA:6,(anonymous_9)
FNDA:6,(anonymous_10)
FNDA:6,(anonymous_11)
DA:4,11
DA:5,5
DA:7,6
DA:8,6
DA:9,6
DA:10,11
DA:11,6
DA:12,6
DA:13,6
DA:14,6
LF:10
LH:10
BRDA:9,0,0,4
BRDA:9,0,1,2
BRDA:14,1,0,5
BRDA:14,1,1,1
BRF:4
BRH:4
end_of_record
TN:
SF:/Users/thomas/Desktop/github.com/reggi/abide/packages/help/index.js
FN:5,(anonymous_0)
FN:6,(anonymous_1)
FN:7,(anonymous_2)
FN:8,(anonymous_3)
FN:9,(anonymous_4)
FN:10,(anonymous_5)
FN:11,(anonymous_6)
FN:12,(anonymous_7)
FN:13,(anonymous_8)
FN:14,(anonymous_9)
FN:17,(anonymous_10)
FN:17,(anonymous_11)
FN:24,(anonymous_12)
FN:24,(anonymous_13)
FN:31,(anonymous_14)
FN:36,(anonymous_15)
FN:43,(anonymous_16)
FN:46,(anonymous_17)
FN:50,(anonymous_18)
FN:64,(anonymous_19)
FN:71,(anonymous_20)
FN:73,(anonymous_21)
FN:76,(anonymous_22)
FN:80,(anonymous_23)
FN:84,(anonymous_24)
FN:88,(anonymous_25)
FN:92,(anonymous_26)
FN:95,(anonymous_27)
FN:96,(anonymous_28)
FN:96,(anonymous_29)
FN:97,(anonymous_30)
FN:100,(anonymous_31)
FN:101,(anonymous_32)
FN:108,(anonymous_33)
FN:109,(anonymous_34)
FN:117,(anonymous_35)
FN:118,(anonymous_36)
FN:125,(anonymous_37)
FN:133,(anonymous_38)
FN:143,(anonymous_39)
FNF:40
FNH:40
FNDA:21,(anonymous_0)
FNDA:21,(anonymous_1)
FNDA:21,(anonymous_2)
FNDA:21,(anonymous_3)
FNDA:21,(anonymous_4)
FNDA:21,(anonymous_5)
FNDA:21,(anonymous_6)
FNDA:21,(anonymous_7)
FNDA:21,(anonymous_8)
FNDA:21,(anonymous_9)
FNDA:6,(anonymous_10)
FNDA:10,(anonymous_11)
FNDA:7,(anonymous_12)
FNDA:11,(anonymous_13)
FNDA:8,(anonymous_14)
FNDA:1,(anonymous_15)
FNDA:8,(anonymous_16)
FNDA:31,(anonymous_17)
FNDA:32,(anonymous_18)
FNDA:11,(anonymous_19)
FNDA:1,(anonymous_20)
FNDA:8,(anonymous_21)
FNDA:10,(anonymous_22)
FNDA:10,(anonymous_23)
FNDA:1,(anonymous_24)
FNDA:17,(anonymous_25)
FNDA:10,(anonymous_26)
FNDA:17,(anonymous_27)
FNDA:17,(anonymous_28)
FNDA:32,(anonymous_29)
FNDA:32,(anonymous_30)
FNDA:32,(anonymous_31)
FNDA:31,(anonymous_32)
FNDA:16,(anonymous_33)
FNDA:37,(anonymous_34)
FNDA:30,(anonymous_35)
FNDA:30,(anonymous_36)
FNDA:19,(anonymous_37)
FNDA:18,(anonymous_38)
FNDA:11,(anonymous_39)
DA:5,21
DA:6,21
DA:7,21
DA:8,21
DA:9,21
DA:10,21
DA:11,21
DA:12,21
DA:13,21
DA:14,21
DA:17,6
DA:18,10
DA:19,2
DA:20,2
DA:21,1
DA:24,7
DA:25,11
DA:26,11
DA:29,1
DA:31,1
DA:32,8
DA:33,8
DA:36,1
DA:43,8
DA:46,1
DA:47,31
DA:50,1
DA:51,32
DA:52,32
DA:53,32
DA:54,32
DA:55,32
DA:56,31
DA:57,22
DA:58,16
DA:59,7
DA:60,1
DA:65,11
DA:66,11
DA:67,11
DA:68,11
DA:69,11
DA:72,1
DA:73,8
DA:74,1
DA:77,10
DA:78,10
DA:81,10
DA:82,10
DA:85,1
DA:86,1
DA:89,17
DA:90,17
DA:94,10
DA:95,17
DA:96,32
DA:97,32
DA:99,10
DA:100,32
DA:101,31
DA:105,10
DA:108,10
DA:109,37
DA:110,16
DA:111,1
DA:116,9
DA:117,30
DA:119,30
DA:120,30
DA:121,8
DA:122,22
DA:123,2
DA:124,20
DA:125,10
DA:126,19
DA:129,10
DA:133,18
DA:136,8
DA:137,8
DA:138,8
DA:139,8
DA:143,11
LF:82
LH:82
BRDA:18,0,0,8
BRDA:18,0,1,2
BRDA:18,1,0,10
BRDA:18,1,1,8
BRDA:20,2,0,1
BRDA:20,2,1,1
BRDA:25,3,0,9
BRDA:25,3,1,2
BRDA:54,4,0,32
BRDA:54,4,1,20
BRDA:55,5,0,1
BRDA:55,5,1,31
BRDA:56,6,0,9
BRDA:56,6,1,22
BRDA:56,7,0,31
BRDA:56,7,1,18
BRDA:57,8,0,6
BRDA:57,8,1,16
BRDA:57,9,0,22
BRDA:57,9,1,13
BRDA:58,10,0,9
BRDA:58,10,1,7
BRDA:58,11,0,16
BRDA:58,11,1,9
BRDA:59,12,0,6
BRDA:59,12,1,1
BRDA:59,13,0,7
BRDA:59,13,1,7
BRDA:110,14,0,1
BRDA:110,14,1,15
BRDA:110,15,0,16
BRDA:110,15,1,6
BRDA:110,15,2,3
BRDA:110,15,3,1
BRDA:120,16,0,8
BRDA:120,16,1,22
BRDA:122,17,0,2
BRDA:122,17,1,20
BRDA:124,18,0,10
BRDA:124,18,1,10
BRF:40
BRH:40
end_of_record
TN:
SF:/Users/thomas/Desktop/github.com/reggi/abide/packages/help.filter-until/index.js
FN:3,(anonymous_0)
FN:3,(anonymous_1)
FN:5,(anonymous_2)
FNF:3
FNH:3
FNDA:3,(anonymous_0)
FNDA:7,(anonymous_1)
FNDA:18,(anonymous_2)
DA:3,7
DA:4,3
DA:5,3
DA:6,18
DA:7,15
DA:8,15
DA:9,15
DA:10,13
LF:8
LH:8
BRDA:3,0,0,1
BRDA:6,1,0,3
BRDA:6,1,1,15
BRDA:8,2,0,2
BRDA:8,2,1,13
BRDA:9,3,0,2
BRDA:9,3,1,13
BRF:7
BRH:7
end_of_record
TN:
SF:/Users/thomas/Desktop/github.com/reggi/abide/packages/help.parse-argv/index.js
FN:15,(anonymous_0)
FN:25,(anonymous_1)
FN:26,(anonymous_2)
FN:27,(anonymous_3)
FN:28,(anonymous_4)
FN:29,(anonymous_5)
FN:30,(anonymous_6)
FN:31,(anonymous_7)
FN:33,(anonymous_8)
FN:33,(anonymous_9)
FN:33,(anonymous_10)
FN:41,(anonymous_11)
FN:41,(anonymous_12)
FN:41,(anonymous_13)
FN:51,(anonymous_14)
FN:51,(anonymous_15)
FN:51,(anonymous_16)
FN:63,(anonymous_17)
FN:63,(anonymous_18)
FN:63,(anonymous_19)
FN:69,(anonymous_20)
FN:71,(anonymous_21)
FN:73,(anonymous_22)
FN:79,(anonymous_23)
FN:79,(anonymous_24)
FN:79,(anonymous_25)
FN:84,(anonymous_26)
FN:87,(anonymous_27)
FN:87,(anonymous_28)
FN:87,(anonymous_29)
FN:95,(anonymous_30)
FN:95,(anonymous_31)
FN:95,(anonymous_32)
FN:101,(anonymous_33)
FN:103,(anonymous_34)
FN:136,(anonymous_35)
FN:136,(anonymous_36)
FN:136,(anonymous_37)
FN:138,(anonymous_38)
FN:140,(anonymous_39)
FN:142,(anonymous_40)
FN:144,(anonymous_41)
FN:156,(anonymous_42)
FN:159,(anonymous_43)
FN:161,(anonymous_44)
FN:166,(anonymous_45)
FN:174,(anonymous_46)
FN:178,groupByIncProp
FN:181,(anonymous_48)
FN:196,(anonymous_49)
FN:198,(anonymous_50)
FN:200,(anonymous_51)
FN:200,(anonymous_52)
FN:204,(anonymous_53)
FN:207,(anonymous_54)
FN:208,(anonymous_55)
FN:209,(anonymous_56)
FN:224,(anonymous_57)
FNF:58
FNH:58
FNDA:167,(anonymous_0)
FNDA:22,(anonymous_1)
FNDA:14,(anonymous_2)
FNDA:17,(anonymous_3)
FNDA:17,(anonymous_4)
FNDA:49,(anonymous_5)
FNDA:22,(anonymous_6)
FNDA:26,(anonymous_7)
FNDA:8,(anonymous_8)
FNDA:59,(anonymous_9)
FNDA:59,(anonymous_10)
FNDA:9,(anonymous_11)
FNDA:26,(anonymous_12)
FNDA:26,(anonymous_13)
FNDA:10,(anonymous_14)
FNDA:27,(anonymous_15)
FNDA:27,(anonymous_16)
FNDA:10,(anonymous_17)
FNDA:5,(anonymous_18)
FNDA:5,(anonymous_19)
FNDA:3,(anonymous_20)
FNDA:2,(anonymous_21)
FNDA:2,(anonymous_22)
FNDA:4,(anonymous_23)
FNDA:25,(anonymous_24)
FNDA:25,(anonymous_25)
FNDA:22,(anonymous_26)
FNDA:6,(anonymous_27)
FNDA:27,(anonymous_28)
FNDA:27,(anonymous_29)
FNDA:7,(anonymous_30)
FNDA:28,(anonymous_31)
FNDA:28,(anonymous_32)
FNDA:8,(anonymous_33)
FNDA:8,(anonymous_34)
FNDA:21,(anonymous_35)
FNDA:33,(anonymous_36)
FNDA:33,(anonymous_37)
FNDA:59,(anonymous_38)
FNDA:13,(anonymous_39)
FNDA:12,(anonymous_40)
FNDA:12,(anonymous_41)
FNDA:12,(anonymous_42)
FNDA:71,(anonymous_43)
FNDA:155,(anonymous_44)
FNDA:155,(anonymous_45)
FNDA:13,(anonymous_46)
FNDA:22,groupByIncProp
FNDA:12,(anonymous_48)
FNDA:21,(anonymous_49)
FNDA:36,(anonymous_50)
FNDA:6,(anonymous_51)
FNDA:6,(anonymous_52)
FNDA:21,(anonymous_53)
FNDA:57,(anonymous_54)
FNDA:183,(anonymous_55)
FNDA:183,(anonymous_56)
FNDA:20,(anonymous_57)
DA:5,1
DA:6,1
DA:7,1
DA:8,1
DA:9,1
DA:10,1
DA:11,1
DA:12,1
DA:13,1
DA:15,1
DA:16,167
DA:17,167
DA:18,167
DA:19,167
DA:20,167
DA:21,57
DA:22,57
DA:25,22
DA:26,14
DA:27,17
DA:28,17
DA:29,49
DA:30,22
DA:31,26
DA:33,59
DA:34,59
DA:35,39
DA:36,39
DA:37,16
DA:38,16
DA:41,26
DA:42,26
DA:43,16
DA:44,16
DA:45,3
DA:46,3
DA:47,1
DA:48,1
DA:51,27
DA:52,27
DA:53,17
DA:54,17
DA:55,4
DA:56,3
DA:57,3
DA:58,1
DA:59,1
DA:60,1
DA:63,10
DA:64,5
DA:65,4
DA:66,4
DA:67,3
DA:68,2
DA:69,3
DA:70,2
DA:71,2
DA:72,1
DA:73,1
DA:74,2
DA:76,1
DA:79,25
DA:80,25
DA:81,12
DA:82,12
DA:83,7
DA:84,22
DA:87,27
DA:88,27
DA:89,17
DA:90,17
DA:91,1
DA:92,1
DA:95,28
DA:96,28
DA:97,21
DA:98,21
DA:99,5
DA:100,5
DA:101,8
DA:102,4
DA:103,4
DA:104,8
DA:106,4
DA:109,1
DA:135,1
DA:136,33
DA:138,59
DA:140,1
DA:141,13
DA:143,12
DA:145,12
DA:146,11
DA:148,1
DA:156,1
DA:157,12
DA:160,71
DA:162,155
DA:163,155
DA:164,155
DA:167,155
DA:170,71
DA:174,13
DA:179,22
DA:180,22
DA:181,22
DA:182,12
DA:183,9
DA:184,9
DA:186,12
DA:187,3
DA:189,12
DA:190,9
DA:193,22
DA:196,1
DA:197,21
DA:198,36
DA:200,6
DA:204,1
DA:205,21
DA:206,21
DA:207,21
DA:208,183
DA:209,183
DA:210,57
DA:214,1
DA:224,1
DA:225,20
DA:226,20
DA:227,20
DA:228,20
LF:131
LH:131
BRDA:17,0,0,53
BRDA:17,0,1,114
BRDA:17,1,0,167
BRDA:17,1,1,57
BRDA:17,1,2,53
BRDA:18,2,0,4
BRDA:18,2,1,163
BRDA:18,3,0,167
BRDA:18,3,1,57
BRDA:18,3,2,4
BRDA:19,4,0,167
BRDA:19,4,1,114
BRDA:20,5,0,110
BRDA:20,5,1,57
BRDA:34,6,0,20
BRDA:34,6,1,39
BRDA:36,7,0,23
BRDA:36,7,1,16
BRDA:42,8,0,10
BRDA:42,8,1,16
BRDA:44,9,0,13
BRDA:44,9,1,3
BRDA:46,10,0,2
BRDA:46,10,1,1
BRDA:52,11,0,10
BRDA:52,11,1,17
BRDA:54,12,0,13
BRDA:54,12,1,4
BRDA:55,13,0,1
BRDA:55,13,1,3
BRDA:57,14,0,2
BRDA:57,14,1,1
BRDA:64,15,0,1
BRDA:64,15,1,4
BRDA:66,16,0,1
BRDA:66,16,1,3
BRDA:67,17,0,1
BRDA:67,17,1,2
BRDA:70,18,0,1
BRDA:70,18,1,1
BRDA:80,19,0,13
BRDA:80,19,1,12
BRDA:82,20,0,5
BRDA:82,20,1,7
BRDA:88,21,0,10
BRDA:88,21,1,17
BRDA:90,22,0,16
BRDA:90,22,1,1
BRDA:96,23,0,7
BRDA:96,23,1,21
BRDA:98,24,0,16
BRDA:98,24,1,5
BRDA:100,25,0,1
BRDA:100,25,1,4
BRDA:138,26,0,39
BRDA:138,26,1,20
BRDA:138,27,0,59
BRDA:138,27,1,59
BRDA:145,28,0,11
BRDA:145,28,1,1
BRDA:178,29,0,22
BRDA:182,30,0,9
BRDA:182,30,1,3
BRDA:182,31,0,12
BRDA:182,31,1,7
BRDA:186,32,0,3
BRDA:186,32,1,9
BRDA:189,33,0,9
BRDA:189,33,1,3
BRDA:189,34,0,12
BRDA:189,34,1,7
BRDA:224,35,0,10
BRDA:224,36,0,10
BRDA:224,37,0,10
BRDA:226,38,0,10
BRDA:226,38,1,10
BRDA:227,39,0,10
BRDA:227,39,1,10
BRF:78
BRH:78
end_of_record
TN:
SF:/Users/thomas/Desktop/github.com/reggi/abide/packages/help.set-entire/index.js
FN:3,(anonymous_0)
FN:5,(anonymous_1)
FNF:2
FNH:2
FNDA:1,(anonymous_0)
FNDA:4,(anonymous_1)
DA:3,1
DA:4,1
DA:5,1
DA:6,4
DA:8,1
LF:5
LH:5
BRF:0
BRH:0
end_of_record
TN:
SF:/Users/thomas/Desktop/github.com/reggi/abide/packages/help.string-argv/index.js
FN:3,(anonymous_0)
FNF:1
FNH:1
FNDA:4,(anonymous_0)
DA:3,1
DA:4,4
DA:5,4
DA:6,4
LF:4
LH:4
BRF:0
BRH:0
end_of_record
TN:
SF:/Users/thomas/Desktop/github.com/reggi/abide/packages/here/index.js
FN:6,(anonymous_0)
FNF:1
FNH:1
FNDA:1,(anonymous_0)
DA:7,1
DA:8,1
DA:9,1
DA:10,1
DA:11,1
DA:12,1
LF:6
LH:6
BRF:0
BRH:0
end_of_record
TN:
SF:/Users/thomas/Desktop/github.com/reggi/abide/packages/journey/index.js
FN:6,(anonymous_0)
FN:20,(anonymous_1)
FN:28,(anonymous_2)
FN:34,(anonymous_3)
FNF:4
FNH:4
FNDA:13,(anonymous_0)
FNDA:3,(anonymous_1)
FNDA:9,(anonymous_2)
FNDA:20,(anonymous_3)
DA:6,1
DA:8,13
DA:9,1
DA:10,1
DA:11,1
DA:13,13
DA:14,13
DA:15,13
DA:16,13
DA:17,13
DA:18,2
DA:19,2
DA:20,2
DA:21,3
DA:22,3
DA:23,3
DA:24,3
DA:27,11
DA:28,10
DA:29,9
DA:30,5
DA:31,4
DA:34,11
DA:35,20
DA:36,20
DA:38,11
LF:26
LH:26
BRDA:6,0,0,3
BRDA:8,1,0,1
BRDA:8,1,1,12
BRDA:17,2,0,2
BRDA:17,2,1,11
BRDA:27,3,0,10
BRDA:27,3,1,1
BRDA:29,4,0,4
BRDA:29,4,1,5
BRDA:30,5,0,1
BRDA:30,5,1,4
BRF:11
BRH:11
end_of_record
TN:
SF:/Users/thomas/Desktop/github.com/reggi/abide/packages/journey.coerce-to-array/index.js
FN:2,(anonymous_0)
FNF:1
FNH:1
FNDA:4,(anonymous_0)
DA:2,4
LF:1
LH:1
BRDA:2,0,0,1
BRDA:2,0,1,3
BRF:2
BRH:2
end_of_record
TN:
SF:/Users/thomas/Desktop/github.com/reggi/abide/packages/journey.coerce-to-plain-object/index.js
FN:2,(anonymous_0)
FNF:1
FNH:1
FNDA:4,(anonymous_0)
DA:2,4
LF:1
LH:1
BRDA:2,0,0,2
BRDA:2,0,1,2
BRF:2
BRH:2
end_of_record
TN:
SF:/Users/thomas/Desktop/github.com/reggi/abide/packages/journey.fn-free/index.js
FN:6,(anonymous_0)
FN:9,(anonymous_1)
FN:14,(anonymous_2)
FNF:3
FNH:3
FNDA:5,(anonymous_0)
FNDA:3,(anonymous_1)
FNDA:2,(anonymous_2)
DA:3,1
DA:4,1
DA:6,1
DA:7,5
DA:8,4
DA:9,3
DA:10,3
DA:11,3
DA:12,2
DA:14,3
DA:15,2
DA:17,3
LF:12
LH:12
BRDA:6,0,0,3
BRDA:7,1,0,1
BRDA:7,1,1,4
BRDA:8,2,0,1
BRDA:8,2,1,3
BRDA:11,3,0,1
BRDA:11,3,1,2
BRF:7
BRH:7
end_of_record
TN:
SF:/Users/thomas/Desktop/github.com/reggi/abide/packages/journey.fn-reduce/index.js
FN:5,(anonymous_0)
FN:6,(anonymous_1)
FN:7,(anonymous_2)
FN:8,(anonymous_3)
FN:9,(anonymous_4)
FN:10,(anonymous_5)
FN:12,(anonymous_6)
FN:15,(anonymous_7)
FN:17,(anonymous_8)
FNF:9
FNH:9
FNDA:2,(anonymous_0)
FNDA:6,(anonymous_1)
FNDA:6,(anonymous_2)
FNDA:6,(anonymous_3)
FNDA:6,(anonymous_4)
FNDA:6,(anonymous_5)
FNDA:1,(anonymous_6)
FNDA:6,(anonymous_7)
FNDA:1,(anonymous_8)
DA:5,1
DA:6,2
DA:7,6
DA:8,6
DA:9,6
DA:10,6
DA:11,6
DA:12,6
DA:13,5
DA:15,6
DA:16,6
DA:17,6
DA:18,5
DA:20,6
LF:14
LH:14
BRDA:5,0,0,2
BRDA:12,1,0,1
BRDA:12,1,1,5
BRDA:17,2,0,1
BRDA:17,2,1,5
BRF:5
BRH:5
end_of_record
TN:
SF:/Users/thomas/Desktop/github.com/reggi/abide/packages/journey.pass-thru/index.js
FN:4,(anonymous_0)
FNF:1
FNH:1
FNDA:9,(anonymous_0)
DA:2,1
DA:4,1
DA:5,9
DA:6,5
DA:7,2
DA:8,2
DA:9,2
LF:7
LH:7
BRDA:5,0,0,4
BRDA:5,0,1,5
BRDA:6,1,0,3
BRDA:6,1,1,2
BRDA:8,2,0,1
BRDA:8,2,1,1
BRF:6
BRH:6
end_of_record
TN:
SF:/Users/thomas/Desktop/github.com/reggi/abide/packages/lerna.paths/index.js
FN:10,(anonymous_0)
FN:22,(anonymous_1)
FN:26,(anonymous_2)
FNF:3
FNH:3
FNDA:3,(anonymous_0)
FNDA:2,(anonymous_1)
FNDA:1,(anonymous_2)
DA:8,1
DA:10,1
DA:11,3
DA:16,3
DA:17,3
DA:18,3
DA:19,3
DA:22,1
DA:23,2
DA:24,2
DA:25,2
DA:26,1
DA:27,1
DA:29,1
DA:30,1
LF:15
LH:15
BRDA:25,0,0,1
BRDA:25,0,1,1
BRF:2
BRH:2
end_of_record
TN:
SF:/Users/thomas/Desktop/github.com/reggi/abide/packages/lerna.utils/index.js
FN:9,(anonymous_0)
FN:10,(anonymous_1)
FN:22,(anonymous_2)
FN:25,(anonymous_3)
FN:27,(anonymous_4)
FN:34,(anonymous_5)
FN:44,(anonymous_6)
FN:46,(anonymous_7)
FN:52,(anonymous_8)
FN:54,(anonymous_9)
FN:72,(anonymous_10)
FN:74,(anonymous_11)
FN:82,(anonymous_12)
FN:85,(anonymous_13)
FN:86,(anonymous_14)
FN:90,(anonymous_15)
FN:97,(anonymous_16)
FN:103,(anonymous_17)
FNF:18
FNH:18
FNDA:12,(anonymous_0)
FNDA:37,(anonymous_1)
FNDA:8,(anonymous_2)
FNDA:24,(anonymous_3)
FNDA:20,(anonymous_4)
FNDA:23,(anonymous_5)
FNDA:16,(anonymous_6)
FNDA:5,(anonymous_7)
FNDA:8,(anonymous_8)
FNDA:8,(anonymous_9)
FNDA:8,(anonymous_10)
FNDA:8,(anonymous_11)
FNDA:4,(anonymous_12)
FNDA:12,(anonymous_13)
FNDA:8,(anonymous_14)
FNDA:3,(anonymous_15)
FNDA:3,(anonymous_16)
FNDA:8,(anonymous_17)
DA:9,1
DA:10,12
DA:11,37
DA:12,37
DA:13,37
DA:14,36
DA:16,1
DA:19,12
DA:22,1
DA:23,8
DA:24,8
DA:25,8
DA:26,24
DA:27,20
DA:28,20
DA:29,20
DA:30,20
DA:33,24
DA:34,23
DA:35,23
DA:36,23
DA:37,23
DA:41,8
DA:44,16
DA:46,1
DA:47,5
DA:48,5
DA:49,5
DA:52,1
DA:53,8
DA:54,8
DA:55,8
DA:56,8
DA:57,8
DA:58,8
DA:59,8
DA:60,8
DA:61,8
DA:62,8
DA:63,8
DA:64,8
DA:65,8
DA:66,8
DA:67,8
DA:69,8
DA:72,1
DA:73,8
DA:74,8
DA:75,8
DA:76,8
DA:77,8
DA:79,8
DA:82,1
DA:83,4
DA:84,4
DA:85,12
DA:86,8
DA:87,4
DA:90,1
DA:91,3
DA:92,3
DA:93,3
DA:94,2
DA:97,1
DA:98,3
DA:99,3
DA:100,2
DA:103,1
DA:104,8
DA:105,8
DA:106,8
DA:107,8
DA:108,8
DA:109,8
DA:110,8
DA:111,8
LF:76
LH:76
BRDA:26,0,0,20
BRDA:26,0,1,4
BRDA:28,1,0,8
BRDA:28,1,1,12
BRDA:29,2,0,10
BRDA:29,2,1,10
BRDA:33,3,0,23
BRDA:33,3,1,1
BRDA:35,4,0,8
BRDA:35,4,1,15
BRDA:36,5,0,10
BRDA:36,5,1,13
BRDA:44,6,0,6
BRDA:44,6,1,10
BRDA:61,7,0,8
BRDA:61,7,1,2
BRDA:62,8,0,8
BRDA:62,8,1,8
BRDA:63,9,0,8
BRDA:63,9,1,2
BRDA:64,10,0,8
BRDA:64,10,1,6
BRDA:64,10,2,6
BRDA:65,11,0,1
BRDA:65,11,1,7
BRDA:66,12,0,2
BRDA:66,12,1,6
BRDA:67,13,0,1
BRDA:67,13,1,7
BRDA:77,14,0,1
BRDA:77,14,1,7
BRDA:93,15,0,1
BRDA:93,15,1,2
BRF:33
BRH:33
end_of_record
TN:
SF:/Users/thomas/Desktop/github.com/reggi/abide/packages/monorepo-babel-cli/index.js
FN:7,(anonymous_0)
FN:17,(anonymous_1)
FNF:2
FNH:2
FNDA:8,(anonymous_0)
FNDA:8,(anonymous_1)
DA:7,8
DA:18,8
DA:19,8
DA:20,8
DA:21,8
DA:22,7
DA:23,6
DA:24,1
DA:25,1
DA:27,5
DA:28,4
DA:29,3
DA:30,2
DA:31,1
DA:33,1
LF:15
LH:15
BRDA:21,0,0,1
BRDA:21,0,1,7
BRDA:22,1,0,1
BRDA:22,1,1,6
BRDA:23,2,0,1
BRDA:23,2,1,5
BRDA:27,3,0,4
BRDA:27,3,1,1
BRDA:29,4,0,1
BRDA:29,4,1,2
BRDA:29,5,0,3
BRDA:29,5,1,2
BRDA:30,6,0,1
BRDA:30,6,1,1
BRDA:30,7,0,2
BRDA:30,7,1,1
BRF:16
BRH:16
end_of_record
TN:
SF:/Users/thomas/Desktop/github.com/reggi/abide/packages/monorepo-dep-lint-cli/index.js
FN:7,(anonymous_0)
FN:16,(anonymous_1)
FN:18,(anonymous_2)
FN:25,(anonymous_3)
FNF:4
FNH:4
FNDA:7,(anonymous_0)
FNDA:2,(anonymous_1)
FNDA:2,(anonymous_2)
FNDA:7,(anonymous_3)
DA:7,7
DA:16,1
DA:17,2
DA:18,2
DA:19,2
DA:20,2
DA:22,2
DA:26,7
DA:27,7
DA:28,7
DA:29,7
DA:30,7
DA:31,6
DA:32,5
DA:33,5
DA:34,3
DA:35,2
LF:17
LH:17
BRDA:20,0,0,1
BRDA:20,0,1,1
BRDA:30,1,0,1
BRDA:30,1,1,6
BRDA:31,2,0,1
BRDA:31,2,1,5
BRDA:33,3,0,2
BRDA:33,3,1,3
BRDA:34,4,0,1
BRDA:34,4,1,2
BRF:10
BRH:10
end_of_record
TN:
SF:/Users/thomas/Desktop/github.com/reggi/abide/packages/pkg/index.js
FN:15,(anonymous_0)
FN:16,(anonymous_1)
FN:34,(anonymous_2)
FN:35,(anonymous_3)
FN:35,(anonymous_4)
FN:37,(anonymous_5)
FN:38,(anonymous_6)
FN:39,(anonymous_7)
FN:40,(anonymous_8)
FN:44,(anonymous_9)
FN:47,(anonymous_10)
FN:47,(anonymous_11)
FN:50,(anonymous_12)
FN:51,(anonymous_13)
FN:52,(anonymous_14)
FNF:15
FNH:15
FNDA:10,(anonymous_0)
FNDA:8,(anonymous_1)
FNDA:8,(anonymous_2)
FNDA:1,(anonymous_3)
FNDA:68,(anonymous_4)
FNDA:10,(anonymous_5)
FNDA:10,(anonymous_6)
FNDA:10,(anonymous_7)
FNDA:10,(anonymous_8)
FNDA:8,(anonymous_9)
FNDA:8,(anonymous_10)
FNDA:6,(anonymous_11)
FNDA:8,(anonymous_12)
FNDA:8,(anonymous_13)
FNDA:8,(anonymous_14)
DA:12,1
DA:13,1
DA:15,1
DA:16,10
DA:17,8
DA:18,8
DA:19,8
DA:20,8
DA:21,8
DA:22,8
DA:23,6
DA:24,6
DA:25,6
DA:26,6
DA:28,2
DA:30,6
DA:34,8
DA:35,68
DA:37,10
DA:38,10
DA:39,10
DA:40,10
DA:45,8
DA:47,8
DA:48,6
DA:50,8
DA:51,8
DA:52,8
LF:28
LH:28
BRDA:19,0,0,2
BRDA:19,0,1,6
BRDA:22,1,0,6
BRDA:22,1,1,2
BRDA:23,2,0,3
BRDA:23,2,1,3
BRDA:23,3,0,6
BRDA:23,3,1,3
BRDA:25,4,0,6
BRDA:25,4,1,1
BRDA:26,5,0,2
BRDA:26,5,1,4
BRDA:37,6,0,1
BRDA:45,7,0,1
BRDA:45,7,1,7
BRDA:49,8,0,8
BRDA:49,8,1,2
BRDA:52,9,0,7
BRDA:52,9,1,1
BRDA:52,10,0,7
BRDA:52,10,1,7
BRF:21
BRH:21
end_of_record
TN:
SF:/Users/thomas/Desktop/github.com/reggi/abide/packages/pkg-cli/index.js
FN:9,(anonymous_0)
FN:21,(anonymous_1)
FNF:2
FNH:2
FNDA:4,(anonymous_0)
FNDA:4,(anonymous_1)
DA:7,1
DA:9,4
DA:22,4
DA:23,4
DA:24,1
DA:25,1
DA:26,1
DA:27,3
DA:28,1
DA:29,1
DA:30,1
DA:31,1
DA:33,2
DA:34,2
DA:35,2
DA:36,2
DA:37,2
DA:38,2
DA:39,1
DA:41,1
DA:42,1
LF:21
LH:21
BRDA:23,0,0,1
BRDA:23,0,1,3
BRDA:27,1,0,1
BRDA:27,1,1,2
BRDA:33,2,0,2
BRDA:33,2,1,1
BRF:6
BRH:6
end_of_record
TN:
SF:/Users/thomas/Desktop/github.com/reggi/abide/packages/pkg-plugin-babel-6-to-node-4/index.js
FN:4,(anonymous_0)
FNF:1
FNH:1
FNDA:4,(anonymous_0)
DA:5,4
DA:10,4
DA:11,4
DA:12,4
DA:13,4
DA:14,3
LF:6
LH:6
BRDA:4,0,0,1
BRDA:4,1,0,1
BRDA:4,2,0,4
BRDA:4,3,0,4
BRDA:10,4,0,1
BRDA:10,4,1,3
BRDA:10,5,0,4
BRDA:10,5,1,1
BRDA:10,5,2,1
BRDA:11,6,0,2
BRDA:11,6,1,2
BRDA:11,7,0,4
BRDA:11,7,1,2
BRDA:12,8,0,4
BRDA:12,8,1,2
BRDA:13,9,0,1
BRDA:13,9,1,3
BRF:17
BRH:17
end_of_record
TN:
SF:/Users/thomas/Desktop/github.com/reggi/abide/packages/pkg-plugin-babel-7-to-node-4/index.js
FN:4,(anonymous_0)
FNF:1
FNH:1
FNDA:4,(anonymous_0)
DA:5,4
DA:10,4
DA:11,4
DA:12,4
DA:13,4
DA:14,3
LF:6
LH:6
BRDA:4,0,0,1
BRDA:4,1,0,1
BRDA:4,2,0,4
BRDA:4,3,0,4
BRDA:10,4,0,1
BRDA:10,4,1,3
BRDA:10,5,0,4
BRDA:10,5,1,1
BRDA:10,5,2,1
BRDA:11,6,0,2
BRDA:11,6,1,2
BRDA:11,7,0,4
BRDA:11,7,1,2
BRDA:12,8,0,4
BRDA:12,8,1,2
BRDA:13,9,0,1
BRDA:13,9,1,3
BRF:17
BRH:17
end_of_record
TN:
SF:/Users/thomas/Desktop/github.com/reggi/abide/packages/pkg-plugin-cobalt/index.js
FNF:0
FNH:0
LF:0
LH:0
BRF:0
BRH:0
end_of_record
TN:
SF:/Users/thomas/Desktop/github.com/reggi/abide/packages/pkg-plugin-jest/index.js
FN:5,(anonymous_0)
FN:17,(anonymous_1)
FNF:2
FNH:2
FNDA:4,(anonymous_0)
FNDA:5,(anonymous_1)
DA:5,4
DA:18,5
LF:2
LH:2
BRDA:25,0,0,4
BRDA:25,0,1,1
BRDA:29,1,0,4
BRDA:29,1,1,1
BRDA:30,2,0,3
BRDA:30,2,1,2
BRF:6
BRH:6
end_of_record
TN:
SF:/Users/thomas/Desktop/github.com/reggi/abide/packages/pkg-plugin-name-dir/index.js
FN:4,(anonymous_0)
FN:10,(anonymous_1)
FNF:2
FNH:2
FNDA:2,(anonymous_0)
FNDA:2,(anonymous_1)
DA:4,1
DA:5,2
DA:6,2
DA:7,1
DA:10,2
LF:5
LH:5
BRDA:6,0,0,1
BRDA:6,0,1,1
BRDA:10,1,0,2
BRDA:10,2,0,1
BRF:4
BRH:4
end_of_record
TN:
SF:/Users/thomas/Desktop/github.com/reggi/abide/packages/pkg-plugin-name-scope/index.js
FN:1,(anonymous_0)
FNF:1
FNH:1
FNDA:3,(anonymous_0)
DA:2,3
DA:3,2
DA:4,2
DA:5,2
DA:6,2
LF:5
LH:5
BRDA:2,0,0,1
BRDA:2,0,1,2
BRDA:5,1,0,1
BRDA:5,1,1,1
BRF:4
BRH:4
end_of_record
TN:
SF:/Users/thomas/Desktop/github.com/reggi/abide/packages/pkg-plugin-prop/index.js
FN:3,(anonymous_0)
FN:5,(anonymous_1)
FNF:2
FNH:2
FNDA:2,(anonymous_0)
FNDA:1,(anonymous_1)
DA:4,2
DA:5,1
DA:6,1
LF:3
LH:3
BRDA:4,0,0,1
BRDA:4,0,1,1
BRF:2
BRH:2
end_of_record
TN:
SF:/Users/thomas/Desktop/github.com/reggi/abide/packages/pkg-plugin-sort/index.js
FN:3,(anonymous_0)
FNF:1
FNH:1
FNDA:1,(anonymous_0)
DA:1,1
DA:4,1
LF:2
LH:2
BRF:0
BRH:0
end_of_record
TN:
SF:/Users/thomas/Desktop/github.com/reggi/abide/packages/pkg-plugin-standard/index.js
FN:16,(anonymous_0)
FN:18,(anonymous_1)
FNF:2
FNH:2
FNDA:16,(anonymous_0)
FNDA:4,(anonymous_1)
DA:5,1
DA:16,16
DA:18,4
LF:3
LH:3
BRDA:16,0,0,5
BRDA:16,0,1,11
BRDA:18,1,0,1
BRDA:18,2,0,3
BRDA:18,3,0,4
BRDA:18,4,0,2
BRDA:25,5,0,1
BRDA:25,5,1,3
BRDA:28,6,0,1
BRDA:28,6,1,3
BRDA:35,7,0,1
BRDA:35,7,1,3
BRF:12
BRH:12
end_of_record
TN:
SF:/Users/thomas/Desktop/github.com/reggi/abide/packages/pkg.file-exists/index.js
FN:3,(anonymous_0)
FNF:1
FNH:1
FNDA:3,(anonymous_0)
DA:3,1
DA:4,3
DA:5,3
DA:6,2
DA:8,1
LF:5
LH:5
BRF:0
BRH:0
end_of_record
TN:
SF:/Users/thomas/Desktop/github.com/reggi/abide/packages/pkg.fs/index.js
FNF:0
FNH:0
DA:3,1
LF:1
LH:1
BRF:0
BRH:0
end_of_record
TN:
SF:/Users/thomas/Desktop/github.com/reggi/abide/packages/pkg.is-local-module/index.js
FN:2,(anonymous_0)
FNF:1
FNH:1
FNDA:5,(anonymous_0)
DA:1,1
DA:2,5
LF:2
LH:2
BRF:0
BRH:0
end_of_record
TN:
SF:/Users/thomas/Desktop/github.com/reggi/abide/packages/pkg.json-parse/index.js
FN:1,(anonymous_0)
FNF:1
FNH:1
FNDA:2,(anonymous_0)
DA:1,1
DA:2,2
DA:3,2
DA:5,1
LF:4
LH:4
BRF:0
BRH:0
end_of_record
TN:
SF:/Users/thomas/Desktop/github.com/reggi/abide/packages/pkg.pretty-json/index.js
FN:1,(anonymous_0)
FNF:1
FNH:1
FNDA:1,(anonymous_0)
DA:1,1
LF:1
LH:1
BRF:0
BRH:0
end_of_record
TN:
SF:/Users/thomas/Desktop/github.com/reggi/abide/packages/pkg.prop-overwrite/index.js
FN:1,(anonymous_0)
FNF:1
FNH:1
FNDA:2,(anonymous_0)
DA:1,1
DA:2,2
LF:2
LH:2
BRDA:3,0,0,1
BRDA:3,0,1,1
BRDA:5,1,0,1
BRDA:5,1,1,1
BRF:4
BRH:4
end_of_record
TN:
SF:/Users/thomas/Desktop/github.com/reggi/abide/packages/pkg.read-json/index.js
FN:8,(anonymous_0)
FN:9,(anonymous_1)
FN:10,(anonymous_2)
FN:11,(anonymous_3)
FN:12,(anonymous_4)
FN:13,(anonymous_5)
FN:14,(anonymous_6)
FNF:7
FNH:7
FNDA:9,(anonymous_0)
FNDA:9,(anonymous_1)
FNDA:9,(anonymous_2)
FNDA:9,(anonymous_3)
FNDA:9,(anonymous_4)
FNDA:7,(anonymous_5)
FNDA:7,(anonymous_6)
DA:8,9
DA:9,9
DA:10,9
DA:11,9
DA:12,9
DA:13,7
DA:14,7
LF:7
LH:7
BRDA:8,0,0,1
BRDA:8,1,0,1
BRDA:12,2,0,9
BRDA:12,2,1,4
BRDA:12,2,2,2
BRDA:13,3,0,5
BRDA:13,3,1,2
BRDA:14,4,0,3
BRDA:14,4,1,4
BRDA:14,5,0,7
BRDA:14,5,1,5
BRF:11
BRH:11
end_of_record
TN:
SF:/Users/thomas/Desktop/github.com/reggi/abide/packages/pkg.throw-error/index.js
FN:1,(anonymous_0)
FNF:1
FNH:1
FNDA:2,(anonymous_0)
DA:1,1
DA:2,2
DA:5,1
LF:3
LH:3
BRDA:1,0,0,1
BRF:1
BRH:1
end_of_record
TN:
SF:/Users/thomas/Desktop/github.com/reggi/abide/packages/pkgprop/index.js
FN:9,(anonymous_0)
FN:14,(anonymous_1)
FN:15,(anonymous_2)
FN:17,(anonymous_3)
FNF:4
FNH:4
FNDA:5,(anonymous_0)
FNDA:5,(anonymous_1)
FNDA:5,(anonymous_2)
FNDA:5,(anonymous_3)
DA:9,1
DA:10,5
DA:11,5
DA:12,5
DA:13,5
DA:14,5
DA:15,5
DA:16,5
DA:17,5
DA:18,5
DA:19,5
DA:20,5
DA:21,5
LF:13
LH:13
BRDA:9,0,0,1
BRDA:9,1,0,4
BRDA:10,2,0,5
BRDA:10,2,1,1
BRDA:11,3,0,3
BRDA:11,3,1,2
BRDA:14,4,0,1
BRDA:14,4,1,4
BRF:8
BRH:8
end_of_record
TN:
SF:/Users/thomas/Desktop/github.com/reggi/abide/packages/pkgprop-cli/index.js
FN:7,(anonymous_0)
FN:18,(anonymous_1)
FN:25,(anonymous_2)
FN:41,(anonymous_3)
FNF:4
FNH:4
FNDA:6,(anonymous_0)
FNDA:6,(anonymous_1)
FNDA:6,(anonymous_2)
FNDA:6,(anonymous_3)
DA:7,6
DA:18,1
DA:19,6
DA:20,6
DA:21,5
DA:22,4
DA:25,1
DA:26,6
DA:27,6
DA:28,6
DA:29,6
DA:30,1
DA:31,5
DA:32,1
DA:33,4
DA:34,3
DA:35,3
DA:37,1
DA:42,6
DA:43,6
DA:44,5
DA:45,5
DA:47,1
DA:48,1
DA:49,1
LF:25
LH:25
BRDA:20,0,0,1
BRDA:20,0,1,5
BRDA:20,1,0,6
BRDA:20,1,1,2
BRDA:21,2,0,1
BRDA:21,2,1,4
BRDA:29,3,0,1
BRDA:29,3,1,5
BRDA:31,4,0,1
BRDA:31,4,1,4
BRDA:33,5,0,3
BRDA:33,5,1,1
BRDA:44,6,0,2
BRDA:44,6,1,3
BRF:14
BRH:14
end_of_record
TN:
SF:/Users/thomas/Desktop/github.com/reggi/abide/packages/reggi-cli/index.js
FN:25,(anonymous_0)
FN:30,(anonymous_1)
FN:37,(anonymous_2)
FNF:3
FNH:3
FNDA:2,(anonymous_0)
FNDA:16,(anonymous_1)
FNDA:2,(anonymous_2)
DA:14,1
DA:25,1
DA:26,2
DA:30,2
DA:31,16
DA:33,2
DA:34,2
DA:38,2
DA:39,2
DA:40,2
DA:41,2
DA:42,1
DA:43,1
LF:13
LH:13
BRDA:41,0,0,1
BRDA:41,0,1,1
BRF:2
BRH:2
end_of_record
TN:
SF:/Users/thomas/Desktop/github.com/reggi/abide/packages/replace-cli/index.js
FN:4,(anonymous_0)
FN:7,(anonymous_1)
FN:11,(anonymous_2)
FNF:3
FNH:3
FNDA:4,(anonymous_0)
FNDA:4,(anonymous_1)
FNDA:4,(anonymous_2)
DA:5,4
DA:6,4
DA:7,4
DA:8,4
DA:9,4
DA:11,4
DA:12,4
DA:13,4
DA:14,4
DA:15,4
DA:16,4
DA:17,3
DA:18,2
DA:19,1
DA:20,1
DA:21,1
DA:22,1
DA:24,3
LF:18
LH:18
BRDA:8,0,0,3
BRDA:8,0,1,1
BRDA:14,1,0,4
BRDA:14,1,1,1
BRDA:15,2,0,4
BRDA:15,2,1,2
BRDA:16,3,0,1
BRDA:16,3,1,3
BRDA:17,4,0,1
BRDA:17,4,1,2
BRDA:18,5,0,1
BRDA:18,5,1,1
BRF:12
BRH:12
end_of_record
TN:
SF:/Users/thomas/Desktop/github.com/reggi/abide/packages/requireable/index.js
FN:10,(anonymous_0)
FN:10,(anonymous_1)
FN:11,(anonymous_2)
FN:11,(anonymous_3)
FN:11,(anonymous_4)
FN:12,(anonymous_5)
FN:12,(anonymous_6)
FN:12,(anonymous_7)
FN:28,(anonymous_8)
FN:29,(anonymous_9)
FN:31,(anonymous_10)
FN:32,(anonymous_11)
FN:33,(anonymous_12)
FN:35,(anonymous_13)
FN:37,(anonymous_14)
FN:39,(anonymous_15)
FN:41,(anonymous_16)
FN:43,(anonymous_17)
FN:45,(anonymous_18)
FN:47,(anonymous_19)
FN:49,(anonymous_20)
FN:51,(anonymous_21)
FN:53,(anonymous_22)
FN:55,(anonymous_23)
FN:57,(anonymous_24)
FN:60,(anonymous_25)
FN:68,(anonymous_26)
FN:69,(anonymous_27)
FN:71,(anonymous_28)
FN:73,(anonymous_29)
FN:75,(anonymous_30)
FN:77,(anonymous_31)
FN:79,(anonymous_32)
FN:81,(anonymous_33)
FN:83,(anonymous_34)
FNF:35
FNH:35
FNDA:2,(anonymous_0)
FNDA:96,(anonymous_1)
FNDA:4,(anonymous_2)
FNDA:3,(anonymous_3)
FNDA:1,(anonymous_4)
FNDA:6,(anonymous_5)
FNDA:5,(anonymous_6)
FNDA:1,(anonymous_7)
FNDA:3,(anonymous_8)
FNDA:3,(anonymous_9)
FNDA:6,(anonymous_10)
FNDA:6,(anonymous_11)
FNDA:6,(anonymous_12)
FNDA:6,(anonymous_13)
FNDA:6,(anonymous_14)
FNDA:4,(anonymous_15)
FNDA:4,(anonymous_16)
FNDA:4,(anonymous_17)
FNDA:3,(anonymous_18)
FNDA:3,(anonymous_19)
FNDA:3,(anonymous_20)
FNDA:3,(anonymous_21)
FNDA:3,(anonymous_22)
FNDA:3,(anonymous_23)
FNDA:2,(anonymous_24)
FNDA:6,(anonymous_25)
FNDA:6,(anonymous_26)
FNDA:6,(anonymous_27)
FNDA:6,(anonymous_28)
FNDA:6,(anonymous_29)
FNDA:6,(anonymous_30)
FNDA:6,(anonymous_31)
FNDA:6,(anonymous_32)
FNDA:6,(anonymous_33)
FNDA:6,(anonymous_34)
DA:10,96
DA:11,4
DA:12,6
DA:14,1
DA:28,3
DA:29,3
DA:31,6
DA:32,6
DA:33,6
DA:35,6
DA:37,6
DA:39,4
DA:41,4
DA:43,4
DA:45,3
DA:47,3
DA:49,3
DA:51,3
DA:53,3
DA:55,3
DA:57,2
DA:60,1
DA:61,6
DA:62,6
DA:64,4
DA:68,6
DA:69,6
DA:71,6
DA:73,6
DA:75,6
DA:77,6
DA:79,6
DA:81,6
DA:84,6
DA:85,2
LF:35
LH:35
BRDA:28,0,0,3
BRDA:29,1,0,3
BRDA:33,2,0,1
BRDA:33,2,1,5
BRDA:37,3,0,2
BRDA:37,3,1,4
BRDA:43,4,0,1
BRDA:43,4,1,3
BRDA:84,5,0,4
BRDA:84,5,1,2
BRF:10
BRH:10
end_of_record
TN:
SF:/Users/thomas/Desktop/github.com/reggi/abide/packages/requireable-cli/index.js
FN:7,(anonymous_0)
FN:21,(anonymous_1)
FN:38,(anonymous_2)
FNF:3
FNH:3
FNDA:5,(anonymous_0)
FNDA:5,(anonymous_1)
FNDA:5,(anonymous_2)
DA:7,5
DA:21,1
DA:22,5
DA:23,5
DA:24,5
DA:25,5
DA:26,1
DA:27,4
DA:28,1
DA:29,3
DA:30,2
DA:31,2
DA:32,2
DA:34,1
DA:39,5
DA:40,5
DA:41,4
DA:42,4
DA:44,1
DA:45,1
LF:20
LH:20
BRDA:23,0,0,1
BRDA:23,0,1,4
BRDA:24,1,0,5
BRDA:24,1,1,5
BRDA:24,1,2,3
BRDA:25,2,0,1
BRDA:25,2,1,4
BRDA:27,3,0,1
BRDA:27,3,1,3
BRDA:29,4,0,2
BRDA:29,4,1,1
BRDA:41,5,0,2
BRDA:41,5,1,2
BRF:13
BRH:13
end_of_record
TN:
SF:/Users/thomas/Desktop/github.com/reggi/abide/packages/results-cli/index.js
FN:11,(anonymous_0)
FN:28,(anonymous_1)
FN:29,(anonymous_2)
FN:30,(anonymous_3)
FN:35,(anonymous_4)
FN:44,(anonymous_5)
FN:54,(anonymous_6)
FN:60,(anonymous_7)
FNF:8
FNH:8
FNDA:11,(anonymous_0)
FNDA:7,(anonymous_1)
FNDA:4,(anonymous_2)
FNDA:3,(anonymous_3)
FNDA:7,(anonymous_4)
FNDA:7,(anonymous_5)
FNDA:7,(anonymous_6)
FNDA:11,(anonymous_7)
DA:9,1
DA:11,11
DA:28,1
DA:29,7
DA:30,7
DA:31,7
DA:32,3
DA:35,1
DA:36,7
DA:37,7
DA:38,7
DA:39,7
DA:40,7
DA:41,7
DA:44,1
DA:45,7
DA:46,7
DA:47,4
DA:49,3
DA:50,3
DA:54,1
DA:55,7
DA:56,5
DA:57,4
DA:61,11
DA:62,11
DA:63,11
DA:64,1
DA:65,1
DA:66,1
DA:67,10
DA:68,1
DA:69,1
DA:70,1
DA:71,1
DA:72,9
DA:73,7
DA:74,7
DA:75,7
DA:76,7
DA:77,7
DA:78,7
DA:79,7
DA:80,7
DA:81,7
DA:83,2
DA:84,2
DA:85,2
LF:48
LH:48
BRDA:29,0,0,3
BRDA:29,0,1,1
BRDA:30,1,0,2
BRDA:30,1,1,1
BRDA:31,2,0,4
BRDA:31,2,1,3
BRDA:37,3,0,1
BRDA:37,3,1,6
BRDA:38,4,0,1
BRDA:38,4,1,6
BRDA:39,5,0,1
BRDA:39,5,1,6
BRDA:40,6,0,1
BRDA:40,6,1,6
BRDA:55,7,0,2
BRDA:55,7,1,5
BRDA:56,8,0,1
BRDA:56,8,1,4
BRDA:63,9,0,1
BRDA:63,9,1,10
BRDA:67,10,0,1
BRDA:67,10,1,9
BRDA:72,11,0,7
BRDA:72,11,1,2
BRDA:75,12,0,7
BRDA:75,12,1,7
BRDA:76,13,0,1
BRDA:76,13,1,6
BRDA:79,14,0,1
BRDA:79,14,1,6
BRDA:84,15,0,1
BRDA:84,15,1,1
BRF:32
BRH:32
end_of_record
TN:
SF:/Users/thomas/Desktop/github.com/reggi/abide/packages/shebang-check/index.js
FN:8,(anonymous_0)
FN:15,(anonymous_1)
FN:15,(anonymous_2)
FN:16,(anonymous_3)
FN:17,(anonymous_4)
FN:17,(anonymous_5)
FN:18,(anonymous_6)
FN:24,(anonymous_7)
FN:25,(anonymous_8)
FN:26,(anonymous_9)
FN:27,(anonymous_10)
FN:28,(anonymous_11)
FN:29,(anonymous_12)
FN:30,(anonymous_13)
FN:31,(anonymous_14)
FN:32,(anonymous_15)
FN:33,(anonymous_16)
FNF:17
FNH:17
FNDA:5,(anonymous_0)
FNDA:4,(anonymous_1)
FNDA:3,(anonymous_2)
FNDA:3,(anonymous_3)
FNDA:4,(anonymous_4)
FNDA:3,(anonymous_5)
FNDA:4,(anonymous_6)
FNDA:5,(anonymous_7)
FNDA:5,(anonymous_8)
FNDA:5,(anonymous_9)
FNDA:5,(anonymous_10)
FNDA:5,(anonymous_11)
FNDA:4,(anonymous_12)
FNDA:4,(anonymous_13)
FNDA:4,(anonymous_14)
FNDA:4,(anonymous_15)
FNDA:4,(anonymous_16)
DA:8,1
DA:9,5
DA:10,4
DA:11,2
DA:12,1
DA:15,4
DA:16,3
DA:17,4
DA:18,1
DA:19,4
DA:20,3
DA:21,1
DA:24,5
DA:25,5
DA:26,5
DA:27,5
DA:28,5
DA:29,4
DA:30,4
DA:31,4
DA:32,4
DA:33,4
LF:22
LH:22
BRDA:9,0,0,1
BRDA:9,0,1,4
BRDA:10,1,0,2
BRDA:10,1,1,2
BRDA:11,2,0,1
BRDA:11,2,1,1
BRDA:19,3,0,1
BRDA:19,3,1,3
BRDA:20,4,0,2
BRDA:20,4,1,1
BRDA:20,5,0,3
BRDA:20,5,1,3
BRF:12
BRH:12
end_of_record
TN:
SF:/Users/thomas/Desktop/github.com/reggi/abide/packages/shebang-check-cli/index.js
FN:7,(anonymous_0)
FN:15,(anonymous_1)
FNF:2
FNH:2
FNDA:4,(anonymous_0)
FNDA:4,(anonymous_1)
DA:7,4
DA:16,4
DA:17,4
DA:18,4
DA:19,3
DA:20,2
DA:21,2
LF:7
LH:7
BRDA:17,0,0,4
BRDA:17,0,1,2
BRDA:18,1,0,1
BRDA:18,1,1,3
BRDA:19,2,0,1
BRDA:19,2,1,2
BRF:6
BRH:6
end_of_record
TN:
SF:/Users/thomas/Desktop/github.com/reggi/abide/packages/subrepo/index.js
FN:9,(anonymous_0)
FNF:1
FNH:1
FNDA:5,(anonymous_0)
DA:9,3
DA:16,5
DA:17,5
DA:18,5
DA:19,5
DA:20,5
DA:21,5
DA:22,5
DA:24,5
DA:25,5
DA:26,5
DA:27,2
DA:31,2
DA:32,2
DA:33,2
DA:34,2
DA:35,2
DA:36,2
DA:37,2
DA:38,2
DA:40,3
DA:42,5
DA:43,5
DA:44,2
LF:24
LH:24
BRDA:14,0,0,5
BRDA:19,1,0,2
BRDA:19,1,1,3
BRDA:19,2,0,5
BRDA:19,2,1,5
BRDA:26,3,0,3
BRDA:26,3,1,2
BRDA:43,4,0,3
BRDA:43,4,1,2
BRF:9
BRH:9
end_of_record
TN:
SF:/Users/thomas/Desktop/github.com/reggi/abide/packages/subrepo-cli/index.js
FN:7,(anonymous_0)
FN:19,(anonymous_1)
FNF:2
FNH:2
FNDA:5,(anonymous_0)
FNDA:5,(anonymous_1)
DA:7,5
DA:20,5
DA:21,5
DA:22,5
DA:23,5
DA:24,5
DA:25,4
DA:26,3
DA:27,2
DA:28,1
DA:30,1
LF:11
LH:11
BRDA:21,0,0,5
BRDA:21,0,1,3
BRDA:22,1,0,5
BRDA:22,1,1,4
BRDA:24,2,0,1
BRDA:24,2,1,4
BRDA:25,3,0,1
BRDA:25,3,1,3
BRDA:26,4,0,2
BRDA:26,4,1,1
BRDA:26,5,0,3
BRDA:26,5,1,2
BRDA:26,5,2,2
BRF:13
BRH:13
end_of_record
